sniffing on eth0
got a packet
###[ Ethernet ]### 
  dst       = 08:00:00:00:02:02
  src       = 08:00:00:00:02:00
  type      = IPv4
###[ IP ]### 
     version   = 4
     ihl       = 10
     tos       = 0x0
     len       = 53
     id        = 1
     flags     = 
     frag      = 0
     ttl       = 62
     proto     = udp
     chksum    = 0x60b5
     src       = 10.0.1.1
     dst       = 10.0.2.2
     \options   \
      |###[ MRI ]### 
      |  copy_flag = 0
      |  optclass  = control
      |  option    = 31
      |  length    = 20
      |  count     = 2
      |  \swtraces  \
      |   |###[ SwitchTrace ]### 
      |   |  swid      = 2
      |   |  qdepth    = 0
      |   |###[ SwitchTrace ]### 
      |   |  swid      = 1
      |   |  qdepth    = 0
###[ UDP ]### 
        sport     = 1234
        dport     = 4321
        len       = 13
        chksum    = 0xaf4c
###[ Raw ]### 
           load      = 'Hello'

got a packet
###[ Ethernet ]### 
  dst       = 08:00:00:00:02:02
  src       = 08:00:00:00:02:00
  type      = IPv4
###[ IP ]### 
     version   = 4
     ihl       = 10
     tos       = 0x0
     len       = 53
     id        = 1
     flags     = 
     frag      = 0
     ttl       = 62
     proto     = udp
     chksum    = 0x60b5
     src       = 10.0.1.1
     dst       = 10.0.2.2
     \options   \
      |###[ MRI ]### 
      |  copy_flag = 0
      |  optclass  = control
      |  option    = 31
      |  length    = 20
      |  count     = 2
      |  \swtraces  \
      |   |###[ SwitchTrace ]### 
      |   |  swid      = 2
      |   |  qdepth    = 0
      |   |###[ SwitchTrace ]### 
      |   |  swid      = 1
      |   |  qdepth    = 0
###[ UDP ]### 
        sport     = 1234
        dport     = 4321
        len       = 13
        chksum    = 0xaf4c
###[ Raw ]### 
           load      = 'Hello'

got a packet
###[ Ethernet ]### 
  dst       = 08:00:00:00:02:02
  src       = 08:00:00:00:02:00
  type      = IPv4
###[ IP ]### 
     version   = 4
     ihl       = 10
     tos       = 0x0
     len       = 53
     id        = 1
     flags     = 
     frag      = 0
     ttl       = 62
     proto     = udp
     chksum    = 0x60b5
     src       = 10.0.1.1
     dst       = 10.0.2.2
     \options   \
      |###[ MRI ]### 
      |  copy_flag = 0
      |  optclass  = control
      |  option    = 31
      |  length    = 20
      |  count     = 2
      |  \swtraces  \
      |   |###[ SwitchTrace ]### 
      |   |  swid      = 2
      |   |  qdepth    = 0
      |   |###[ SwitchTrace ]### 
      |   |  swid      = 1
      |   |  qdepth    = 0
###[ UDP ]### 
        sport     = 1234
        dport     = 4321
        len       = 13
        chksum    = 0xaf4c
###[ Raw ]### 
           load      = 'Hello'

got a packet
###[ Ethernet ]### 
  dst       = 08:00:00:00:02:02
  src       = 08:00:00:00:02:00
  type      = IPv4
###[ IP ]### 
     version   = 4
     ihl       = 10
     tos       = 0x0
     len       = 53
     id        = 1
     flags     = 
     frag      = 0
     ttl       = 62
     proto     = udp
     chksum    = 0x60b5
     src       = 10.0.1.1
     dst       = 10.0.2.2
     \options   \
      |###[ MRI ]### 
      |  copy_flag = 0
      |  optclass  = control
      |  option    = 31
      |  length    = 20
      |  count     = 2
      |  \swtraces  \
      |   |###[ SwitchTrace ]### 
      |   |  swid      = 2
      |   |  qdepth    = 0
      |   |###[ SwitchTrace ]### 
      |   |  swid      = 1
      |   |  qdepth    = 0
###[ UDP ]### 
        sport     = 1234
        dport     = 4321
        len       = 13
        chksum    = 0xaf4c
###[ Raw ]### 
           load      = 'Hello'

got a packet
###[ Ethernet ]### 
  dst       = 08:00:00:00:02:02
  src       = 08:00:00:00:02:00
  type      = IPv4
###[ IP ]### 
     version   = 4
     ihl       = 10
     tos       = 0x0
     len       = 53
     id        = 1
     flags     = 
     frag      = 0
     ttl       = 62
     proto     = udp
     chksum    = 0x60b5
     src       = 10.0.1.1
     dst       = 10.0.2.2
     \options   \
      |###[ MRI ]### 
      |  copy_flag = 0
      |  optclass  = control
      |  option    = 31
      |  length    = 20
      |  count     = 2
      |  \swtraces  \
      |   |###[ SwitchTrace ]### 
      |   |  swid      = 2
      |   |  qdepth    = 0
      |   |###[ SwitchTrace ]### 
      |   |  swid      = 1
      |   |  qdepth    = 12
###[ UDP ]### 
        sport     = 1234
        dport     = 4321
        len       = 13
        chksum    = 0xaf4c
###[ Raw ]### 
           load      = 'Hello'

got a packet
###[ Ethernet ]### 
  dst       = 08:00:00:00:02:02
  src       = 08:00:00:00:02:00
  type      = IPv4
###[ IP ]### 
     version   = 4
     ihl       = 10
     tos       = 0x0
     len       = 53
     id        = 1
     flags     = 
     frag      = 0
     ttl       = 62
     proto     = udp
     chksum    = 0x60b5
     src       = 10.0.1.1
     dst       = 10.0.2.2
     \options   \
      |###[ MRI ]### 
      |  copy_flag = 0
      |  optclass  = control
      |  option    = 31
      |  length    = 20
      |  count     = 2
      |  \swtraces  \
      |   |###[ SwitchTrace ]### 
      |   |  swid      = 2
      |   |  qdepth    = 0
      |   |###[ SwitchTrace ]### 
      |   |  swid      = 1
      |   |  qdepth    = 54
###[ UDP ]### 
        sport     = 1234
        dport     = 4321
        len       = 13
        chksum    = 0xaf4c
###[ Raw ]### 
           load      = 'Hello'

got a packet
###[ Ethernet ]### 
  dst       = 08:00:00:00:02:02
  src       = 08:00:00:00:02:00
  type      = IPv4
###[ IP ]### 
     version   = 4
     ihl       = 10
     tos       = 0x0
     len       = 53
     id        = 1
     flags     = 
     frag      = 0
     ttl       = 62
     proto     = udp
     chksum    = 0x60b5
     src       = 10.0.1.1
     dst       = 10.0.2.2
     \options   \
      |###[ MRI ]### 
      |  copy_flag = 0
      |  optclass  = control
      |  option    = 31
      |  length    = 20
      |  count     = 2
      |  \swtraces  \
      |   |###[ SwitchTrace ]### 
      |   |  swid      = 2
      |   |  qdepth    = 0
      |   |###[ SwitchTrace ]### 
      |   |  swid      = 1
      |   |  qdepth    = 18
###[ UDP ]### 
        sport     = 1234
        dport     = 4321
        len       = 13
        chksum    = 0xaf4c
###[ Raw ]### 
           load      = 'Hello'

got a packet
###[ Ethernet ]### 
  dst       = 08:00:00:00:02:02
  src       = 08:00:00:00:02:00
  type      = IPv4
###[ IP ]### 
     version   = 4
     ihl       = 10
     tos       = 0x0
     len       = 53
     id        = 1
     flags     = 
     frag      = 0
     ttl       = 62
     proto     = udp
     chksum    = 0x60b5
     src       = 10.0.1.1
     dst       = 10.0.2.2
     \options   \
      |###[ MRI ]### 
      |  copy_flag = 0
      |  optclass  = control
      |  option    = 31
      |  length    = 20
      |  count     = 2
      |  \swtraces  \
      |   |###[ SwitchTrace ]### 
      |   |  swid      = 2
      |   |  qdepth    = 0
      |   |###[ SwitchTrace ]### 
      |   |  swid      = 1
      |   |  qdepth    = 24
###[ UDP ]### 
        sport     = 1234
        dport     = 4321
        len       = 13
        chksum    = 0xaf4c
###[ Raw ]### 
           load      = 'Hello'

got a packet
###[ Ethernet ]### 
  dst       = 08:00:00:00:02:02
  src       = 08:00:00:00:02:00
  type      = IPv4
###[ IP ]### 
     version   = 4
     ihl       = 10
     tos       = 0x0
     len       = 53
     id        = 1
     flags     = 
     frag      = 0
     ttl       = 62
     proto     = udp
     chksum    = 0x60b5
     src       = 10.0.1.1
     dst       = 10.0.2.2
     \options   \
      |###[ MRI ]### 
      |  copy_flag = 0
      |  optclass  = control
      |  option    = 31
      |  length    = 20
      |  count     = 2
      |  \swtraces  \
      |   |###[ SwitchTrace ]### 
      |   |  swid      = 2
      |   |  qdepth    = 0
      |   |###[ SwitchTrace ]### 
      |   |  swid      = 1
      |   |  qdepth    = 36
###[ UDP ]### 
        sport     = 1234
        dport     = 4321
        len       = 13
        chksum    = 0xaf4c
###[ Raw ]### 
           load      = 'Hello'

got a packet
###[ Ethernet ]### 
  dst       = 08:00:00:00:02:02
  src       = 08:00:00:00:02:00
  type      = IPv4
###[ IP ]### 
     version   = 4
     ihl       = 10
     tos       = 0x0
     len       = 53
     id        = 1
     flags     = 
     frag      = 0
     ttl       = 62
     proto     = udp
     chksum    = 0x60b5
     src       = 10.0.1.1
     dst       = 10.0.2.2
     \options   \
      |###[ MRI ]### 
      |  copy_flag = 0
      |  optclass  = control
      |  option    = 31
      |  length    = 20
      |  count     = 2
      |  \swtraces  \
      |   |###[ SwitchTrace ]### 
      |   |  swid      = 2
      |   |  qdepth    = 0
      |   |###[ SwitchTrace ]### 
      |   |  swid      = 1
      |   |  qdepth    = 42
###[ UDP ]### 
        sport     = 1234
        dport     = 4321
        len       = 13
        chksum    = 0xaf4c
###[ Raw ]### 
           load      = 'Hello'

got a packet
###[ Ethernet ]### 
  dst       = 08:00:00:00:02:02
  src       = 08:00:00:00:02:00
  type      = IPv4
###[ IP ]### 
     version   = 4
     ihl       = 10
     tos       = 0x0
     len       = 53
     id        = 1
     flags     = 
     frag      = 0
     ttl       = 62
     proto     = udp
     chksum    = 0x60b5
     src       = 10.0.1.1
     dst       = 10.0.2.2
     \options   \
      |###[ MRI ]### 
      |  copy_flag = 0
      |  optclass  = control
      |  option    = 31
      |  length    = 20
      |  count     = 2
      |  \swtraces  \
      |   |###[ SwitchTrace ]### 
      |   |  swid      = 2
      |   |  qdepth    = 0
      |   |###[ SwitchTrace ]### 
      |   |  swid      = 1
      |   |  qdepth    = 1
###[ UDP ]### 
        sport     = 1234
        dport     = 4321
        len       = 13
        chksum    = 0xaf4c
###[ Raw ]### 
           load      = 'Hello'

got a packet
###[ Ethernet ]### 
  dst       = 08:00:00:00:02:02
  src       = 08:00:00:00:02:00
  type      = IPv4
###[ IP ]### 
     version   = 4
     ihl       = 10
     tos       = 0x0
     len       = 53
     id        = 1
     flags     = 
     frag      = 0
     ttl       = 62
     proto     = udp
     chksum    = 0x60b5
     src       = 10.0.1.1
     dst       = 10.0.2.2
     \options   \
      |###[ MRI ]### 
      |  copy_flag = 0
      |  optclass  = control
      |  option    = 31
      |  length    = 20
      |  count     = 2
      |  \swtraces  \
      |   |###[ SwitchTrace ]### 
      |   |  swid      = 2
      |   |  qdepth    = 0
      |   |###[ SwitchTrace ]### 
      |   |  swid      = 1
      |   |  qdepth    = 0
###[ UDP ]### 
        sport     = 1234
        dport     = 4321
        len       = 13
        chksum    = 0xaf4c
###[ Raw ]### 
           load      = 'Hello'

got a packet
###[ Ethernet ]### 
  dst       = 08:00:00:00:02:02
  src       = 08:00:00:00:02:00
  type      = IPv4
###[ IP ]### 
     version   = 4
     ihl       = 10
     tos       = 0x0
     len       = 53
     id        = 1
     flags     = 
     frag      = 0
     ttl       = 62
     proto     = udp
     chksum    = 0x60b5
     src       = 10.0.1.1
     dst       = 10.0.2.2
     \options   \
      |###[ MRI ]### 
      |  copy_flag = 0
      |  optclass  = control
      |  option    = 31
      |  length    = 20
      |  count     = 2
      |  \swtraces  \
      |   |###[ SwitchTrace ]### 
      |   |  swid      = 2
      |   |  qdepth    = 1
      |   |###[ SwitchTrace ]### 
      |   |  swid      = 1
      |   |  qdepth    = 0
###[ UDP ]### 
        sport     = 1234
        dport     = 4321
        len       = 13
        chksum    = 0xaf4c
###[ Raw ]### 
           load      = 'Hello'

got a packet
###[ Ethernet ]### 
  dst       = 08:00:00:00:02:02
  src       = 08:00:00:00:02:00
  type      = IPv4
###[ IP ]### 
     version   = 4
     ihl       = 10
     tos       = 0x0
     len       = 53
     id        = 1
     flags     = 
     frag      = 0
     ttl       = 62
     proto     = udp
     chksum    = 0x60b5
     src       = 10.0.1.1
     dst       = 10.0.2.2
     \options   \
      |###[ MRI ]### 
      |  copy_flag = 0
      |  optclass  = control
      |  option    = 31
      |  length    = 20
      |  count     = 2
      |  \swtraces  \
      |   |###[ SwitchTrace ]### 
      |   |  swid      = 2
      |   |  qdepth    = 1
      |   |###[ SwitchTrace ]### 
      |   |  swid      = 1
      |   |  qdepth    = 0
###[ UDP ]### 
        sport     = 1234
        dport     = 4321
        len       = 13
        chksum    = 0xaf4c
###[ Raw ]### 
           load      = 'Hello'

got a packet
###[ Ethernet ]### 
  dst       = 08:00:00:00:02:02
  src       = 08:00:00:00:02:00
  type      = IPv4
###[ IP ]### 
     version   = 4
     ihl       = 10
     tos       = 0x0
     len       = 53
     id        = 1
     flags     = 
     frag      = 0
     ttl       = 62
     proto     = udp
     chksum    = 0x60b5
     src       = 10.0.1.1
     dst       = 10.0.2.2
     \options   \
      |###[ MRI ]### 
      |  copy_flag = 0
      |  optclass  = control
      |  option    = 31
      |  length    = 20
      |  count     = 2
      |  \swtraces  \
      |   |###[ SwitchTrace ]### 
      |   |  swid      = 2
      |   |  qdepth    = 0
      |   |###[ SwitchTrace ]### 
      |   |  swid      = 1
      |   |  qdepth    = 0
###[ UDP ]### 
        sport     = 1234
        dport     = 4321
        len       = 13
        chksum    = 0xaf4c
###[ Raw ]### 
           load      = 'Hello'

got a packet
###[ Ethernet ]### 
  dst       = 08:00:00:00:02:02
  src       = 08:00:00:00:02:00
  type      = IPv4
###[ IP ]### 
     version   = 4
     ihl       = 10
     tos       = 0x0
     len       = 53
     id        = 1
     flags     = 
     frag      = 0
     ttl       = 62
     proto     = udp
     chksum    = 0x60b5
     src       = 10.0.1.1
     dst       = 10.0.2.2
     \options   \
      |###[ MRI ]### 
      |  copy_flag = 0
      |  optclass  = control
      |  option    = 31
      |  length    = 20
      |  count     = 2
      |  \swtraces  \
      |   |###[ SwitchTrace ]### 
      |   |  swid      = 2
      |   |  qdepth    = 0
      |   |###[ SwitchTrace ]### 
      |   |  swid      = 1
      |   |  qdepth    = 0
###[ UDP ]### 
        sport     = 1234
        dport     = 4321
        len       = 13
        chksum    = 0xaf4c
###[ Raw ]### 
           load      = 'Hello'

got a packet
###[ Ethernet ]### 
  dst       = 08:00:00:00:02:02
  src       = 08:00:00:00:02:00
  type      = IPv4
###[ IP ]### 
     version   = 4
     ihl       = 10
     tos       = 0x0
     len       = 53
     id        = 1
     flags     = 
     frag      = 0
     ttl       = 62
     proto     = udp
     chksum    = 0x60b5
     src       = 10.0.1.1
     dst       = 10.0.2.2
     \options   \
      |###[ MRI ]### 
      |  copy_flag = 0
      |  optclass  = control
      |  option    = 31
      |  length    = 20
      |  count     = 2
      |  \swtraces  \
      |   |###[ SwitchTrace ]### 
      |   |  swid      = 2
      |   |  qdepth    = 0
      |   |###[ SwitchTrace ]### 
      |   |  swid      = 1
      |   |  qdepth    = 0
###[ UDP ]### 
        sport     = 1234
        dport     = 4321
        len       = 13
        chksum    = 0xaf4c
###[ Raw ]### 
           load      = 'Hello'

got a packet
###[ Ethernet ]### 
  dst       = 08:00:00:00:02:02
  src       = 08:00:00:00:02:00
  type      = IPv4
###[ IP ]### 
     version   = 4
     ihl       = 10
     tos       = 0x0
     len       = 53
     id        = 1
     flags     = 
     frag      = 0
     ttl       = 62
     proto     = udp
     chksum    = 0x60b5
     src       = 10.0.1.1
     dst       = 10.0.2.2
     \options   \
      |###[ MRI ]### 
      |  copy_flag = 0
      |  optclass  = control
      |  option    = 31
      |  length    = 20
      |  count     = 2
      |  \swtraces  \
      |   |###[ SwitchTrace ]### 
      |   |  swid      = 2
      |   |  qdepth    = 0
      |   |###[ SwitchTrace ]### 
      |   |  swid      = 1
      |   |  qdepth    = 0
###[ UDP ]### 
        sport     = 1234
        dport     = 4321
        len       = 13
        chksum    = 0xaf4c
###[ Raw ]### 
           load      = 'Hello'

got a packet
###[ Ethernet ]### 
  dst       = 08:00:00:00:02:02
  src       = 08:00:00:00:02:00
  type      = IPv4
###[ IP ]### 
     version   = 4
     ihl       = 10
     tos       = 0x0
     len       = 53
     id        = 1
     flags     = 
     frag      = 0
     ttl       = 62
     proto     = udp
     chksum    = 0x60b5
     src       = 10.0.1.1
     dst       = 10.0.2.2
     \options   \
      |###[ MRI ]### 
      |  copy_flag = 0
      |  optclass  = control
      |  option    = 31
      |  length    = 20
      |  count     = 2
      |  \swtraces  \
      |   |###[ SwitchTrace ]### 
      |   |  swid      = 2
      |   |  qdepth    = 0
      |   |###[ SwitchTrace ]### 
      |   |  swid      = 1
      |   |  qdepth    = 0
###[ UDP ]### 
        sport     = 1234
        dport     = 4321
        len       = 13
        chksum    = 0xaf4c
###[ Raw ]### 
           load      = 'Hello'

got a packet
###[ Ethernet ]### 
  dst       = 08:00:00:00:02:02
  src       = 08:00:00:00:02:00
  type      = IPv4
###[ IP ]### 
     version   = 4
     ihl       = 10
     tos       = 0x0
     len       = 53
     id        = 1
     flags     = 
     frag      = 0
     ttl       = 62
     proto     = udp
     chksum    = 0x60b5
     src       = 10.0.1.1
     dst       = 10.0.2.2
     \options   \
      |###[ MRI ]### 
      |  copy_flag = 0
      |  optclass  = control
      |  option    = 31
      |  length    = 20
      |  count     = 2
      |  \swtraces  \
      |   |###[ SwitchTrace ]### 
      |   |  swid      = 2
      |   |  qdepth    = 0
      |   |###[ SwitchTrace ]### 
      |   |  swid      = 1
      |   |  qdepth    = 0
###[ UDP ]### 
        sport     = 1234
        dport     = 4321
        len       = 13
        chksum    = 0xaf4c
###[ Raw ]### 
           load      = 'Hello'

got a packet
###[ Ethernet ]### 
  dst       = 08:00:00:00:02:02
  src       = 08:00:00:00:02:00
  type      = IPv4
###[ IP ]### 
     version   = 4
     ihl       = 10
     tos       = 0x0
     len       = 53
     id        = 1
     flags     = 
     frag      = 0
     ttl       = 62
     proto     = udp
     chksum    = 0x60b5
     src       = 10.0.1.1
     dst       = 10.0.2.2
     \options   \
      |###[ MRI ]### 
      |  copy_flag = 0
      |  optclass  = control
      |  option    = 31
      |  length    = 20
      |  count     = 2
      |  \swtraces  \
      |   |###[ SwitchTrace ]### 
      |   |  swid      = 2
      |   |  qdepth    = 0
      |   |###[ SwitchTrace ]### 
      |   |  swid      = 1
      |   |  qdepth    = 0
###[ UDP ]### 
        sport     = 1234
        dport     = 4321
        len       = 13
        chksum    = 0xaf4c
###[ Raw ]### 
           load      = 'Hello'

got a packet
###[ Ethernet ]### 
  dst       = 08:00:00:00:02:02
  src       = 08:00:00:00:02:00
  type      = IPv4
###[ IP ]### 
     version   = 4
     ihl       = 10
     tos       = 0x0
     len       = 53
     id        = 1
     flags     = 
     frag      = 0
     ttl       = 62
     proto     = udp
     chksum    = 0x60b5
     src       = 10.0.1.1
     dst       = 10.0.2.2
     \options   \
      |###[ MRI ]### 
      |  copy_flag = 0
      |  optclass  = control
      |  option    = 31
      |  length    = 20
      |  count     = 2
      |  \swtraces  \
      |   |###[ SwitchTrace ]### 
      |   |  swid      = 2
      |   |  qdepth    = 0
      |   |###[ SwitchTrace ]### 
      |   |  swid      = 1
      |   |  qdepth    = 0
###[ UDP ]### 
        sport     = 1234
        dport     = 4321
        len       = 13
        chksum    = 0xaf4c
###[ Raw ]### 
           load      = 'Hello'

got a packet
###[ Ethernet ]### 
  dst       = 08:00:00:00:02:02
  src       = 08:00:00:00:02:00
  type      = IPv4
###[ IP ]### 
     version   = 4
     ihl       = 10
     tos       = 0x0
     len       = 53
     id        = 1
     flags     = 
     frag      = 0
     ttl       = 62
     proto     = udp
     chksum    = 0x60b5
     src       = 10.0.1.1
     dst       = 10.0.2.2
     \options   \
      |###[ MRI ]### 
      |  copy_flag = 0
      |  optclass  = control
      |  option    = 31
      |  length    = 20
      |  count     = 2
      |  \swtraces  \
      |   |###[ SwitchTrace ]### 
      |   |  swid      = 2
      |   |  qdepth    = 0
      |   |###[ SwitchTrace ]### 
      |   |  swid      = 1
      |   |  qdepth    = 0
###[ UDP ]### 
        sport     = 1234
        dport     = 4321
        len       = 13
        chksum    = 0xaf4c
###[ Raw ]### 
           load      = 'Hello'

got a packet
###[ Ethernet ]### 
  dst       = 08:00:00:00:02:02
  src       = 08:00:00:00:02:00
  type      = IPv4
###[ IP ]### 
     version   = 4
     ihl       = 10
     tos       = 0x0
     len       = 53
     id        = 1
     flags     = 
     frag      = 0
     ttl       = 62
     proto     = udp
     chksum    = 0x60b5
     src       = 10.0.1.1
     dst       = 10.0.2.2
     \options   \
      |###[ MRI ]### 
      |  copy_flag = 0
      |  optclass  = control
      |  option    = 31
      |  length    = 20
      |  count     = 2
      |  \swtraces  \
      |   |###[ SwitchTrace ]### 
      |   |  swid      = 2
      |   |  qdepth    = 0
      |   |###[ SwitchTrace ]### 
      |   |  swid      = 1
      |   |  qdepth    = 0
###[ UDP ]### 
        sport     = 1234
        dport     = 4321
        len       = 13
        chksum    = 0xaf4c
###[ Raw ]### 
           load      = 'Hello'

got a packet
###[ Ethernet ]### 
  dst       = 08:00:00:00:02:02
  src       = 08:00:00:00:02:00
  type      = IPv4
###[ IP ]### 
     version   = 4
     ihl       = 10
     tos       = 0x0
     len       = 53
     id        = 1
     flags     = 
     frag      = 0
     ttl       = 62
     proto     = udp
     chksum    = 0x60b5
     src       = 10.0.1.1
     dst       = 10.0.2.2
     \options   \
      |###[ MRI ]### 
      |  copy_flag = 0
      |  optclass  = control
      |  option    = 31
      |  length    = 20
      |  count     = 2
      |  \swtraces  \
      |   |###[ SwitchTrace ]### 
      |   |  swid      = 2
      |   |  qdepth    = 0
      |   |###[ SwitchTrace ]### 
      |   |  swid      = 1
      |   |  qdepth    = 0
###[ UDP ]### 
        sport     = 1234
        dport     = 4321
        len       = 13
        chksum    = 0xaf4c
###[ Raw ]### 
           load      = 'Hello'

