sniffing on eth0
got a packet
###[ Ethernet ]### 
  dst       = 33:33:00:00:00:fb
  src       = 82:a3:e7:73:c6:43
  type      = IPv6
###[ IPv6 ]### 
     version   = 6
     tc        = 0
     fl        = 214894
     plen      = 126
     nh        = UDP
     hlim      = 255
     src       = fe80::80a3:e7ff:fe73:c643
     dst       = ff02::fb
###[ UDP ]### 
        sport     = mdns
        dport     = mdns
        len       = 126
        chksum    = 0x2c69
###[ DNS ]### 
           id        = 0
           qr        = 0
           opcode    = QUERY
           aa        = 0
           tc        = 0
           rd        = 0
           ra        = 0
           z         = 0
           ad        = 0
           cd        = 0
           rcode     = ok
           qdcount   = 7
           ancount   = 0
           nscount   = 0
           arcount   = 0
           \qd        \
            |###[ DNS Question Record ]### 
            |  qname     = '_nfs._tcp.local.'
            |  qtype     = PTR
            |  qclass    = IN
            |###[ DNS Question Record ]### 
            |  qname     = '_ftp._tcp.local.'
            |  qtype     = PTR
            |  qclass    = IN
            |###[ DNS Question Record ]### 
            |  qname     = '_webdav._tcp.local.'
            |  qtype     = PTR
            |  qclass    = IN
            |###[ DNS Question Record ]### 
            |  qname     = '_webdavs._tcp.local.'
            |  qtype     = PTR
            |  qclass    = IN
            |###[ DNS Question Record ]### 
            |  qname     = '_sftp-ssh._tcp.local.'
            |  qtype     = PTR
            |  qclass    = IN
            |###[ DNS Question Record ]### 
            |  qname     = '_smb._tcp.local.'
            |  qtype     = PTR
            |  qclass    = IN
            |###[ DNS Question Record ]### 
            |  qname     = '_afpovertcp._tcp.local.'
            |  qtype     = PTR
            |  qclass    = IN
           an        = None
           ns        = None
           ar        = None

got a packet
###[ Ethernet ]### 
  dst       = 33:33:00:00:00:02
  src       = 82:a3:e7:73:c6:43
  type      = IPv6
###[ IPv6 ]### 
     version   = 6
     tc        = 0
     fl        = 0
     plen      = 16
     nh        = ICMPv6
     hlim      = 255
     src       = fe80::80a3:e7ff:fe73:c643
     dst       = ff02::2
###[ ICMPv6 Neighbor Discovery - Router Solicitation ]### 
        type      = Router Solicitation
        code      = 0
        cksum     = 0x1e78
        res       = 0
###[ ICMPv6 Neighbor Discovery Option - Source Link-Layer Address ]### 
           type      = 1
           len       = 1
           lladdr    = 82:a3:e7:73:c6:43

got a packet
###[ Ethernet ]### 
  dst       = 08:00:00:00:02:02
  src       = 08:00:00:00:02:00
  type      = IPv4
###[ IP ]### 
     version   = 4
     ihl       = 5
     tos       = 0xb9
     len       = 31
     id        = 1
     flags     = 
     frag      = 0
     ttl       = 62
     proto     = udp
     chksum    = 0x6512
     src       = 10.0.1.1
     dst       = 10.0.2.2
     \options   \
###[ UDP ]### 
        sport     = 1234
        dport     = 4321
        len       = 11
        chksum    = 0x2dde
###[ Raw ]### 
           load      = 'UDP'

got a packet
###[ Ethernet ]### 
  dst       = 08:00:00:00:02:00
  src       = 08:00:00:00:02:02
  type      = IPv4
###[ IP ]### 
     version   = 4
     ihl       = 5
     tos       = 0xd8
     len       = 59
     id        = 24622
     flags     = 
     frag      = 0
     ttl       = 64
     proto     = icmp
     chksum    = 0x2ba
     src       = 10.0.2.2
     dst       = 10.0.1.1
     \options   \
###[ ICMP ]### 
        type      = dest-unreach
        code      = port-unreachable
        chksum    = 0x141c
        reserved  = 0
        length    = 0
        nexthopmtu= 0
        unused    = ''
###[ IP in ICMP ]### 
           version   = 4
           ihl       = 5
           tos       = 0xb9
           len       = 31
           id        = 1
           flags     = 
           frag      = 0
           ttl       = 62
           proto     = udp
           chksum    = 0x6512
           src       = 10.0.1.1
           dst       = 10.0.2.2
           \options   \
###[ UDP in ICMP ]### 
              sport     = 1234
              dport     = 4321
              len       = 11
              chksum    = 0x2dde
###[ Raw ]### 
                 load      = 'UDP'

got a packet
###[ Ethernet ]### 
  dst       = 08:00:00:00:02:02
  src       = 08:00:00:00:02:00
  type      = IPv4
###[ IP ]### 
     version   = 4
     ihl       = 5
     tos       = 0xb9
     len       = 31
     id        = 1
     flags     = 
     frag      = 0
     ttl       = 62
     proto     = udp
     chksum    = 0x6512
     src       = 10.0.1.1
     dst       = 10.0.2.2
     \options   \
###[ UDP ]### 
        sport     = 1234
        dport     = 4321
        len       = 11
        chksum    = 0x2dde
###[ Raw ]### 
           load      = 'UDP'

got a packet
###[ Ethernet ]### 
  dst       = 08:00:00:00:02:00
  src       = 08:00:00:00:02:02
  type      = IPv4
###[ IP ]### 
     version   = 4
     ihl       = 5
     tos       = 0xd8
     len       = 59
     id        = 24786
     flags     = 
     frag      = 0
     ttl       = 64
     proto     = icmp
     chksum    = 0x216
     src       = 10.0.2.2
     dst       = 10.0.1.1
     \options   \
###[ ICMP ]### 
        type      = dest-unreach
        code      = port-unreachable
        chksum    = 0x141c
        reserved  = 0
        length    = 0
        nexthopmtu= 0
        unused    = ''
###[ IP in ICMP ]### 
           version   = 4
           ihl       = 5
           tos       = 0xb9
           len       = 31
           id        = 1
           flags     = 
           frag      = 0
           ttl       = 62
           proto     = udp
           chksum    = 0x6512
           src       = 10.0.1.1
           dst       = 10.0.2.2
           \options   \
###[ UDP in ICMP ]### 
              sport     = 1234
              dport     = 4321
              len       = 11
              chksum    = 0x2dde
###[ Raw ]### 
                 load      = 'UDP'

got a packet
###[ Ethernet ]### 
  dst       = 08:00:00:00:02:02
  src       = 08:00:00:00:02:00
  type      = IPv4
###[ IP ]### 
     version   = 4
     ihl       = 5
     tos       = 0xb9
     len       = 31
     id        = 1
     flags     = 
     frag      = 0
     ttl       = 62
     proto     = udp
     chksum    = 0x6512
     src       = 10.0.1.1
     dst       = 10.0.2.2
     \options   \
###[ UDP ]### 
        sport     = 1234
        dport     = 4321
        len       = 11
        chksum    = 0x2dde
###[ Raw ]### 
           load      = 'UDP'

got a packet
###[ Ethernet ]### 
  dst       = 08:00:00:00:02:00
  src       = 08:00:00:00:02:02
  type      = IPv4
###[ IP ]### 
     version   = 4
     ihl       = 5
     tos       = 0xd8
     len       = 59
     id        = 24825
     flags     = 
     frag      = 0
     ttl       = 64
     proto     = icmp
     chksum    = 0x1ef
     src       = 10.0.2.2
     dst       = 10.0.1.1
     \options   \
###[ ICMP ]### 
        type      = dest-unreach
        code      = port-unreachable
        chksum    = 0x141c
        reserved  = 0
        length    = 0
        nexthopmtu= 0
        unused    = ''
###[ IP in ICMP ]### 
           version   = 4
           ihl       = 5
           tos       = 0xb9
           len       = 31
           id        = 1
           flags     = 
           frag      = 0
           ttl       = 62
           proto     = udp
           chksum    = 0x6512
           src       = 10.0.1.1
           dst       = 10.0.2.2
           \options   \
###[ UDP in ICMP ]### 
              sport     = 1234
              dport     = 4321
              len       = 11
              chksum    = 0x2dde
###[ Raw ]### 
                 load      = 'UDP'

got a packet
###[ Ethernet ]### 
  dst       = 08:00:00:00:02:02
  src       = 08:00:00:00:02:00
  type      = IPv4
###[ IP ]### 
     version   = 4
     ihl       = 5
     tos       = 0xb9
     len       = 31
     id        = 1
     flags     = 
     frag      = 0
     ttl       = 62
     proto     = udp
     chksum    = 0x6512
     src       = 10.0.1.1
     dst       = 10.0.2.2
     \options   \
###[ UDP ]### 
        sport     = 1234
        dport     = 4321
        len       = 11
        chksum    = 0x2dde
###[ Raw ]### 
           load      = 'UDP'

got a packet
###[ Ethernet ]### 
  dst       = 08:00:00:00:02:00
  src       = 08:00:00:00:02:02
  type      = IPv4
###[ IP ]### 
     version   = 4
     ihl       = 5
     tos       = 0xd8
     len       = 59
     id        = 25085
     flags     = 
     frag      = 0
     ttl       = 64
     proto     = icmp
     chksum    = 0xeb
     src       = 10.0.2.2
     dst       = 10.0.1.1
     \options   \
###[ ICMP ]### 
        type      = dest-unreach
        code      = port-unreachable
        chksum    = 0x141c
        reserved  = 0
        length    = 0
        nexthopmtu= 0
        unused    = ''
###[ IP in ICMP ]### 
           version   = 4
           ihl       = 5
           tos       = 0xb9
           len       = 31
           id        = 1
           flags     = 
           frag      = 0
           ttl       = 62
           proto     = udp
           chksum    = 0x6512
           src       = 10.0.1.1
           dst       = 10.0.2.2
           \options   \
###[ UDP in ICMP ]### 
              sport     = 1234
              dport     = 4321
              len       = 11
              chksum    = 0x2dde
###[ Raw ]### 
                 load      = 'UDP'

got a packet
###[ Ethernet ]### 
  dst       = 08:00:00:00:02:02
  src       = 08:00:00:00:02:00
  type      = IPv4
###[ IP ]### 
     version   = 4
     ihl       = 5
     tos       = 0xb9
     len       = 31
     id        = 1
     flags     = 
     frag      = 0
     ttl       = 62
     proto     = udp
     chksum    = 0x6512
     src       = 10.0.1.1
     dst       = 10.0.2.2
     \options   \
###[ UDP ]### 
        sport     = 1234
        dport     = 4321
        len       = 11
        chksum    = 0x2dde
###[ Raw ]### 
           load      = 'UDP'

got a packet
###[ Ethernet ]### 
  dst       = 08:00:00:00:02:00
  src       = 08:00:00:00:02:02
  type      = IPv4
###[ IP ]### 
     version   = 4
     ihl       = 5
     tos       = 0xd8
     len       = 59
     id        = 25269
     flags     = 
     frag      = 0
     ttl       = 64
     proto     = icmp
     chksum    = 0x33
     src       = 10.0.2.2
     dst       = 10.0.1.1
     \options   \
###[ ICMP ]### 
        type      = dest-unreach
        code      = port-unreachable
        chksum    = 0x141c
        reserved  = 0
        length    = 0
        nexthopmtu= 0
        unused    = ''
###[ IP in ICMP ]### 
           version   = 4
           ihl       = 5
           tos       = 0xb9
           len       = 31
           id        = 1
           flags     = 
           frag      = 0
           ttl       = 62
           proto     = udp
           chksum    = 0x6512
           src       = 10.0.1.1
           dst       = 10.0.2.2
           \options   \
###[ UDP in ICMP ]### 
              sport     = 1234
              dport     = 4321
              len       = 11
              chksum    = 0x2dde
###[ Raw ]### 
                 load      = 'UDP'

got a packet
###[ Ethernet ]### 
  dst       = 08:00:00:00:02:02
  src       = 08:00:00:00:02:00
  type      = IPv4
###[ IP ]### 
     version   = 4
     ihl       = 5
     tos       = 0xb9
     len       = 31
     id        = 1
     flags     = 
     frag      = 0
     ttl       = 62
     proto     = udp
     chksum    = 0x6512
     src       = 10.0.1.1
     dst       = 10.0.2.2
     \options   \
###[ UDP ]### 
        sport     = 1234
        dport     = 4321
        len       = 11
        chksum    = 0x2dde
###[ Raw ]### 
           load      = 'UDP'

got a packet
###[ Ethernet ]### 
  dst       = 08:00:00:00:02:00
  src       = 08:00:00:00:02:02
  type      = IPv4
###[ IP ]### 
     version   = 4
     ihl       = 5
     tos       = 0xd8
     len       = 59
     id        = 25508
     flags     = 
     frag      = 0
     ttl       = 64
     proto     = icmp
     chksum    = 0xff43
     src       = 10.0.2.2
     dst       = 10.0.1.1
     \options   \
###[ ICMP ]### 
        type      = dest-unreach
        code      = port-unreachable
        chksum    = 0x141c
        reserved  = 0
        length    = 0
        nexthopmtu= 0
        unused    = ''
###[ IP in ICMP ]### 
           version   = 4
           ihl       = 5
           tos       = 0xb9
           len       = 31
           id        = 1
           flags     = 
           frag      = 0
           ttl       = 62
           proto     = udp
           chksum    = 0x6512
           src       = 10.0.1.1
           dst       = 10.0.2.2
           \options   \
###[ UDP in ICMP ]### 
              sport     = 1234
              dport     = 4321
              len       = 11
              chksum    = 0x2dde
###[ Raw ]### 
                 load      = 'UDP'

got a packet
###[ Ethernet ]### 
  dst       = 08:00:00:00:02:02
  src       = 08:00:00:00:02:00
  type      = IPv4
###[ IP ]### 
     version   = 4
     ihl       = 5
     tos       = 0xb9
     len       = 31
     id        = 1
     flags     = 
     frag      = 0
     ttl       = 62
     proto     = udp
     chksum    = 0x6512
     src       = 10.0.1.1
     dst       = 10.0.2.2
     \options   \
###[ UDP ]### 
        sport     = 1234
        dport     = 4321
        len       = 11
        chksum    = 0x2dde
###[ Raw ]### 
           load      = 'UDP'

got a packet
###[ Ethernet ]### 
  dst       = 08:00:00:00:02:00
  src       = 08:00:00:00:02:02
  type      = IPv4
###[ IP ]### 
     version   = 4
     ihl       = 5
     tos       = 0xd8
     len       = 59
     id        = 25539
     flags     = 
     frag      = 0
     ttl       = 64
     proto     = icmp
     chksum    = 0xff24
     src       = 10.0.2.2
     dst       = 10.0.1.1
     \options   \
###[ ICMP ]### 
        type      = dest-unreach
        code      = port-unreachable
        chksum    = 0x141c
        reserved  = 0
        length    = 0
        nexthopmtu= 0
        unused    = ''
###[ IP in ICMP ]### 
           version   = 4
           ihl       = 5
           tos       = 0xb9
           len       = 31
           id        = 1
           flags     = 
           frag      = 0
           ttl       = 62
           proto     = udp
           chksum    = 0x6512
           src       = 10.0.1.1
           dst       = 10.0.2.2
           \options   \
###[ UDP in ICMP ]### 
              sport     = 1234
              dport     = 4321
              len       = 11
              chksum    = 0x2dde
###[ Raw ]### 
                 load      = 'UDP'

got a packet
###[ Ethernet ]### 
  dst       = 08:00:00:00:02:02
  src       = 08:00:00:00:02:00
  type      = IPv4
###[ IP ]### 
     version   = 4
     ihl       = 5
     tos       = 0xb9
     len       = 31
     id        = 1
     flags     = 
     frag      = 0
     ttl       = 62
     proto     = udp
     chksum    = 0x6512
     src       = 10.0.1.1
     dst       = 10.0.2.2
     \options   \
###[ UDP ]### 
        sport     = 1234
        dport     = 4321
        len       = 11
        chksum    = 0x2dde
###[ Raw ]### 
           load      = 'UDP'

got a packet
###[ Ethernet ]### 
  dst       = 08:00:00:00:02:00
  src       = 08:00:00:00:02:02
  type      = IPv4
###[ IP ]### 
     version   = 4
     ihl       = 5
     tos       = 0xd8
     len       = 59
     id        = 25553
     flags     = 
     frag      = 0
     ttl       = 64
     proto     = icmp
     chksum    = 0xff16
     src       = 10.0.2.2
     dst       = 10.0.1.1
     \options   \
###[ ICMP ]### 
        type      = dest-unreach
        code      = port-unreachable
        chksum    = 0x141c
        reserved  = 0
        length    = 0
        nexthopmtu= 0
        unused    = ''
###[ IP in ICMP ]### 
           version   = 4
           ihl       = 5
           tos       = 0xb9
           len       = 31
           id        = 1
           flags     = 
           frag      = 0
           ttl       = 62
           proto     = udp
           chksum    = 0x6512
           src       = 10.0.1.1
           dst       = 10.0.2.2
           \options   \
###[ UDP in ICMP ]### 
              sport     = 1234
              dport     = 4321
              len       = 11
              chksum    = 0x2dde
###[ Raw ]### 
                 load      = 'UDP'

got a packet
###[ Ethernet ]### 
  dst       = 08:00:00:00:02:02
  src       = 08:00:00:00:02:00
  type      = IPv4
###[ IP ]### 
     version   = 4
     ihl       = 5
     tos       = 0xb9
     len       = 31
     id        = 1
     flags     = 
     frag      = 0
     ttl       = 62
     proto     = udp
     chksum    = 0x6512
     src       = 10.0.1.1
     dst       = 10.0.2.2
     \options   \
###[ UDP ]### 
        sport     = 1234
        dport     = 4321
        len       = 11
        chksum    = 0x2dde
###[ Raw ]### 
           load      = 'UDP'

got a packet
###[ Ethernet ]### 
  dst       = 08:00:00:00:02:00
  src       = 08:00:00:00:02:02
  type      = IPv4
###[ IP ]### 
     version   = 4
     ihl       = 5
     tos       = 0xd8
     len       = 59
     id        = 25783
     flags     = 
     frag      = 0
     ttl       = 64
     proto     = icmp
     chksum    = 0xfe30
     src       = 10.0.2.2
     dst       = 10.0.1.1
     \options   \
###[ ICMP ]### 
        type      = dest-unreach
        code      = port-unreachable
        chksum    = 0x141c
        reserved  = 0
        length    = 0
        nexthopmtu= 0
        unused    = ''
###[ IP in ICMP ]### 
           version   = 4
           ihl       = 5
           tos       = 0xb9
           len       = 31
           id        = 1
           flags     = 
           frag      = 0
           ttl       = 62
           proto     = udp
           chksum    = 0x6512
           src       = 10.0.1.1
           dst       = 10.0.2.2
           \options   \
###[ UDP in ICMP ]### 
              sport     = 1234
              dport     = 4321
              len       = 11
              chksum    = 0x2dde
###[ Raw ]### 
                 load      = 'UDP'

got a packet
###[ Ethernet ]### 
  dst       = 08:00:00:00:02:02
  src       = 08:00:00:00:02:00
  type      = IPv4
###[ IP ]### 
     version   = 4
     ihl       = 5
     tos       = 0xb9
     len       = 31
     id        = 1
     flags     = 
     frag      = 0
     ttl       = 62
     proto     = udp
     chksum    = 0x6512
     src       = 10.0.1.1
     dst       = 10.0.2.2
     \options   \
###[ UDP ]### 
        sport     = 1234
        dport     = 4321
        len       = 11
        chksum    = 0x2dde
###[ Raw ]### 
           load      = 'UDP'

got a packet
###[ Ethernet ]### 
  dst       = 08:00:00:00:02:00
  src       = 08:00:00:00:02:02
  type      = IPv4
###[ IP ]### 
     version   = 4
     ihl       = 5
     tos       = 0xd8
     len       = 59
     id        = 26031
     flags     = 
     frag      = 0
     ttl       = 64
     proto     = icmp
     chksum    = 0xfd38
     src       = 10.0.2.2
     dst       = 10.0.1.1
     \options   \
###[ ICMP ]### 
        type      = dest-unreach
        code      = port-unreachable
        chksum    = 0x141c
        reserved  = 0
        length    = 0
        nexthopmtu= 0
        unused    = ''
###[ IP in ICMP ]### 
           version   = 4
           ihl       = 5
           tos       = 0xb9
           len       = 31
           id        = 1
           flags     = 
           frag      = 0
           ttl       = 62
           proto     = udp
           chksum    = 0x6512
           src       = 10.0.1.1
           dst       = 10.0.2.2
           \options   \
###[ UDP in ICMP ]### 
              sport     = 1234
              dport     = 4321
              len       = 11
              chksum    = 0x2dde
###[ Raw ]### 
                 load      = 'UDP'

got a packet
###[ Ethernet ]### 
  dst       = 08:00:00:00:02:02
  src       = 08:00:00:00:02:00
  type      = IPv4
###[ IP ]### 
     version   = 4
     ihl       = 5
     tos       = 0xb9
     len       = 31
     id        = 1
     flags     = 
     frag      = 0
     ttl       = 62
     proto     = udp
     chksum    = 0x6512
     src       = 10.0.1.1
     dst       = 10.0.2.2
     \options   \
###[ UDP ]### 
        sport     = 1234
        dport     = 4321
        len       = 11
        chksum    = 0x2dde
###[ Raw ]### 
           load      = 'UDP'

got a packet
###[ Ethernet ]### 
  dst       = 08:00:00:00:02:00
  src       = 08:00:00:00:02:02
  type      = IPv4
###[ IP ]### 
     version   = 4
     ihl       = 5
     tos       = 0xd8
     len       = 59
     id        = 26079
     flags     = 
     frag      = 0
     ttl       = 64
     proto     = icmp
     chksum    = 0xfd08
     src       = 10.0.2.2
     dst       = 10.0.1.1
     \options   \
###[ ICMP ]### 
        type      = dest-unreach
        code      = port-unreachable
        chksum    = 0x141c
        reserved  = 0
        length    = 0
        nexthopmtu= 0
        unused    = ''
###[ IP in ICMP ]### 
           version   = 4
           ihl       = 5
           tos       = 0xb9
           len       = 31
           id        = 1
           flags     = 
           frag      = 0
           ttl       = 62
           proto     = udp
           chksum    = 0x6512
           src       = 10.0.1.1
           dst       = 10.0.2.2
           \options   \
###[ UDP in ICMP ]### 
              sport     = 1234
              dport     = 4321
              len       = 11
              chksum    = 0x2dde
###[ Raw ]### 
                 load      = 'UDP'

got a packet
###[ Ethernet ]### 
  dst       = 08:00:00:00:02:02
  src       = 08:00:00:00:02:00
  type      = IPv4
###[ IP ]### 
     version   = 4
     ihl       = 5
     tos       = 0xb9
     len       = 31
     id        = 1
     flags     = 
     frag      = 0
     ttl       = 62
     proto     = udp
     chksum    = 0x6512
     src       = 10.0.1.1
     dst       = 10.0.2.2
     \options   \
###[ UDP ]### 
        sport     = 1234
        dport     = 4321
        len       = 11
        chksum    = 0x2dde
###[ Raw ]### 
           load      = 'UDP'

got a packet
###[ Ethernet ]### 
  dst       = 08:00:00:00:02:00
  src       = 08:00:00:00:02:02
  type      = IPv4
###[ IP ]### 
     version   = 4
     ihl       = 5
     tos       = 0xd8
     len       = 59
     id        = 26249
     flags     = 
     frag      = 0
     ttl       = 64
     proto     = icmp
     chksum    = 0xfc5e
     src       = 10.0.2.2
     dst       = 10.0.1.1
     \options   \
###[ ICMP ]### 
        type      = dest-unreach
        code      = port-unreachable
        chksum    = 0x141c
        reserved  = 0
        length    = 0
        nexthopmtu= 0
        unused    = ''
###[ IP in ICMP ]### 
           version   = 4
           ihl       = 5
           tos       = 0xb9
           len       = 31
           id        = 1
           flags     = 
           frag      = 0
           ttl       = 62
           proto     = udp
           chksum    = 0x6512
           src       = 10.0.1.1
           dst       = 10.0.2.2
           \options   \
###[ UDP in ICMP ]### 
              sport     = 1234
              dport     = 4321
              len       = 11
              chksum    = 0x2dde
###[ Raw ]### 
                 load      = 'UDP'

got a packet
###[ Ethernet ]### 
  dst       = 08:00:00:00:02:02
  src       = 08:00:00:00:02:00
  type      = IPv4
###[ IP ]### 
     version   = 4
     ihl       = 5
     tos       = 0xb9
     len       = 31
     id        = 1
     flags     = 
     frag      = 0
     ttl       = 62
     proto     = udp
     chksum    = 0x6512
     src       = 10.0.1.1
     dst       = 10.0.2.2
     \options   \
###[ UDP ]### 
        sport     = 1234
        dport     = 4321
        len       = 11
        chksum    = 0x2dde
###[ Raw ]### 
           load      = 'UDP'

got a packet
###[ Ethernet ]### 
  dst       = 08:00:00:00:02:00
  src       = 08:00:00:00:02:02
  type      = IPv4
###[ IP ]### 
     version   = 4
     ihl       = 5
     tos       = 0xd8
     len       = 59
     id        = 26269
     flags     = 
     frag      = 0
     ttl       = 64
     proto     = icmp
     chksum    = 0xfc4a
     src       = 10.0.2.2
     dst       = 10.0.1.1
     \options   \
###[ ICMP ]### 
        type      = dest-unreach
        code      = port-unreachable
        chksum    = 0x141c
        reserved  = 0
        length    = 0
        nexthopmtu= 0
        unused    = ''
###[ IP in ICMP ]### 
           version   = 4
           ihl       = 5
           tos       = 0xb9
           len       = 31
           id        = 1
           flags     = 
           frag      = 0
           ttl       = 62
           proto     = udp
           chksum    = 0x6512
           src       = 10.0.1.1
           dst       = 10.0.2.2
           \options   \
###[ UDP in ICMP ]### 
              sport     = 1234
              dport     = 4321
              len       = 11
              chksum    = 0x2dde
###[ Raw ]### 
                 load      = 'UDP'

got a packet
###[ Ethernet ]### 
  dst       = 08:00:00:00:02:02
  src       = 08:00:00:00:02:00
  type      = IPv4
###[ IP ]### 
     version   = 4
     ihl       = 5
     tos       = 0xb9
     len       = 31
     id        = 1
     flags     = 
     frag      = 0
     ttl       = 62
     proto     = udp
     chksum    = 0x6512
     src       = 10.0.1.1
     dst       = 10.0.2.2
     \options   \
###[ UDP ]### 
        sport     = 1234
        dport     = 4321
        len       = 11
        chksum    = 0x2dde
###[ Raw ]### 
           load      = 'UDP'

got a packet
###[ Ethernet ]### 
  dst       = 08:00:00:00:02:00
  src       = 08:00:00:00:02:02
  type      = IPv4
###[ IP ]### 
     version   = 4
     ihl       = 5
     tos       = 0xd8
     len       = 59
     id        = 26324
     flags     = 
     frag      = 0
     ttl       = 64
     proto     = icmp
     chksum    = 0xfc13
     src       = 10.0.2.2
     dst       = 10.0.1.1
     \options   \
###[ ICMP ]### 
        type      = dest-unreach
        code      = port-unreachable
        chksum    = 0x141c
        reserved  = 0
        length    = 0
        nexthopmtu= 0
        unused    = ''
###[ IP in ICMP ]### 
           version   = 4
           ihl       = 5
           tos       = 0xb9
           len       = 31
           id        = 1
           flags     = 
           frag      = 0
           ttl       = 62
           proto     = udp
           chksum    = 0x6512
           src       = 10.0.1.1
           dst       = 10.0.2.2
           \options   \
###[ UDP in ICMP ]### 
              sport     = 1234
              dport     = 4321
              len       = 11
              chksum    = 0x2dde
###[ Raw ]### 
                 load      = 'UDP'

got a packet
###[ Ethernet ]### 
  dst       = 08:00:00:00:02:02
  src       = 08:00:00:00:02:00
  type      = IPv4
###[ IP ]### 
     version   = 4
     ihl       = 5
     tos       = 0xb9
     len       = 31
     id        = 1
     flags     = 
     frag      = 0
     ttl       = 62
     proto     = udp
     chksum    = 0x6512
     src       = 10.0.1.1
     dst       = 10.0.2.2
     \options   \
###[ UDP ]### 
        sport     = 1234
        dport     = 4321
        len       = 11
        chksum    = 0x2dde
###[ Raw ]### 
           load      = 'UDP'

got a packet
###[ Ethernet ]### 
  dst       = 08:00:00:00:02:00
  src       = 08:00:00:00:02:02
  type      = IPv4
###[ IP ]### 
     version   = 4
     ihl       = 5
     tos       = 0xd8
     len       = 59
     id        = 26522
     flags     = 
     frag      = 0
     ttl       = 64
     proto     = icmp
     chksum    = 0xfb4d
     src       = 10.0.2.2
     dst       = 10.0.1.1
     \options   \
###[ ICMP ]### 
        type      = dest-unreach
        code      = port-unreachable
        chksum    = 0x141c
        reserved  = 0
        length    = 0
        nexthopmtu= 0
        unused    = ''
###[ IP in ICMP ]### 
           version   = 4
           ihl       = 5
           tos       = 0xb9
           len       = 31
           id        = 1
           flags     = 
           frag      = 0
           ttl       = 62
           proto     = udp
           chksum    = 0x6512
           src       = 10.0.1.1
           dst       = 10.0.2.2
           \options   \
###[ UDP in ICMP ]### 
              sport     = 1234
              dport     = 4321
              len       = 11
              chksum    = 0x2dde
###[ Raw ]### 
                 load      = 'UDP'

got a packet
###[ Ethernet ]### 
  dst       = 08:00:00:00:02:02
  src       = 08:00:00:00:02:00
  type      = IPv4
###[ IP ]### 
     version   = 4
     ihl       = 5
     tos       = 0xb9
     len       = 31
     id        = 1
     flags     = 
     frag      = 0
     ttl       = 62
     proto     = udp
     chksum    = 0x6512
     src       = 10.0.1.1
     dst       = 10.0.2.2
     \options   \
###[ UDP ]### 
        sport     = 1234
        dport     = 4321
        len       = 11
        chksum    = 0x2dde
###[ Raw ]### 
           load      = 'UDP'

got a packet
###[ Ethernet ]### 
  dst       = 08:00:00:00:02:00
  src       = 08:00:00:00:02:02
  type      = IPv4
###[ IP ]### 
     version   = 4
     ihl       = 5
     tos       = 0xd8
     len       = 59
     id        = 26571
     flags     = 
     frag      = 0
     ttl       = 64
     proto     = icmp
     chksum    = 0xfb1c
     src       = 10.0.2.2
     dst       = 10.0.1.1
     \options   \
###[ ICMP ]### 
        type      = dest-unreach
        code      = port-unreachable
        chksum    = 0x141c
        reserved  = 0
        length    = 0
        nexthopmtu= 0
        unused    = ''
###[ IP in ICMP ]### 
           version   = 4
           ihl       = 5
           tos       = 0xb9
           len       = 31
           id        = 1
           flags     = 
           frag      = 0
           ttl       = 62
           proto     = udp
           chksum    = 0x6512
           src       = 10.0.1.1
           dst       = 10.0.2.2
           \options   \
###[ UDP in ICMP ]### 
              sport     = 1234
              dport     = 4321
              len       = 11
              chksum    = 0x2dde
###[ Raw ]### 
                 load      = 'UDP'

got a packet
###[ Ethernet ]### 
  dst       = 08:00:00:00:02:02
  src       = 08:00:00:00:02:00
  type      = IPv4
###[ IP ]### 
     version   = 4
     ihl       = 5
     tos       = 0xb9
     len       = 31
     id        = 1
     flags     = 
     frag      = 0
     ttl       = 62
     proto     = udp
     chksum    = 0x6512
     src       = 10.0.1.1
     dst       = 10.0.2.2
     \options   \
###[ UDP ]### 
        sport     = 1234
        dport     = 4321
        len       = 11
        chksum    = 0x2dde
###[ Raw ]### 
           load      = 'UDP'

got a packet
###[ Ethernet ]### 
  dst       = 08:00:00:00:02:00
  src       = 08:00:00:00:02:02
  type      = IPv4
###[ IP ]### 
     version   = 4
     ihl       = 5
     tos       = 0xd8
     len       = 59
     id        = 26589
     flags     = 
     frag      = 0
     ttl       = 64
     proto     = icmp
     chksum    = 0xfb0a
     src       = 10.0.2.2
     dst       = 10.0.1.1
     \options   \
###[ ICMP ]### 
        type      = dest-unreach
        code      = port-unreachable
        chksum    = 0x141c
        reserved  = 0
        length    = 0
        nexthopmtu= 0
        unused    = ''
###[ IP in ICMP ]### 
           version   = 4
           ihl       = 5
           tos       = 0xb9
           len       = 31
           id        = 1
           flags     = 
           frag      = 0
           ttl       = 62
           proto     = udp
           chksum    = 0x6512
           src       = 10.0.1.1
           dst       = 10.0.2.2
           \options   \
###[ UDP in ICMP ]### 
              sport     = 1234
              dport     = 4321
              len       = 11
              chksum    = 0x2dde
###[ Raw ]### 
                 load      = 'UDP'

got a packet
###[ Ethernet ]### 
  dst       = 08:00:00:00:02:02
  src       = 08:00:00:00:02:00
  type      = IPv4
###[ IP ]### 
     version   = 4
     ihl       = 5
     tos       = 0xb9
     len       = 31
     id        = 1
     flags     = 
     frag      = 0
     ttl       = 62
     proto     = udp
     chksum    = 0x6512
     src       = 10.0.1.1
     dst       = 10.0.2.2
     \options   \
###[ UDP ]### 
        sport     = 1234
        dport     = 4321
        len       = 11
        chksum    = 0x2dde
###[ Raw ]### 
           load      = 'UDP'

got a packet
###[ Ethernet ]### 
  dst       = 08:00:00:00:02:00
  src       = 08:00:00:00:02:02
  type      = IPv4
###[ IP ]### 
     version   = 4
     ihl       = 5
     tos       = 0xd8
     len       = 59
     id        = 26743
     flags     = 
     frag      = 0
     ttl       = 64
     proto     = icmp
     chksum    = 0xfa70
     src       = 10.0.2.2
     dst       = 10.0.1.1
     \options   \
###[ ICMP ]### 
        type      = dest-unreach
        code      = port-unreachable
        chksum    = 0x141c
        reserved  = 0
        length    = 0
        nexthopmtu= 0
        unused    = ''
###[ IP in ICMP ]### 
           version   = 4
           ihl       = 5
           tos       = 0xb9
           len       = 31
           id        = 1
           flags     = 
           frag      = 0
           ttl       = 62
           proto     = udp
           chksum    = 0x6512
           src       = 10.0.1.1
           dst       = 10.0.2.2
           \options   \
###[ UDP in ICMP ]### 
              sport     = 1234
              dport     = 4321
              len       = 11
              chksum    = 0x2dde
###[ Raw ]### 
                 load      = 'UDP'

got a packet
###[ Ethernet ]### 
  dst       = 08:00:00:00:02:02
  src       = 08:00:00:00:02:00
  type      = IPv4
###[ IP ]### 
     version   = 4
     ihl       = 5
     tos       = 0xb9
     len       = 31
     id        = 1
     flags     = 
     frag      = 0
     ttl       = 62
     proto     = udp
     chksum    = 0x6512
     src       = 10.0.1.1
     dst       = 10.0.2.2
     \options   \
###[ UDP ]### 
        sport     = 1234
        dport     = 4321
        len       = 11
        chksum    = 0x2dde
###[ Raw ]### 
           load      = 'UDP'

got a packet
###[ Ethernet ]### 
  dst       = 08:00:00:00:02:00
  src       = 08:00:00:00:02:02
  type      = IPv4
###[ IP ]### 
     version   = 4
     ihl       = 5
     tos       = 0xd8
     len       = 59
     id        = 26940
     flags     = 
     frag      = 0
     ttl       = 64
     proto     = icmp
     chksum    = 0xf9ab
     src       = 10.0.2.2
     dst       = 10.0.1.1
     \options   \
###[ ICMP ]### 
        type      = dest-unreach
        code      = port-unreachable
        chksum    = 0x141c
        reserved  = 0
        length    = 0
        nexthopmtu= 0
        unused    = ''
###[ IP in ICMP ]### 
           version   = 4
           ihl       = 5
           tos       = 0xb9
           len       = 31
           id        = 1
           flags     = 
           frag      = 0
           ttl       = 62
           proto     = udp
           chksum    = 0x6512
           src       = 10.0.1.1
           dst       = 10.0.2.2
           \options   \
###[ UDP in ICMP ]### 
              sport     = 1234
              dport     = 4321
              len       = 11
              chksum    = 0x2dde
###[ Raw ]### 
                 load      = 'UDP'

got a packet
###[ Ethernet ]### 
  dst       = 08:00:00:00:02:02
  src       = 08:00:00:00:02:00
  type      = IPv4
###[ IP ]### 
     version   = 4
     ihl       = 5
     tos       = 0xb9
     len       = 31
     id        = 1
     flags     = 
     frag      = 0
     ttl       = 62
     proto     = udp
     chksum    = 0x6512
     src       = 10.0.1.1
     dst       = 10.0.2.2
     \options   \
###[ UDP ]### 
        sport     = 1234
        dport     = 4321
        len       = 11
        chksum    = 0x2dde
###[ Raw ]### 
           load      = 'UDP'

got a packet
###[ Ethernet ]### 
  dst       = 08:00:00:00:02:00
  src       = 08:00:00:00:02:02
  type      = IPv4
###[ IP ]### 
     version   = 4
     ihl       = 5
     tos       = 0xd8
     len       = 59
     id        = 27081
     flags     = 
     frag      = 0
     ttl       = 64
     proto     = icmp
     chksum    = 0xf91e
     src       = 10.0.2.2
     dst       = 10.0.1.1
     \options   \
###[ ICMP ]### 
        type      = dest-unreach
        code      = port-unreachable
        chksum    = 0x141c
        reserved  = 0
        length    = 0
        nexthopmtu= 0
        unused    = ''
###[ IP in ICMP ]### 
           version   = 4
           ihl       = 5
           tos       = 0xb9
           len       = 31
           id        = 1
           flags     = 
           frag      = 0
           ttl       = 62
           proto     = udp
           chksum    = 0x6512
           src       = 10.0.1.1
           dst       = 10.0.2.2
           \options   \
###[ UDP in ICMP ]### 
              sport     = 1234
              dport     = 4321
              len       = 11
              chksum    = 0x2dde
###[ Raw ]### 
                 load      = 'UDP'

got a packet
###[ Ethernet ]### 
  dst       = 08:00:00:00:02:02
  src       = 08:00:00:00:02:00
  type      = IPv4
###[ IP ]### 
     version   = 4
     ihl       = 5
     tos       = 0xb9
     len       = 31
     id        = 1
     flags     = 
     frag      = 0
     ttl       = 62
     proto     = udp
     chksum    = 0x6512
     src       = 10.0.1.1
     dst       = 10.0.2.2
     \options   \
###[ UDP ]### 
        sport     = 1234
        dport     = 4321
        len       = 11
        chksum    = 0x2dde
###[ Raw ]### 
           load      = 'UDP'

got a packet
###[ Ethernet ]### 
  dst       = 08:00:00:00:02:00
  src       = 08:00:00:00:02:02
  type      = IPv4
###[ IP ]### 
     version   = 4
     ihl       = 5
     tos       = 0xd8
     len       = 59
     id        = 27271
     flags     = 
     frag      = 0
     ttl       = 64
     proto     = icmp
     chksum    = 0xf860
     src       = 10.0.2.2
     dst       = 10.0.1.1
     \options   \
###[ ICMP ]### 
        type      = dest-unreach
        code      = port-unreachable
        chksum    = 0x141c
        reserved  = 0
        length    = 0
        nexthopmtu= 0
        unused    = ''
###[ IP in ICMP ]### 
           version   = 4
           ihl       = 5
           tos       = 0xb9
           len       = 31
           id        = 1
           flags     = 
           frag      = 0
           ttl       = 62
           proto     = udp
           chksum    = 0x6512
           src       = 10.0.1.1
           dst       = 10.0.2.2
           \options   \
###[ UDP in ICMP ]### 
              sport     = 1234
              dport     = 4321
              len       = 11
              chksum    = 0x2dde
###[ Raw ]### 
                 load      = 'UDP'

got a packet
###[ Ethernet ]### 
  dst       = 08:00:00:00:02:02
  src       = 08:00:00:00:02:00
  type      = IPv4
###[ IP ]### 
     version   = 4
     ihl       = 5
     tos       = 0xb9
     len       = 31
     id        = 1
     flags     = 
     frag      = 0
     ttl       = 62
     proto     = udp
     chksum    = 0x6512
     src       = 10.0.1.1
     dst       = 10.0.2.2
     \options   \
###[ UDP ]### 
        sport     = 1234
        dport     = 4321
        len       = 11
        chksum    = 0x2dde
###[ Raw ]### 
           load      = 'UDP'

got a packet
###[ Ethernet ]### 
  dst       = 08:00:00:00:02:00
  src       = 08:00:00:00:02:02
  type      = IPv4
###[ IP ]### 
     version   = 4
     ihl       = 5
     tos       = 0xd8
     len       = 59
     id        = 27451
     flags     = 
     frag      = 0
     ttl       = 64
     proto     = icmp
     chksum    = 0xf7ac
     src       = 10.0.2.2
     dst       = 10.0.1.1
     \options   \
###[ ICMP ]### 
        type      = dest-unreach
        code      = port-unreachable
        chksum    = 0x141c
        reserved  = 0
        length    = 0
        nexthopmtu= 0
        unused    = ''
###[ IP in ICMP ]### 
           version   = 4
           ihl       = 5
           tos       = 0xb9
           len       = 31
           id        = 1
           flags     = 
           frag      = 0
           ttl       = 62
           proto     = udp
           chksum    = 0x6512
           src       = 10.0.1.1
           dst       = 10.0.2.2
           \options   \
###[ UDP in ICMP ]### 
              sport     = 1234
              dport     = 4321
              len       = 11
              chksum    = 0x2dde
###[ Raw ]### 
                 load      = 'UDP'

got a packet
###[ Ethernet ]### 
  dst       = 33:33:00:00:00:fb
  src       = 82:a3:e7:73:c6:43
  type      = IPv6
###[ IPv6 ]### 
     version   = 6
     tc        = 0
     fl        = 214894
     plen      = 126
     nh        = UDP
     hlim      = 255
     src       = fe80::80a3:e7ff:fe73:c643
     dst       = ff02::fb
###[ UDP ]### 
        sport     = mdns
        dport     = mdns
        len       = 126
        chksum    = 0x2c69
###[ DNS ]### 
           id        = 0
           qr        = 0
           opcode    = QUERY
           aa        = 0
           tc        = 0
           rd        = 0
           ra        = 0
           z         = 0
           ad        = 0
           cd        = 0
           rcode     = ok
           qdcount   = 7
           ancount   = 0
           nscount   = 0
           arcount   = 0
           \qd        \
            |###[ DNS Question Record ]### 
            |  qname     = '_nfs._tcp.local.'
            |  qtype     = PTR
            |  qclass    = IN
            |###[ DNS Question Record ]### 
            |  qname     = '_ftp._tcp.local.'
            |  qtype     = PTR
            |  qclass    = IN
            |###[ DNS Question Record ]### 
            |  qname     = '_webdav._tcp.local.'
            |  qtype     = PTR
            |  qclass    = IN
            |###[ DNS Question Record ]### 
            |  qname     = '_webdavs._tcp.local.'
            |  qtype     = PTR
            |  qclass    = IN
            |###[ DNS Question Record ]### 
            |  qname     = '_sftp-ssh._tcp.local.'
            |  qtype     = PTR
            |  qclass    = IN
            |###[ DNS Question Record ]### 
            |  qname     = '_smb._tcp.local.'
            |  qtype     = PTR
            |  qclass    = IN
            |###[ DNS Question Record ]### 
            |  qname     = '_afpovertcp._tcp.local.'
            |  qtype     = PTR
            |  qclass    = IN
           an        = None
           ns        = None
           ar        = None

got a packet
###[ Ethernet ]### 
  dst       = 08:00:00:00:02:02
  src       = 08:00:00:00:02:00
  type      = IPv4
###[ IP ]### 
     version   = 4
     ihl       = 5
     tos       = 0xb9
     len       = 31
     id        = 1
     flags     = 
     frag      = 0
     ttl       = 62
     proto     = udp
     chksum    = 0x6512
     src       = 10.0.1.1
     dst       = 10.0.2.2
     \options   \
###[ UDP ]### 
        sport     = 1234
        dport     = 4321
        len       = 11
        chksum    = 0x2dde
###[ Raw ]### 
           load      = 'UDP'

got a packet
###[ Ethernet ]### 
  dst       = 08:00:00:00:02:00
  src       = 08:00:00:00:02:02
  type      = IPv4
###[ IP ]### 
     version   = 4
     ihl       = 5
     tos       = 0xd8
     len       = 59
     id        = 27494
     flags     = 
     frag      = 0
     ttl       = 64
     proto     = icmp
     chksum    = 0xf781
     src       = 10.0.2.2
     dst       = 10.0.1.1
     \options   \
###[ ICMP ]### 
        type      = dest-unreach
        code      = port-unreachable
        chksum    = 0x141c
        reserved  = 0
        length    = 0
        nexthopmtu= 0
        unused    = ''
###[ IP in ICMP ]### 
           version   = 4
           ihl       = 5
           tos       = 0xb9
           len       = 31
           id        = 1
           flags     = 
           frag      = 0
           ttl       = 62
           proto     = udp
           chksum    = 0x6512
           src       = 10.0.1.1
           dst       = 10.0.2.2
           \options   \
###[ UDP in ICMP ]### 
              sport     = 1234
              dport     = 4321
              len       = 11
              chksum    = 0x2dde
###[ Raw ]### 
                 load      = 'UDP'

got a packet
###[ Ethernet ]### 
  dst       = 08:00:00:00:02:02
  src       = 08:00:00:00:02:00
  type      = IPv4
###[ IP ]### 
     version   = 4
     ihl       = 5
     tos       = 0xb9
     len       = 31
     id        = 1
     flags     = 
     frag      = 0
     ttl       = 62
     proto     = udp
     chksum    = 0x6512
     src       = 10.0.1.1
     dst       = 10.0.2.2
     \options   \
###[ UDP ]### 
        sport     = 1234
        dport     = 4321
        len       = 11
        chksum    = 0x2dde
###[ Raw ]### 
           load      = 'UDP'

got a packet
###[ Ethernet ]### 
  dst       = 08:00:00:00:02:00
  src       = 08:00:00:00:02:02
  type      = IPv4
###[ IP ]### 
     version   = 4
     ihl       = 5
     tos       = 0xd8
     len       = 59
     id        = 27607
     flags     = 
     frag      = 0
     ttl       = 64
     proto     = icmp
     chksum    = 0xf710
     src       = 10.0.2.2
     dst       = 10.0.1.1
     \options   \
###[ ICMP ]### 
        type      = dest-unreach
        code      = port-unreachable
        chksum    = 0x141c
        reserved  = 0
        length    = 0
        nexthopmtu= 0
        unused    = ''
###[ IP in ICMP ]### 
           version   = 4
           ihl       = 5
           tos       = 0xb9
           len       = 31
           id        = 1
           flags     = 
           frag      = 0
           ttl       = 62
           proto     = udp
           chksum    = 0x6512
           src       = 10.0.1.1
           dst       = 10.0.2.2
           \options   \
###[ UDP in ICMP ]### 
              sport     = 1234
              dport     = 4321
              len       = 11
              chksum    = 0x2dde
###[ Raw ]### 
                 load      = 'UDP'

got a packet
###[ Ethernet ]### 
  dst       = 33:33:00:00:00:02
  src       = 82:a3:e7:73:c6:43
  type      = IPv6
###[ IPv6 ]### 
     version   = 6
     tc        = 0
     fl        = 0
     plen      = 16
     nh        = ICMPv6
     hlim      = 255
     src       = fe80::80a3:e7ff:fe73:c643
     dst       = ff02::2
###[ ICMPv6 Neighbor Discovery - Router Solicitation ]### 
        type      = Router Solicitation
        code      = 0
        cksum     = 0x1e78
        res       = 0
###[ ICMPv6 Neighbor Discovery Option - Source Link-Layer Address ]### 
           type      = 1
           len       = 1
           lladdr    = 82:a3:e7:73:c6:43

got a packet
###[ Ethernet ]### 
  dst       = 08:00:00:00:02:02
  src       = 08:00:00:00:02:00
  type      = IPv4
###[ IP ]### 
     version   = 4
     ihl       = 5
     tos       = 0xb9
     len       = 31
     id        = 1
     flags     = 
     frag      = 0
     ttl       = 62
     proto     = udp
     chksum    = 0x6512
     src       = 10.0.1.1
     dst       = 10.0.2.2
     \options   \
###[ UDP ]### 
        sport     = 1234
        dport     = 4321
        len       = 11
        chksum    = 0x2dde
###[ Raw ]### 
           load      = 'UDP'

got a packet
###[ Ethernet ]### 
  dst       = 08:00:00:00:02:00
  src       = 08:00:00:00:02:02
  type      = IPv4
###[ IP ]### 
     version   = 4
     ihl       = 5
     tos       = 0xd8
     len       = 59
     id        = 27629
     flags     = 
     frag      = 0
     ttl       = 64
     proto     = icmp
     chksum    = 0xf6fa
     src       = 10.0.2.2
     dst       = 10.0.1.1
     \options   \
###[ ICMP ]### 
        type      = dest-unreach
        code      = port-unreachable
        chksum    = 0x141c
        reserved  = 0
        length    = 0
        nexthopmtu= 0
        unused    = ''
###[ IP in ICMP ]### 
           version   = 4
           ihl       = 5
           tos       = 0xb9
           len       = 31
           id        = 1
           flags     = 
           frag      = 0
           ttl       = 62
           proto     = udp
           chksum    = 0x6512
           src       = 10.0.1.1
           dst       = 10.0.2.2
           \options   \
###[ UDP in ICMP ]### 
              sport     = 1234
              dport     = 4321
              len       = 11
              chksum    = 0x2dde
###[ Raw ]### 
                 load      = 'UDP'

got a packet
###[ Ethernet ]### 
  dst       = 08:00:00:00:02:02
  src       = 08:00:00:00:02:00
  type      = IPv4
###[ IP ]### 
     version   = 4
     ihl       = 5
     tos       = 0xb9
     len       = 31
     id        = 1
     flags     = 
     frag      = 0
     ttl       = 62
     proto     = udp
     chksum    = 0x6512
     src       = 10.0.1.1
     dst       = 10.0.2.2
     \options   \
###[ UDP ]### 
        sport     = 1234
        dport     = 4321
        len       = 11
        chksum    = 0x2dde
###[ Raw ]### 
           load      = 'UDP'

got a packet
###[ Ethernet ]### 
  dst       = 08:00:00:00:02:00
  src       = 08:00:00:00:02:02
  type      = IPv4
###[ IP ]### 
     version   = 4
     ihl       = 5
     tos       = 0xd8
     len       = 59
     id        = 27735
     flags     = 
     frag      = 0
     ttl       = 64
     proto     = icmp
     chksum    = 0xf690
     src       = 10.0.2.2
     dst       = 10.0.1.1
     \options   \
###[ ICMP ]### 
        type      = dest-unreach
        code      = port-unreachable
        chksum    = 0x141c
        reserved  = 0
        length    = 0
        nexthopmtu= 0
        unused    = ''
###[ IP in ICMP ]### 
           version   = 4
           ihl       = 5
           tos       = 0xb9
           len       = 31
           id        = 1
           flags     = 
           frag      = 0
           ttl       = 62
           proto     = udp
           chksum    = 0x6512
           src       = 10.0.1.1
           dst       = 10.0.2.2
           \options   \
###[ UDP in ICMP ]### 
              sport     = 1234
              dport     = 4321
              len       = 11
              chksum    = 0x2dde
###[ Raw ]### 
                 load      = 'UDP'

got a packet
###[ Ethernet ]### 
  dst       = 08:00:00:00:02:02
  src       = 08:00:00:00:02:00
  type      = IPv4
###[ IP ]### 
     version   = 4
     ihl       = 5
     tos       = 0xb9
     len       = 31
     id        = 1
     flags     = 
     frag      = 0
     ttl       = 62
     proto     = udp
     chksum    = 0x6512
     src       = 10.0.1.1
     dst       = 10.0.2.2
     \options   \
###[ UDP ]### 
        sport     = 1234
        dport     = 4321
        len       = 11
        chksum    = 0x2dde
###[ Raw ]### 
           load      = 'UDP'

got a packet
###[ Ethernet ]### 
  dst       = 08:00:00:00:02:00
  src       = 08:00:00:00:02:02
  type      = IPv4
###[ IP ]### 
     version   = 4
     ihl       = 5
     tos       = 0xd8
     len       = 59
     id        = 27862
     flags     = 
     frag      = 0
     ttl       = 64
     proto     = icmp
     chksum    = 0xf611
     src       = 10.0.2.2
     dst       = 10.0.1.1
     \options   \
###[ ICMP ]### 
        type      = dest-unreach
        code      = port-unreachable
        chksum    = 0x141c
        reserved  = 0
        length    = 0
        nexthopmtu= 0
        unused    = ''
###[ IP in ICMP ]### 
           version   = 4
           ihl       = 5
           tos       = 0xb9
           len       = 31
           id        = 1
           flags     = 
           frag      = 0
           ttl       = 62
           proto     = udp
           chksum    = 0x6512
           src       = 10.0.1.1
           dst       = 10.0.2.2
           \options   \
###[ UDP in ICMP ]### 
              sport     = 1234
              dport     = 4321
              len       = 11
              chksum    = 0x2dde
###[ Raw ]### 
                 load      = 'UDP'

got a packet
###[ Ethernet ]### 
  dst       = 08:00:00:00:02:02
  src       = 08:00:00:00:02:00
  type      = IPv4
###[ IP ]### 
     version   = 4
     ihl       = 5
     tos       = 0xb9
     len       = 31
     id        = 1
     flags     = 
     frag      = 0
     ttl       = 62
     proto     = udp
     chksum    = 0x6512
     src       = 10.0.1.1
     dst       = 10.0.2.2
     \options   \
###[ UDP ]### 
        sport     = 1234
        dport     = 4321
        len       = 11
        chksum    = 0x2dde
###[ Raw ]### 
           load      = 'UDP'

got a packet
###[ Ethernet ]### 
  dst       = 08:00:00:00:02:00
  src       = 08:00:00:00:02:02
  type      = IPv4
###[ IP ]### 
     version   = 4
     ihl       = 5
     tos       = 0xd8
     len       = 59
     id        = 27883
     flags     = 
     frag      = 0
     ttl       = 64
     proto     = icmp
     chksum    = 0xf5fc
     src       = 10.0.2.2
     dst       = 10.0.1.1
     \options   \
###[ ICMP ]### 
        type      = dest-unreach
        code      = port-unreachable
        chksum    = 0x141c
        reserved  = 0
        length    = 0
        nexthopmtu= 0
        unused    = ''
###[ IP in ICMP ]### 
           version   = 4
           ihl       = 5
           tos       = 0xb9
           len       = 31
           id        = 1
           flags     = 
           frag      = 0
           ttl       = 62
           proto     = udp
           chksum    = 0x6512
           src       = 10.0.1.1
           dst       = 10.0.2.2
           \options   \
###[ UDP in ICMP ]### 
              sport     = 1234
              dport     = 4321
              len       = 11
              chksum    = 0x2dde
###[ Raw ]### 
                 load      = 'UDP'

got a packet
###[ Ethernet ]### 
  dst       = 08:00:00:00:02:02
  src       = 08:00:00:00:02:00
  type      = IPv4
###[ IP ]### 
     version   = 4
     ihl       = 5
     tos       = 0xb9
     len       = 31
     id        = 1
     flags     = 
     frag      = 0
     ttl       = 62
     proto     = udp
     chksum    = 0x6512
     src       = 10.0.1.1
     dst       = 10.0.2.2
     \options   \
###[ UDP ]### 
        sport     = 1234
        dport     = 4321
        len       = 11
        chksum    = 0x2dde
###[ Raw ]### 
           load      = 'UDP'

got a packet
###[ Ethernet ]### 
  dst       = 08:00:00:00:02:00
  src       = 08:00:00:00:02:02
  type      = IPv4
###[ IP ]### 
     version   = 4
     ihl       = 5
     tos       = 0xd8
     len       = 59
     id        = 27934
     flags     = 
     frag      = 0
     ttl       = 64
     proto     = icmp
     chksum    = 0xf5c9
     src       = 10.0.2.2
     dst       = 10.0.1.1
     \options   \
###[ ICMP ]### 
        type      = dest-unreach
        code      = port-unreachable
        chksum    = 0x141c
        reserved  = 0
        length    = 0
        nexthopmtu= 0
        unused    = ''
###[ IP in ICMP ]### 
           version   = 4
           ihl       = 5
           tos       = 0xb9
           len       = 31
           id        = 1
           flags     = 
           frag      = 0
           ttl       = 62
           proto     = udp
           chksum    = 0x6512
           src       = 10.0.1.1
           dst       = 10.0.2.2
           \options   \
###[ UDP in ICMP ]### 
              sport     = 1234
              dport     = 4321
              len       = 11
              chksum    = 0x2dde
###[ Raw ]### 
                 load      = 'UDP'

got a packet
###[ Ethernet ]### 
  dst       = 08:00:00:00:02:02
  src       = 08:00:00:00:02:00
  type      = IPv4
###[ IP ]### 
     version   = 4
     ihl       = 5
     tos       = 0xb9
     len       = 31
     id        = 1
     flags     = 
     frag      = 0
     ttl       = 62
     proto     = udp
     chksum    = 0x6512
     src       = 10.0.1.1
     dst       = 10.0.2.2
     \options   \
###[ UDP ]### 
        sport     = 1234
        dport     = 4321
        len       = 11
        chksum    = 0x2dde
###[ Raw ]### 
           load      = 'UDP'

got a packet
###[ Ethernet ]### 
  dst       = 08:00:00:00:02:00
  src       = 08:00:00:00:02:02
  type      = IPv4
###[ IP ]### 
     version   = 4
     ihl       = 5
     tos       = 0xd8
     len       = 59
     id        = 28111
     flags     = 
     frag      = 0
     ttl       = 64
     proto     = icmp
     chksum    = 0xf518
     src       = 10.0.2.2
     dst       = 10.0.1.1
     \options   \
###[ ICMP ]### 
        type      = dest-unreach
        code      = port-unreachable
        chksum    = 0x141c
        reserved  = 0
        length    = 0
        nexthopmtu= 0
        unused    = ''
###[ IP in ICMP ]### 
           version   = 4
           ihl       = 5
           tos       = 0xb9
           len       = 31
           id        = 1
           flags     = 
           frag      = 0
           ttl       = 62
           proto     = udp
           chksum    = 0x6512
           src       = 10.0.1.1
           dst       = 10.0.2.2
           \options   \
###[ UDP in ICMP ]### 
              sport     = 1234
              dport     = 4321
              len       = 11
              chksum    = 0x2dde
###[ Raw ]### 
                 load      = 'UDP'

got a packet
###[ Ethernet ]### 
  dst       = 08:00:00:00:02:02
  src       = 08:00:00:00:02:00
  type      = IPv4
###[ IP ]### 
     version   = 4
     ihl       = 5
     tos       = 0xb1
     len       = 43
     id        = 1
     flags     = 
     frag      = 0
     ttl       = 62
     proto     = tcp
     chksum    = 0x6519
     src       = 10.0.1.1
     dst       = 10.0.2.2
     \options   \
###[ TCP ]### 
        sport     = ftp_data
        dport     = http
        seq       = 0
        ack       = 0
        dataofs   = 5
        reserved  = 0
        flags     = S
        window    = 8192
        chksum    = 0xd435
        urgptr    = 0
        options   = []
###[ Raw ]### 
           load      = 'TCP'

got a packet
###[ Ethernet ]### 
  dst       = 08:00:00:00:02:00
  src       = 08:00:00:00:02:02
  type      = IPv4
###[ IP ]### 
     version   = 4
     ihl       = 5
     tos       = 0xb0
     len       = 40
     id        = 0
     flags     = DF
     frag      = 0
     ttl       = 64
     proto     = tcp
     chksum    = 0x231e
     src       = 10.0.2.2
     dst       = 10.0.1.1
     \options   \
###[ TCP ]### 
        sport     = http
        dport     = ftp_data
        seq       = 0
        ack       = 4
        dataofs   = 5
        reserved  = 0
        flags     = RA
        window    = 0
        chksum    = 0x9866
        urgptr    = 0
        options   = ''

got a packet
###[ Ethernet ]### 
  dst       = 08:00:00:00:02:02
  src       = 08:00:00:00:02:00
  type      = IPv4
###[ IP ]### 
     version   = 4
     ihl       = 5
     tos       = 0xb1
     len       = 43
     id        = 1
     flags     = 
     frag      = 0
     ttl       = 62
     proto     = tcp
     chksum    = 0x6519
     src       = 10.0.1.1
     dst       = 10.0.2.2
     \options   \
###[ TCP ]### 
        sport     = ftp_data
        dport     = http
        seq       = 0
        ack       = 0
        dataofs   = 5
        reserved  = 0
        flags     = S
        window    = 8192
        chksum    = 0xd435
        urgptr    = 0
        options   = []
###[ Raw ]### 
           load      = 'TCP'

got a packet
###[ Ethernet ]### 
  dst       = 08:00:00:00:02:00
  src       = 08:00:00:00:02:02
  type      = IPv4
###[ IP ]### 
     version   = 4
     ihl       = 5
     tos       = 0xb0
     len       = 40
     id        = 0
     flags     = DF
     frag      = 0
     ttl       = 64
     proto     = tcp
     chksum    = 0x231e
     src       = 10.0.2.2
     dst       = 10.0.1.1
     \options   \
###[ TCP ]### 
        sport     = http
        dport     = ftp_data
        seq       = 0
        ack       = 4
        dataofs   = 5
        reserved  = 0
        flags     = RA
        window    = 0
        chksum    = 0x9866
        urgptr    = 0
        options   = ''

got a packet
###[ Ethernet ]### 
  dst       = 08:00:00:00:02:02
  src       = 08:00:00:00:02:00
  type      = IPv4
###[ IP ]### 
     version   = 4
     ihl       = 5
     tos       = 0xb1
     len       = 43
     id        = 1
     flags     = 
     frag      = 0
     ttl       = 62
     proto     = tcp
     chksum    = 0x6519
     src       = 10.0.1.1
     dst       = 10.0.2.2
     \options   \
###[ TCP ]### 
        sport     = ftp_data
        dport     = http
        seq       = 0
        ack       = 0
        dataofs   = 5
        reserved  = 0
        flags     = S
        window    = 8192
        chksum    = 0xd435
        urgptr    = 0
        options   = []
###[ Raw ]### 
           load      = 'TCP'

got a packet
###[ Ethernet ]### 
  dst       = 08:00:00:00:02:00
  src       = 08:00:00:00:02:02
  type      = IPv4
###[ IP ]### 
     version   = 4
     ihl       = 5
     tos       = 0xb0
     len       = 40
     id        = 0
     flags     = DF
     frag      = 0
     ttl       = 64
     proto     = tcp
     chksum    = 0x231e
     src       = 10.0.2.2
     dst       = 10.0.1.1
     \options   \
###[ TCP ]### 
        sport     = http
        dport     = ftp_data
        seq       = 0
        ack       = 4
        dataofs   = 5
        reserved  = 0
        flags     = RA
        window    = 0
        chksum    = 0x9866
        urgptr    = 0
        options   = ''

got a packet
###[ Ethernet ]### 
  dst       = 08:00:00:00:02:02
  src       = 08:00:00:00:02:00
  type      = IPv4
###[ IP ]### 
     version   = 4
     ihl       = 5
     tos       = 0xb1
     len       = 43
     id        = 1
     flags     = 
     frag      = 0
     ttl       = 62
     proto     = tcp
     chksum    = 0x6519
     src       = 10.0.1.1
     dst       = 10.0.2.2
     \options   \
###[ TCP ]### 
        sport     = ftp_data
        dport     = http
        seq       = 0
        ack       = 0
        dataofs   = 5
        reserved  = 0
        flags     = S
        window    = 8192
        chksum    = 0xd435
        urgptr    = 0
        options   = []
###[ Raw ]### 
           load      = 'TCP'

got a packet
###[ Ethernet ]### 
  dst       = 08:00:00:00:02:00
  src       = 08:00:00:00:02:02
  type      = IPv4
###[ IP ]### 
     version   = 4
     ihl       = 5
     tos       = 0xb0
     len       = 40
     id        = 0
     flags     = DF
     frag      = 0
     ttl       = 64
     proto     = tcp
     chksum    = 0x231e
     src       = 10.0.2.2
     dst       = 10.0.1.1
     \options   \
###[ TCP ]### 
        sport     = http
        dport     = ftp_data
        seq       = 0
        ack       = 4
        dataofs   = 5
        reserved  = 0
        flags     = RA
        window    = 0
        chksum    = 0x9866
        urgptr    = 0
        options   = ''

got a packet
###[ Ethernet ]### 
  dst       = 08:00:00:00:02:02
  src       = 08:00:00:00:02:00
  type      = IPv4
###[ IP ]### 
     version   = 4
     ihl       = 5
     tos       = 0xb1
     len       = 43
     id        = 1
     flags     = 
     frag      = 0
     ttl       = 62
     proto     = tcp
     chksum    = 0x6519
     src       = 10.0.1.1
     dst       = 10.0.2.2
     \options   \
###[ TCP ]### 
        sport     = ftp_data
        dport     = http
        seq       = 0
        ack       = 0
        dataofs   = 5
        reserved  = 0
        flags     = S
        window    = 8192
        chksum    = 0xd435
        urgptr    = 0
        options   = []
###[ Raw ]### 
           load      = 'TCP'

got a packet
###[ Ethernet ]### 
  dst       = 08:00:00:00:02:00
  src       = 08:00:00:00:02:02
  type      = IPv4
###[ IP ]### 
     version   = 4
     ihl       = 5
     tos       = 0xb0
     len       = 40
     id        = 0
     flags     = DF
     frag      = 0
     ttl       = 64
     proto     = tcp
     chksum    = 0x231e
     src       = 10.0.2.2
     dst       = 10.0.1.1
     \options   \
###[ TCP ]### 
        sport     = http
        dport     = ftp_data
        seq       = 0
        ack       = 4
        dataofs   = 5
        reserved  = 0
        flags     = RA
        window    = 0
        chksum    = 0x9866
        urgptr    = 0
        options   = ''

got a packet
###[ Ethernet ]### 
  dst       = 08:00:00:00:02:02
  src       = 08:00:00:00:02:00
  type      = IPv4
###[ IP ]### 
     version   = 4
     ihl       = 5
     tos       = 0xb1
     len       = 43
     id        = 1
     flags     = 
     frag      = 0
     ttl       = 62
     proto     = tcp
     chksum    = 0x6519
     src       = 10.0.1.1
     dst       = 10.0.2.2
     \options   \
###[ TCP ]### 
        sport     = ftp_data
        dport     = http
        seq       = 0
        ack       = 0
        dataofs   = 5
        reserved  = 0
        flags     = S
        window    = 8192
        chksum    = 0xd435
        urgptr    = 0
        options   = []
###[ Raw ]### 
           load      = 'TCP'

got a packet
###[ Ethernet ]### 
  dst       = 08:00:00:00:02:00
  src       = 08:00:00:00:02:02
  type      = IPv4
###[ IP ]### 
     version   = 4
     ihl       = 5
     tos       = 0xb0
     len       = 40
     id        = 0
     flags     = DF
     frag      = 0
     ttl       = 64
     proto     = tcp
     chksum    = 0x231e
     src       = 10.0.2.2
     dst       = 10.0.1.1
     \options   \
###[ TCP ]### 
        sport     = http
        dport     = ftp_data
        seq       = 0
        ack       = 4
        dataofs   = 5
        reserved  = 0
        flags     = RA
        window    = 0
        chksum    = 0x9866
        urgptr    = 0
        options   = ''

got a packet
###[ Ethernet ]### 
  dst       = 08:00:00:00:02:02
  src       = 08:00:00:00:02:00
  type      = IPv4
###[ IP ]### 
     version   = 4
     ihl       = 5
     tos       = 0xb1
     len       = 43
     id        = 1
     flags     = 
     frag      = 0
     ttl       = 62
     proto     = tcp
     chksum    = 0x6519
     src       = 10.0.1.1
     dst       = 10.0.2.2
     \options   \
###[ TCP ]### 
        sport     = ftp_data
        dport     = http
        seq       = 0
        ack       = 0
        dataofs   = 5
        reserved  = 0
        flags     = S
        window    = 8192
        chksum    = 0xd435
        urgptr    = 0
        options   = []
###[ Raw ]### 
           load      = 'TCP'

got a packet
###[ Ethernet ]### 
  dst       = 08:00:00:00:02:00
  src       = 08:00:00:00:02:02
  type      = IPv4
###[ IP ]### 
     version   = 4
     ihl       = 5
     tos       = 0xb0
     len       = 40
     id        = 0
     flags     = DF
     frag      = 0
     ttl       = 64
     proto     = tcp
     chksum    = 0x231e
     src       = 10.0.2.2
     dst       = 10.0.1.1
     \options   \
###[ TCP ]### 
        sport     = http
        dport     = ftp_data
        seq       = 0
        ack       = 4
        dataofs   = 5
        reserved  = 0
        flags     = RA
        window    = 0
        chksum    = 0x9866
        urgptr    = 0
        options   = ''

got a packet
###[ Ethernet ]### 
  dst       = 08:00:00:00:02:02
  src       = 08:00:00:00:02:00
  type      = IPv4
###[ IP ]### 
     version   = 4
     ihl       = 5
     tos       = 0xb1
     len       = 43
     id        = 1
     flags     = 
     frag      = 0
     ttl       = 62
     proto     = tcp
     chksum    = 0x6519
     src       = 10.0.1.1
     dst       = 10.0.2.2
     \options   \
###[ TCP ]### 
        sport     = ftp_data
        dport     = http
        seq       = 0
        ack       = 0
        dataofs   = 5
        reserved  = 0
        flags     = S
        window    = 8192
        chksum    = 0xd435
        urgptr    = 0
        options   = []
###[ Raw ]### 
           load      = 'TCP'

got a packet
###[ Ethernet ]### 
  dst       = 08:00:00:00:02:00
  src       = 08:00:00:00:02:02
  type      = IPv4
###[ IP ]### 
     version   = 4
     ihl       = 5
     tos       = 0xb0
     len       = 40
     id        = 0
     flags     = DF
     frag      = 0
     ttl       = 64
     proto     = tcp
     chksum    = 0x231e
     src       = 10.0.2.2
     dst       = 10.0.1.1
     \options   \
###[ TCP ]### 
        sport     = http
        dport     = ftp_data
        seq       = 0
        ack       = 4
        dataofs   = 5
        reserved  = 0
        flags     = RA
        window    = 0
        chksum    = 0x9866
        urgptr    = 0
        options   = ''

got a packet
###[ Ethernet ]### 
  dst       = 08:00:00:00:02:02
  src       = 08:00:00:00:02:00
  type      = IPv4
###[ IP ]### 
     version   = 4
     ihl       = 5
     tos       = 0xb1
     len       = 43
     id        = 1
     flags     = 
     frag      = 0
     ttl       = 62
     proto     = tcp
     chksum    = 0x6519
     src       = 10.0.1.1
     dst       = 10.0.2.2
     \options   \
###[ TCP ]### 
        sport     = ftp_data
        dport     = http
        seq       = 0
        ack       = 0
        dataofs   = 5
        reserved  = 0
        flags     = S
        window    = 8192
        chksum    = 0xd435
        urgptr    = 0
        options   = []
###[ Raw ]### 
           load      = 'TCP'

got a packet
###[ Ethernet ]### 
  dst       = 08:00:00:00:02:00
  src       = 08:00:00:00:02:02
  type      = IPv4
###[ IP ]### 
     version   = 4
     ihl       = 5
     tos       = 0xb0
     len       = 40
     id        = 0
     flags     = DF
     frag      = 0
     ttl       = 64
     proto     = tcp
     chksum    = 0x231e
     src       = 10.0.2.2
     dst       = 10.0.1.1
     \options   \
###[ TCP ]### 
        sport     = http
        dport     = ftp_data
        seq       = 0
        ack       = 4
        dataofs   = 5
        reserved  = 0
        flags     = RA
        window    = 0
        chksum    = 0x9866
        urgptr    = 0
        options   = ''

got a packet
###[ Ethernet ]### 
  dst       = 08:00:00:00:02:02
  src       = 08:00:00:00:02:00
  type      = IPv4
###[ IP ]### 
     version   = 4
     ihl       = 5
     tos       = 0xb1
     len       = 43
     id        = 1
     flags     = 
     frag      = 0
     ttl       = 62
     proto     = tcp
     chksum    = 0x6519
     src       = 10.0.1.1
     dst       = 10.0.2.2
     \options   \
###[ TCP ]### 
        sport     = ftp_data
        dport     = http
        seq       = 0
        ack       = 0
        dataofs   = 5
        reserved  = 0
        flags     = S
        window    = 8192
        chksum    = 0xd435
        urgptr    = 0
        options   = []
###[ Raw ]### 
           load      = 'TCP'

got a packet
###[ Ethernet ]### 
  dst       = 08:00:00:00:02:00
  src       = 08:00:00:00:02:02
  type      = IPv4
###[ IP ]### 
     version   = 4
     ihl       = 5
     tos       = 0xb0
     len       = 40
     id        = 0
     flags     = DF
     frag      = 0
     ttl       = 64
     proto     = tcp
     chksum    = 0x231e
     src       = 10.0.2.2
     dst       = 10.0.1.1
     \options   \
###[ TCP ]### 
        sport     = http
        dport     = ftp_data
        seq       = 0
        ack       = 4
        dataofs   = 5
        reserved  = 0
        flags     = RA
        window    = 0
        chksum    = 0x9866
        urgptr    = 0
        options   = ''

got a packet
###[ Ethernet ]### 
  dst       = 08:00:00:00:02:02
  src       = 08:00:00:00:02:00
  type      = IPv4
###[ IP ]### 
     version   = 4
     ihl       = 5
     tos       = 0xb1
     len       = 43
     id        = 1
     flags     = 
     frag      = 0
     ttl       = 62
     proto     = tcp
     chksum    = 0x6519
     src       = 10.0.1.1
     dst       = 10.0.2.2
     \options   \
###[ TCP ]### 
        sport     = ftp_data
        dport     = http
        seq       = 0
        ack       = 0
        dataofs   = 5
        reserved  = 0
        flags     = S
        window    = 8192
        chksum    = 0xd435
        urgptr    = 0
        options   = []
###[ Raw ]### 
           load      = 'TCP'

got a packet
###[ Ethernet ]### 
  dst       = 08:00:00:00:02:00
  src       = 08:00:00:00:02:02
  type      = IPv4
###[ IP ]### 
     version   = 4
     ihl       = 5
     tos       = 0xb0
     len       = 40
     id        = 0
     flags     = DF
     frag      = 0
     ttl       = 64
     proto     = tcp
     chksum    = 0x231e
     src       = 10.0.2.2
     dst       = 10.0.1.1
     \options   \
###[ TCP ]### 
        sport     = http
        dport     = ftp_data
        seq       = 0
        ack       = 4
        dataofs   = 5
        reserved  = 0
        flags     = RA
        window    = 0
        chksum    = 0x9866
        urgptr    = 0
        options   = ''

got a packet
###[ Ethernet ]### 
  dst       = 08:00:00:00:02:02
  src       = 08:00:00:00:02:00
  type      = IPv4
###[ IP ]### 
     version   = 4
     ihl       = 5
     tos       = 0xb1
     len       = 43
     id        = 1
     flags     = 
     frag      = 0
     ttl       = 62
     proto     = tcp
     chksum    = 0x6519
     src       = 10.0.1.1
     dst       = 10.0.2.2
     \options   \
###[ TCP ]### 
        sport     = ftp_data
        dport     = http
        seq       = 0
        ack       = 0
        dataofs   = 5
        reserved  = 0
        flags     = S
        window    = 8192
        chksum    = 0xd435
        urgptr    = 0
        options   = []
###[ Raw ]### 
           load      = 'TCP'

got a packet
###[ Ethernet ]### 
  dst       = 08:00:00:00:02:00
  src       = 08:00:00:00:02:02
  type      = IPv4
###[ IP ]### 
     version   = 4
     ihl       = 5
     tos       = 0xb0
     len       = 40
     id        = 0
     flags     = DF
     frag      = 0
     ttl       = 64
     proto     = tcp
     chksum    = 0x231e
     src       = 10.0.2.2
     dst       = 10.0.1.1
     \options   \
###[ TCP ]### 
        sport     = http
        dport     = ftp_data
        seq       = 0
        ack       = 4
        dataofs   = 5
        reserved  = 0
        flags     = RA
        window    = 0
        chksum    = 0x9866
        urgptr    = 0
        options   = ''

got a packet
###[ Ethernet ]### 
  dst       = 08:00:00:00:02:02
  src       = 08:00:00:00:02:00
  type      = IPv4
###[ IP ]### 
     version   = 4
     ihl       = 5
     tos       = 0xb1
     len       = 43
     id        = 1
     flags     = 
     frag      = 0
     ttl       = 62
     proto     = tcp
     chksum    = 0x6519
     src       = 10.0.1.1
     dst       = 10.0.2.2
     \options   \
###[ TCP ]### 
        sport     = ftp_data
        dport     = http
        seq       = 0
        ack       = 0
        dataofs   = 5
        reserved  = 0
        flags     = S
        window    = 8192
        chksum    = 0xd435
        urgptr    = 0
        options   = []
###[ Raw ]### 
           load      = 'TCP'

got a packet
###[ Ethernet ]### 
  dst       = 08:00:00:00:02:00
  src       = 08:00:00:00:02:02
  type      = IPv4
###[ IP ]### 
     version   = 4
     ihl       = 5
     tos       = 0xb0
     len       = 40
     id        = 0
     flags     = DF
     frag      = 0
     ttl       = 64
     proto     = tcp
     chksum    = 0x231e
     src       = 10.0.2.2
     dst       = 10.0.1.1
     \options   \
###[ TCP ]### 
        sport     = http
        dport     = ftp_data
        seq       = 0
        ack       = 4
        dataofs   = 5
        reserved  = 0
        flags     = RA
        window    = 0
        chksum    = 0x9866
        urgptr    = 0
        options   = ''

got a packet
###[ Ethernet ]### 
  dst       = 08:00:00:00:02:02
  src       = 08:00:00:00:02:00
  type      = IPv4
###[ IP ]### 
     version   = 4
     ihl       = 5
     tos       = 0xb1
     len       = 43
     id        = 1
     flags     = 
     frag      = 0
     ttl       = 62
     proto     = tcp
     chksum    = 0x6519
     src       = 10.0.1.1
     dst       = 10.0.2.2
     \options   \
###[ TCP ]### 
        sport     = ftp_data
        dport     = http
        seq       = 0
        ack       = 0
        dataofs   = 5
        reserved  = 0
        flags     = S
        window    = 8192
        chksum    = 0xd435
        urgptr    = 0
        options   = []
###[ Raw ]### 
           load      = 'TCP'

got a packet
###[ Ethernet ]### 
  dst       = 08:00:00:00:02:00
  src       = 08:00:00:00:02:02
  type      = IPv4
###[ IP ]### 
     version   = 4
     ihl       = 5
     tos       = 0xb0
     len       = 40
     id        = 0
     flags     = DF
     frag      = 0
     ttl       = 64
     proto     = tcp
     chksum    = 0x231e
     src       = 10.0.2.2
     dst       = 10.0.1.1
     \options   \
###[ TCP ]### 
        sport     = http
        dport     = ftp_data
        seq       = 0
        ack       = 4
        dataofs   = 5
        reserved  = 0
        flags     = RA
        window    = 0
        chksum    = 0x9866
        urgptr    = 0
        options   = ''

got a packet
###[ Ethernet ]### 
  dst       = 08:00:00:00:02:02
  src       = 08:00:00:00:02:00
  type      = IPv4
###[ IP ]### 
     version   = 4
     ihl       = 5
     tos       = 0xb1
     len       = 43
     id        = 1
     flags     = 
     frag      = 0
     ttl       = 62
     proto     = tcp
     chksum    = 0x6519
     src       = 10.0.1.1
     dst       = 10.0.2.2
     \options   \
###[ TCP ]### 
        sport     = ftp_data
        dport     = http
        seq       = 0
        ack       = 0
        dataofs   = 5
        reserved  = 0
        flags     = S
        window    = 8192
        chksum    = 0xd435
        urgptr    = 0
        options   = []
###[ Raw ]### 
           load      = 'TCP'

got a packet
###[ Ethernet ]### 
  dst       = 08:00:00:00:02:00
  src       = 08:00:00:00:02:02
  type      = IPv4
###[ IP ]### 
     version   = 4
     ihl       = 5
     tos       = 0xb0
     len       = 40
     id        = 0
     flags     = DF
     frag      = 0
     ttl       = 64
     proto     = tcp
     chksum    = 0x231e
     src       = 10.0.2.2
     dst       = 10.0.1.1
     \options   \
###[ TCP ]### 
        sport     = http
        dport     = ftp_data
        seq       = 0
        ack       = 4
        dataofs   = 5
        reserved  = 0
        flags     = RA
        window    = 0
        chksum    = 0x9866
        urgptr    = 0
        options   = ''

got a packet
###[ Ethernet ]### 
  dst       = 08:00:00:00:02:02
  src       = 08:00:00:00:02:00
  type      = IPv4
###[ IP ]### 
     version   = 4
     ihl       = 5
     tos       = 0xb1
     len       = 43
     id        = 1
     flags     = 
     frag      = 0
     ttl       = 62
     proto     = tcp
     chksum    = 0x6519
     src       = 10.0.1.1
     dst       = 10.0.2.2
     \options   \
###[ TCP ]### 
        sport     = ftp_data
        dport     = http
        seq       = 0
        ack       = 0
        dataofs   = 5
        reserved  = 0
        flags     = S
        window    = 8192
        chksum    = 0xd435
        urgptr    = 0
        options   = []
###[ Raw ]### 
           load      = 'TCP'

got a packet
###[ Ethernet ]### 
  dst       = 08:00:00:00:02:00
  src       = 08:00:00:00:02:02
  type      = IPv4
###[ IP ]### 
     version   = 4
     ihl       = 5
     tos       = 0xb0
     len       = 40
     id        = 0
     flags     = DF
     frag      = 0
     ttl       = 64
     proto     = tcp
     chksum    = 0x231e
     src       = 10.0.2.2
     dst       = 10.0.1.1
     \options   \
###[ TCP ]### 
        sport     = http
        dport     = ftp_data
        seq       = 0
        ack       = 4
        dataofs   = 5
        reserved  = 0
        flags     = RA
        window    = 0
        chksum    = 0x9866
        urgptr    = 0
        options   = ''

got a packet
###[ Ethernet ]### 
  dst       = 08:00:00:00:02:02
  src       = 08:00:00:00:02:00
  type      = IPv4
###[ IP ]### 
     version   = 4
     ihl       = 5
     tos       = 0xb1
     len       = 43
     id        = 1
     flags     = 
     frag      = 0
     ttl       = 62
     proto     = tcp
     chksum    = 0x6519
     src       = 10.0.1.1
     dst       = 10.0.2.2
     \options   \
###[ TCP ]### 
        sport     = ftp_data
        dport     = http
        seq       = 0
        ack       = 0
        dataofs   = 5
        reserved  = 0
        flags     = S
        window    = 8192
        chksum    = 0xd435
        urgptr    = 0
        options   = []
###[ Raw ]### 
           load      = 'TCP'

got a packet
###[ Ethernet ]### 
  dst       = 08:00:00:00:02:00
  src       = 08:00:00:00:02:02
  type      = IPv4
###[ IP ]### 
     version   = 4
     ihl       = 5
     tos       = 0xb0
     len       = 40
     id        = 0
     flags     = DF
     frag      = 0
     ttl       = 64
     proto     = tcp
     chksum    = 0x231e
     src       = 10.0.2.2
     dst       = 10.0.1.1
     \options   \
###[ TCP ]### 
        sport     = http
        dport     = ftp_data
        seq       = 0
        ack       = 4
        dataofs   = 5
        reserved  = 0
        flags     = RA
        window    = 0
        chksum    = 0x9866
        urgptr    = 0
        options   = ''

got a packet
###[ Ethernet ]### 
  dst       = 08:00:00:00:02:02
  src       = 08:00:00:00:02:00
  type      = IPv4
###[ IP ]### 
     version   = 4
     ihl       = 5
     tos       = 0xb1
     len       = 43
     id        = 1
     flags     = 
     frag      = 0
     ttl       = 62
     proto     = tcp
     chksum    = 0x6519
     src       = 10.0.1.1
     dst       = 10.0.2.2
     \options   \
###[ TCP ]### 
        sport     = ftp_data
        dport     = http
        seq       = 0
        ack       = 0
        dataofs   = 5
        reserved  = 0
        flags     = S
        window    = 8192
        chksum    = 0xd435
        urgptr    = 0
        options   = []
###[ Raw ]### 
           load      = 'TCP'

got a packet
###[ Ethernet ]### 
  dst       = 08:00:00:00:02:00
  src       = 08:00:00:00:02:02
  type      = IPv4
###[ IP ]### 
     version   = 4
     ihl       = 5
     tos       = 0xb0
     len       = 40
     id        = 0
     flags     = DF
     frag      = 0
     ttl       = 64
     proto     = tcp
     chksum    = 0x231e
     src       = 10.0.2.2
     dst       = 10.0.1.1
     \options   \
###[ TCP ]### 
        sport     = http
        dport     = ftp_data
        seq       = 0
        ack       = 4
        dataofs   = 5
        reserved  = 0
        flags     = RA
        window    = 0
        chksum    = 0x9866
        urgptr    = 0
        options   = ''

got a packet
###[ Ethernet ]### 
  dst       = 08:00:00:00:02:02
  src       = 08:00:00:00:02:00
  type      = IPv4
###[ IP ]### 
     version   = 4
     ihl       = 5
     tos       = 0xb1
     len       = 43
     id        = 1
     flags     = 
     frag      = 0
     ttl       = 62
     proto     = tcp
     chksum    = 0x6519
     src       = 10.0.1.1
     dst       = 10.0.2.2
     \options   \
###[ TCP ]### 
        sport     = ftp_data
        dport     = http
        seq       = 0
        ack       = 0
        dataofs   = 5
        reserved  = 0
        flags     = S
        window    = 8192
        chksum    = 0xd435
        urgptr    = 0
        options   = []
###[ Raw ]### 
           load      = 'TCP'

got a packet
###[ Ethernet ]### 
  dst       = 08:00:00:00:02:00
  src       = 08:00:00:00:02:02
  type      = IPv4
###[ IP ]### 
     version   = 4
     ihl       = 5
     tos       = 0xb0
     len       = 40
     id        = 0
     flags     = DF
     frag      = 0
     ttl       = 64
     proto     = tcp
     chksum    = 0x231e
     src       = 10.0.2.2
     dst       = 10.0.1.1
     \options   \
###[ TCP ]### 
        sport     = http
        dport     = ftp_data
        seq       = 0
        ack       = 4
        dataofs   = 5
        reserved  = 0
        flags     = RA
        window    = 0
        chksum    = 0x9866
        urgptr    = 0
        options   = ''

got a packet
###[ Ethernet ]### 
  dst       = 08:00:00:00:02:02
  src       = 08:00:00:00:02:00
  type      = IPv4
###[ IP ]### 
     version   = 4
     ihl       = 5
     tos       = 0xb1
     len       = 43
     id        = 1
     flags     = 
     frag      = 0
     ttl       = 62
     proto     = tcp
     chksum    = 0x6519
     src       = 10.0.1.1
     dst       = 10.0.2.2
     \options   \
###[ TCP ]### 
        sport     = ftp_data
        dport     = http
        seq       = 0
        ack       = 0
        dataofs   = 5
        reserved  = 0
        flags     = S
        window    = 8192
        chksum    = 0xd435
        urgptr    = 0
        options   = []
###[ Raw ]### 
           load      = 'TCP'

got a packet
###[ Ethernet ]### 
  dst       = 08:00:00:00:02:00
  src       = 08:00:00:00:02:02
  type      = IPv4
###[ IP ]### 
     version   = 4
     ihl       = 5
     tos       = 0xb0
     len       = 40
     id        = 0
     flags     = DF
     frag      = 0
     ttl       = 64
     proto     = tcp
     chksum    = 0x231e
     src       = 10.0.2.2
     dst       = 10.0.1.1
     \options   \
###[ TCP ]### 
        sport     = http
        dport     = ftp_data
        seq       = 0
        ack       = 4
        dataofs   = 5
        reserved  = 0
        flags     = RA
        window    = 0
        chksum    = 0x9866
        urgptr    = 0
        options   = ''

got a packet
###[ Ethernet ]### 
  dst       = 08:00:00:00:02:02
  src       = 08:00:00:00:02:00
  type      = IPv4
###[ IP ]### 
     version   = 4
     ihl       = 5
     tos       = 0xb1
     len       = 43
     id        = 1
     flags     = 
     frag      = 0
     ttl       = 62
     proto     = tcp
     chksum    = 0x6519
     src       = 10.0.1.1
     dst       = 10.0.2.2
     \options   \
###[ TCP ]### 
        sport     = ftp_data
        dport     = http
        seq       = 0
        ack       = 0
        dataofs   = 5
        reserved  = 0
        flags     = S
        window    = 8192
        chksum    = 0xd435
        urgptr    = 0
        options   = []
###[ Raw ]### 
           load      = 'TCP'

got a packet
###[ Ethernet ]### 
  dst       = 08:00:00:00:02:00
  src       = 08:00:00:00:02:02
  type      = IPv4
###[ IP ]### 
     version   = 4
     ihl       = 5
     tos       = 0xb0
     len       = 40
     id        = 0
     flags     = DF
     frag      = 0
     ttl       = 64
     proto     = tcp
     chksum    = 0x231e
     src       = 10.0.2.2
     dst       = 10.0.1.1
     \options   \
###[ TCP ]### 
        sport     = http
        dport     = ftp_data
        seq       = 0
        ack       = 4
        dataofs   = 5
        reserved  = 0
        flags     = RA
        window    = 0
        chksum    = 0x9866
        urgptr    = 0
        options   = ''

got a packet
###[ Ethernet ]### 
  dst       = 08:00:00:00:02:02
  src       = 08:00:00:00:02:00
  type      = IPv4
###[ IP ]### 
     version   = 4
     ihl       = 5
     tos       = 0xb1
     len       = 43
     id        = 1
     flags     = 
     frag      = 0
     ttl       = 62
     proto     = tcp
     chksum    = 0x6519
     src       = 10.0.1.1
     dst       = 10.0.2.2
     \options   \
###[ TCP ]### 
        sport     = ftp_data
        dport     = http
        seq       = 0
        ack       = 0
        dataofs   = 5
        reserved  = 0
        flags     = S
        window    = 8192
        chksum    = 0xd435
        urgptr    = 0
        options   = []
###[ Raw ]### 
           load      = 'TCP'

got a packet
###[ Ethernet ]### 
  dst       = 08:00:00:00:02:00
  src       = 08:00:00:00:02:02
  type      = IPv4
###[ IP ]### 
     version   = 4
     ihl       = 5
     tos       = 0xb0
     len       = 40
     id        = 0
     flags     = DF
     frag      = 0
     ttl       = 64
     proto     = tcp
     chksum    = 0x231e
     src       = 10.0.2.2
     dst       = 10.0.1.1
     \options   \
###[ TCP ]### 
        sport     = http
        dport     = ftp_data
        seq       = 0
        ack       = 4
        dataofs   = 5
        reserved  = 0
        flags     = RA
        window    = 0
        chksum    = 0x9866
        urgptr    = 0
        options   = ''

got a packet
###[ Ethernet ]### 
  dst       = 08:00:00:00:02:02
  src       = 08:00:00:00:02:00
  type      = IPv4
###[ IP ]### 
     version   = 4
     ihl       = 5
     tos       = 0xb1
     len       = 43
     id        = 1
     flags     = 
     frag      = 0
     ttl       = 62
     proto     = tcp
     chksum    = 0x6519
     src       = 10.0.1.1
     dst       = 10.0.2.2
     \options   \
###[ TCP ]### 
        sport     = ftp_data
        dport     = http
        seq       = 0
        ack       = 0
        dataofs   = 5
        reserved  = 0
        flags     = S
        window    = 8192
        chksum    = 0xd435
        urgptr    = 0
        options   = []
###[ Raw ]### 
           load      = 'TCP'

got a packet
###[ Ethernet ]### 
  dst       = 08:00:00:00:02:00
  src       = 08:00:00:00:02:02
  type      = IPv4
###[ IP ]### 
     version   = 4
     ihl       = 5
     tos       = 0xb0
     len       = 40
     id        = 0
     flags     = DF
     frag      = 0
     ttl       = 64
     proto     = tcp
     chksum    = 0x231e
     src       = 10.0.2.2
     dst       = 10.0.1.1
     \options   \
###[ TCP ]### 
        sport     = http
        dport     = ftp_data
        seq       = 0
        ack       = 4
        dataofs   = 5
        reserved  = 0
        flags     = RA
        window    = 0
        chksum    = 0x9866
        urgptr    = 0
        options   = ''

got a packet
###[ Ethernet ]### 
  dst       = 08:00:00:00:02:02
  src       = 08:00:00:00:02:00
  type      = IPv4
###[ IP ]### 
     version   = 4
     ihl       = 5
     tos       = 0xb1
     len       = 43
     id        = 1
     flags     = 
     frag      = 0
     ttl       = 62
     proto     = tcp
     chksum    = 0x6519
     src       = 10.0.1.1
     dst       = 10.0.2.2
     \options   \
###[ TCP ]### 
        sport     = ftp_data
        dport     = http
        seq       = 0
        ack       = 0
        dataofs   = 5
        reserved  = 0
        flags     = S
        window    = 8192
        chksum    = 0xd435
        urgptr    = 0
        options   = []
###[ Raw ]### 
           load      = 'TCP'

got a packet
###[ Ethernet ]### 
  dst       = 08:00:00:00:02:00
  src       = 08:00:00:00:02:02
  type      = IPv4
###[ IP ]### 
     version   = 4
     ihl       = 5
     tos       = 0xb0
     len       = 40
     id        = 0
     flags     = DF
     frag      = 0
     ttl       = 64
     proto     = tcp
     chksum    = 0x231e
     src       = 10.0.2.2
     dst       = 10.0.1.1
     \options   \
###[ TCP ]### 
        sport     = http
        dport     = ftp_data
        seq       = 0
        ack       = 4
        dataofs   = 5
        reserved  = 0
        flags     = RA
        window    = 0
        chksum    = 0x9866
        urgptr    = 0
        options   = ''

got a packet
###[ Ethernet ]### 
  dst       = 08:00:00:00:02:02
  src       = 08:00:00:00:02:00
  type      = IPv4
###[ IP ]### 
     version   = 4
     ihl       = 5
     tos       = 0xb1
     len       = 43
     id        = 1
     flags     = 
     frag      = 0
     ttl       = 62
     proto     = tcp
     chksum    = 0x6519
     src       = 10.0.1.1
     dst       = 10.0.2.2
     \options   \
###[ TCP ]### 
        sport     = ftp_data
        dport     = http
        seq       = 0
        ack       = 0
        dataofs   = 5
        reserved  = 0
        flags     = S
        window    = 8192
        chksum    = 0xd435
        urgptr    = 0
        options   = []
###[ Raw ]### 
           load      = 'TCP'

got a packet
###[ Ethernet ]### 
  dst       = 08:00:00:00:02:00
  src       = 08:00:00:00:02:02
  type      = IPv4
###[ IP ]### 
     version   = 4
     ihl       = 5
     tos       = 0xb0
     len       = 40
     id        = 0
     flags     = DF
     frag      = 0
     ttl       = 64
     proto     = tcp
     chksum    = 0x231e
     src       = 10.0.2.2
     dst       = 10.0.1.1
     \options   \
###[ TCP ]### 
        sport     = http
        dport     = ftp_data
        seq       = 0
        ack       = 4
        dataofs   = 5
        reserved  = 0
        flags     = RA
        window    = 0
        chksum    = 0x9866
        urgptr    = 0
        options   = ''

got a packet
###[ Ethernet ]### 
  dst       = 08:00:00:00:02:02
  src       = 08:00:00:00:02:00
  type      = IPv4
###[ IP ]### 
     version   = 4
     ihl       = 5
     tos       = 0xb1
     len       = 43
     id        = 1
     flags     = 
     frag      = 0
     ttl       = 62
     proto     = tcp
     chksum    = 0x6519
     src       = 10.0.1.1
     dst       = 10.0.2.2
     \options   \
###[ TCP ]### 
        sport     = ftp_data
        dport     = http
        seq       = 0
        ack       = 0
        dataofs   = 5
        reserved  = 0
        flags     = S
        window    = 8192
        chksum    = 0xd435
        urgptr    = 0
        options   = []
###[ Raw ]### 
           load      = 'TCP'

got a packet
###[ Ethernet ]### 
  dst       = 08:00:00:00:02:00
  src       = 08:00:00:00:02:02
  type      = IPv4
###[ IP ]### 
     version   = 4
     ihl       = 5
     tos       = 0xb0
     len       = 40
     id        = 0
     flags     = DF
     frag      = 0
     ttl       = 64
     proto     = tcp
     chksum    = 0x231e
     src       = 10.0.2.2
     dst       = 10.0.1.1
     \options   \
###[ TCP ]### 
        sport     = http
        dport     = ftp_data
        seq       = 0
        ack       = 4
        dataofs   = 5
        reserved  = 0
        flags     = RA
        window    = 0
        chksum    = 0x9866
        urgptr    = 0
        options   = ''

got a packet
###[ Ethernet ]### 
  dst       = 08:00:00:00:02:02
  src       = 08:00:00:00:02:00
  type      = IPv4
###[ IP ]### 
     version   = 4
     ihl       = 5
     tos       = 0xb1
     len       = 43
     id        = 1
     flags     = 
     frag      = 0
     ttl       = 62
     proto     = tcp
     chksum    = 0x6519
     src       = 10.0.1.1
     dst       = 10.0.2.2
     \options   \
###[ TCP ]### 
        sport     = ftp_data
        dport     = http
        seq       = 0
        ack       = 0
        dataofs   = 5
        reserved  = 0
        flags     = S
        window    = 8192
        chksum    = 0xd435
        urgptr    = 0
        options   = []
###[ Raw ]### 
           load      = 'TCP'

got a packet
###[ Ethernet ]### 
  dst       = 08:00:00:00:02:00
  src       = 08:00:00:00:02:02
  type      = IPv4
###[ IP ]### 
     version   = 4
     ihl       = 5
     tos       = 0xb0
     len       = 40
     id        = 0
     flags     = DF
     frag      = 0
     ttl       = 64
     proto     = tcp
     chksum    = 0x231e
     src       = 10.0.2.2
     dst       = 10.0.1.1
     \options   \
###[ TCP ]### 
        sport     = http
        dport     = ftp_data
        seq       = 0
        ack       = 4
        dataofs   = 5
        reserved  = 0
        flags     = RA
        window    = 0
        chksum    = 0x9866
        urgptr    = 0
        options   = ''

got a packet
###[ Ethernet ]### 
  dst       = 08:00:00:00:02:02
  src       = 08:00:00:00:02:00
  type      = IPv4
###[ IP ]### 
     version   = 4
     ihl       = 5
     tos       = 0xb1
     len       = 43
     id        = 1
     flags     = 
     frag      = 0
     ttl       = 62
     proto     = tcp
     chksum    = 0x6519
     src       = 10.0.1.1
     dst       = 10.0.2.2
     \options   \
###[ TCP ]### 
        sport     = ftp_data
        dport     = http
        seq       = 0
        ack       = 0
        dataofs   = 5
        reserved  = 0
        flags     = S
        window    = 8192
        chksum    = 0xd435
        urgptr    = 0
        options   = []
###[ Raw ]### 
           load      = 'TCP'

got a packet
###[ Ethernet ]### 
  dst       = 08:00:00:00:02:00
  src       = 08:00:00:00:02:02
  type      = IPv4
###[ IP ]### 
     version   = 4
     ihl       = 5
     tos       = 0xb0
     len       = 40
     id        = 0
     flags     = DF
     frag      = 0
     ttl       = 64
     proto     = tcp
     chksum    = 0x231e
     src       = 10.0.2.2
     dst       = 10.0.1.1
     \options   \
###[ TCP ]### 
        sport     = http
        dport     = ftp_data
        seq       = 0
        ack       = 4
        dataofs   = 5
        reserved  = 0
        flags     = RA
        window    = 0
        chksum    = 0x9866
        urgptr    = 0
        options   = ''

got a packet
###[ Ethernet ]### 
  dst       = 08:00:00:00:02:02
  src       = 08:00:00:00:02:00
  type      = IPv4
###[ IP ]### 
     version   = 4
     ihl       = 5
     tos       = 0xb1
     len       = 43
     id        = 1
     flags     = 
     frag      = 0
     ttl       = 62
     proto     = tcp
     chksum    = 0x6519
     src       = 10.0.1.1
     dst       = 10.0.2.2
     \options   \
###[ TCP ]### 
        sport     = ftp_data
        dport     = http
        seq       = 0
        ack       = 0
        dataofs   = 5
        reserved  = 0
        flags     = S
        window    = 8192
        chksum    = 0xd435
        urgptr    = 0
        options   = []
###[ Raw ]### 
           load      = 'TCP'

got a packet
###[ Ethernet ]### 
  dst       = 08:00:00:00:02:00
  src       = 08:00:00:00:02:02
  type      = IPv4
###[ IP ]### 
     version   = 4
     ihl       = 5
     tos       = 0xb0
     len       = 40
     id        = 0
     flags     = DF
     frag      = 0
     ttl       = 64
     proto     = tcp
     chksum    = 0x231e
     src       = 10.0.2.2
     dst       = 10.0.1.1
     \options   \
###[ TCP ]### 
        sport     = http
        dport     = ftp_data
        seq       = 0
        ack       = 4
        dataofs   = 5
        reserved  = 0
        flags     = RA
        window    = 0
        chksum    = 0x9866
        urgptr    = 0
        options   = ''

got a packet
###[ Ethernet ]### 
  dst       = 08:00:00:00:02:02
  src       = 08:00:00:00:02:00
  type      = IPv4
###[ IP ]### 
     version   = 4
     ihl       = 5
     tos       = 0xb1
     len       = 43
     id        = 1
     flags     = 
     frag      = 0
     ttl       = 62
     proto     = tcp
     chksum    = 0x6519
     src       = 10.0.1.1
     dst       = 10.0.2.2
     \options   \
###[ TCP ]### 
        sport     = ftp_data
        dport     = http
        seq       = 0
        ack       = 0
        dataofs   = 5
        reserved  = 0
        flags     = S
        window    = 8192
        chksum    = 0xd435
        urgptr    = 0
        options   = []
###[ Raw ]### 
           load      = 'TCP'

got a packet
###[ Ethernet ]### 
  dst       = 08:00:00:00:02:00
  src       = 08:00:00:00:02:02
  type      = IPv4
###[ IP ]### 
     version   = 4
     ihl       = 5
     tos       = 0xb0
     len       = 40
     id        = 0
     flags     = DF
     frag      = 0
     ttl       = 64
     proto     = tcp
     chksum    = 0x231e
     src       = 10.0.2.2
     dst       = 10.0.1.1
     \options   \
###[ TCP ]### 
        sport     = http
        dport     = ftp_data
        seq       = 0
        ack       = 4
        dataofs   = 5
        reserved  = 0
        flags     = RA
        window    = 0
        chksum    = 0x9866
        urgptr    = 0
        options   = ''

