sniffing on eth0
got a packet
###[ Ethernet ]### 
  dst       = 08:00:00:00:02:02
  src       = 08:00:00:00:02:00
  type      = IPv4
###[ IP ]### 
     version   = 4
     ihl       = 5
     tos       = 0xb9
     len       = 33
     id        = 1
     flags     = 
     frag      = 0
     ttl       = 62
     proto     = udp
     chksum    = 0x6510
     src       = 10.0.1.1
     dst       = 10.0.2.2
     \options   \
###[ UDP ]### 
        sport     = 1234
        dport     = 4321
        len       = 13
        chksum    = 0xaf4c
###[ Raw ]### 
           load      = 'Hello'

got a packet
###[ Ethernet ]### 
  dst       = 08:00:00:00:02:00
  src       = 08:00:00:00:02:02
  type      = IPv4
###[ IP ]### 
     version   = 4
     ihl       = 5
     tos       = 0xd8
     len       = 61
     id        = 56905
     flags     = 
     frag      = 0
     ttl       = 64
     proto     = icmp
     chksum    = 0x849c
     src       = 10.0.2.2
     dst       = 10.0.1.1
     \options   \
###[ ICMP ]### 
        type      = dest-unreach
        code      = port-unreachable
        chksum    = 0x141e
        reserved  = 0
        length    = 0
        nexthopmtu= 0
        unused    = ''
###[ IP in ICMP ]### 
           version   = 4
           ihl       = 5
           tos       = 0xb9
           len       = 33
           id        = 1
           flags     = 
           frag      = 0
           ttl       = 62
           proto     = udp
           chksum    = 0x6510
           src       = 10.0.1.1
           dst       = 10.0.2.2
           \options   \
###[ UDP in ICMP ]### 
              sport     = 1234
              dport     = 4321
              len       = 13
              chksum    = 0xaf4c
###[ Raw ]### 
                 load      = 'Hello'

got a packet
###[ Ethernet ]### 
  dst       = 08:00:00:00:02:02
  src       = 08:00:00:00:02:00
  type      = IPv4
###[ IP ]### 
     version   = 4
     ihl       = 5
     tos       = 0xb9
     len       = 33
     id        = 1
     flags     = 
     frag      = 0
     ttl       = 62
     proto     = udp
     chksum    = 0x6510
     src       = 10.0.1.1
     dst       = 10.0.2.2
     \options   \
###[ UDP ]### 
        sport     = 1234
        dport     = 4321
        len       = 13
        chksum    = 0xaf4c
###[ Raw ]### 
           load      = 'Hello'

got a packet
###[ Ethernet ]### 
  dst       = 08:00:00:00:02:00
  src       = 08:00:00:00:02:02
  type      = IPv4
###[ IP ]### 
     version   = 4
     ihl       = 5
     tos       = 0xd8
     len       = 61
     id        = 57079
     flags     = 
     frag      = 0
     ttl       = 64
     proto     = icmp
     chksum    = 0x83ee
     src       = 10.0.2.2
     dst       = 10.0.1.1
     \options   \
###[ ICMP ]### 
        type      = dest-unreach
        code      = port-unreachable
        chksum    = 0x141e
        reserved  = 0
        length    = 0
        nexthopmtu= 0
        unused    = ''
###[ IP in ICMP ]### 
           version   = 4
           ihl       = 5
           tos       = 0xb9
           len       = 33
           id        = 1
           flags     = 
           frag      = 0
           ttl       = 62
           proto     = udp
           chksum    = 0x6510
           src       = 10.0.1.1
           dst       = 10.0.2.2
           \options   \
###[ UDP in ICMP ]### 
              sport     = 1234
              dport     = 4321
              len       = 13
              chksum    = 0xaf4c
###[ Raw ]### 
                 load      = 'Hello'

got a packet
###[ Ethernet ]### 
  dst       = 08:00:00:00:02:02
  src       = 08:00:00:00:02:00
  type      = IPv4
###[ IP ]### 
     version   = 4
     ihl       = 5
     tos       = 0xb9
     len       = 33
     id        = 1
     flags     = 
     frag      = 0
     ttl       = 62
     proto     = udp
     chksum    = 0x6510
     src       = 10.0.1.1
     dst       = 10.0.2.2
     \options   \
###[ UDP ]### 
        sport     = 1234
        dport     = 4321
        len       = 13
        chksum    = 0xaf4c
###[ Raw ]### 
           load      = 'Hello'

got a packet
###[ Ethernet ]### 
  dst       = 08:00:00:00:02:00
  src       = 08:00:00:00:02:02
  type      = IPv4
###[ IP ]### 
     version   = 4
     ihl       = 5
     tos       = 0xd8
     len       = 61
     id        = 57275
     flags     = 
     frag      = 0
     ttl       = 64
     proto     = icmp
     chksum    = 0x832a
     src       = 10.0.2.2
     dst       = 10.0.1.1
     \options   \
###[ ICMP ]### 
        type      = dest-unreach
        code      = port-unreachable
        chksum    = 0x141e
        reserved  = 0
        length    = 0
        nexthopmtu= 0
        unused    = ''
###[ IP in ICMP ]### 
           version   = 4
           ihl       = 5
           tos       = 0xb9
           len       = 33
           id        = 1
           flags     = 
           frag      = 0
           ttl       = 62
           proto     = udp
           chksum    = 0x6510
           src       = 10.0.1.1
           dst       = 10.0.2.2
           \options   \
###[ UDP in ICMP ]### 
              sport     = 1234
              dport     = 4321
              len       = 13
              chksum    = 0xaf4c
###[ Raw ]### 
                 load      = 'Hello'

got a packet
###[ Ethernet ]### 
  dst       = 08:00:00:00:02:02
  src       = 08:00:00:00:02:00
  type      = IPv4
###[ IP ]### 
     version   = 4
     ihl       = 5
     tos       = 0xb9
     len       = 33
     id        = 1
     flags     = 
     frag      = 0
     ttl       = 62
     proto     = udp
     chksum    = 0x6510
     src       = 10.0.1.1
     dst       = 10.0.2.2
     \options   \
###[ UDP ]### 
        sport     = 1234
        dport     = 4321
        len       = 13
        chksum    = 0xaf4c
###[ Raw ]### 
           load      = 'Hello'

got a packet
###[ Ethernet ]### 
  dst       = 08:00:00:00:02:00
  src       = 08:00:00:00:02:02
  type      = IPv4
###[ IP ]### 
     version   = 4
     ihl       = 5
     tos       = 0xd8
     len       = 61
     id        = 57500
     flags     = 
     frag      = 0
     ttl       = 64
     proto     = icmp
     chksum    = 0x8249
     src       = 10.0.2.2
     dst       = 10.0.1.1
     \options   \
###[ ICMP ]### 
        type      = dest-unreach
        code      = port-unreachable
        chksum    = 0x141e
        reserved  = 0
        length    = 0
        nexthopmtu= 0
        unused    = ''
###[ IP in ICMP ]### 
           version   = 4
           ihl       = 5
           tos       = 0xb9
           len       = 33
           id        = 1
           flags     = 
           frag      = 0
           ttl       = 62
           proto     = udp
           chksum    = 0x6510
           src       = 10.0.1.1
           dst       = 10.0.2.2
           \options   \
###[ UDP in ICMP ]### 
              sport     = 1234
              dport     = 4321
              len       = 13
              chksum    = 0xaf4c
###[ Raw ]### 
                 load      = 'Hello'

got a packet
###[ Ethernet ]### 
  dst       = 08:00:00:00:02:02
  src       = 08:00:00:00:02:00
  type      = IPv4
###[ IP ]### 
     version   = 4
     ihl       = 5
     tos       = 0xb9
     len       = 33
     id        = 1
     flags     = 
     frag      = 0
     ttl       = 62
     proto     = udp
     chksum    = 0x6510
     src       = 10.0.1.1
     dst       = 10.0.2.2
     \options   \
###[ UDP ]### 
        sport     = 1234
        dport     = 4321
        len       = 13
        chksum    = 0xaf4c
###[ Raw ]### 
           load      = 'Hello'

got a packet
###[ Ethernet ]### 
  dst       = 08:00:00:00:02:00
  src       = 08:00:00:00:02:02
  type      = IPv4
###[ IP ]### 
     version   = 4
     ihl       = 5
     tos       = 0xd8
     len       = 61
     id        = 57530
     flags     = 
     frag      = 0
     ttl       = 64
     proto     = icmp
     chksum    = 0x822b
     src       = 10.0.2.2
     dst       = 10.0.1.1
     \options   \
###[ ICMP ]### 
        type      = dest-unreach
        code      = port-unreachable
        chksum    = 0x141e
        reserved  = 0
        length    = 0
        nexthopmtu= 0
        unused    = ''
###[ IP in ICMP ]### 
           version   = 4
           ihl       = 5
           tos       = 0xb9
           len       = 33
           id        = 1
           flags     = 
           frag      = 0
           ttl       = 62
           proto     = udp
           chksum    = 0x6510
           src       = 10.0.1.1
           dst       = 10.0.2.2
           \options   \
###[ UDP in ICMP ]### 
              sport     = 1234
              dport     = 4321
              len       = 13
              chksum    = 0xaf4c
###[ Raw ]### 
                 load      = 'Hello'

got a packet
###[ Ethernet ]### 
  dst       = 08:00:00:00:02:02
  src       = 08:00:00:00:02:00
  type      = IPv4
###[ IP ]### 
     version   = 4
     ihl       = 5
     tos       = 0xb9
     len       = 33
     id        = 1
     flags     = 
     frag      = 0
     ttl       = 62
     proto     = udp
     chksum    = 0x6510
     src       = 10.0.1.1
     dst       = 10.0.2.2
     \options   \
###[ UDP ]### 
        sport     = 1234
        dport     = 4321
        len       = 13
        chksum    = 0xaf4c
###[ Raw ]### 
           load      = 'Hello'

got a packet
###[ Ethernet ]### 
  dst       = 08:00:00:00:02:00
  src       = 08:00:00:00:02:02
  type      = IPv4
###[ IP ]### 
     version   = 4
     ihl       = 5
     tos       = 0xd8
     len       = 61
     id        = 57562
     flags     = 
     frag      = 0
     ttl       = 64
     proto     = icmp
     chksum    = 0x820b
     src       = 10.0.2.2
     dst       = 10.0.1.1
     \options   \
###[ ICMP ]### 
        type      = dest-unreach
        code      = port-unreachable
        chksum    = 0x141e
        reserved  = 0
        length    = 0
        nexthopmtu= 0
        unused    = ''
###[ IP in ICMP ]### 
           version   = 4
           ihl       = 5
           tos       = 0xb9
           len       = 33
           id        = 1
           flags     = 
           frag      = 0
           ttl       = 62
           proto     = udp
           chksum    = 0x6510
           src       = 10.0.1.1
           dst       = 10.0.2.2
           \options   \
###[ UDP in ICMP ]### 
              sport     = 1234
              dport     = 4321
              len       = 13
              chksum    = 0xaf4c
###[ Raw ]### 
                 load      = 'Hello'

got a packet
###[ Ethernet ]### 
  dst       = 08:00:00:00:02:02
  src       = 08:00:00:00:02:00
  type      = IPv4
###[ IP ]### 
     version   = 4
     ihl       = 5
     tos       = 0xb9
     len       = 33
     id        = 1
     flags     = 
     frag      = 0
     ttl       = 62
     proto     = udp
     chksum    = 0x6510
     src       = 10.0.1.1
     dst       = 10.0.2.2
     \options   \
###[ UDP ]### 
        sport     = 1234
        dport     = 4321
        len       = 13
        chksum    = 0xaf4c
###[ Raw ]### 
           load      = 'Hello'

got a packet
###[ Ethernet ]### 
  dst       = 08:00:00:00:02:00
  src       = 08:00:00:00:02:02
  type      = IPv4
###[ IP ]### 
     version   = 4
     ihl       = 5
     tos       = 0xd8
     len       = 61
     id        = 57580
     flags     = 
     frag      = 0
     ttl       = 64
     proto     = icmp
     chksum    = 0x81f9
     src       = 10.0.2.2
     dst       = 10.0.1.1
     \options   \
###[ ICMP ]### 
        type      = dest-unreach
        code      = port-unreachable
        chksum    = 0x141e
        reserved  = 0
        length    = 0
        nexthopmtu= 0
        unused    = ''
###[ IP in ICMP ]### 
           version   = 4
           ihl       = 5
           tos       = 0xb9
           len       = 33
           id        = 1
           flags     = 
           frag      = 0
           ttl       = 62
           proto     = udp
           chksum    = 0x6510
           src       = 10.0.1.1
           dst       = 10.0.2.2
           \options   \
###[ UDP in ICMP ]### 
              sport     = 1234
              dport     = 4321
              len       = 13
              chksum    = 0xaf4c
###[ Raw ]### 
                 load      = 'Hello'

got a packet
###[ Ethernet ]### 
  dst       = 08:00:00:00:02:02
  src       = 08:00:00:00:02:00
  type      = IPv4
###[ IP ]### 
     version   = 4
     ihl       = 5
     tos       = 0xb9
     len       = 33
     id        = 1
     flags     = 
     frag      = 0
     ttl       = 62
     proto     = udp
     chksum    = 0x6510
     src       = 10.0.1.1
     dst       = 10.0.2.2
     \options   \
###[ UDP ]### 
        sport     = 1234
        dport     = 4321
        len       = 13
        chksum    = 0xaf4c
###[ Raw ]### 
           load      = 'Hello'

got a packet
###[ Ethernet ]### 
  dst       = 08:00:00:00:02:00
  src       = 08:00:00:00:02:02
  type      = IPv4
###[ IP ]### 
     version   = 4
     ihl       = 5
     tos       = 0xd8
     len       = 61
     id        = 57703
     flags     = 
     frag      = 0
     ttl       = 64
     proto     = icmp
     chksum    = 0x817e
     src       = 10.0.2.2
     dst       = 10.0.1.1
     \options   \
###[ ICMP ]### 
        type      = dest-unreach
        code      = port-unreachable
        chksum    = 0x141e
        reserved  = 0
        length    = 0
        nexthopmtu= 0
        unused    = ''
###[ IP in ICMP ]### 
           version   = 4
           ihl       = 5
           tos       = 0xb9
           len       = 33
           id        = 1
           flags     = 
           frag      = 0
           ttl       = 62
           proto     = udp
           chksum    = 0x6510
           src       = 10.0.1.1
           dst       = 10.0.2.2
           \options   \
###[ UDP in ICMP ]### 
              sport     = 1234
              dport     = 4321
              len       = 13
              chksum    = 0xaf4c
###[ Raw ]### 
                 load      = 'Hello'

got a packet
###[ Ethernet ]### 
  dst       = 08:00:00:00:02:02
  src       = 08:00:00:00:02:00
  type      = IPv4
###[ IP ]### 
     version   = 4
     ihl       = 5
     tos       = 0xb9
     len       = 33
     id        = 1
     flags     = 
     frag      = 0
     ttl       = 62
     proto     = udp
     chksum    = 0x6510
     src       = 10.0.1.1
     dst       = 10.0.2.2
     \options   \
###[ UDP ]### 
        sport     = 1234
        dport     = 4321
        len       = 13
        chksum    = 0xaf4c
###[ Raw ]### 
           load      = 'Hello'

got a packet
###[ Ethernet ]### 
  dst       = 08:00:00:00:02:00
  src       = 08:00:00:00:02:02
  type      = IPv4
###[ IP ]### 
     version   = 4
     ihl       = 5
     tos       = 0xd8
     len       = 61
     id        = 57771
     flags     = 
     frag      = 0
     ttl       = 64
     proto     = icmp
     chksum    = 0x813a
     src       = 10.0.2.2
     dst       = 10.0.1.1
     \options   \
###[ ICMP ]### 
        type      = dest-unreach
        code      = port-unreachable
        chksum    = 0x141e
        reserved  = 0
        length    = 0
        nexthopmtu= 0
        unused    = ''
###[ IP in ICMP ]### 
           version   = 4
           ihl       = 5
           tos       = 0xb9
           len       = 33
           id        = 1
           flags     = 
           frag      = 0
           ttl       = 62
           proto     = udp
           chksum    = 0x6510
           src       = 10.0.1.1
           dst       = 10.0.2.2
           \options   \
###[ UDP in ICMP ]### 
              sport     = 1234
              dport     = 4321
              len       = 13
              chksum    = 0xaf4c
###[ Raw ]### 
                 load      = 'Hello'

got a packet
###[ Ethernet ]### 
  dst       = 08:00:00:00:02:02
  src       = 08:00:00:00:02:00
  type      = IPv4
###[ IP ]### 
     version   = 4
     ihl       = 5
     tos       = 0xb9
     len       = 33
     id        = 1
     flags     = 
     frag      = 0
     ttl       = 62
     proto     = udp
     chksum    = 0x6510
     src       = 10.0.1.1
     dst       = 10.0.2.2
     \options   \
###[ UDP ]### 
        sport     = 1234
        dport     = 4321
        len       = 13
        chksum    = 0xaf4c
###[ Raw ]### 
           load      = 'Hello'

got a packet
###[ Ethernet ]### 
  dst       = 08:00:00:00:02:00
  src       = 08:00:00:00:02:02
  type      = IPv4
###[ IP ]### 
     version   = 4
     ihl       = 5
     tos       = 0xd8
     len       = 61
     id        = 57901
     flags     = 
     frag      = 0
     ttl       = 64
     proto     = icmp
     chksum    = 0x80b8
     src       = 10.0.2.2
     dst       = 10.0.1.1
     \options   \
###[ ICMP ]### 
        type      = dest-unreach
        code      = port-unreachable
        chksum    = 0x141e
        reserved  = 0
        length    = 0
        nexthopmtu= 0
        unused    = ''
###[ IP in ICMP ]### 
           version   = 4
           ihl       = 5
           tos       = 0xb9
           len       = 33
           id        = 1
           flags     = 
           frag      = 0
           ttl       = 62
           proto     = udp
           chksum    = 0x6510
           src       = 10.0.1.1
           dst       = 10.0.2.2
           \options   \
###[ UDP in ICMP ]### 
              sport     = 1234
              dport     = 4321
              len       = 13
              chksum    = 0xaf4c
###[ Raw ]### 
                 load      = 'Hello'

got a packet
###[ Ethernet ]### 
  dst       = 08:00:00:00:02:02
  src       = 08:00:00:00:02:00
  type      = IPv4
###[ IP ]### 
     version   = 4
     ihl       = 5
     tos       = 0xb9
     len       = 33
     id        = 1
     flags     = 
     frag      = 0
     ttl       = 62
     proto     = udp
     chksum    = 0x6510
     src       = 10.0.1.1
     dst       = 10.0.2.2
     \options   \
###[ UDP ]### 
        sport     = 1234
        dport     = 4321
        len       = 13
        chksum    = 0xaf4c
###[ Raw ]### 
           load      = 'Hello'

got a packet
###[ Ethernet ]### 
  dst       = 08:00:00:00:02:00
  src       = 08:00:00:00:02:02
  type      = IPv4
###[ IP ]### 
     version   = 4
     ihl       = 5
     tos       = 0xd8
     len       = 61
     id        = 57999
     flags     = 
     frag      = 0
     ttl       = 64
     proto     = icmp
     chksum    = 0x8056
     src       = 10.0.2.2
     dst       = 10.0.1.1
     \options   \
###[ ICMP ]### 
        type      = dest-unreach
        code      = port-unreachable
        chksum    = 0x141e
        reserved  = 0
        length    = 0
        nexthopmtu= 0
        unused    = ''
###[ IP in ICMP ]### 
           version   = 4
           ihl       = 5
           tos       = 0xb9
           len       = 33
           id        = 1
           flags     = 
           frag      = 0
           ttl       = 62
           proto     = udp
           chksum    = 0x6510
           src       = 10.0.1.1
           dst       = 10.0.2.2
           \options   \
###[ UDP in ICMP ]### 
              sport     = 1234
              dport     = 4321
              len       = 13
              chksum    = 0xaf4c
###[ Raw ]### 
                 load      = 'Hello'

got a packet
###[ Ethernet ]### 
  dst       = 08:00:00:00:02:02
  src       = 08:00:00:00:02:00
  type      = IPv4
###[ IP ]### 
     version   = 4
     ihl       = 5
     tos       = 0xb9
     len       = 33
     id        = 1
     flags     = 
     frag      = 0
     ttl       = 62
     proto     = udp
     chksum    = 0x6510
     src       = 10.0.1.1
     dst       = 10.0.2.2
     \options   \
###[ UDP ]### 
        sport     = 1234
        dport     = 4321
        len       = 13
        chksum    = 0xaf4c
###[ Raw ]### 
           load      = 'Hello'

got a packet
###[ Ethernet ]### 
  dst       = 08:00:00:00:02:00
  src       = 08:00:00:00:02:02
  type      = IPv4
###[ IP ]### 
     version   = 4
     ihl       = 5
     tos       = 0xd8
     len       = 61
     id        = 58257
     flags     = 
     frag      = 0
     ttl       = 64
     proto     = icmp
     chksum    = 0x7f54
     src       = 10.0.2.2
     dst       = 10.0.1.1
     \options   \
###[ ICMP ]### 
        type      = dest-unreach
        code      = port-unreachable
        chksum    = 0x141e
        reserved  = 0
        length    = 0
        nexthopmtu= 0
        unused    = ''
###[ IP in ICMP ]### 
           version   = 4
           ihl       = 5
           tos       = 0xb9
           len       = 33
           id        = 1
           flags     = 
           frag      = 0
           ttl       = 62
           proto     = udp
           chksum    = 0x6510
           src       = 10.0.1.1
           dst       = 10.0.2.2
           \options   \
###[ UDP in ICMP ]### 
              sport     = 1234
              dport     = 4321
              len       = 13
              chksum    = 0xaf4c
###[ Raw ]### 
                 load      = 'Hello'

got a packet
###[ Ethernet ]### 
  dst       = 08:00:00:00:02:02
  src       = 08:00:00:00:02:00
  type      = IPv4
###[ IP ]### 
     version   = 4
     ihl       = 5
     tos       = 0xb9
     len       = 33
     id        = 1
     flags     = 
     frag      = 0
     ttl       = 62
     proto     = udp
     chksum    = 0x6510
     src       = 10.0.1.1
     dst       = 10.0.2.2
     \options   \
###[ UDP ]### 
        sport     = 1234
        dport     = 4321
        len       = 13
        chksum    = 0xaf4c
###[ Raw ]### 
           load      = 'Hello'

got a packet
###[ Ethernet ]### 
  dst       = 08:00:00:00:02:00
  src       = 08:00:00:00:02:02
  type      = IPv4
###[ IP ]### 
     version   = 4
     ihl       = 5
     tos       = 0xd8
     len       = 61
     id        = 58368
     flags     = 
     frag      = 0
     ttl       = 64
     proto     = icmp
     chksum    = 0x7ee5
     src       = 10.0.2.2
     dst       = 10.0.1.1
     \options   \
###[ ICMP ]### 
        type      = dest-unreach
        code      = port-unreachable
        chksum    = 0x141e
        reserved  = 0
        length    = 0
        nexthopmtu= 0
        unused    = ''
###[ IP in ICMP ]### 
           version   = 4
           ihl       = 5
           tos       = 0xb9
           len       = 33
           id        = 1
           flags     = 
           frag      = 0
           ttl       = 62
           proto     = udp
           chksum    = 0x6510
           src       = 10.0.1.1
           dst       = 10.0.2.2
           \options   \
###[ UDP in ICMP ]### 
              sport     = 1234
              dport     = 4321
              len       = 13
              chksum    = 0xaf4c
###[ Raw ]### 
                 load      = 'Hello'

got a packet
###[ Ethernet ]### 
  dst       = 08:00:00:00:02:02
  src       = 08:00:00:00:02:00
  type      = IPv4
###[ IP ]### 
     version   = 4
     ihl       = 5
     tos       = 0xb9
     len       = 33
     id        = 1
     flags     = 
     frag      = 0
     ttl       = 62
     proto     = udp
     chksum    = 0x6510
     src       = 10.0.1.1
     dst       = 10.0.2.2
     \options   \
###[ UDP ]### 
        sport     = 1234
        dport     = 4321
        len       = 13
        chksum    = 0xaf4c
###[ Raw ]### 
           load      = 'Hello'

got a packet
###[ Ethernet ]### 
  dst       = 08:00:00:00:02:00
  src       = 08:00:00:00:02:02
  type      = IPv4
###[ IP ]### 
     version   = 4
     ihl       = 5
     tos       = 0xd8
     len       = 61
     id        = 58565
     flags     = 
     frag      = 0
     ttl       = 64
     proto     = icmp
     chksum    = 0x7e20
     src       = 10.0.2.2
     dst       = 10.0.1.1
     \options   \
###[ ICMP ]### 
        type      = dest-unreach
        code      = port-unreachable
        chksum    = 0x141e
        reserved  = 0
        length    = 0
        nexthopmtu= 0
        unused    = ''
###[ IP in ICMP ]### 
           version   = 4
           ihl       = 5
           tos       = 0xb9
           len       = 33
           id        = 1
           flags     = 
           frag      = 0
           ttl       = 62
           proto     = udp
           chksum    = 0x6510
           src       = 10.0.1.1
           dst       = 10.0.2.2
           \options   \
###[ UDP in ICMP ]### 
              sport     = 1234
              dport     = 4321
              len       = 13
              chksum    = 0xaf4c
###[ Raw ]### 
                 load      = 'Hello'

got a packet
###[ Ethernet ]### 
  dst       = 08:00:00:00:02:02
  src       = 08:00:00:00:02:00
  type      = IPv4
###[ IP ]### 
     version   = 4
     ihl       = 5
     tos       = 0xb9
     len       = 33
     id        = 1
     flags     = 
     frag      = 0
     ttl       = 62
     proto     = udp
     chksum    = 0x6510
     src       = 10.0.1.1
     dst       = 10.0.2.2
     \options   \
###[ UDP ]### 
        sport     = 1234
        dport     = 4321
        len       = 13
        chksum    = 0xaf4c
###[ Raw ]### 
           load      = 'Hello'

got a packet
###[ Ethernet ]### 
  dst       = 08:00:00:00:02:00
  src       = 08:00:00:00:02:02
  type      = IPv4
###[ IP ]### 
     version   = 4
     ihl       = 5
     tos       = 0xd8
     len       = 61
     id        = 58709
     flags     = 
     frag      = 0
     ttl       = 64
     proto     = icmp
     chksum    = 0x7d90
     src       = 10.0.2.2
     dst       = 10.0.1.1
     \options   \
###[ ICMP ]### 
        type      = dest-unreach
        code      = port-unreachable
        chksum    = 0x141e
        reserved  = 0
        length    = 0
        nexthopmtu= 0
        unused    = ''
###[ IP in ICMP ]### 
           version   = 4
           ihl       = 5
           tos       = 0xb9
           len       = 33
           id        = 1
           flags     = 
           frag      = 0
           ttl       = 62
           proto     = udp
           chksum    = 0x6510
           src       = 10.0.1.1
           dst       = 10.0.2.2
           \options   \
###[ UDP in ICMP ]### 
              sport     = 1234
              dport     = 4321
              len       = 13
              chksum    = 0xaf4c
###[ Raw ]### 
                 load      = 'Hello'

got a packet
###[ Ethernet ]### 
  dst       = 08:00:00:00:02:02
  src       = 08:00:00:00:02:00
  type      = IPv4
###[ IP ]### 
     version   = 4
     ihl       = 5
     tos       = 0xb9
     len       = 33
     id        = 1
     flags     = 
     frag      = 0
     ttl       = 62
     proto     = udp
     chksum    = 0x6510
     src       = 10.0.1.1
     dst       = 10.0.2.2
     \options   \
###[ UDP ]### 
        sport     = 1234
        dport     = 4321
        len       = 13
        chksum    = 0xaf4c
###[ Raw ]### 
           load      = 'Hello'

got a packet
###[ Ethernet ]### 
  dst       = 08:00:00:00:02:00
  src       = 08:00:00:00:02:02
  type      = IPv4
###[ IP ]### 
     version   = 4
     ihl       = 5
     tos       = 0xd8
     len       = 61
     id        = 58886
     flags     = 
     frag      = 0
     ttl       = 64
     proto     = icmp
     chksum    = 0x7cdf
     src       = 10.0.2.2
     dst       = 10.0.1.1
     \options   \
###[ ICMP ]### 
        type      = dest-unreach
        code      = port-unreachable
        chksum    = 0x141e
        reserved  = 0
        length    = 0
        nexthopmtu= 0
        unused    = ''
###[ IP in ICMP ]### 
           version   = 4
           ihl       = 5
           tos       = 0xb9
           len       = 33
           id        = 1
           flags     = 
           frag      = 0
           ttl       = 62
           proto     = udp
           chksum    = 0x6510
           src       = 10.0.1.1
           dst       = 10.0.2.2
           \options   \
###[ UDP in ICMP ]### 
              sport     = 1234
              dport     = 4321
              len       = 13
              chksum    = 0xaf4c
###[ Raw ]### 
                 load      = 'Hello'

got a packet
###[ Ethernet ]### 
  dst       = 08:00:00:00:02:02
  src       = 08:00:00:00:02:00
  type      = IPv4
###[ IP ]### 
     version   = 4
     ihl       = 5
     tos       = 0xb9
     len       = 33
     id        = 1
     flags     = 
     frag      = 0
     ttl       = 62
     proto     = udp
     chksum    = 0x6510
     src       = 10.0.1.1
     dst       = 10.0.2.2
     \options   \
###[ UDP ]### 
        sport     = 1234
        dport     = 4321
        len       = 13
        chksum    = 0xaf4c
###[ Raw ]### 
           load      = 'Hello'

got a packet
###[ Ethernet ]### 
  dst       = 08:00:00:00:02:00
  src       = 08:00:00:00:02:02
  type      = IPv4
###[ IP ]### 
     version   = 4
     ihl       = 5
     tos       = 0xd8
     len       = 61
     id        = 58940
     flags     = 
     frag      = 0
     ttl       = 64
     proto     = icmp
     chksum    = 0x7ca9
     src       = 10.0.2.2
     dst       = 10.0.1.1
     \options   \
###[ ICMP ]### 
        type      = dest-unreach
        code      = port-unreachable
        chksum    = 0x141e
        reserved  = 0
        length    = 0
        nexthopmtu= 0
        unused    = ''
###[ IP in ICMP ]### 
           version   = 4
           ihl       = 5
           tos       = 0xb9
           len       = 33
           id        = 1
           flags     = 
           frag      = 0
           ttl       = 62
           proto     = udp
           chksum    = 0x6510
           src       = 10.0.1.1
           dst       = 10.0.2.2
           \options   \
###[ UDP in ICMP ]### 
              sport     = 1234
              dport     = 4321
              len       = 13
              chksum    = 0xaf4c
###[ Raw ]### 
                 load      = 'Hello'

got a packet
###[ Ethernet ]### 
  dst       = 08:00:00:00:02:02
  src       = 08:00:00:00:02:00
  type      = IPv4
###[ IP ]### 
     version   = 4
     ihl       = 5
     tos       = 0xb9
     len       = 33
     id        = 1
     flags     = 
     frag      = 0
     ttl       = 62
     proto     = udp
     chksum    = 0x6510
     src       = 10.0.1.1
     dst       = 10.0.2.2
     \options   \
###[ UDP ]### 
        sport     = 1234
        dport     = 4321
        len       = 13
        chksum    = 0xaf4c
###[ Raw ]### 
           load      = 'Hello'

got a packet
###[ Ethernet ]### 
  dst       = 08:00:00:00:02:00
  src       = 08:00:00:00:02:02
  type      = IPv4
###[ IP ]### 
     version   = 4
     ihl       = 5
     tos       = 0xd8
     len       = 61
     id        = 58973
     flags     = 
     frag      = 0
     ttl       = 64
     proto     = icmp
     chksum    = 0x7c88
     src       = 10.0.2.2
     dst       = 10.0.1.1
     \options   \
###[ ICMP ]### 
        type      = dest-unreach
        code      = port-unreachable
        chksum    = 0x141e
        reserved  = 0
        length    = 0
        nexthopmtu= 0
        unused    = ''
###[ IP in ICMP ]### 
           version   = 4
           ihl       = 5
           tos       = 0xb9
           len       = 33
           id        = 1
           flags     = 
           frag      = 0
           ttl       = 62
           proto     = udp
           chksum    = 0x6510
           src       = 10.0.1.1
           dst       = 10.0.2.2
           \options   \
###[ UDP in ICMP ]### 
              sport     = 1234
              dport     = 4321
              len       = 13
              chksum    = 0xaf4c
###[ Raw ]### 
                 load      = 'Hello'

got a packet
###[ Ethernet ]### 
  dst       = 08:00:00:00:02:02
  src       = 08:00:00:00:02:00
  type      = IPv4
###[ IP ]### 
     version   = 4
     ihl       = 5
     tos       = 0xb9
     len       = 33
     id        = 1
     flags     = 
     frag      = 0
     ttl       = 62
     proto     = udp
     chksum    = 0x6510
     src       = 10.0.1.1
     dst       = 10.0.2.2
     \options   \
###[ UDP ]### 
        sport     = 1234
        dport     = 4321
        len       = 13
        chksum    = 0xaf4c
###[ Raw ]### 
           load      = 'Hello'

got a packet
###[ Ethernet ]### 
  dst       = 08:00:00:00:02:00
  src       = 08:00:00:00:02:02
  type      = IPv4
###[ IP ]### 
     version   = 4
     ihl       = 5
     tos       = 0xd8
     len       = 61
     id        = 59093
     flags     = 
     frag      = 0
     ttl       = 64
     proto     = icmp
     chksum    = 0x7c10
     src       = 10.0.2.2
     dst       = 10.0.1.1
     \options   \
###[ ICMP ]### 
        type      = dest-unreach
        code      = port-unreachable
        chksum    = 0x141e
        reserved  = 0
        length    = 0
        nexthopmtu= 0
        unused    = ''
###[ IP in ICMP ]### 
           version   = 4
           ihl       = 5
           tos       = 0xb9
           len       = 33
           id        = 1
           flags     = 
           frag      = 0
           ttl       = 62
           proto     = udp
           chksum    = 0x6510
           src       = 10.0.1.1
           dst       = 10.0.2.2
           \options   \
###[ UDP in ICMP ]### 
              sport     = 1234
              dport     = 4321
              len       = 13
              chksum    = 0xaf4c
###[ Raw ]### 
                 load      = 'Hello'

got a packet
###[ Ethernet ]### 
  dst       = 08:00:00:00:02:02
  src       = 08:00:00:00:02:00
  type      = IPv4
###[ IP ]### 
     version   = 4
     ihl       = 5
     tos       = 0xb9
     len       = 33
     id        = 1
     flags     = 
     frag      = 0
     ttl       = 62
     proto     = udp
     chksum    = 0x6510
     src       = 10.0.1.1
     dst       = 10.0.2.2
     \options   \
###[ UDP ]### 
        sport     = 1234
        dport     = 4321
        len       = 13
        chksum    = 0xaf4c
###[ Raw ]### 
           load      = 'Hello'

got a packet
###[ Ethernet ]### 
  dst       = 08:00:00:00:02:00
  src       = 08:00:00:00:02:02
  type      = IPv4
###[ IP ]### 
     version   = 4
     ihl       = 5
     tos       = 0xd8
     len       = 61
     id        = 59260
     flags     = 
     frag      = 0
     ttl       = 64
     proto     = icmp
     chksum    = 0x7b69
     src       = 10.0.2.2
     dst       = 10.0.1.1
     \options   \
###[ ICMP ]### 
        type      = dest-unreach
        code      = port-unreachable
        chksum    = 0x141e
        reserved  = 0
        length    = 0
        nexthopmtu= 0
        unused    = ''
###[ IP in ICMP ]### 
           version   = 4
           ihl       = 5
           tos       = 0xb9
           len       = 33
           id        = 1
           flags     = 
           frag      = 0
           ttl       = 62
           proto     = udp
           chksum    = 0x6510
           src       = 10.0.1.1
           dst       = 10.0.2.2
           \options   \
###[ UDP in ICMP ]### 
              sport     = 1234
              dport     = 4321
              len       = 13
              chksum    = 0xaf4c
###[ Raw ]### 
                 load      = 'Hello'

got a packet
###[ Ethernet ]### 
  dst       = 08:00:00:00:02:02
  src       = 08:00:00:00:02:00
  type      = IPv4
###[ IP ]### 
     version   = 4
     ihl       = 5
     tos       = 0xb9
     len       = 33
     id        = 1
     flags     = 
     frag      = 0
     ttl       = 62
     proto     = udp
     chksum    = 0x6510
     src       = 10.0.1.1
     dst       = 10.0.2.2
     \options   \
###[ UDP ]### 
        sport     = 1234
        dport     = 4321
        len       = 13
        chksum    = 0xaf4c
###[ Raw ]### 
           load      = 'Hello'

got a packet
###[ Ethernet ]### 
  dst       = 08:00:00:00:02:00
  src       = 08:00:00:00:02:02
  type      = IPv4
###[ IP ]### 
     version   = 4
     ihl       = 5
     tos       = 0xd8
     len       = 61
     id        = 59385
     flags     = 
     frag      = 0
     ttl       = 64
     proto     = icmp
     chksum    = 0x7aec
     src       = 10.0.2.2
     dst       = 10.0.1.1
     \options   \
###[ ICMP ]### 
        type      = dest-unreach
        code      = port-unreachable
        chksum    = 0x141e
        reserved  = 0
        length    = 0
        nexthopmtu= 0
        unused    = ''
###[ IP in ICMP ]### 
           version   = 4
           ihl       = 5
           tos       = 0xb9
           len       = 33
           id        = 1
           flags     = 
           frag      = 0
           ttl       = 62
           proto     = udp
           chksum    = 0x6510
           src       = 10.0.1.1
           dst       = 10.0.2.2
           \options   \
###[ UDP in ICMP ]### 
              sport     = 1234
              dport     = 4321
              len       = 13
              chksum    = 0xaf4c
###[ Raw ]### 
                 load      = 'Hello'

got a packet
###[ Ethernet ]### 
  dst       = 08:00:00:00:02:02
  src       = 08:00:00:00:02:00
  type      = IPv4
###[ IP ]### 
     version   = 4
     ihl       = 5
     tos       = 0xb9
     len       = 33
     id        = 1
     flags     = 
     frag      = 0
     ttl       = 62
     proto     = udp
     chksum    = 0x6510
     src       = 10.0.1.1
     dst       = 10.0.2.2
     \options   \
###[ UDP ]### 
        sport     = 1234
        dport     = 4321
        len       = 13
        chksum    = 0xaf4c
###[ Raw ]### 
           load      = 'Hello'

got a packet
###[ Ethernet ]### 
  dst       = 08:00:00:00:02:00
  src       = 08:00:00:00:02:02
  type      = IPv4
###[ IP ]### 
     version   = 4
     ihl       = 5
     tos       = 0xd8
     len       = 61
     id        = 59416
     flags     = 
     frag      = 0
     ttl       = 64
     proto     = icmp
     chksum    = 0x7acd
     src       = 10.0.2.2
     dst       = 10.0.1.1
     \options   \
###[ ICMP ]### 
        type      = dest-unreach
        code      = port-unreachable
        chksum    = 0x141e
        reserved  = 0
        length    = 0
        nexthopmtu= 0
        unused    = ''
###[ IP in ICMP ]### 
           version   = 4
           ihl       = 5
           tos       = 0xb9
           len       = 33
           id        = 1
           flags     = 
           frag      = 0
           ttl       = 62
           proto     = udp
           chksum    = 0x6510
           src       = 10.0.1.1
           dst       = 10.0.2.2
           \options   \
###[ UDP in ICMP ]### 
              sport     = 1234
              dport     = 4321
              len       = 13
              chksum    = 0xaf4c
###[ Raw ]### 
                 load      = 'Hello'

got a packet
###[ Ethernet ]### 
  dst       = 08:00:00:00:02:02
  src       = 08:00:00:00:02:00
  type      = IPv4
###[ IP ]### 
     version   = 4
     ihl       = 5
     tos       = 0xb9
     len       = 33
     id        = 1
     flags     = 
     frag      = 0
     ttl       = 62
     proto     = udp
     chksum    = 0x6510
     src       = 10.0.1.1
     dst       = 10.0.2.2
     \options   \
###[ UDP ]### 
        sport     = 1234
        dport     = 4321
        len       = 13
        chksum    = 0xaf4c
###[ Raw ]### 
           load      = 'Hello'

got a packet
###[ Ethernet ]### 
  dst       = 08:00:00:00:02:00
  src       = 08:00:00:00:02:02
  type      = IPv4
###[ IP ]### 
     version   = 4
     ihl       = 5
     tos       = 0xd8
     len       = 61
     id        = 59653
     flags     = 
     frag      = 0
     ttl       = 64
     proto     = icmp
     chksum    = 0x79e0
     src       = 10.0.2.2
     dst       = 10.0.1.1
     \options   \
###[ ICMP ]### 
        type      = dest-unreach
        code      = port-unreachable
        chksum    = 0x141e
        reserved  = 0
        length    = 0
        nexthopmtu= 0
        unused    = ''
###[ IP in ICMP ]### 
           version   = 4
           ihl       = 5
           tos       = 0xb9
           len       = 33
           id        = 1
           flags     = 
           frag      = 0
           ttl       = 62
           proto     = udp
           chksum    = 0x6510
           src       = 10.0.1.1
           dst       = 10.0.2.2
           \options   \
###[ UDP in ICMP ]### 
              sport     = 1234
              dport     = 4321
              len       = 13
              chksum    = 0xaf4c
###[ Raw ]### 
                 load      = 'Hello'

got a packet
###[ Ethernet ]### 
  dst       = 08:00:00:00:02:02
  src       = 08:00:00:00:02:00
  type      = IPv4
###[ IP ]### 
     version   = 4
     ihl       = 5
     tos       = 0xb9
     len       = 33
     id        = 1
     flags     = 
     frag      = 0
     ttl       = 62
     proto     = udp
     chksum    = 0x6510
     src       = 10.0.1.1
     dst       = 10.0.2.2
     \options   \
###[ UDP ]### 
        sport     = 1234
        dport     = 4321
        len       = 13
        chksum    = 0xaf4c
###[ Raw ]### 
           load      = 'Hello'

got a packet
###[ Ethernet ]### 
  dst       = 08:00:00:00:02:00
  src       = 08:00:00:00:02:02
  type      = IPv4
###[ IP ]### 
     version   = 4
     ihl       = 5
     tos       = 0xd8
     len       = 61
     id        = 59747
     flags     = 
     frag      = 0
     ttl       = 64
     proto     = icmp
     chksum    = 0x7982
     src       = 10.0.2.2
     dst       = 10.0.1.1
     \options   \
###[ ICMP ]### 
        type      = dest-unreach
        code      = port-unreachable
        chksum    = 0x141e
        reserved  = 0
        length    = 0
        nexthopmtu= 0
        unused    = ''
###[ IP in ICMP ]### 
           version   = 4
           ihl       = 5
           tos       = 0xb9
           len       = 33
           id        = 1
           flags     = 
           frag      = 0
           ttl       = 62
           proto     = udp
           chksum    = 0x6510
           src       = 10.0.1.1
           dst       = 10.0.2.2
           \options   \
###[ UDP in ICMP ]### 
              sport     = 1234
              dport     = 4321
              len       = 13
              chksum    = 0xaf4c
###[ Raw ]### 
                 load      = 'Hello'

got a packet
###[ Ethernet ]### 
  dst       = 08:00:00:00:02:02
  src       = 08:00:00:00:02:00
  type      = IPv4
###[ IP ]### 
     version   = 4
     ihl       = 5
     tos       = 0xb9
     len       = 33
     id        = 1
     flags     = 
     frag      = 0
     ttl       = 62
     proto     = udp
     chksum    = 0x6510
     src       = 10.0.1.1
     dst       = 10.0.2.2
     \options   \
###[ UDP ]### 
        sport     = 1234
        dport     = 4321
        len       = 13
        chksum    = 0xaf4c
###[ Raw ]### 
           load      = 'Hello'

got a packet
###[ Ethernet ]### 
  dst       = 08:00:00:00:02:00
  src       = 08:00:00:00:02:02
  type      = IPv4
###[ IP ]### 
     version   = 4
     ihl       = 5
     tos       = 0xd8
     len       = 61
     id        = 59858
     flags     = 
     frag      = 0
     ttl       = 64
     proto     = icmp
     chksum    = 0x7913
     src       = 10.0.2.2
     dst       = 10.0.1.1
     \options   \
###[ ICMP ]### 
        type      = dest-unreach
        code      = port-unreachable
        chksum    = 0x141e
        reserved  = 0
        length    = 0
        nexthopmtu= 0
        unused    = ''
###[ IP in ICMP ]### 
           version   = 4
           ihl       = 5
           tos       = 0xb9
           len       = 33
           id        = 1
           flags     = 
           frag      = 0
           ttl       = 62
           proto     = udp
           chksum    = 0x6510
           src       = 10.0.1.1
           dst       = 10.0.2.2
           \options   \
###[ UDP in ICMP ]### 
              sport     = 1234
              dport     = 4321
              len       = 13
              chksum    = 0xaf4c
###[ Raw ]### 
                 load      = 'Hello'

got a packet
###[ Ethernet ]### 
  dst       = 08:00:00:00:02:02
  src       = 08:00:00:00:02:00
  type      = IPv4
###[ IP ]### 
     version   = 4
     ihl       = 5
     tos       = 0xb9
     len       = 33
     id        = 1
     flags     = 
     frag      = 0
     ttl       = 62
     proto     = udp
     chksum    = 0x6510
     src       = 10.0.1.1
     dst       = 10.0.2.2
     \options   \
###[ UDP ]### 
        sport     = 1234
        dport     = 4321
        len       = 13
        chksum    = 0xaf4c
###[ Raw ]### 
           load      = 'Hello'

got a packet
###[ Ethernet ]### 
  dst       = 08:00:00:00:02:00
  src       = 08:00:00:00:02:02
  type      = IPv4
###[ IP ]### 
     version   = 4
     ihl       = 5
     tos       = 0xd8
     len       = 61
     id        = 59962
     flags     = 
     frag      = 0
     ttl       = 64
     proto     = icmp
     chksum    = 0x78ab
     src       = 10.0.2.2
     dst       = 10.0.1.1
     \options   \
###[ ICMP ]### 
        type      = dest-unreach
        code      = port-unreachable
        chksum    = 0x141e
        reserved  = 0
        length    = 0
        nexthopmtu= 0
        unused    = ''
###[ IP in ICMP ]### 
           version   = 4
           ihl       = 5
           tos       = 0xb9
           len       = 33
           id        = 1
           flags     = 
           frag      = 0
           ttl       = 62
           proto     = udp
           chksum    = 0x6510
           src       = 10.0.1.1
           dst       = 10.0.2.2
           \options   \
###[ UDP in ICMP ]### 
              sport     = 1234
              dport     = 4321
              len       = 13
              chksum    = 0xaf4c
###[ Raw ]### 
                 load      = 'Hello'

got a packet
###[ Ethernet ]### 
  dst       = 08:00:00:00:02:02
  src       = 08:00:00:00:02:00
  type      = IPv4
###[ IP ]### 
     version   = 4
     ihl       = 5
     tos       = 0xb9
     len       = 33
     id        = 1
     flags     = 
     frag      = 0
     ttl       = 62
     proto     = udp
     chksum    = 0x6510
     src       = 10.0.1.1
     dst       = 10.0.2.2
     \options   \
###[ UDP ]### 
        sport     = 1234
        dport     = 4321
        len       = 13
        chksum    = 0xaf4c
###[ Raw ]### 
           load      = 'Hello'

got a packet
###[ Ethernet ]### 
  dst       = 08:00:00:00:02:00
  src       = 08:00:00:00:02:02
  type      = IPv4
###[ IP ]### 
     version   = 4
     ihl       = 5
     tos       = 0xd8
     len       = 61
     id        = 60191
     flags     = 
     frag      = 0
     ttl       = 64
     proto     = icmp
     chksum    = 0x77c6
     src       = 10.0.2.2
     dst       = 10.0.1.1
     \options   \
###[ ICMP ]### 
        type      = dest-unreach
        code      = port-unreachable
        chksum    = 0x141e
        reserved  = 0
        length    = 0
        nexthopmtu= 0
        unused    = ''
###[ IP in ICMP ]### 
           version   = 4
           ihl       = 5
           tos       = 0xb9
           len       = 33
           id        = 1
           flags     = 
           frag      = 0
           ttl       = 62
           proto     = udp
           chksum    = 0x6510
           src       = 10.0.1.1
           dst       = 10.0.2.2
           \options   \
###[ UDP in ICMP ]### 
              sport     = 1234
              dport     = 4321
              len       = 13
              chksum    = 0xaf4c
###[ Raw ]### 
                 load      = 'Hello'

got a packet
###[ Ethernet ]### 
  dst       = 08:00:00:00:02:02
  src       = 08:00:00:00:02:00
  type      = IPv4
###[ IP ]### 
     version   = 4
     ihl       = 5
     tos       = 0xb9
     len       = 33
     id        = 1
     flags     = 
     frag      = 0
     ttl       = 62
     proto     = udp
     chksum    = 0x6510
     src       = 10.0.1.1
     dst       = 10.0.2.2
     \options   \
###[ UDP ]### 
        sport     = 1234
        dport     = 4321
        len       = 13
        chksum    = 0xaf4c
###[ Raw ]### 
           load      = 'Hello'

got a packet
###[ Ethernet ]### 
  dst       = 08:00:00:00:02:00
  src       = 08:00:00:00:02:02
  type      = IPv4
###[ IP ]### 
     version   = 4
     ihl       = 5
     tos       = 0xd8
     len       = 61
     id        = 60383
     flags     = 
     frag      = 0
     ttl       = 64
     proto     = icmp
     chksum    = 0x7706
     src       = 10.0.2.2
     dst       = 10.0.1.1
     \options   \
###[ ICMP ]### 
        type      = dest-unreach
        code      = port-unreachable
        chksum    = 0x141e
        reserved  = 0
        length    = 0
        nexthopmtu= 0
        unused    = ''
###[ IP in ICMP ]### 
           version   = 4
           ihl       = 5
           tos       = 0xb9
           len       = 33
           id        = 1
           flags     = 
           frag      = 0
           ttl       = 62
           proto     = udp
           chksum    = 0x6510
           src       = 10.0.1.1
           dst       = 10.0.2.2
           \options   \
###[ UDP in ICMP ]### 
              sport     = 1234
              dport     = 4321
              len       = 13
              chksum    = 0xaf4c
###[ Raw ]### 
                 load      = 'Hello'

got a packet
###[ Ethernet ]### 
  dst       = 08:00:00:00:02:02
  src       = 08:00:00:00:02:00
  type      = IPv4
###[ IP ]### 
     version   = 4
     ihl       = 5
     tos       = 0xb9
     len       = 33
     id        = 1
     flags     = 
     frag      = 0
     ttl       = 62
     proto     = udp
     chksum    = 0x6510
     src       = 10.0.1.1
     dst       = 10.0.2.2
     \options   \
###[ UDP ]### 
        sport     = 1234
        dport     = 4321
        len       = 13
        chksum    = 0xaf4c
###[ Raw ]### 
           load      = 'Hello'

got a packet
###[ Ethernet ]### 
  dst       = 08:00:00:00:02:00
  src       = 08:00:00:00:02:02
  type      = IPv4
###[ IP ]### 
     version   = 4
     ihl       = 5
     tos       = 0xd8
     len       = 61
     id        = 60592
     flags     = 
     frag      = 0
     ttl       = 64
     proto     = icmp
     chksum    = 0x7635
     src       = 10.0.2.2
     dst       = 10.0.1.1
     \options   \
###[ ICMP ]### 
        type      = dest-unreach
        code      = port-unreachable
        chksum    = 0x141e
        reserved  = 0
        length    = 0
        nexthopmtu= 0
        unused    = ''
###[ IP in ICMP ]### 
           version   = 4
           ihl       = 5
           tos       = 0xb9
           len       = 33
           id        = 1
           flags     = 
           frag      = 0
           ttl       = 62
           proto     = udp
           chksum    = 0x6510
           src       = 10.0.1.1
           dst       = 10.0.2.2
           \options   \
###[ UDP in ICMP ]### 
              sport     = 1234
              dport     = 4321
              len       = 13
              chksum    = 0xaf4c
###[ Raw ]### 
                 load      = 'Hello'

got a packet
###[ Ethernet ]### 
  dst       = 08:00:00:00:02:02
  src       = 08:00:00:00:02:00
  type      = IPv4
###[ IP ]### 
     version   = 4
     ihl       = 5
     tos       = 0xb9
     len       = 33
     id        = 1
     flags     = 
     frag      = 0
     ttl       = 62
     proto     = udp
     chksum    = 0x6510
     src       = 10.0.1.1
     dst       = 10.0.2.2
     \options   \
###[ UDP ]### 
        sport     = 1234
        dport     = 4321
        len       = 13
        chksum    = 0xaf4c
###[ Raw ]### 
           load      = 'Hello'

got a packet
###[ Ethernet ]### 
  dst       = 08:00:00:00:02:00
  src       = 08:00:00:00:02:02
  type      = IPv4
###[ IP ]### 
     version   = 4
     ihl       = 5
     tos       = 0xd8
     len       = 61
     id        = 60704
     flags     = 
     frag      = 0
     ttl       = 64
     proto     = icmp
     chksum    = 0x75c5
     src       = 10.0.2.2
     dst       = 10.0.1.1
     \options   \
###[ ICMP ]### 
        type      = dest-unreach
        code      = port-unreachable
        chksum    = 0x141e
        reserved  = 0
        length    = 0
        nexthopmtu= 0
        unused    = ''
###[ IP in ICMP ]### 
           version   = 4
           ihl       = 5
           tos       = 0xb9
           len       = 33
           id        = 1
           flags     = 
           frag      = 0
           ttl       = 62
           proto     = udp
           chksum    = 0x6510
           src       = 10.0.1.1
           dst       = 10.0.2.2
           \options   \
###[ UDP in ICMP ]### 
              sport     = 1234
              dport     = 4321
              len       = 13
              chksum    = 0xaf4c
###[ Raw ]### 
                 load      = 'Hello'

got a packet
###[ Ethernet ]### 
  dst       = 08:00:00:00:02:02
  src       = 08:00:00:00:02:00
  type      = IPv4
###[ IP ]### 
     version   = 4
     ihl       = 5
     tos       = 0xb1
     len       = 45
     id        = 1
     flags     = 
     frag      = 0
     ttl       = 62
     proto     = tcp
     chksum    = 0x6517
     src       = 10.0.1.1
     dst       = 10.0.2.2
     \options   \
###[ TCP ]### 
        sport     = ftp_data
        dport     = http
        seq       = 0
        ack       = 0
        dataofs   = 5
        reserved  = 0
        flags     = S
        window    = 8192
        chksum    = 0x54a5
        urgptr    = 0
        options   = []
###[ Raw ]### 
           load      = 'Hello'

got a packet
###[ Ethernet ]### 
  dst       = 08:00:00:00:02:00
  src       = 08:00:00:00:02:02
  type      = IPv4
###[ IP ]### 
     version   = 4
     ihl       = 5
     tos       = 0xb0
     len       = 40
     id        = 0
     flags     = DF
     frag      = 0
     ttl       = 64
     proto     = tcp
     chksum    = 0x231e
     src       = 10.0.2.2
     dst       = 10.0.1.1
     \options   \
###[ TCP ]### 
        sport     = http
        dport     = ftp_data
        seq       = 0
        ack       = 6
        dataofs   = 5
        reserved  = 0
        flags     = RA
        window    = 0
        chksum    = 0x9864
        urgptr    = 0
        options   = ''

got a packet
###[ Ethernet ]### 
  dst       = 08:00:00:00:02:02
  src       = 08:00:00:00:02:00
  type      = IPv4
###[ IP ]### 
     version   = 4
     ihl       = 5
     tos       = 0xb1
     len       = 45
     id        = 1
     flags     = 
     frag      = 0
     ttl       = 62
     proto     = tcp
     chksum    = 0x6517
     src       = 10.0.1.1
     dst       = 10.0.2.2
     \options   \
###[ TCP ]### 
        sport     = ftp_data
        dport     = http
        seq       = 0
        ack       = 0
        dataofs   = 5
        reserved  = 0
        flags     = S
        window    = 8192
        chksum    = 0x54a5
        urgptr    = 0
        options   = []
###[ Raw ]### 
           load      = 'Hello'

got a packet
###[ Ethernet ]### 
  dst       = 08:00:00:00:02:00
  src       = 08:00:00:00:02:02
  type      = IPv4
###[ IP ]### 
     version   = 4
     ihl       = 5
     tos       = 0xb0
     len       = 40
     id        = 0
     flags     = DF
     frag      = 0
     ttl       = 64
     proto     = tcp
     chksum    = 0x231e
     src       = 10.0.2.2
     dst       = 10.0.1.1
     \options   \
###[ TCP ]### 
        sport     = http
        dport     = ftp_data
        seq       = 0
        ack       = 6
        dataofs   = 5
        reserved  = 0
        flags     = RA
        window    = 0
        chksum    = 0x9864
        urgptr    = 0
        options   = ''

got a packet
###[ Ethernet ]### 
  dst       = 08:00:00:00:02:02
  src       = 08:00:00:00:02:00
  type      = IPv4
###[ IP ]### 
     version   = 4
     ihl       = 5
     tos       = 0xb1
     len       = 45
     id        = 1
     flags     = 
     frag      = 0
     ttl       = 62
     proto     = tcp
     chksum    = 0x6517
     src       = 10.0.1.1
     dst       = 10.0.2.2
     \options   \
###[ TCP ]### 
        sport     = ftp_data
        dport     = http
        seq       = 0
        ack       = 0
        dataofs   = 5
        reserved  = 0
        flags     = S
        window    = 8192
        chksum    = 0x54a5
        urgptr    = 0
        options   = []
###[ Raw ]### 
           load      = 'Hello'

got a packet
###[ Ethernet ]### 
  dst       = 08:00:00:00:02:00
  src       = 08:00:00:00:02:02
  type      = IPv4
###[ IP ]### 
     version   = 4
     ihl       = 5
     tos       = 0xb0
     len       = 40
     id        = 0
     flags     = DF
     frag      = 0
     ttl       = 64
     proto     = tcp
     chksum    = 0x231e
     src       = 10.0.2.2
     dst       = 10.0.1.1
     \options   \
###[ TCP ]### 
        sport     = http
        dport     = ftp_data
        seq       = 0
        ack       = 6
        dataofs   = 5
        reserved  = 0
        flags     = RA
        window    = 0
        chksum    = 0x9864
        urgptr    = 0
        options   = ''

got a packet
###[ Ethernet ]### 
  dst       = 08:00:00:00:02:02
  src       = 08:00:00:00:02:00
  type      = IPv4
###[ IP ]### 
     version   = 4
     ihl       = 5
     tos       = 0xb1
     len       = 45
     id        = 1
     flags     = 
     frag      = 0
     ttl       = 62
     proto     = tcp
     chksum    = 0x6517
     src       = 10.0.1.1
     dst       = 10.0.2.2
     \options   \
###[ TCP ]### 
        sport     = ftp_data
        dport     = http
        seq       = 0
        ack       = 0
        dataofs   = 5
        reserved  = 0
        flags     = S
        window    = 8192
        chksum    = 0x54a5
        urgptr    = 0
        options   = []
###[ Raw ]### 
           load      = 'Hello'

got a packet
###[ Ethernet ]### 
  dst       = 08:00:00:00:02:00
  src       = 08:00:00:00:02:02
  type      = IPv4
###[ IP ]### 
     version   = 4
     ihl       = 5
     tos       = 0xb0
     len       = 40
     id        = 0
     flags     = DF
     frag      = 0
     ttl       = 64
     proto     = tcp
     chksum    = 0x231e
     src       = 10.0.2.2
     dst       = 10.0.1.1
     \options   \
###[ TCP ]### 
        sport     = http
        dport     = ftp_data
        seq       = 0
        ack       = 6
        dataofs   = 5
        reserved  = 0
        flags     = RA
        window    = 0
        chksum    = 0x9864
        urgptr    = 0
        options   = ''

got a packet
###[ Ethernet ]### 
  dst       = 08:00:00:00:02:02
  src       = 08:00:00:00:02:00
  type      = IPv4
###[ IP ]### 
     version   = 4
     ihl       = 5
     tos       = 0xb1
     len       = 45
     id        = 1
     flags     = 
     frag      = 0
     ttl       = 62
     proto     = tcp
     chksum    = 0x6517
     src       = 10.0.1.1
     dst       = 10.0.2.2
     \options   \
###[ TCP ]### 
        sport     = ftp_data
        dport     = http
        seq       = 0
        ack       = 0
        dataofs   = 5
        reserved  = 0
        flags     = S
        window    = 8192
        chksum    = 0x54a5
        urgptr    = 0
        options   = []
###[ Raw ]### 
           load      = 'Hello'

got a packet
###[ Ethernet ]### 
  dst       = 08:00:00:00:02:00
  src       = 08:00:00:00:02:02
  type      = IPv4
###[ IP ]### 
     version   = 4
     ihl       = 5
     tos       = 0xb0
     len       = 40
     id        = 0
     flags     = DF
     frag      = 0
     ttl       = 64
     proto     = tcp
     chksum    = 0x231e
     src       = 10.0.2.2
     dst       = 10.0.1.1
     \options   \
###[ TCP ]### 
        sport     = http
        dport     = ftp_data
        seq       = 0
        ack       = 6
        dataofs   = 5
        reserved  = 0
        flags     = RA
        window    = 0
        chksum    = 0x9864
        urgptr    = 0
        options   = ''

got a packet
###[ Ethernet ]### 
  dst       = 33:33:00:00:00:02
  src       = 22:b4:f8:a6:ea:62
  type      = IPv6
###[ IPv6 ]### 
     version   = 6
     tc        = 0
     fl        = 0
     plen      = 16
     nh        = ICMPv6
     hlim      = 255
     src       = fe80::20b4:f8ff:fea6:ea62
     dst       = ff02::2
###[ ICMPv6 Neighbor Discovery - Router Solicitation ]### 
        type      = Router Solicitation
        code      = 0
        cksum     = 0x73b2
        res       = 0
###[ ICMPv6 Neighbor Discovery Option - Source Link-Layer Address ]### 
           type      = 1
           len       = 1
           lladdr    = 22:b4:f8:a6:ea:62

got a packet
###[ Ethernet ]### 
  dst       = 08:00:00:00:02:02
  src       = 08:00:00:00:02:00
  type      = IPv4
###[ IP ]### 
     version   = 4
     ihl       = 5
     tos       = 0xb1
     len       = 45
     id        = 1
     flags     = 
     frag      = 0
     ttl       = 62
     proto     = tcp
     chksum    = 0x6517
     src       = 10.0.1.1
     dst       = 10.0.2.2
     \options   \
###[ TCP ]### 
        sport     = ftp_data
        dport     = http
        seq       = 0
        ack       = 0
        dataofs   = 5
        reserved  = 0
        flags     = S
        window    = 8192
        chksum    = 0x54a5
        urgptr    = 0
        options   = []
###[ Raw ]### 
           load      = 'Hello'

got a packet
###[ Ethernet ]### 
  dst       = 08:00:00:00:02:00
  src       = 08:00:00:00:02:02
  type      = IPv4
###[ IP ]### 
     version   = 4
     ihl       = 5
     tos       = 0xb0
     len       = 40
     id        = 0
     flags     = DF
     frag      = 0
     ttl       = 64
     proto     = tcp
     chksum    = 0x231e
     src       = 10.0.2.2
     dst       = 10.0.1.1
     \options   \
###[ TCP ]### 
        sport     = http
        dport     = ftp_data
        seq       = 0
        ack       = 6
        dataofs   = 5
        reserved  = 0
        flags     = RA
        window    = 0
        chksum    = 0x9864
        urgptr    = 0
        options   = ''

got a packet
###[ Ethernet ]### 
  dst       = 08:00:00:00:02:02
  src       = 08:00:00:00:02:00
  type      = IPv4
###[ IP ]### 
     version   = 4
     ihl       = 5
     tos       = 0xb1
     len       = 45
     id        = 1
     flags     = 
     frag      = 0
     ttl       = 62
     proto     = tcp
     chksum    = 0x6517
     src       = 10.0.1.1
     dst       = 10.0.2.2
     \options   \
###[ TCP ]### 
        sport     = ftp_data
        dport     = http
        seq       = 0
        ack       = 0
        dataofs   = 5
        reserved  = 0
        flags     = S
        window    = 8192
        chksum    = 0x54a5
        urgptr    = 0
        options   = []
###[ Raw ]### 
           load      = 'Hello'

got a packet
###[ Ethernet ]### 
  dst       = 08:00:00:00:02:00
  src       = 08:00:00:00:02:02
  type      = IPv4
###[ IP ]### 
     version   = 4
     ihl       = 5
     tos       = 0xb0
     len       = 40
     id        = 0
     flags     = DF
     frag      = 0
     ttl       = 64
     proto     = tcp
     chksum    = 0x231e
     src       = 10.0.2.2
     dst       = 10.0.1.1
     \options   \
###[ TCP ]### 
        sport     = http
        dport     = ftp_data
        seq       = 0
        ack       = 6
        dataofs   = 5
        reserved  = 0
        flags     = RA
        window    = 0
        chksum    = 0x9864
        urgptr    = 0
        options   = ''

got a packet
###[ Ethernet ]### 
  dst       = 08:00:00:00:02:02
  src       = 08:00:00:00:02:00
  type      = IPv4
###[ IP ]### 
     version   = 4
     ihl       = 5
     tos       = 0xb1
     len       = 45
     id        = 1
     flags     = 
     frag      = 0
     ttl       = 62
     proto     = tcp
     chksum    = 0x6517
     src       = 10.0.1.1
     dst       = 10.0.2.2
     \options   \
###[ TCP ]### 
        sport     = ftp_data
        dport     = http
        seq       = 0
        ack       = 0
        dataofs   = 5
        reserved  = 0
        flags     = S
        window    = 8192
        chksum    = 0x54a5
        urgptr    = 0
        options   = []
###[ Raw ]### 
           load      = 'Hello'

got a packet
###[ Ethernet ]### 
  dst       = 08:00:00:00:02:00
  src       = 08:00:00:00:02:02
  type      = IPv4
###[ IP ]### 
     version   = 4
     ihl       = 5
     tos       = 0xb0
     len       = 40
     id        = 0
     flags     = DF
     frag      = 0
     ttl       = 64
     proto     = tcp
     chksum    = 0x231e
     src       = 10.0.2.2
     dst       = 10.0.1.1
     \options   \
###[ TCP ]### 
        sport     = http
        dport     = ftp_data
        seq       = 0
        ack       = 6
        dataofs   = 5
        reserved  = 0
        flags     = RA
        window    = 0
        chksum    = 0x9864
        urgptr    = 0
        options   = ''

got a packet
###[ Ethernet ]### 
  dst       = 08:00:00:00:02:02
  src       = 08:00:00:00:02:00
  type      = IPv4
###[ IP ]### 
     version   = 4
     ihl       = 5
     tos       = 0xb1
     len       = 45
     id        = 1
     flags     = 
     frag      = 0
     ttl       = 62
     proto     = tcp
     chksum    = 0x6517
     src       = 10.0.1.1
     dst       = 10.0.2.2
     \options   \
###[ TCP ]### 
        sport     = ftp_data
        dport     = http
        seq       = 0
        ack       = 0
        dataofs   = 5
        reserved  = 0
        flags     = S
        window    = 8192
        chksum    = 0x54a5
        urgptr    = 0
        options   = []
###[ Raw ]### 
           load      = 'Hello'

got a packet
###[ Ethernet ]### 
  dst       = 08:00:00:00:02:00
  src       = 08:00:00:00:02:02
  type      = IPv4
###[ IP ]### 
     version   = 4
     ihl       = 5
     tos       = 0xb0
     len       = 40
     id        = 0
     flags     = DF
     frag      = 0
     ttl       = 64
     proto     = tcp
     chksum    = 0x231e
     src       = 10.0.2.2
     dst       = 10.0.1.1
     \options   \
###[ TCP ]### 
        sport     = http
        dport     = ftp_data
        seq       = 0
        ack       = 6
        dataofs   = 5
        reserved  = 0
        flags     = RA
        window    = 0
        chksum    = 0x9864
        urgptr    = 0
        options   = ''

got a packet
###[ Ethernet ]### 
  dst       = 08:00:00:00:02:02
  src       = 08:00:00:00:02:00
  type      = IPv4
###[ IP ]### 
     version   = 4
     ihl       = 5
     tos       = 0xb1
     len       = 45
     id        = 1
     flags     = 
     frag      = 0
     ttl       = 62
     proto     = tcp
     chksum    = 0x6517
     src       = 10.0.1.1
     dst       = 10.0.2.2
     \options   \
###[ TCP ]### 
        sport     = ftp_data
        dport     = http
        seq       = 0
        ack       = 0
        dataofs   = 5
        reserved  = 0
        flags     = S
        window    = 8192
        chksum    = 0x54a5
        urgptr    = 0
        options   = []
###[ Raw ]### 
           load      = 'Hello'

got a packet
###[ Ethernet ]### 
  dst       = 08:00:00:00:02:00
  src       = 08:00:00:00:02:02
  type      = IPv4
###[ IP ]### 
     version   = 4
     ihl       = 5
     tos       = 0xb0
     len       = 40
     id        = 0
     flags     = DF
     frag      = 0
     ttl       = 64
     proto     = tcp
     chksum    = 0x231e
     src       = 10.0.2.2
     dst       = 10.0.1.1
     \options   \
###[ TCP ]### 
        sport     = http
        dport     = ftp_data
        seq       = 0
        ack       = 6
        dataofs   = 5
        reserved  = 0
        flags     = RA
        window    = 0
        chksum    = 0x9864
        urgptr    = 0
        options   = ''

got a packet
###[ Ethernet ]### 
  dst       = 08:00:00:00:02:02
  src       = 08:00:00:00:02:00
  type      = IPv4
###[ IP ]### 
     version   = 4
     ihl       = 5
     tos       = 0xb1
     len       = 45
     id        = 1
     flags     = 
     frag      = 0
     ttl       = 62
     proto     = tcp
     chksum    = 0x6517
     src       = 10.0.1.1
     dst       = 10.0.2.2
     \options   \
###[ TCP ]### 
        sport     = ftp_data
        dport     = http
        seq       = 0
        ack       = 0
        dataofs   = 5
        reserved  = 0
        flags     = S
        window    = 8192
        chksum    = 0x54a5
        urgptr    = 0
        options   = []
###[ Raw ]### 
           load      = 'Hello'

got a packet
###[ Ethernet ]### 
  dst       = 08:00:00:00:02:00
  src       = 08:00:00:00:02:02
  type      = IPv4
###[ IP ]### 
     version   = 4
     ihl       = 5
     tos       = 0xb0
     len       = 40
     id        = 0
     flags     = DF
     frag      = 0
     ttl       = 64
     proto     = tcp
     chksum    = 0x231e
     src       = 10.0.2.2
     dst       = 10.0.1.1
     \options   \
###[ TCP ]### 
        sport     = http
        dport     = ftp_data
        seq       = 0
        ack       = 6
        dataofs   = 5
        reserved  = 0
        flags     = RA
        window    = 0
        chksum    = 0x9864
        urgptr    = 0
        options   = ''

got a packet
###[ Ethernet ]### 
  dst       = 08:00:00:00:02:02
  src       = 08:00:00:00:02:00
  type      = IPv4
###[ IP ]### 
     version   = 4
     ihl       = 5
     tos       = 0xb1
     len       = 45
     id        = 1
     flags     = 
     frag      = 0
     ttl       = 62
     proto     = tcp
     chksum    = 0x6517
     src       = 10.0.1.1
     dst       = 10.0.2.2
     \options   \
###[ TCP ]### 
        sport     = ftp_data
        dport     = http
        seq       = 0
        ack       = 0
        dataofs   = 5
        reserved  = 0
        flags     = S
        window    = 8192
        chksum    = 0x54a5
        urgptr    = 0
        options   = []
###[ Raw ]### 
           load      = 'Hello'

got a packet
###[ Ethernet ]### 
  dst       = 08:00:00:00:02:00
  src       = 08:00:00:00:02:02
  type      = IPv4
###[ IP ]### 
     version   = 4
     ihl       = 5
     tos       = 0xb0
     len       = 40
     id        = 0
     flags     = DF
     frag      = 0
     ttl       = 64
     proto     = tcp
     chksum    = 0x231e
     src       = 10.0.2.2
     dst       = 10.0.1.1
     \options   \
###[ TCP ]### 
        sport     = http
        dport     = ftp_data
        seq       = 0
        ack       = 6
        dataofs   = 5
        reserved  = 0
        flags     = RA
        window    = 0
        chksum    = 0x9864
        urgptr    = 0
        options   = ''

got a packet
###[ Ethernet ]### 
  dst       = 08:00:00:00:02:02
  src       = 08:00:00:00:02:00
  type      = IPv4
###[ IP ]### 
     version   = 4
     ihl       = 5
     tos       = 0xb1
     len       = 45
     id        = 1
     flags     = 
     frag      = 0
     ttl       = 62
     proto     = tcp
     chksum    = 0x6517
     src       = 10.0.1.1
     dst       = 10.0.2.2
     \options   \
###[ TCP ]### 
        sport     = ftp_data
        dport     = http
        seq       = 0
        ack       = 0
        dataofs   = 5
        reserved  = 0
        flags     = S
        window    = 8192
        chksum    = 0x54a5
        urgptr    = 0
        options   = []
###[ Raw ]### 
           load      = 'Hello'

got a packet
###[ Ethernet ]### 
  dst       = 08:00:00:00:02:00
  src       = 08:00:00:00:02:02
  type      = IPv4
###[ IP ]### 
     version   = 4
     ihl       = 5
     tos       = 0xb0
     len       = 40
     id        = 0
     flags     = DF
     frag      = 0
     ttl       = 64
     proto     = tcp
     chksum    = 0x231e
     src       = 10.0.2.2
     dst       = 10.0.1.1
     \options   \
###[ TCP ]### 
        sport     = http
        dport     = ftp_data
        seq       = 0
        ack       = 6
        dataofs   = 5
        reserved  = 0
        flags     = RA
        window    = 0
        chksum    = 0x9864
        urgptr    = 0
        options   = ''

got a packet
###[ Ethernet ]### 
  dst       = 08:00:00:00:02:02
  src       = 08:00:00:00:02:00
  type      = IPv4
###[ IP ]### 
     version   = 4
     ihl       = 5
     tos       = 0xb1
     len       = 45
     id        = 1
     flags     = 
     frag      = 0
     ttl       = 62
     proto     = tcp
     chksum    = 0x6517
     src       = 10.0.1.1
     dst       = 10.0.2.2
     \options   \
###[ TCP ]### 
        sport     = ftp_data
        dport     = http
        seq       = 0
        ack       = 0
        dataofs   = 5
        reserved  = 0
        flags     = S
        window    = 8192
        chksum    = 0x54a5
        urgptr    = 0
        options   = []
###[ Raw ]### 
           load      = 'Hello'

got a packet
###[ Ethernet ]### 
  dst       = 08:00:00:00:02:00
  src       = 08:00:00:00:02:02
  type      = IPv4
###[ IP ]### 
     version   = 4
     ihl       = 5
     tos       = 0xb0
     len       = 40
     id        = 0
     flags     = DF
     frag      = 0
     ttl       = 64
     proto     = tcp
     chksum    = 0x231e
     src       = 10.0.2.2
     dst       = 10.0.1.1
     \options   \
###[ TCP ]### 
        sport     = http
        dport     = ftp_data
        seq       = 0
        ack       = 6
        dataofs   = 5
        reserved  = 0
        flags     = RA
        window    = 0
        chksum    = 0x9864
        urgptr    = 0
        options   = ''

got a packet
###[ Ethernet ]### 
  dst       = 08:00:00:00:02:02
  src       = 08:00:00:00:02:00
  type      = IPv4
###[ IP ]### 
     version   = 4
     ihl       = 5
     tos       = 0xb1
     len       = 45
     id        = 1
     flags     = 
     frag      = 0
     ttl       = 62
     proto     = tcp
     chksum    = 0x6517
     src       = 10.0.1.1
     dst       = 10.0.2.2
     \options   \
###[ TCP ]### 
        sport     = ftp_data
        dport     = http
        seq       = 0
        ack       = 0
        dataofs   = 5
        reserved  = 0
        flags     = S
        window    = 8192
        chksum    = 0x54a5
        urgptr    = 0
        options   = []
###[ Raw ]### 
           load      = 'Hello'

got a packet
###[ Ethernet ]### 
  dst       = 08:00:00:00:02:00
  src       = 08:00:00:00:02:02
  type      = IPv4
###[ IP ]### 
     version   = 4
     ihl       = 5
     tos       = 0xb0
     len       = 40
     id        = 0
     flags     = DF
     frag      = 0
     ttl       = 64
     proto     = tcp
     chksum    = 0x231e
     src       = 10.0.2.2
     dst       = 10.0.1.1
     \options   \
###[ TCP ]### 
        sport     = http
        dport     = ftp_data
        seq       = 0
        ack       = 6
        dataofs   = 5
        reserved  = 0
        flags     = RA
        window    = 0
        chksum    = 0x9864
        urgptr    = 0
        options   = ''

got a packet
###[ Ethernet ]### 
  dst       = 08:00:00:00:02:02
  src       = 08:00:00:00:02:00
  type      = IPv4
###[ IP ]### 
     version   = 4
     ihl       = 5
     tos       = 0xb1
     len       = 45
     id        = 1
     flags     = 
     frag      = 0
     ttl       = 62
     proto     = tcp
     chksum    = 0x6517
     src       = 10.0.1.1
     dst       = 10.0.2.2
     \options   \
###[ TCP ]### 
        sport     = ftp_data
        dport     = http
        seq       = 0
        ack       = 0
        dataofs   = 5
        reserved  = 0
        flags     = S
        window    = 8192
        chksum    = 0x54a5
        urgptr    = 0
        options   = []
###[ Raw ]### 
           load      = 'Hello'

got a packet
###[ Ethernet ]### 
  dst       = 08:00:00:00:02:00
  src       = 08:00:00:00:02:02
  type      = IPv4
###[ IP ]### 
     version   = 4
     ihl       = 5
     tos       = 0xb0
     len       = 40
     id        = 0
     flags     = DF
     frag      = 0
     ttl       = 64
     proto     = tcp
     chksum    = 0x231e
     src       = 10.0.2.2
     dst       = 10.0.1.1
     \options   \
###[ TCP ]### 
        sport     = http
        dport     = ftp_data
        seq       = 0
        ack       = 6
        dataofs   = 5
        reserved  = 0
        flags     = RA
        window    = 0
        chksum    = 0x9864
        urgptr    = 0
        options   = ''

got a packet
###[ Ethernet ]### 
  dst       = 08:00:00:00:02:02
  src       = 08:00:00:00:02:00
  type      = IPv4
###[ IP ]### 
     version   = 4
     ihl       = 5
     tos       = 0xb1
     len       = 45
     id        = 1
     flags     = 
     frag      = 0
     ttl       = 62
     proto     = tcp
     chksum    = 0x6517
     src       = 10.0.1.1
     dst       = 10.0.2.2
     \options   \
###[ TCP ]### 
        sport     = ftp_data
        dport     = http
        seq       = 0
        ack       = 0
        dataofs   = 5
        reserved  = 0
        flags     = S
        window    = 8192
        chksum    = 0x54a5
        urgptr    = 0
        options   = []
###[ Raw ]### 
           load      = 'Hello'

got a packet
###[ Ethernet ]### 
  dst       = 08:00:00:00:02:00
  src       = 08:00:00:00:02:02
  type      = IPv4
###[ IP ]### 
     version   = 4
     ihl       = 5
     tos       = 0xb0
     len       = 40
     id        = 0
     flags     = DF
     frag      = 0
     ttl       = 64
     proto     = tcp
     chksum    = 0x231e
     src       = 10.0.2.2
     dst       = 10.0.1.1
     \options   \
###[ TCP ]### 
        sport     = http
        dport     = ftp_data
        seq       = 0
        ack       = 6
        dataofs   = 5
        reserved  = 0
        flags     = RA
        window    = 0
        chksum    = 0x9864
        urgptr    = 0
        options   = ''

got a packet
###[ Ethernet ]### 
  dst       = 08:00:00:00:02:02
  src       = 08:00:00:00:02:00
  type      = IPv4
###[ IP ]### 
     version   = 4
     ihl       = 5
     tos       = 0xb1
     len       = 45
     id        = 1
     flags     = 
     frag      = 0
     ttl       = 62
     proto     = tcp
     chksum    = 0x6517
     src       = 10.0.1.1
     dst       = 10.0.2.2
     \options   \
###[ TCP ]### 
        sport     = ftp_data
        dport     = http
        seq       = 0
        ack       = 0
        dataofs   = 5
        reserved  = 0
        flags     = S
        window    = 8192
        chksum    = 0x54a5
        urgptr    = 0
        options   = []
###[ Raw ]### 
           load      = 'Hello'

got a packet
###[ Ethernet ]### 
  dst       = 08:00:00:00:02:00
  src       = 08:00:00:00:02:02
  type      = IPv4
###[ IP ]### 
     version   = 4
     ihl       = 5
     tos       = 0xb0
     len       = 40
     id        = 0
     flags     = DF
     frag      = 0
     ttl       = 64
     proto     = tcp
     chksum    = 0x231e
     src       = 10.0.2.2
     dst       = 10.0.1.1
     \options   \
###[ TCP ]### 
        sport     = http
        dport     = ftp_data
        seq       = 0
        ack       = 6
        dataofs   = 5
        reserved  = 0
        flags     = RA
        window    = 0
        chksum    = 0x9864
        urgptr    = 0
        options   = ''

got a packet
###[ Ethernet ]### 
  dst       = 08:00:00:00:02:02
  src       = 08:00:00:00:02:00
  type      = IPv4
###[ IP ]### 
     version   = 4
     ihl       = 5
     tos       = 0xb1
     len       = 45
     id        = 1
     flags     = 
     frag      = 0
     ttl       = 62
     proto     = tcp
     chksum    = 0x6517
     src       = 10.0.1.1
     dst       = 10.0.2.2
     \options   \
###[ TCP ]### 
        sport     = ftp_data
        dport     = http
        seq       = 0
        ack       = 0
        dataofs   = 5
        reserved  = 0
        flags     = S
        window    = 8192
        chksum    = 0x54a5
        urgptr    = 0
        options   = []
###[ Raw ]### 
           load      = 'Hello'

got a packet
###[ Ethernet ]### 
  dst       = 08:00:00:00:02:00
  src       = 08:00:00:00:02:02
  type      = IPv4
###[ IP ]### 
     version   = 4
     ihl       = 5
     tos       = 0xb0
     len       = 40
     id        = 0
     flags     = DF
     frag      = 0
     ttl       = 64
     proto     = tcp
     chksum    = 0x231e
     src       = 10.0.2.2
     dst       = 10.0.1.1
     \options   \
###[ TCP ]### 
        sport     = http
        dport     = ftp_data
        seq       = 0
        ack       = 6
        dataofs   = 5
        reserved  = 0
        flags     = RA
        window    = 0
        chksum    = 0x9864
        urgptr    = 0
        options   = ''

got a packet
###[ Ethernet ]### 
  dst       = 08:00:00:00:02:02
  src       = 08:00:00:00:02:00
  type      = IPv4
###[ IP ]### 
     version   = 4
     ihl       = 5
     tos       = 0xb1
     len       = 45
     id        = 1
     flags     = 
     frag      = 0
     ttl       = 62
     proto     = tcp
     chksum    = 0x6517
     src       = 10.0.1.1
     dst       = 10.0.2.2
     \options   \
###[ TCP ]### 
        sport     = ftp_data
        dport     = http
        seq       = 0
        ack       = 0
        dataofs   = 5
        reserved  = 0
        flags     = S
        window    = 8192
        chksum    = 0x54a5
        urgptr    = 0
        options   = []
###[ Raw ]### 
           load      = 'Hello'

got a packet
###[ Ethernet ]### 
  dst       = 08:00:00:00:02:00
  src       = 08:00:00:00:02:02
  type      = IPv4
###[ IP ]### 
     version   = 4
     ihl       = 5
     tos       = 0xb0
     len       = 40
     id        = 0
     flags     = DF
     frag      = 0
     ttl       = 64
     proto     = tcp
     chksum    = 0x231e
     src       = 10.0.2.2
     dst       = 10.0.1.1
     \options   \
###[ TCP ]### 
        sport     = http
        dport     = ftp_data
        seq       = 0
        ack       = 6
        dataofs   = 5
        reserved  = 0
        flags     = RA
        window    = 0
        chksum    = 0x9864
        urgptr    = 0
        options   = ''

got a packet
###[ Ethernet ]### 
  dst       = 08:00:00:00:02:02
  src       = 08:00:00:00:02:00
  type      = IPv4
###[ IP ]### 
     version   = 4
     ihl       = 5
     tos       = 0xb1
     len       = 45
     id        = 1
     flags     = 
     frag      = 0
     ttl       = 62
     proto     = tcp
     chksum    = 0x6517
     src       = 10.0.1.1
     dst       = 10.0.2.2
     \options   \
###[ TCP ]### 
        sport     = ftp_data
        dport     = http
        seq       = 0
        ack       = 0
        dataofs   = 5
        reserved  = 0
        flags     = S
        window    = 8192
        chksum    = 0x54a5
        urgptr    = 0
        options   = []
###[ Raw ]### 
           load      = 'Hello'

got a packet
###[ Ethernet ]### 
  dst       = 08:00:00:00:02:00
  src       = 08:00:00:00:02:02
  type      = IPv4
###[ IP ]### 
     version   = 4
     ihl       = 5
     tos       = 0xb0
     len       = 40
     id        = 0
     flags     = DF
     frag      = 0
     ttl       = 64
     proto     = tcp
     chksum    = 0x231e
     src       = 10.0.2.2
     dst       = 10.0.1.1
     \options   \
###[ TCP ]### 
        sport     = http
        dport     = ftp_data
        seq       = 0
        ack       = 6
        dataofs   = 5
        reserved  = 0
        flags     = RA
        window    = 0
        chksum    = 0x9864
        urgptr    = 0
        options   = ''

got a packet
###[ Ethernet ]### 
  dst       = 08:00:00:00:02:02
  src       = 08:00:00:00:02:00
  type      = IPv4
###[ IP ]### 
     version   = 4
     ihl       = 5
     tos       = 0xb1
     len       = 45
     id        = 1
     flags     = 
     frag      = 0
     ttl       = 62
     proto     = tcp
     chksum    = 0x6517
     src       = 10.0.1.1
     dst       = 10.0.2.2
     \options   \
###[ TCP ]### 
        sport     = ftp_data
        dport     = http
        seq       = 0
        ack       = 0
        dataofs   = 5
        reserved  = 0
        flags     = S
        window    = 8192
        chksum    = 0x54a5
        urgptr    = 0
        options   = []
###[ Raw ]### 
           load      = 'Hello'

got a packet
###[ Ethernet ]### 
  dst       = 08:00:00:00:02:00
  src       = 08:00:00:00:02:02
  type      = IPv4
###[ IP ]### 
     version   = 4
     ihl       = 5
     tos       = 0xb0
     len       = 40
     id        = 0
     flags     = DF
     frag      = 0
     ttl       = 64
     proto     = tcp
     chksum    = 0x231e
     src       = 10.0.2.2
     dst       = 10.0.1.1
     \options   \
###[ TCP ]### 
        sport     = http
        dport     = ftp_data
        seq       = 0
        ack       = 6
        dataofs   = 5
        reserved  = 0
        flags     = RA
        window    = 0
        chksum    = 0x9864
        urgptr    = 0
        options   = ''

got a packet
###[ Ethernet ]### 
  dst       = 08:00:00:00:02:02
  src       = 08:00:00:00:02:00
  type      = IPv4
###[ IP ]### 
     version   = 4
     ihl       = 5
     tos       = 0xb1
     len       = 45
     id        = 1
     flags     = 
     frag      = 0
     ttl       = 62
     proto     = tcp
     chksum    = 0x6517
     src       = 10.0.1.1
     dst       = 10.0.2.2
     \options   \
###[ TCP ]### 
        sport     = ftp_data
        dport     = http
        seq       = 0
        ack       = 0
        dataofs   = 5
        reserved  = 0
        flags     = S
        window    = 8192
        chksum    = 0x54a5
        urgptr    = 0
        options   = []
###[ Raw ]### 
           load      = 'Hello'

got a packet
###[ Ethernet ]### 
  dst       = 08:00:00:00:02:00
  src       = 08:00:00:00:02:02
  type      = IPv4
###[ IP ]### 
     version   = 4
     ihl       = 5
     tos       = 0xb0
     len       = 40
     id        = 0
     flags     = DF
     frag      = 0
     ttl       = 64
     proto     = tcp
     chksum    = 0x231e
     src       = 10.0.2.2
     dst       = 10.0.1.1
     \options   \
###[ TCP ]### 
        sport     = http
        dport     = ftp_data
        seq       = 0
        ack       = 6
        dataofs   = 5
        reserved  = 0
        flags     = RA
        window    = 0
        chksum    = 0x9864
        urgptr    = 0
        options   = ''

got a packet
###[ Ethernet ]### 
  dst       = 08:00:00:00:02:02
  src       = 08:00:00:00:02:00
  type      = IPv4
###[ IP ]### 
     version   = 4
     ihl       = 5
     tos       = 0xb1
     len       = 45
     id        = 1
     flags     = 
     frag      = 0
     ttl       = 62
     proto     = tcp
     chksum    = 0x6517
     src       = 10.0.1.1
     dst       = 10.0.2.2
     \options   \
###[ TCP ]### 
        sport     = ftp_data
        dport     = http
        seq       = 0
        ack       = 0
        dataofs   = 5
        reserved  = 0
        flags     = S
        window    = 8192
        chksum    = 0x54a5
        urgptr    = 0
        options   = []
###[ Raw ]### 
           load      = 'Hello'

got a packet
###[ Ethernet ]### 
  dst       = 08:00:00:00:02:00
  src       = 08:00:00:00:02:02
  type      = IPv4
###[ IP ]### 
     version   = 4
     ihl       = 5
     tos       = 0xb0
     len       = 40
     id        = 0
     flags     = DF
     frag      = 0
     ttl       = 64
     proto     = tcp
     chksum    = 0x231e
     src       = 10.0.2.2
     dst       = 10.0.1.1
     \options   \
###[ TCP ]### 
        sport     = http
        dport     = ftp_data
        seq       = 0
        ack       = 6
        dataofs   = 5
        reserved  = 0
        flags     = RA
        window    = 0
        chksum    = 0x9864
        urgptr    = 0
        options   = ''

got a packet
###[ Ethernet ]### 
  dst       = 08:00:00:00:02:02
  src       = 08:00:00:00:02:00
  type      = IPv4
###[ IP ]### 
     version   = 4
     ihl       = 5
     tos       = 0xb1
     len       = 45
     id        = 1
     flags     = 
     frag      = 0
     ttl       = 62
     proto     = tcp
     chksum    = 0x6517
     src       = 10.0.1.1
     dst       = 10.0.2.2
     \options   \
###[ TCP ]### 
        sport     = ftp_data
        dport     = http
        seq       = 0
        ack       = 0
        dataofs   = 5
        reserved  = 0
        flags     = S
        window    = 8192
        chksum    = 0x54a5
        urgptr    = 0
        options   = []
###[ Raw ]### 
           load      = 'Hello'

got a packet
###[ Ethernet ]### 
  dst       = 08:00:00:00:02:00
  src       = 08:00:00:00:02:02
  type      = IPv4
###[ IP ]### 
     version   = 4
     ihl       = 5
     tos       = 0xb0
     len       = 40
     id        = 0
     flags     = DF
     frag      = 0
     ttl       = 64
     proto     = tcp
     chksum    = 0x231e
     src       = 10.0.2.2
     dst       = 10.0.1.1
     \options   \
###[ TCP ]### 
        sport     = http
        dport     = ftp_data
        seq       = 0
        ack       = 6
        dataofs   = 5
        reserved  = 0
        flags     = RA
        window    = 0
        chksum    = 0x9864
        urgptr    = 0
        options   = ''

got a packet
###[ Ethernet ]### 
  dst       = 08:00:00:00:02:02
  src       = 08:00:00:00:02:00
  type      = IPv4
###[ IP ]### 
     version   = 4
     ihl       = 5
     tos       = 0xb1
     len       = 45
     id        = 1
     flags     = 
     frag      = 0
     ttl       = 62
     proto     = tcp
     chksum    = 0x6517
     src       = 10.0.1.1
     dst       = 10.0.2.2
     \options   \
###[ TCP ]### 
        sport     = ftp_data
        dport     = http
        seq       = 0
        ack       = 0
        dataofs   = 5
        reserved  = 0
        flags     = S
        window    = 8192
        chksum    = 0x54a5
        urgptr    = 0
        options   = []
###[ Raw ]### 
           load      = 'Hello'

got a packet
###[ Ethernet ]### 
  dst       = 08:00:00:00:02:00
  src       = 08:00:00:00:02:02
  type      = IPv4
###[ IP ]### 
     version   = 4
     ihl       = 5
     tos       = 0xb0
     len       = 40
     id        = 0
     flags     = DF
     frag      = 0
     ttl       = 64
     proto     = tcp
     chksum    = 0x231e
     src       = 10.0.2.2
     dst       = 10.0.1.1
     \options   \
###[ TCP ]### 
        sport     = http
        dport     = ftp_data
        seq       = 0
        ack       = 6
        dataofs   = 5
        reserved  = 0
        flags     = RA
        window    = 0
        chksum    = 0x9864
        urgptr    = 0
        options   = ''

got a packet
###[ Ethernet ]### 
  dst       = 08:00:00:00:02:02
  src       = 08:00:00:00:02:00
  type      = IPv4
###[ IP ]### 
     version   = 4
     ihl       = 5
     tos       = 0xb1
     len       = 45
     id        = 1
     flags     = 
     frag      = 0
     ttl       = 62
     proto     = tcp
     chksum    = 0x6517
     src       = 10.0.1.1
     dst       = 10.0.2.2
     \options   \
###[ TCP ]### 
        sport     = ftp_data
        dport     = http
        seq       = 0
        ack       = 0
        dataofs   = 5
        reserved  = 0
        flags     = S
        window    = 8192
        chksum    = 0x54a5
        urgptr    = 0
        options   = []
###[ Raw ]### 
           load      = 'Hello'

got a packet
###[ Ethernet ]### 
  dst       = 08:00:00:00:02:00
  src       = 08:00:00:00:02:02
  type      = IPv4
###[ IP ]### 
     version   = 4
     ihl       = 5
     tos       = 0xb0
     len       = 40
     id        = 0
     flags     = DF
     frag      = 0
     ttl       = 64
     proto     = tcp
     chksum    = 0x231e
     src       = 10.0.2.2
     dst       = 10.0.1.1
     \options   \
###[ TCP ]### 
        sport     = http
        dport     = ftp_data
        seq       = 0
        ack       = 6
        dataofs   = 5
        reserved  = 0
        flags     = RA
        window    = 0
        chksum    = 0x9864
        urgptr    = 0
        options   = ''

got a packet
###[ Ethernet ]### 
  dst       = 08:00:00:00:02:02
  src       = 08:00:00:00:02:00
  type      = IPv4
###[ IP ]### 
     version   = 4
     ihl       = 5
     tos       = 0xb1
     len       = 45
     id        = 1
     flags     = 
     frag      = 0
     ttl       = 62
     proto     = tcp
     chksum    = 0x6517
     src       = 10.0.1.1
     dst       = 10.0.2.2
     \options   \
###[ TCP ]### 
        sport     = ftp_data
        dport     = http
        seq       = 0
        ack       = 0
        dataofs   = 5
        reserved  = 0
        flags     = S
        window    = 8192
        chksum    = 0x54a5
        urgptr    = 0
        options   = []
###[ Raw ]### 
           load      = 'Hello'

got a packet
###[ Ethernet ]### 
  dst       = 08:00:00:00:02:00
  src       = 08:00:00:00:02:02
  type      = IPv4
###[ IP ]### 
     version   = 4
     ihl       = 5
     tos       = 0xb0
     len       = 40
     id        = 0
     flags     = DF
     frag      = 0
     ttl       = 64
     proto     = tcp
     chksum    = 0x231e
     src       = 10.0.2.2
     dst       = 10.0.1.1
     \options   \
###[ TCP ]### 
        sport     = http
        dport     = ftp_data
        seq       = 0
        ack       = 6
        dataofs   = 5
        reserved  = 0
        flags     = RA
        window    = 0
        chksum    = 0x9864
        urgptr    = 0
        options   = ''

got a packet
###[ Ethernet ]### 
  dst       = 08:00:00:00:02:02
  src       = 08:00:00:00:02:00
  type      = IPv4
###[ IP ]### 
     version   = 4
     ihl       = 5
     tos       = 0xb1
     len       = 45
     id        = 1
     flags     = 
     frag      = 0
     ttl       = 62
     proto     = tcp
     chksum    = 0x6517
     src       = 10.0.1.1
     dst       = 10.0.2.2
     \options   \
###[ TCP ]### 
        sport     = ftp_data
        dport     = http
        seq       = 0
        ack       = 0
        dataofs   = 5
        reserved  = 0
        flags     = S
        window    = 8192
        chksum    = 0x54a5
        urgptr    = 0
        options   = []
###[ Raw ]### 
           load      = 'Hello'

got a packet
###[ Ethernet ]### 
  dst       = 08:00:00:00:02:00
  src       = 08:00:00:00:02:02
  type      = IPv4
###[ IP ]### 
     version   = 4
     ihl       = 5
     tos       = 0xb0
     len       = 40
     id        = 0
     flags     = DF
     frag      = 0
     ttl       = 64
     proto     = tcp
     chksum    = 0x231e
     src       = 10.0.2.2
     dst       = 10.0.1.1
     \options   \
###[ TCP ]### 
        sport     = http
        dport     = ftp_data
        seq       = 0
        ack       = 6
        dataofs   = 5
        reserved  = 0
        flags     = RA
        window    = 0
        chksum    = 0x9864
        urgptr    = 0
        options   = ''

got a packet
###[ Ethernet ]### 
  dst       = 08:00:00:00:02:02
  src       = 08:00:00:00:02:00
  type      = IPv4
###[ IP ]### 
     version   = 4
     ihl       = 5
     tos       = 0xb1
     len       = 45
     id        = 1
     flags     = 
     frag      = 0
     ttl       = 62
     proto     = tcp
     chksum    = 0x6517
     src       = 10.0.1.1
     dst       = 10.0.2.2
     \options   \
###[ TCP ]### 
        sport     = ftp_data
        dport     = http
        seq       = 0
        ack       = 0
        dataofs   = 5
        reserved  = 0
        flags     = S
        window    = 8192
        chksum    = 0x54a5
        urgptr    = 0
        options   = []
###[ Raw ]### 
           load      = 'Hello'

got a packet
###[ Ethernet ]### 
  dst       = 08:00:00:00:02:00
  src       = 08:00:00:00:02:02
  type      = IPv4
###[ IP ]### 
     version   = 4
     ihl       = 5
     tos       = 0xb0
     len       = 40
     id        = 0
     flags     = DF
     frag      = 0
     ttl       = 64
     proto     = tcp
     chksum    = 0x231e
     src       = 10.0.2.2
     dst       = 10.0.1.1
     \options   \
###[ TCP ]### 
        sport     = http
        dport     = ftp_data
        seq       = 0
        ack       = 6
        dataofs   = 5
        reserved  = 0
        flags     = RA
        window    = 0
        chksum    = 0x9864
        urgptr    = 0
        options   = ''

