Calling target program-options parser
[06:22:58.845] [bmv2] [D] [thread 11800] Set default default entry for table 'MyIngress.ipv4_lpm': MyIngress.drop - 
Adding interface s3-eth1 as port 1
[06:22:58.845] [bmv2] [D] [thread 11800] Adding interface s3-eth1 as port 1
Adding interface s3-eth2 as port 2
[06:22:58.881] [bmv2] [D] [thread 11800] Adding interface s3-eth2 as port 2
Server listening on 0.0.0.0:50053
[06:22:58.946] [bmv2] [I] [thread 11800] Starting Thrift server on port 9092
[06:22:58.946] [bmv2] [I] [thread 11800] Thrift server was started
[06:22:58.947] [bmv2] [D] [thread 11810] [0.0] [cxt 0] Processing packet received on port 1
[06:22:58.947] [bmv2] [D] [thread 11810] [0.0] [cxt 0] Parser 'parser': start
[06:22:58.947] [bmv2] [D] [thread 11810] [0.0] [cxt 0] Parser 'parser' entering state 'start'
[06:22:58.947] [bmv2] [D] [thread 11810] [0.0] [cxt 0] Extracting header 'ethernet'
[06:22:58.947] [bmv2] [D] [thread 11810] [0.0] [cxt 0] Parser state 'start': key is 86dd
[06:22:58.947] [bmv2] [T] [thread 11810] [0.0] [cxt 0] Bytes parsed: 14
[06:22:58.947] [bmv2] [D] [thread 11810] [0.0] [cxt 0] Parser 'parser': end
[06:22:58.947] [bmv2] [D] [thread 11810] [0.0] [cxt 0] Pipeline 'ingress': start
[06:22:58.947] [bmv2] [T] [thread 11810] [0.0] [cxt 0] basic.p4(140) Condition "hdr.ipv4.isValid()" (node_2) is false
[06:22:58.947] [bmv2] [D] [thread 11810] [0.0] [cxt 0] Pipeline 'ingress': end
[06:22:58.947] [bmv2] [D] [thread 11810] [0.0] [cxt 0] Egress port is 0
[06:22:58.950] [bmv2] [D] [thread 11811] [0.0] [cxt 0] Pipeline 'egress': start
[06:22:58.950] [bmv2] [D] [thread 11811] [0.0] [cxt 0] Pipeline 'egress': end
[06:22:58.950] [bmv2] [D] [thread 11811] [0.0] [cxt 0] Deparser 'deparser': start
[06:22:58.950] [bmv2] [T] [thread 11811] [0.0] [cxt 0] Skipping checksum 'cksum' update because condition not met
[06:22:58.950] [bmv2] [D] [thread 11811] [0.0] [cxt 0] Deparsing header 'ethernet'
[06:22:58.950] [bmv2] [D] [thread 11810] [1.0] [cxt 0] Processing packet received on port 1
[06:22:58.950] [bmv2] [D] [thread 11810] [1.0] [cxt 0] Parser 'parser': start
[06:22:58.950] [bmv2] [D] [thread 11811] [0.0] [cxt 0] Deparser 'deparser': end
[06:22:58.950] [bmv2] [D] [thread 11815] [0.0] [cxt 0] Transmitting packet of size 90 out of port 0
[06:22:58.950] [bmv2] [D] [thread 11810] [1.0] [cxt 0] Parser 'parser' entering state 'start'
[06:22:58.950] [bmv2] [D] [thread 11810] [1.0] [cxt 0] Extracting header 'ethernet'
[06:22:58.950] [bmv2] [D] [thread 11810] [1.0] [cxt 0] Parser state 'start': key is 86dd
[06:22:58.950] [bmv2] [T] [thread 11810] [1.0] [cxt 0] Bytes parsed: 14
[06:22:58.950] [bmv2] [D] [thread 11810] [1.0] [cxt 0] Parser 'parser': end
[06:22:58.950] [bmv2] [D] [thread 11810] [1.0] [cxt 0] Pipeline 'ingress': start
[06:22:58.950] [bmv2] [T] [thread 11810] [1.0] [cxt 0] basic.p4(140) Condition "hdr.ipv4.isValid()" (node_2) is false
[06:22:58.950] [bmv2] [D] [thread 11810] [1.0] [cxt 0] Pipeline 'ingress': end
[06:22:58.950] [bmv2] [D] [thread 11810] [1.0] [cxt 0] Egress port is 0
[06:22:58.950] [bmv2] [D] [thread 11810] [2.0] [cxt 0] Processing packet received on port 1
[06:22:58.950] [bmv2] [D] [thread 11810] [2.0] [cxt 0] Parser 'parser': start
[06:22:58.950] [bmv2] [D] [thread 11810] [2.0] [cxt 0] Parser 'parser' entering state 'start'
[06:22:58.950] [bmv2] [D] [thread 11810] [2.0] [cxt 0] Extracting header 'ethernet'
[06:22:58.950] [bmv2] [D] [thread 11810] [2.0] [cxt 0] Parser state 'start': key is 86dd
[06:22:58.950] [bmv2] [T] [thread 11810] [2.0] [cxt 0] Bytes parsed: 14
[06:22:58.950] [bmv2] [D] [thread 11810] [2.0] [cxt 0] Parser 'parser': end
[06:22:58.950] [bmv2] [D] [thread 11810] [2.0] [cxt 0] Pipeline 'ingress': start
[06:22:58.950] [bmv2] [T] [thread 11810] [2.0] [cxt 0] basic.p4(140) Condition "hdr.ipv4.isValid()" (node_2) is false
[06:22:58.950] [bmv2] [D] [thread 11810] [2.0] [cxt 0] Pipeline 'ingress': end
[06:22:58.950] [bmv2] [D] [thread 11810] [2.0] [cxt 0] Egress port is 0
[06:22:58.950] [bmv2] [D] [thread 11811] [1.0] [cxt 0] Pipeline 'egress': start
[06:22:58.950] [bmv2] [D] [thread 11811] [1.0] [cxt 0] Pipeline 'egress': end
[06:22:58.950] [bmv2] [D] [thread 11811] [1.0] [cxt 0] Deparser 'deparser': start
[06:22:58.950] [bmv2] [T] [thread 11811] [1.0] [cxt 0] Skipping checksum 'cksum' update because condition not met
[06:22:58.950] [bmv2] [D] [thread 11811] [1.0] [cxt 0] Deparsing header 'ethernet'
[06:22:58.950] [bmv2] [D] [thread 11811] [1.0] [cxt 0] Deparser 'deparser': end
[06:22:58.950] [bmv2] [D] [thread 11811] [2.0] [cxt 0] Pipeline 'egress': start
[06:22:58.950] [bmv2] [D] [thread 11811] [2.0] [cxt 0] Pipeline 'egress': end
[06:22:58.950] [bmv2] [D] [thread 11811] [2.0] [cxt 0] Deparser 'deparser': start
[06:22:58.950] [bmv2] [T] [thread 11811] [2.0] [cxt 0] Skipping checksum 'cksum' update because condition not met
[06:22:58.950] [bmv2] [D] [thread 11811] [2.0] [cxt 0] Deparsing header 'ethernet'
[06:22:58.950] [bmv2] [D] [thread 11811] [2.0] [cxt 0] Deparser 'deparser': end
[06:22:58.951] [bmv2] [D] [thread 11815] [1.0] [cxt 0] Transmitting packet of size 70 out of port 0
[06:22:58.951] [bmv2] [D] [thread 11815] [2.0] [cxt 0] Transmitting packet of size 90 out of port 0
[06:22:58.970] [bmv2] [D] [thread 11810] [3.0] [cxt 0] Processing packet received on port 1
[06:22:58.970] [bmv2] [D] [thread 11810] [3.0] [cxt 0] Parser 'parser': start
[06:22:58.971] [bmv2] [D] [thread 11810] [3.0] [cxt 0] Parser 'parser' entering state 'start'
[06:22:58.971] [bmv2] [D] [thread 11810] [3.0] [cxt 0] Extracting header 'ethernet'
[06:22:58.971] [bmv2] [D] [thread 11810] [3.0] [cxt 0] Parser state 'start': key is 86dd
[06:22:58.971] [bmv2] [T] [thread 11810] [3.0] [cxt 0] Bytes parsed: 14
[06:22:58.971] [bmv2] [D] [thread 11810] [3.0] [cxt 0] Parser 'parser': end
[06:22:58.971] [bmv2] [D] [thread 11810] [3.0] [cxt 0] Pipeline 'ingress': start
[06:22:58.971] [bmv2] [T] [thread 11810] [3.0] [cxt 0] basic.p4(140) Condition "hdr.ipv4.isValid()" (node_2) is false
[06:22:58.971] [bmv2] [D] [thread 11810] [3.0] [cxt 0] Pipeline 'ingress': end
[06:22:58.971] [bmv2] [D] [thread 11810] [3.0] [cxt 0] Egress port is 0
[06:22:58.971] [bmv2] [D] [thread 11811] [3.0] [cxt 0] Pipeline 'egress': start
[06:22:58.971] [bmv2] [D] [thread 11811] [3.0] [cxt 0] Pipeline 'egress': end
[06:22:58.971] [bmv2] [D] [thread 11811] [3.0] [cxt 0] Deparser 'deparser': start
[06:22:58.971] [bmv2] [T] [thread 11811] [3.0] [cxt 0] Skipping checksum 'cksum' update because condition not met
[06:22:58.971] [bmv2] [D] [thread 11811] [3.0] [cxt 0] Deparsing header 'ethernet'
[06:22:58.971] [bmv2] [D] [thread 11811] [3.0] [cxt 0] Deparser 'deparser': end
[06:22:58.971] [bmv2] [D] [thread 11815] [3.0] [cxt 0] Transmitting packet of size 208 out of port 0
[06:22:59.144] [bmv2] [D] [thread 11810] [4.0] [cxt 0] Processing packet received on port 2
[06:22:59.144] [bmv2] [D] [thread 11810] [4.0] [cxt 0] Parser 'parser': start
[06:22:59.144] [bmv2] [D] [thread 11810] [4.0] [cxt 0] Parser 'parser' entering state 'start'
[06:22:59.144] [bmv2] [D] [thread 11810] [4.0] [cxt 0] Extracting header 'ethernet'
[06:22:59.144] [bmv2] [D] [thread 11810] [4.0] [cxt 0] Parser state 'start': key is 86dd
[06:22:59.144] [bmv2] [T] [thread 11810] [4.0] [cxt 0] Bytes parsed: 14
[06:22:59.144] [bmv2] [D] [thread 11810] [4.0] [cxt 0] Parser 'parser': end
[06:22:59.144] [bmv2] [D] [thread 11810] [4.0] [cxt 0] Pipeline 'ingress': start
[06:22:59.144] [bmv2] [T] [thread 11810] [4.0] [cxt 0] basic.p4(140) Condition "hdr.ipv4.isValid()" (node_2) is false
[06:22:59.144] [bmv2] [D] [thread 11810] [4.0] [cxt 0] Pipeline 'ingress': end
[06:22:59.144] [bmv2] [D] [thread 11810] [4.0] [cxt 0] Egress port is 0
[06:22:59.144] [bmv2] [D] [thread 11810] [5.0] [cxt 0] Processing packet received on port 2
[06:22:59.144] [bmv2] [D] [thread 11810] [5.0] [cxt 0] Parser 'parser': start
[06:22:59.145] [bmv2] [D] [thread 11810] [5.0] [cxt 0] Parser 'parser' entering state 'start'
[06:22:59.145] [bmv2] [D] [thread 11810] [5.0] [cxt 0] Extracting header 'ethernet'
[06:22:59.145] [bmv2] [D] [thread 11810] [5.0] [cxt 0] Parser state 'start': key is 86dd
[06:22:59.145] [bmv2] [T] [thread 11810] [5.0] [cxt 0] Bytes parsed: 14
[06:22:59.145] [bmv2] [D] [thread 11810] [5.0] [cxt 0] Parser 'parser': end
[06:22:59.145] [bmv2] [D] [thread 11810] [5.0] [cxt 0] Pipeline 'ingress': start
[06:22:59.145] [bmv2] [T] [thread 11810] [5.0] [cxt 0] basic.p4(140) Condition "hdr.ipv4.isValid()" (node_2) is false
[06:22:59.145] [bmv2] [D] [thread 11810] [5.0] [cxt 0] Pipeline 'ingress': end
[06:22:59.145] [bmv2] [D] [thread 11810] [5.0] [cxt 0] Egress port is 0
[06:22:59.145] [bmv2] [D] [thread 11811] [4.0] [cxt 0] Pipeline 'egress': start
[06:22:59.145] [bmv2] [D] [thread 11811] [4.0] [cxt 0] Pipeline 'egress': end
[06:22:59.145] [bmv2] [D] [thread 11811] [4.0] [cxt 0] Deparser 'deparser': start
[06:22:59.145] [bmv2] [T] [thread 11811] [4.0] [cxt 0] Skipping checksum 'cksum' update because condition not met
[06:22:59.145] [bmv2] [D] [thread 11811] [4.0] [cxt 0] Deparsing header 'ethernet'
[06:22:59.145] [bmv2] [D] [thread 11811] [4.0] [cxt 0] Deparser 'deparser': end
[06:22:59.145] [bmv2] [D] [thread 11811] [5.0] [cxt 0] Pipeline 'egress': start
[06:22:59.145] [bmv2] [D] [thread 11811] [5.0] [cxt 0] Pipeline 'egress': end
[06:22:59.145] [bmv2] [D] [thread 11811] [5.0] [cxt 0] Deparser 'deparser': start
[06:22:59.145] [bmv2] [T] [thread 11811] [5.0] [cxt 0] Skipping checksum 'cksum' update because condition not met
[06:22:59.145] [bmv2] [D] [thread 11811] [5.0] [cxt 0] Deparsing header 'ethernet'
[06:22:59.145] [bmv2] [D] [thread 11811] [5.0] [cxt 0] Deparser 'deparser': end
[06:22:59.145] [bmv2] [D] [thread 11815] [4.0] [cxt 0] Transmitting packet of size 90 out of port 0
[06:22:59.145] [bmv2] [D] [thread 11815] [5.0] [cxt 0] Transmitting packet of size 70 out of port 0
[06:22:59.152] [bmv2] [D] [thread 11810] [6.0] [cxt 0] Processing packet received on port 2
[06:22:59.152] [bmv2] [D] [thread 11810] [6.0] [cxt 0] Parser 'parser': start
[06:22:59.152] [bmv2] [D] [thread 11810] [6.0] [cxt 0] Parser 'parser' entering state 'start'
[06:22:59.152] [bmv2] [D] [thread 11810] [6.0] [cxt 0] Extracting header 'ethernet'
[06:22:59.152] [bmv2] [D] [thread 11810] [6.0] [cxt 0] Parser state 'start': key is 86dd
[06:22:59.152] [bmv2] [T] [thread 11810] [6.0] [cxt 0] Bytes parsed: 14
[06:22:59.152] [bmv2] [D] [thread 11810] [6.0] [cxt 0] Parser 'parser': end
[06:22:59.152] [bmv2] [D] [thread 11810] [6.0] [cxt 0] Pipeline 'ingress': start
[06:22:59.152] [bmv2] [T] [thread 11810] [6.0] [cxt 0] basic.p4(140) Condition "hdr.ipv4.isValid()" (node_2) is false
[06:22:59.152] [bmv2] [D] [thread 11810] [6.0] [cxt 0] Pipeline 'ingress': end
[06:22:59.152] [bmv2] [D] [thread 11810] [6.0] [cxt 0] Egress port is 0
[06:22:59.153] [bmv2] [D] [thread 11810] [7.0] [cxt 0] Processing packet received on port 2
[06:22:59.153] [bmv2] [D] [thread 11810] [7.0] [cxt 0] Parser 'parser': start
[06:22:59.153] [bmv2] [D] [thread 11810] [7.0] [cxt 0] Parser 'parser' entering state 'start'
[06:22:59.153] [bmv2] [D] [thread 11810] [7.0] [cxt 0] Extracting header 'ethernet'
[06:22:59.153] [bmv2] [D] [thread 11810] [7.0] [cxt 0] Parser state 'start': key is 86dd
[06:22:59.153] [bmv2] [T] [thread 11810] [7.0] [cxt 0] Bytes parsed: 14
[06:22:59.153] [bmv2] [D] [thread 11810] [7.0] [cxt 0] Parser 'parser': end
[06:22:59.153] [bmv2] [D] [thread 11810] [7.0] [cxt 0] Pipeline 'ingress': start
[06:22:59.153] [bmv2] [T] [thread 11810] [7.0] [cxt 0] basic.p4(140) Condition "hdr.ipv4.isValid()" (node_2) is false
[06:22:59.153] [bmv2] [D] [thread 11810] [7.0] [cxt 0] Pipeline 'ingress': end
[06:22:59.153] [bmv2] [D] [thread 11810] [7.0] [cxt 0] Egress port is 0
[06:22:59.153] [bmv2] [D] [thread 11811] [6.0] [cxt 0] Pipeline 'egress': start
[06:22:59.153] [bmv2] [D] [thread 11811] [6.0] [cxt 0] Pipeline 'egress': end
[06:22:59.153] [bmv2] [D] [thread 11811] [6.0] [cxt 0] Deparser 'deparser': start
[06:22:59.153] [bmv2] [T] [thread 11811] [6.0] [cxt 0] Skipping checksum 'cksum' update because condition not met
[06:22:59.153] [bmv2] [D] [thread 11811] [6.0] [cxt 0] Deparsing header 'ethernet'
[06:22:59.153] [bmv2] [D] [thread 11811] [6.0] [cxt 0] Deparser 'deparser': end
[06:22:59.153] [bmv2] [D] [thread 11811] [7.0] [cxt 0] Pipeline 'egress': start
[06:22:59.153] [bmv2] [D] [thread 11811] [7.0] [cxt 0] Pipeline 'egress': end
[06:22:59.153] [bmv2] [D] [thread 11811] [7.0] [cxt 0] Deparser 'deparser': start
[06:22:59.153] [bmv2] [T] [thread 11811] [7.0] [cxt 0] Skipping checksum 'cksum' update because condition not met
[06:22:59.153] [bmv2] [D] [thread 11811] [7.0] [cxt 0] Deparsing header 'ethernet'
[06:22:59.153] [bmv2] [D] [thread 11811] [7.0] [cxt 0] Deparser 'deparser': end
[06:22:59.153] [bmv2] [D] [thread 11815] [6.0] [cxt 0] Transmitting packet of size 90 out of port 0
[06:22:59.153] [bmv2] [D] [thread 11815] [7.0] [cxt 0] Transmitting packet of size 208 out of port 0
[06:22:59.196] [bmv2] [D] [thread 11810] [8.0] [cxt 0] Processing packet received on port 2
[06:22:59.196] [bmv2] [D] [thread 11810] [8.0] [cxt 0] Parser 'parser': start
[06:22:59.196] [bmv2] [D] [thread 11810] [8.0] [cxt 0] Parser 'parser' entering state 'start'
[06:22:59.196] [bmv2] [D] [thread 11810] [8.0] [cxt 0] Extracting header 'ethernet'
[06:22:59.196] [bmv2] [D] [thread 11810] [8.0] [cxt 0] Parser state 'start': key is 86dd
[06:22:59.196] [bmv2] [T] [thread 11810] [8.0] [cxt 0] Bytes parsed: 14
[06:22:59.196] [bmv2] [D] [thread 11810] [8.0] [cxt 0] Parser 'parser': end
[06:22:59.196] [bmv2] [D] [thread 11810] [8.0] [cxt 0] Pipeline 'ingress': start
[06:22:59.196] [bmv2] [T] [thread 11810] [8.0] [cxt 0] basic.p4(140) Condition "hdr.ipv4.isValid()" (node_2) is false
[06:22:59.196] [bmv2] [D] [thread 11810] [8.0] [cxt 0] Pipeline 'ingress': end
[06:22:59.196] [bmv2] [D] [thread 11810] [8.0] [cxt 0] Egress port is 0
[06:22:59.196] [bmv2] [D] [thread 11811] [8.0] [cxt 0] Pipeline 'egress': start
[06:22:59.196] [bmv2] [D] [thread 11811] [8.0] [cxt 0] Pipeline 'egress': end
[06:22:59.196] [bmv2] [D] [thread 11811] [8.0] [cxt 0] Deparser 'deparser': start
[06:22:59.196] [bmv2] [T] [thread 11811] [8.0] [cxt 0] Skipping checksum 'cksum' update because condition not met
[06:22:59.196] [bmv2] [D] [thread 11811] [8.0] [cxt 0] Deparsing header 'ethernet'
[06:22:59.196] [bmv2] [D] [thread 11811] [8.0] [cxt 0] Deparser 'deparser': end
[06:22:59.196] [bmv2] [D] [thread 11815] [8.0] [cxt 0] Transmitting packet of size 208 out of port 0
[06:22:59.205] [bmv2] [D] [thread 11810] [9.0] [cxt 0] Processing packet received on port 2
[06:22:59.205] [bmv2] [D] [thread 11810] [9.0] [cxt 0] Parser 'parser': start
[06:22:59.205] [bmv2] [D] [thread 11810] [9.0] [cxt 0] Parser 'parser' entering state 'start'
[06:22:59.205] [bmv2] [D] [thread 11810] [9.0] [cxt 0] Extracting header 'ethernet'
[06:22:59.205] [bmv2] [D] [thread 11810] [9.0] [cxt 0] Parser state 'start': key is 86dd
[06:22:59.205] [bmv2] [T] [thread 11810] [9.0] [cxt 0] Bytes parsed: 14
[06:22:59.205] [bmv2] [D] [thread 11810] [9.0] [cxt 0] Parser 'parser': end
[06:22:59.205] [bmv2] [D] [thread 11810] [9.0] [cxt 0] Pipeline 'ingress': start
[06:22:59.205] [bmv2] [T] [thread 11810] [9.0] [cxt 0] basic.p4(140) Condition "hdr.ipv4.isValid()" (node_2) is false
[06:22:59.205] [bmv2] [D] [thread 11810] [9.0] [cxt 0] Pipeline 'ingress': end
[06:22:59.205] [bmv2] [D] [thread 11810] [9.0] [cxt 0] Egress port is 0
[06:22:59.206] [bmv2] [D] [thread 11811] [9.0] [cxt 0] Pipeline 'egress': start
[06:22:59.206] [bmv2] [D] [thread 11811] [9.0] [cxt 0] Pipeline 'egress': end
[06:22:59.206] [bmv2] [D] [thread 11811] [9.0] [cxt 0] Deparser 'deparser': start
[06:22:59.206] [bmv2] [T] [thread 11811] [9.0] [cxt 0] Skipping checksum 'cksum' update because condition not met
[06:22:59.206] [bmv2] [D] [thread 11811] [9.0] [cxt 0] Deparsing header 'ethernet'
[06:22:59.206] [bmv2] [D] [thread 11811] [9.0] [cxt 0] Deparser 'deparser': end
[06:22:59.206] [bmv2] [D] [thread 11815] [9.0] [cxt 0] Transmitting packet of size 110 out of port 0
[06:22:59.234] [bmv2] [D] [thread 11810] [10.0] [cxt 0] Processing packet received on port 1
[06:22:59.234] [bmv2] [D] [thread 11810] [10.0] [cxt 0] Parser 'parser': start
[06:22:59.234] [bmv2] [D] [thread 11810] [10.0] [cxt 0] Parser 'parser' entering state 'start'
[06:22:59.234] [bmv2] [D] [thread 11810] [10.0] [cxt 0] Extracting header 'ethernet'
[06:22:59.234] [bmv2] [D] [thread 11810] [10.0] [cxt 0] Parser state 'start': key is 86dd
[06:22:59.234] [bmv2] [T] [thread 11810] [10.0] [cxt 0] Bytes parsed: 14
[06:22:59.234] [bmv2] [D] [thread 11810] [10.0] [cxt 0] Parser 'parser': end
[06:22:59.234] [bmv2] [D] [thread 11810] [10.0] [cxt 0] Pipeline 'ingress': start
[06:22:59.234] [bmv2] [T] [thread 11810] [10.0] [cxt 0] basic.p4(140) Condition "hdr.ipv4.isValid()" (node_2) is false
[06:22:59.234] [bmv2] [D] [thread 11810] [10.0] [cxt 0] Pipeline 'ingress': end
[06:22:59.234] [bmv2] [D] [thread 11810] [10.0] [cxt 0] Egress port is 0
[06:22:59.234] [bmv2] [D] [thread 11811] [10.0] [cxt 0] Pipeline 'egress': start
[06:22:59.234] [bmv2] [D] [thread 11811] [10.0] [cxt 0] Pipeline 'egress': end
[06:22:59.234] [bmv2] [D] [thread 11811] [10.0] [cxt 0] Deparser 'deparser': start
[06:22:59.234] [bmv2] [T] [thread 11811] [10.0] [cxt 0] Skipping checksum 'cksum' update because condition not met
[06:22:59.234] [bmv2] [D] [thread 11811] [10.0] [cxt 0] Deparsing header 'ethernet'
[06:22:59.234] [bmv2] [D] [thread 11811] [10.0] [cxt 0] Deparser 'deparser': end
[06:22:59.234] [bmv2] [D] [thread 11815] [10.0] [cxt 0] Transmitting packet of size 208 out of port 0
[06:22:59.272] [bmv2] [D] [thread 11810] [11.0] [cxt 0] Processing packet received on port 1
[06:22:59.272] [bmv2] [D] [thread 11810] [11.0] [cxt 0] Parser 'parser': start
[06:22:59.272] [bmv2] [D] [thread 11810] [11.0] [cxt 0] Parser 'parser' entering state 'start'
[06:22:59.272] [bmv2] [D] [thread 11810] [11.0] [cxt 0] Extracting header 'ethernet'
[06:22:59.272] [bmv2] [D] [thread 11810] [11.0] [cxt 0] Parser state 'start': key is 86dd
[06:22:59.272] [bmv2] [T] [thread 11810] [11.0] [cxt 0] Bytes parsed: 14
[06:22:59.272] [bmv2] [D] [thread 11810] [11.0] [cxt 0] Parser 'parser': end
[06:22:59.272] [bmv2] [D] [thread 11810] [11.0] [cxt 0] Pipeline 'ingress': start
[06:22:59.272] [bmv2] [T] [thread 11810] [11.0] [cxt 0] basic.p4(140) Condition "hdr.ipv4.isValid()" (node_2) is false
[06:22:59.272] [bmv2] [D] [thread 11810] [11.0] [cxt 0] Pipeline 'ingress': end
[06:22:59.272] [bmv2] [D] [thread 11810] [11.0] [cxt 0] Egress port is 0
[06:22:59.272] [bmv2] [D] [thread 11810] [12.0] [cxt 0] Processing packet received on port 1
[06:22:59.272] [bmv2] [D] [thread 11810] [12.0] [cxt 0] Parser 'parser': start
[06:22:59.272] [bmv2] [D] [thread 11810] [12.0] [cxt 0] Parser 'parser' entering state 'start'
[06:22:59.272] [bmv2] [D] [thread 11810] [12.0] [cxt 0] Extracting header 'ethernet'
[06:22:59.272] [bmv2] [D] [thread 11810] [12.0] [cxt 0] Parser state 'start': key is 86dd
[06:22:59.272] [bmv2] [T] [thread 11810] [12.0] [cxt 0] Bytes parsed: 14
[06:22:59.272] [bmv2] [D] [thread 11810] [12.0] [cxt 0] Parser 'parser': end
[06:22:59.272] [bmv2] [D] [thread 11810] [12.0] [cxt 0] Pipeline 'ingress': start
[06:22:59.272] [bmv2] [T] [thread 11810] [12.0] [cxt 0] basic.p4(140) Condition "hdr.ipv4.isValid()" (node_2) is false
[06:22:59.272] [bmv2] [D] [thread 11810] [12.0] [cxt 0] Pipeline 'ingress': end
[06:22:59.272] [bmv2] [D] [thread 11810] [12.0] [cxt 0] Egress port is 0
[06:22:59.272] [bmv2] [D] [thread 11811] [11.0] [cxt 0] Pipeline 'egress': start
[06:22:59.272] [bmv2] [D] [thread 11811] [11.0] [cxt 0] Pipeline 'egress': end
[06:22:59.272] [bmv2] [D] [thread 11811] [11.0] [cxt 0] Deparser 'deparser': start
[06:22:59.272] [bmv2] [T] [thread 11811] [11.0] [cxt 0] Skipping checksum 'cksum' update because condition not met
[06:22:59.272] [bmv2] [D] [thread 11811] [11.0] [cxt 0] Deparsing header 'ethernet'
[06:22:59.272] [bmv2] [D] [thread 11811] [11.0] [cxt 0] Deparser 'deparser': end
[06:22:59.272] [bmv2] [D] [thread 11811] [12.0] [cxt 0] Pipeline 'egress': start
[06:22:59.272] [bmv2] [D] [thread 11811] [12.0] [cxt 0] Pipeline 'egress': end
[06:22:59.272] [bmv2] [D] [thread 11811] [12.0] [cxt 0] Deparser 'deparser': start
[06:22:59.272] [bmv2] [T] [thread 11811] [12.0] [cxt 0] Skipping checksum 'cksum' update because condition not met
[06:22:59.272] [bmv2] [D] [thread 11811] [12.0] [cxt 0] Deparsing header 'ethernet'
[06:22:59.272] [bmv2] [D] [thread 11811] [12.0] [cxt 0] Deparser 'deparser': end
[06:22:59.272] [bmv2] [D] [thread 11815] [11.0] [cxt 0] Transmitting packet of size 90 out of port 0
[06:22:59.273] [bmv2] [D] [thread 11815] [12.0] [cxt 0] Transmitting packet of size 70 out of port 0
[06:22:59.281] [bmv2] [D] [thread 11810] [13.0] [cxt 0] Processing packet received on port 1
[06:22:59.281] [bmv2] [D] [thread 11810] [13.0] [cxt 0] Parser 'parser': start
[06:22:59.281] [bmv2] [D] [thread 11810] [13.0] [cxt 0] Parser 'parser' entering state 'start'
[06:22:59.281] [bmv2] [D] [thread 11810] [13.0] [cxt 0] Extracting header 'ethernet'
[06:22:59.281] [bmv2] [D] [thread 11810] [13.0] [cxt 0] Parser state 'start': key is 86dd
[06:22:59.281] [bmv2] [T] [thread 11810] [13.0] [cxt 0] Bytes parsed: 14
[06:22:59.281] [bmv2] [D] [thread 11810] [13.0] [cxt 0] Parser 'parser': end
[06:22:59.281] [bmv2] [D] [thread 11810] [13.0] [cxt 0] Pipeline 'ingress': start
[06:22:59.281] [bmv2] [T] [thread 11810] [13.0] [cxt 0] basic.p4(140) Condition "hdr.ipv4.isValid()" (node_2) is false
[06:22:59.281] [bmv2] [D] [thread 11810] [13.0] [cxt 0] Pipeline 'ingress': end
[06:22:59.281] [bmv2] [D] [thread 11810] [13.0] [cxt 0] Egress port is 0
[06:22:59.281] [bmv2] [D] [thread 11811] [13.0] [cxt 0] Pipeline 'egress': start
[06:22:59.281] [bmv2] [D] [thread 11811] [13.0] [cxt 0] Pipeline 'egress': end
[06:22:59.281] [bmv2] [D] [thread 11811] [13.0] [cxt 0] Deparser 'deparser': start
[06:22:59.281] [bmv2] [T] [thread 11811] [13.0] [cxt 0] Skipping checksum 'cksum' update because condition not met
[06:22:59.281] [bmv2] [D] [thread 11811] [13.0] [cxt 0] Deparsing header 'ethernet'
[06:22:59.281] [bmv2] [D] [thread 11811] [13.0] [cxt 0] Deparser 'deparser': end
[06:22:59.281] [bmv2] [D] [thread 11815] [13.0] [cxt 0] Transmitting packet of size 90 out of port 0
[06:22:59.306] [bmv2] [D] [thread 11810] [14.0] [cxt 0] Processing packet received on port 1
[06:22:59.306] [bmv2] [D] [thread 11810] [14.0] [cxt 0] Parser 'parser': start
[06:22:59.306] [bmv2] [D] [thread 11810] [14.0] [cxt 0] Parser 'parser' entering state 'start'
[06:22:59.306] [bmv2] [D] [thread 11810] [14.0] [cxt 0] Extracting header 'ethernet'
[06:22:59.306] [bmv2] [D] [thread 11810] [14.0] [cxt 0] Parser state 'start': key is 86dd
[06:22:59.306] [bmv2] [T] [thread 11810] [14.0] [cxt 0] Bytes parsed: 14
[06:22:59.306] [bmv2] [D] [thread 11810] [14.0] [cxt 0] Parser 'parser': end
[06:22:59.306] [bmv2] [D] [thread 11810] [14.0] [cxt 0] Pipeline 'ingress': start
[06:22:59.306] [bmv2] [T] [thread 11810] [14.0] [cxt 0] basic.p4(140) Condition "hdr.ipv4.isValid()" (node_2) is false
[06:22:59.306] [bmv2] [D] [thread 11810] [14.0] [cxt 0] Pipeline 'ingress': end
[06:22:59.306] [bmv2] [D] [thread 11810] [14.0] [cxt 0] Egress port is 0
[06:22:59.306] [bmv2] [D] [thread 11811] [14.0] [cxt 0] Pipeline 'egress': start
[06:22:59.306] [bmv2] [D] [thread 11811] [14.0] [cxt 0] Pipeline 'egress': end
[06:22:59.306] [bmv2] [D] [thread 11811] [14.0] [cxt 0] Deparser 'deparser': start
[06:22:59.306] [bmv2] [T] [thread 11811] [14.0] [cxt 0] Skipping checksum 'cksum' update because condition not met
[06:22:59.306] [bmv2] [D] [thread 11811] [14.0] [cxt 0] Deparsing header 'ethernet'
[06:22:59.306] [bmv2] [D] [thread 11811] [14.0] [cxt 0] Deparser 'deparser': end
[06:22:59.306] [bmv2] [D] [thread 11815] [14.0] [cxt 0] Transmitting packet of size 90 out of port 0
[06:22:59.341] [bmv2] [D] [thread 11810] [15.0] [cxt 0] Processing packet received on port 1
[06:22:59.341] [bmv2] [D] [thread 11810] [15.0] [cxt 0] Parser 'parser': start
[06:22:59.341] [bmv2] [D] [thread 11810] [15.0] [cxt 0] Parser 'parser' entering state 'start'
[06:22:59.341] [bmv2] [D] [thread 11810] [15.0] [cxt 0] Extracting header 'ethernet'
[06:22:59.341] [bmv2] [D] [thread 11810] [15.0] [cxt 0] Parser state 'start': key is 86dd
[06:22:59.341] [bmv2] [T] [thread 11810] [15.0] [cxt 0] Bytes parsed: 14
[06:22:59.341] [bmv2] [D] [thread 11810] [15.0] [cxt 0] Parser 'parser': end
[06:22:59.341] [bmv2] [D] [thread 11810] [15.0] [cxt 0] Pipeline 'ingress': start
[06:22:59.341] [bmv2] [T] [thread 11810] [15.0] [cxt 0] basic.p4(140) Condition "hdr.ipv4.isValid()" (node_2) is false
[06:22:59.341] [bmv2] [D] [thread 11810] [15.0] [cxt 0] Pipeline 'ingress': end
[06:22:59.341] [bmv2] [D] [thread 11810] [15.0] [cxt 0] Egress port is 0
[06:22:59.341] [bmv2] [D] [thread 11811] [15.0] [cxt 0] Pipeline 'egress': start
[06:22:59.341] [bmv2] [D] [thread 11811] [15.0] [cxt 0] Pipeline 'egress': end
[06:22:59.341] [bmv2] [D] [thread 11811] [15.0] [cxt 0] Deparser 'deparser': start
[06:22:59.341] [bmv2] [T] [thread 11811] [15.0] [cxt 0] Skipping checksum 'cksum' update because condition not met
[06:22:59.341] [bmv2] [D] [thread 11811] [15.0] [cxt 0] Deparsing header 'ethernet'
[06:22:59.341] [bmv2] [D] [thread 11811] [15.0] [cxt 0] Deparser 'deparser': end
[06:22:59.341] [bmv2] [D] [thread 11815] [15.0] [cxt 0] Transmitting packet of size 208 out of port 0
[06:22:59.351] [bmv2] [D] [thread 11810] [16.0] [cxt 0] Processing packet received on port 2
[06:22:59.351] [bmv2] [D] [thread 11810] [16.0] [cxt 0] Parser 'parser': start
[06:22:59.351] [bmv2] [D] [thread 11810] [16.0] [cxt 0] Parser 'parser' entering state 'start'
[06:22:59.351] [bmv2] [D] [thread 11810] [16.0] [cxt 0] Extracting header 'ethernet'
[06:22:59.351] [bmv2] [D] [thread 11810] [16.0] [cxt 0] Parser state 'start': key is 86dd
[06:22:59.351] [bmv2] [T] [thread 11810] [16.0] [cxt 0] Bytes parsed: 14
[06:22:59.351] [bmv2] [D] [thread 11810] [16.0] [cxt 0] Parser 'parser': end
[06:22:59.351] [bmv2] [D] [thread 11810] [16.0] [cxt 0] Pipeline 'ingress': start
[06:22:59.351] [bmv2] [T] [thread 11810] [16.0] [cxt 0] basic.p4(140) Condition "hdr.ipv4.isValid()" (node_2) is false
[06:22:59.351] [bmv2] [D] [thread 11810] [16.0] [cxt 0] Pipeline 'ingress': end
[06:22:59.351] [bmv2] [D] [thread 11810] [16.0] [cxt 0] Egress port is 0
[06:22:59.352] [bmv2] [D] [thread 11811] [16.0] [cxt 0] Pipeline 'egress': start
[06:22:59.352] [bmv2] [D] [thread 11811] [16.0] [cxt 0] Pipeline 'egress': end
[06:22:59.352] [bmv2] [D] [thread 11811] [16.0] [cxt 0] Deparser 'deparser': start
[06:22:59.352] [bmv2] [T] [thread 11811] [16.0] [cxt 0] Skipping checksum 'cksum' update because condition not met
[06:22:59.352] [bmv2] [D] [thread 11811] [16.0] [cxt 0] Deparsing header 'ethernet'
[06:22:59.352] [bmv2] [D] [thread 11811] [16.0] [cxt 0] Deparser 'deparser': end
[06:22:59.352] [bmv2] [D] [thread 11815] [16.0] [cxt 0] Transmitting packet of size 196 out of port 0
[06:22:59.447] [bmv2] [D] [thread 11810] [17.0] [cxt 0] Processing packet received on port 1
[06:22:59.447] [bmv2] [D] [thread 11810] [17.0] [cxt 0] Parser 'parser': start
[06:22:59.447] [bmv2] [D] [thread 11810] [17.0] [cxt 0] Parser 'parser' entering state 'start'
[06:22:59.447] [bmv2] [D] [thread 11810] [17.0] [cxt 0] Extracting header 'ethernet'
[06:22:59.447] [bmv2] [D] [thread 11810] [17.0] [cxt 0] Parser state 'start': key is 86dd
[06:22:59.447] [bmv2] [T] [thread 11810] [17.0] [cxt 0] Bytes parsed: 14
[06:22:59.447] [bmv2] [D] [thread 11810] [17.0] [cxt 0] Parser 'parser': end
[06:22:59.447] [bmv2] [D] [thread 11810] [17.0] [cxt 0] Pipeline 'ingress': start
[06:22:59.447] [bmv2] [T] [thread 11810] [17.0] [cxt 0] basic.p4(140) Condition "hdr.ipv4.isValid()" (node_2) is false
[06:22:59.447] [bmv2] [D] [thread 11810] [17.0] [cxt 0] Pipeline 'ingress': end
[06:22:59.447] [bmv2] [D] [thread 11810] [17.0] [cxt 0] Egress port is 0
[06:22:59.447] [bmv2] [D] [thread 11811] [17.0] [cxt 0] Pipeline 'egress': start
[06:22:59.447] [bmv2] [D] [thread 11811] [17.0] [cxt 0] Pipeline 'egress': end
[06:22:59.447] [bmv2] [D] [thread 11811] [17.0] [cxt 0] Deparser 'deparser': start
[06:22:59.447] [bmv2] [T] [thread 11811] [17.0] [cxt 0] Skipping checksum 'cksum' update because condition not met
[06:22:59.447] [bmv2] [D] [thread 11811] [17.0] [cxt 0] Deparsing header 'ethernet'
[06:22:59.447] [bmv2] [D] [thread 11811] [17.0] [cxt 0] Deparser 'deparser': end
[06:22:59.447] [bmv2] [D] [thread 11815] [17.0] [cxt 0] Transmitting packet of size 110 out of port 0
[06:22:59.448] [bmv2] [D] [thread 11810] [18.0] [cxt 0] Processing packet received on port 2
[06:22:59.448] [bmv2] [D] [thread 11810] [18.0] [cxt 0] Parser 'parser': start
[06:22:59.448] [bmv2] [D] [thread 11810] [18.0] [cxt 0] Parser 'parser' entering state 'start'
[06:22:59.448] [bmv2] [D] [thread 11810] [18.0] [cxt 0] Extracting header 'ethernet'
[06:22:59.448] [bmv2] [D] [thread 11810] [18.0] [cxt 0] Parser state 'start': key is 86dd
[06:22:59.448] [bmv2] [T] [thread 11810] [18.0] [cxt 0] Bytes parsed: 14
[06:22:59.448] [bmv2] [D] [thread 11810] [18.0] [cxt 0] Parser 'parser': end
[06:22:59.448] [bmv2] [D] [thread 11810] [18.0] [cxt 0] Pipeline 'ingress': start
[06:22:59.448] [bmv2] [T] [thread 11810] [18.0] [cxt 0] basic.p4(140) Condition "hdr.ipv4.isValid()" (node_2) is false
[06:22:59.448] [bmv2] [D] [thread 11810] [18.0] [cxt 0] Pipeline 'ingress': end
[06:22:59.448] [bmv2] [D] [thread 11810] [18.0] [cxt 0] Egress port is 0
[06:22:59.448] [bmv2] [D] [thread 11811] [18.0] [cxt 0] Pipeline 'egress': start
[06:22:59.448] [bmv2] [D] [thread 11811] [18.0] [cxt 0] Pipeline 'egress': end
[06:22:59.448] [bmv2] [D] [thread 11811] [18.0] [cxt 0] Deparser 'deparser': start
[06:22:59.448] [bmv2] [T] [thread 11811] [18.0] [cxt 0] Skipping checksum 'cksum' update because condition not met
[06:22:59.448] [bmv2] [D] [thread 11811] [18.0] [cxt 0] Deparsing header 'ethernet'
[06:22:59.448] [bmv2] [D] [thread 11811] [18.0] [cxt 0] Deparser 'deparser': end
[06:22:59.448] [bmv2] [D] [thread 11815] [18.0] [cxt 0] Transmitting packet of size 208 out of port 0
[06:22:59.472] [bmv2] [D] [thread 11810] [19.0] [cxt 0] Processing packet received on port 1
[06:22:59.472] [bmv2] [D] [thread 11810] [19.0] [cxt 0] Parser 'parser': start
[06:22:59.472] [bmv2] [D] [thread 11810] [19.0] [cxt 0] Parser 'parser' entering state 'start'
[06:22:59.472] [bmv2] [D] [thread 11810] [19.0] [cxt 0] Extracting header 'ethernet'
[06:22:59.472] [bmv2] [D] [thread 11810] [19.0] [cxt 0] Parser state 'start': key is 86dd
[06:22:59.472] [bmv2] [T] [thread 11810] [19.0] [cxt 0] Bytes parsed: 14
[06:22:59.472] [bmv2] [D] [thread 11810] [19.0] [cxt 0] Parser 'parser': end
[06:22:59.472] [bmv2] [D] [thread 11810] [19.0] [cxt 0] Pipeline 'ingress': start
[06:22:59.472] [bmv2] [T] [thread 11810] [19.0] [cxt 0] basic.p4(140) Condition "hdr.ipv4.isValid()" (node_2) is false
[06:22:59.472] [bmv2] [D] [thread 11810] [19.0] [cxt 0] Pipeline 'ingress': end
[06:22:59.472] [bmv2] [D] [thread 11810] [19.0] [cxt 0] Egress port is 0
[06:22:59.472] [bmv2] [D] [thread 11811] [19.0] [cxt 0] Pipeline 'egress': start
[06:22:59.472] [bmv2] [D] [thread 11811] [19.0] [cxt 0] Pipeline 'egress': end
[06:22:59.472] [bmv2] [D] [thread 11811] [19.0] [cxt 0] Deparser 'deparser': start
[06:22:59.472] [bmv2] [T] [thread 11811] [19.0] [cxt 0] Skipping checksum 'cksum' update because condition not met
[06:22:59.472] [bmv2] [D] [thread 11811] [19.0] [cxt 0] Deparsing header 'ethernet'
[06:22:59.472] [bmv2] [D] [thread 11811] [19.0] [cxt 0] Deparser 'deparser': end
[06:22:59.472] [bmv2] [D] [thread 11815] [19.0] [cxt 0] Transmitting packet of size 208 out of port 0
[06:22:59.525] [bmv2] [D] [thread 11810] [20.0] [cxt 0] Processing packet received on port 1
[06:22:59.525] [bmv2] [D] [thread 11810] [20.0] [cxt 0] Parser 'parser': start
[06:22:59.525] [bmv2] [D] [thread 11810] [20.0] [cxt 0] Parser 'parser' entering state 'start'
[06:22:59.525] [bmv2] [D] [thread 11810] [20.0] [cxt 0] Extracting header 'ethernet'
[06:22:59.525] [bmv2] [D] [thread 11810] [20.0] [cxt 0] Parser state 'start': key is 86dd
[06:22:59.525] [bmv2] [T] [thread 11810] [20.0] [cxt 0] Bytes parsed: 14
[06:22:59.525] [bmv2] [D] [thread 11810] [20.0] [cxt 0] Parser 'parser': end
[06:22:59.525] [bmv2] [D] [thread 11810] [20.0] [cxt 0] Pipeline 'ingress': start
[06:22:59.525] [bmv2] [T] [thread 11810] [20.0] [cxt 0] basic.p4(140) Condition "hdr.ipv4.isValid()" (node_2) is false
[06:22:59.525] [bmv2] [D] [thread 11810] [20.0] [cxt 0] Pipeline 'ingress': end
[06:22:59.525] [bmv2] [D] [thread 11810] [20.0] [cxt 0] Egress port is 0
[06:22:59.525] [bmv2] [D] [thread 11811] [20.0] [cxt 0] Pipeline 'egress': start
[06:22:59.525] [bmv2] [D] [thread 11811] [20.0] [cxt 0] Pipeline 'egress': end
[06:22:59.525] [bmv2] [D] [thread 11811] [20.0] [cxt 0] Deparser 'deparser': start
[06:22:59.525] [bmv2] [T] [thread 11811] [20.0] [cxt 0] Skipping checksum 'cksum' update because condition not met
[06:22:59.525] [bmv2] [D] [thread 11811] [20.0] [cxt 0] Deparsing header 'ethernet'
[06:22:59.525] [bmv2] [D] [thread 11811] [20.0] [cxt 0] Deparser 'deparser': end
[06:22:59.525] [bmv2] [D] [thread 11815] [20.0] [cxt 0] Transmitting packet of size 90 out of port 0
[06:22:59.582] [bmv2] [D] [thread 11810] [21.0] [cxt 0] Processing packet received on port 1
[06:22:59.582] [bmv2] [D] [thread 11810] [21.0] [cxt 0] Parser 'parser': start
[06:22:59.582] [bmv2] [D] [thread 11810] [21.0] [cxt 0] Parser 'parser' entering state 'start'
[06:22:59.582] [bmv2] [D] [thread 11810] [21.0] [cxt 0] Extracting header 'ethernet'
[06:22:59.582] [bmv2] [D] [thread 11810] [21.0] [cxt 0] Parser state 'start': key is 86dd
[06:22:59.583] [bmv2] [T] [thread 11810] [21.0] [cxt 0] Bytes parsed: 14
[06:22:59.583] [bmv2] [D] [thread 11810] [21.0] [cxt 0] Parser 'parser': end
[06:22:59.583] [bmv2] [D] [thread 11810] [21.0] [cxt 0] Pipeline 'ingress': start
[06:22:59.583] [bmv2] [T] [thread 11810] [21.0] [cxt 0] basic.p4(140) Condition "hdr.ipv4.isValid()" (node_2) is false
[06:22:59.583] [bmv2] [D] [thread 11810] [21.0] [cxt 0] Pipeline 'ingress': end
[06:22:59.583] [bmv2] [D] [thread 11810] [21.0] [cxt 0] Egress port is 0
[06:22:59.583] [bmv2] [D] [thread 11811] [21.0] [cxt 0] Pipeline 'egress': start
[06:22:59.583] [bmv2] [D] [thread 11811] [21.0] [cxt 0] Pipeline 'egress': end
[06:22:59.583] [bmv2] [D] [thread 11811] [21.0] [cxt 0] Deparser 'deparser': start
[06:22:59.583] [bmv2] [T] [thread 11811] [21.0] [cxt 0] Skipping checksum 'cksum' update because condition not met
[06:22:59.583] [bmv2] [D] [thread 11811] [21.0] [cxt 0] Deparsing header 'ethernet'
[06:22:59.583] [bmv2] [D] [thread 11811] [21.0] [cxt 0] Deparser 'deparser': end
[06:22:59.583] [bmv2] [D] [thread 11815] [21.0] [cxt 0] Transmitting packet of size 208 out of port 0
[06:22:59.673] [bmv2] [D] [thread 11810] [22.0] [cxt 0] Processing packet received on port 1
[06:22:59.673] [bmv2] [D] [thread 11810] [22.0] [cxt 0] Parser 'parser': start
[06:22:59.673] [bmv2] [D] [thread 11810] [22.0] [cxt 0] Parser 'parser' entering state 'start'
[06:22:59.673] [bmv2] [D] [thread 11810] [22.0] [cxt 0] Extracting header 'ethernet'
[06:22:59.673] [bmv2] [D] [thread 11810] [22.0] [cxt 0] Parser state 'start': key is 86dd
[06:22:59.673] [bmv2] [T] [thread 11810] [22.0] [cxt 0] Bytes parsed: 14
[06:22:59.673] [bmv2] [D] [thread 11810] [22.0] [cxt 0] Parser 'parser': end
[06:22:59.673] [bmv2] [D] [thread 11810] [22.0] [cxt 0] Pipeline 'ingress': start
[06:22:59.673] [bmv2] [T] [thread 11810] [22.0] [cxt 0] basic.p4(140) Condition "hdr.ipv4.isValid()" (node_2) is false
[06:22:59.673] [bmv2] [D] [thread 11810] [22.0] [cxt 0] Pipeline 'ingress': end
[06:22:59.673] [bmv2] [D] [thread 11810] [22.0] [cxt 0] Egress port is 0
[06:22:59.673] [bmv2] [D] [thread 11811] [22.0] [cxt 0] Pipeline 'egress': start
[06:22:59.673] [bmv2] [D] [thread 11811] [22.0] [cxt 0] Pipeline 'egress': end
[06:22:59.673] [bmv2] [D] [thread 11811] [22.0] [cxt 0] Deparser 'deparser': start
[06:22:59.673] [bmv2] [T] [thread 11811] [22.0] [cxt 0] Skipping checksum 'cksum' update because condition not met
[06:22:59.673] [bmv2] [D] [thread 11811] [22.0] [cxt 0] Deparsing header 'ethernet'
[06:22:59.673] [bmv2] [D] [thread 11811] [22.0] [cxt 0] Deparser 'deparser': end
[06:22:59.673] [bmv2] [D] [thread 11815] [22.0] [cxt 0] Transmitting packet of size 196 out of port 0
[06:22:59.700] [bmv2] [D] [thread 11810] [23.0] [cxt 0] Processing packet received on port 2
[06:22:59.700] [bmv2] [D] [thread 11810] [23.0] [cxt 0] Parser 'parser': start
[06:22:59.700] [bmv2] [D] [thread 11810] [23.0] [cxt 0] Parser 'parser' entering state 'start'
[06:22:59.700] [bmv2] [D] [thread 11810] [23.0] [cxt 0] Extracting header 'ethernet'
[06:22:59.700] [bmv2] [D] [thread 11810] [23.0] [cxt 0] Parser state 'start': key is 86dd
[06:22:59.700] [bmv2] [T] [thread 11810] [23.0] [cxt 0] Bytes parsed: 14
[06:22:59.700] [bmv2] [D] [thread 11810] [23.0] [cxt 0] Parser 'parser': end
[06:22:59.700] [bmv2] [D] [thread 11810] [23.0] [cxt 0] Pipeline 'ingress': start
[06:22:59.700] [bmv2] [T] [thread 11810] [23.0] [cxt 0] basic.p4(140) Condition "hdr.ipv4.isValid()" (node_2) is false
[06:22:59.700] [bmv2] [D] [thread 11810] [23.0] [cxt 0] Pipeline 'ingress': end
[06:22:59.700] [bmv2] [D] [thread 11810] [23.0] [cxt 0] Egress port is 0
[06:22:59.700] [bmv2] [D] [thread 11811] [23.0] [cxt 0] Pipeline 'egress': start
[06:22:59.700] [bmv2] [D] [thread 11811] [23.0] [cxt 0] Pipeline 'egress': end
[06:22:59.700] [bmv2] [D] [thread 11811] [23.0] [cxt 0] Deparser 'deparser': start
[06:22:59.700] [bmv2] [T] [thread 11811] [23.0] [cxt 0] Skipping checksum 'cksum' update because condition not met
[06:22:59.700] [bmv2] [D] [thread 11811] [23.0] [cxt 0] Deparsing header 'ethernet'
[06:22:59.700] [bmv2] [D] [thread 11811] [23.0] [cxt 0] Deparser 'deparser': end
[06:22:59.700] [bmv2] [D] [thread 11815] [23.0] [cxt 0] Transmitting packet of size 208 out of port 0
[06:22:59.820] [bmv2] [D] [thread 11810] [24.0] [cxt 0] Processing packet received on port 1
[06:22:59.820] [bmv2] [D] [thread 11810] [24.0] [cxt 0] Parser 'parser': start
[06:22:59.820] [bmv2] [D] [thread 11810] [24.0] [cxt 0] Parser 'parser' entering state 'start'
[06:22:59.820] [bmv2] [D] [thread 11810] [24.0] [cxt 0] Extracting header 'ethernet'
[06:22:59.820] [bmv2] [D] [thread 11810] [24.0] [cxt 0] Parser state 'start': key is 86dd
[06:22:59.820] [bmv2] [T] [thread 11810] [24.0] [cxt 0] Bytes parsed: 14
[06:22:59.820] [bmv2] [D] [thread 11810] [24.0] [cxt 0] Parser 'parser': end
[06:22:59.820] [bmv2] [D] [thread 11810] [24.0] [cxt 0] Pipeline 'ingress': start
[06:22:59.820] [bmv2] [T] [thread 11810] [24.0] [cxt 0] basic.p4(140) Condition "hdr.ipv4.isValid()" (node_2) is false
[06:22:59.820] [bmv2] [D] [thread 11810] [24.0] [cxt 0] Pipeline 'ingress': end
[06:22:59.820] [bmv2] [D] [thread 11810] [24.0] [cxt 0] Egress port is 0
[06:22:59.820] [bmv2] [D] [thread 11811] [24.0] [cxt 0] Pipeline 'egress': start
[06:22:59.820] [bmv2] [D] [thread 11811] [24.0] [cxt 0] Pipeline 'egress': end
[06:22:59.820] [bmv2] [D] [thread 11811] [24.0] [cxt 0] Deparser 'deparser': start
[06:22:59.820] [bmv2] [T] [thread 11811] [24.0] [cxt 0] Skipping checksum 'cksum' update because condition not met
[06:22:59.820] [bmv2] [D] [thread 11811] [24.0] [cxt 0] Deparsing header 'ethernet'
[06:22:59.820] [bmv2] [D] [thread 11811] [24.0] [cxt 0] Deparser 'deparser': end
[06:22:59.821] [bmv2] [D] [thread 11815] [24.0] [cxt 0] Transmitting packet of size 208 out of port 0
[06:22:59.877] [bmv2] [D] [thread 11810] [25.0] [cxt 0] Processing packet received on port 2
[06:22:59.877] [bmv2] [D] [thread 11810] [25.0] [cxt 0] Parser 'parser': start
[06:22:59.877] [bmv2] [D] [thread 11810] [25.0] [cxt 0] Parser 'parser' entering state 'start'
[06:22:59.877] [bmv2] [D] [thread 11810] [25.0] [cxt 0] Extracting header 'ethernet'
[06:22:59.877] [bmv2] [D] [thread 11810] [25.0] [cxt 0] Parser state 'start': key is 86dd
[06:22:59.877] [bmv2] [T] [thread 11810] [25.0] [cxt 0] Bytes parsed: 14
[06:22:59.877] [bmv2] [D] [thread 11810] [25.0] [cxt 0] Parser 'parser': end
[06:22:59.877] [bmv2] [D] [thread 11810] [25.0] [cxt 0] Pipeline 'ingress': start
[06:22:59.877] [bmv2] [T] [thread 11810] [25.0] [cxt 0] basic.p4(140) Condition "hdr.ipv4.isValid()" (node_2) is false
[06:22:59.877] [bmv2] [D] [thread 11810] [25.0] [cxt 0] Pipeline 'ingress': end
[06:22:59.877] [bmv2] [D] [thread 11810] [25.0] [cxt 0] Egress port is 0
[06:22:59.877] [bmv2] [D] [thread 11811] [25.0] [cxt 0] Pipeline 'egress': start
[06:22:59.877] [bmv2] [D] [thread 11811] [25.0] [cxt 0] Pipeline 'egress': end
[06:22:59.877] [bmv2] [D] [thread 11811] [25.0] [cxt 0] Deparser 'deparser': start
[06:22:59.877] [bmv2] [T] [thread 11811] [25.0] [cxt 0] Skipping checksum 'cksum' update because condition not met
[06:22:59.877] [bmv2] [D] [thread 11811] [25.0] [cxt 0] Deparsing header 'ethernet'
[06:22:59.877] [bmv2] [D] [thread 11811] [25.0] [cxt 0] Deparser 'deparser': end
[06:22:59.877] [bmv2] [D] [thread 11815] [25.0] [cxt 0] Transmitting packet of size 90 out of port 0
[06:22:59.901] [bmv2] [D] [thread 11810] [26.0] [cxt 0] Processing packet received on port 2
[06:22:59.901] [bmv2] [D] [thread 11810] [26.0] [cxt 0] Parser 'parser': start
[06:22:59.901] [bmv2] [D] [thread 11810] [26.0] [cxt 0] Parser 'parser' entering state 'start'
[06:22:59.901] [bmv2] [D] [thread 11810] [26.0] [cxt 0] Extracting header 'ethernet'
[06:22:59.901] [bmv2] [D] [thread 11810] [26.0] [cxt 0] Parser state 'start': key is 86dd
[06:22:59.901] [bmv2] [T] [thread 11810] [26.0] [cxt 0] Bytes parsed: 14
[06:22:59.901] [bmv2] [D] [thread 11810] [26.0] [cxt 0] Parser 'parser': end
[06:22:59.901] [bmv2] [D] [thread 11810] [26.0] [cxt 0] Pipeline 'ingress': start
[06:22:59.901] [bmv2] [T] [thread 11810] [26.0] [cxt 0] basic.p4(140) Condition "hdr.ipv4.isValid()" (node_2) is false
[06:22:59.901] [bmv2] [D] [thread 11810] [26.0] [cxt 0] Pipeline 'ingress': end
[06:22:59.901] [bmv2] [D] [thread 11810] [26.0] [cxt 0] Egress port is 0
[06:22:59.901] [bmv2] [D] [thread 11811] [26.0] [cxt 0] Pipeline 'egress': start
[06:22:59.901] [bmv2] [D] [thread 11811] [26.0] [cxt 0] Pipeline 'egress': end
[06:22:59.901] [bmv2] [D] [thread 11811] [26.0] [cxt 0] Deparser 'deparser': start
[06:22:59.901] [bmv2] [T] [thread 11811] [26.0] [cxt 0] Skipping checksum 'cksum' update because condition not met
[06:22:59.901] [bmv2] [D] [thread 11811] [26.0] [cxt 0] Deparsing header 'ethernet'
[06:22:59.901] [bmv2] [D] [thread 11811] [26.0] [cxt 0] Deparser 'deparser': end
[06:22:59.901] [bmv2] [D] [thread 11815] [26.0] [cxt 0] Transmitting packet of size 196 out of port 0
[06:22:59.941] [bmv2] [D] [thread 11810] [27.0] [cxt 0] Processing packet received on port 1
[06:22:59.941] [bmv2] [D] [thread 11810] [27.0] [cxt 0] Parser 'parser': start
[06:22:59.941] [bmv2] [D] [thread 11810] [27.0] [cxt 0] Parser 'parser' entering state 'start'
[06:22:59.941] [bmv2] [D] [thread 11810] [27.0] [cxt 0] Extracting header 'ethernet'
[06:22:59.941] [bmv2] [D] [thread 11810] [27.0] [cxt 0] Parser state 'start': key is 86dd
[06:22:59.941] [bmv2] [T] [thread 11810] [27.0] [cxt 0] Bytes parsed: 14
[06:22:59.941] [bmv2] [D] [thread 11810] [27.0] [cxt 0] Parser 'parser': end
[06:22:59.941] [bmv2] [D] [thread 11810] [27.0] [cxt 0] Pipeline 'ingress': start
[06:22:59.941] [bmv2] [T] [thread 11810] [27.0] [cxt 0] basic.p4(140) Condition "hdr.ipv4.isValid()" (node_2) is false
[06:22:59.941] [bmv2] [D] [thread 11810] [27.0] [cxt 0] Pipeline 'ingress': end
[06:22:59.941] [bmv2] [D] [thread 11810] [27.0] [cxt 0] Egress port is 0
[06:22:59.941] [bmv2] [D] [thread 11810] [28.0] [cxt 0] Processing packet received on port 2
[06:22:59.941] [bmv2] [D] [thread 11810] [28.0] [cxt 0] Parser 'parser': start
[06:22:59.941] [bmv2] [D] [thread 11810] [28.0] [cxt 0] Parser 'parser' entering state 'start'
[06:22:59.941] [bmv2] [D] [thread 11810] [28.0] [cxt 0] Extracting header 'ethernet'
[06:22:59.941] [bmv2] [D] [thread 11810] [28.0] [cxt 0] Parser state 'start': key is 86dd
[06:22:59.941] [bmv2] [T] [thread 11810] [28.0] [cxt 0] Bytes parsed: 14
[06:22:59.941] [bmv2] [D] [thread 11810] [28.0] [cxt 0] Parser 'parser': end
[06:22:59.941] [bmv2] [D] [thread 11810] [28.0] [cxt 0] Pipeline 'ingress': start
[06:22:59.941] [bmv2] [T] [thread 11810] [28.0] [cxt 0] basic.p4(140) Condition "hdr.ipv4.isValid()" (node_2) is false
[06:22:59.941] [bmv2] [D] [thread 11810] [28.0] [cxt 0] Pipeline 'ingress': end
[06:22:59.941] [bmv2] [D] [thread 11810] [28.0] [cxt 0] Egress port is 0
[06:22:59.942] [bmv2] [D] [thread 11811] [27.0] [cxt 0] Pipeline 'egress': start
[06:22:59.942] [bmv2] [D] [thread 11811] [27.0] [cxt 0] Pipeline 'egress': end
[06:22:59.942] [bmv2] [D] [thread 11811] [27.0] [cxt 0] Deparser 'deparser': start
[06:22:59.942] [bmv2] [T] [thread 11811] [27.0] [cxt 0] Skipping checksum 'cksum' update because condition not met
[06:22:59.942] [bmv2] [D] [thread 11811] [27.0] [cxt 0] Deparsing header 'ethernet'
[06:22:59.942] [bmv2] [D] [thread 11811] [27.0] [cxt 0] Deparser 'deparser': end
[06:22:59.942] [bmv2] [D] [thread 11811] [28.0] [cxt 0] Pipeline 'egress': start
[06:22:59.942] [bmv2] [D] [thread 11811] [28.0] [cxt 0] Pipeline 'egress': end
[06:22:59.942] [bmv2] [D] [thread 11811] [28.0] [cxt 0] Deparser 'deparser': start
[06:22:59.942] [bmv2] [T] [thread 11811] [28.0] [cxt 0] Skipping checksum 'cksum' update because condition not met
[06:22:59.942] [bmv2] [D] [thread 11811] [28.0] [cxt 0] Deparsing header 'ethernet'
[06:22:59.942] [bmv2] [D] [thread 11811] [28.0] [cxt 0] Deparser 'deparser': end
[06:22:59.942] [bmv2] [D] [thread 11815] [27.0] [cxt 0] Transmitting packet of size 110 out of port 0
[06:22:59.942] [bmv2] [D] [thread 11815] [28.0] [cxt 0] Transmitting packet of size 110 out of port 0
[06:23:00.028] [bmv2] [D] [thread 11810] [29.0] [cxt 0] Processing packet received on port 1
[06:23:00.028] [bmv2] [D] [thread 11810] [29.0] [cxt 0] Parser 'parser': start
[06:23:00.028] [bmv2] [D] [thread 11810] [29.0] [cxt 0] Parser 'parser' entering state 'start'
[06:23:00.028] [bmv2] [D] [thread 11810] [29.0] [cxt 0] Extracting header 'ethernet'
[06:23:00.028] [bmv2] [D] [thread 11810] [29.0] [cxt 0] Parser state 'start': key is 86dd
[06:23:00.028] [bmv2] [T] [thread 11810] [29.0] [cxt 0] Bytes parsed: 14
[06:23:00.028] [bmv2] [D] [thread 11810] [29.0] [cxt 0] Parser 'parser': end
[06:23:00.028] [bmv2] [D] [thread 11810] [29.0] [cxt 0] Pipeline 'ingress': start
[06:23:00.028] [bmv2] [T] [thread 11810] [29.0] [cxt 0] basic.p4(140) Condition "hdr.ipv4.isValid()" (node_2) is false
[06:23:00.028] [bmv2] [D] [thread 11810] [29.0] [cxt 0] Pipeline 'ingress': end
[06:23:00.028] [bmv2] [D] [thread 11810] [29.0] [cxt 0] Egress port is 0
[06:23:00.028] [bmv2] [D] [thread 11811] [29.0] [cxt 0] Pipeline 'egress': start
[06:23:00.028] [bmv2] [D] [thread 11811] [29.0] [cxt 0] Pipeline 'egress': end
[06:23:00.028] [bmv2] [D] [thread 11811] [29.0] [cxt 0] Deparser 'deparser': start
[06:23:00.028] [bmv2] [T] [thread 11811] [29.0] [cxt 0] Skipping checksum 'cksum' update because condition not met
[06:23:00.028] [bmv2] [D] [thread 11811] [29.0] [cxt 0] Deparsing header 'ethernet'
[06:23:00.028] [bmv2] [D] [thread 11811] [29.0] [cxt 0] Deparser 'deparser': end
[06:23:00.028] [bmv2] [D] [thread 11815] [29.0] [cxt 0] Transmitting packet of size 196 out of port 0
[06:23:00.353] [bmv2] [D] [thread 11810] [30.0] [cxt 0] Processing packet received on port 2
[06:23:00.353] [bmv2] [D] [thread 11810] [30.0] [cxt 0] Parser 'parser': start
[06:23:00.353] [bmv2] [D] [thread 11810] [30.0] [cxt 0] Parser 'parser' entering state 'start'
[06:23:00.353] [bmv2] [D] [thread 11810] [30.0] [cxt 0] Extracting header 'ethernet'
[06:23:00.353] [bmv2] [D] [thread 11810] [30.0] [cxt 0] Parser state 'start': key is 86dd
[06:23:00.353] [bmv2] [T] [thread 11810] [30.0] [cxt 0] Bytes parsed: 14
[06:23:00.353] [bmv2] [D] [thread 11810] [30.0] [cxt 0] Parser 'parser': end
[06:23:00.353] [bmv2] [D] [thread 11810] [30.0] [cxt 0] Pipeline 'ingress': start
[06:23:00.353] [bmv2] [T] [thread 11810] [30.0] [cxt 0] basic.p4(140) Condition "hdr.ipv4.isValid()" (node_2) is false
[06:23:00.353] [bmv2] [D] [thread 11810] [30.0] [cxt 0] Pipeline 'ingress': end
[06:23:00.353] [bmv2] [D] [thread 11810] [30.0] [cxt 0] Egress port is 0
[06:23:00.353] [bmv2] [D] [thread 11811] [30.0] [cxt 0] Pipeline 'egress': start
[06:23:00.353] [bmv2] [D] [thread 11811] [30.0] [cxt 0] Pipeline 'egress': end
[06:23:00.353] [bmv2] [D] [thread 11811] [30.0] [cxt 0] Deparser 'deparser': start
[06:23:00.353] [bmv2] [T] [thread 11811] [30.0] [cxt 0] Skipping checksum 'cksum' update because condition not met
[06:23:00.353] [bmv2] [D] [thread 11811] [30.0] [cxt 0] Deparsing header 'ethernet'
[06:23:00.353] [bmv2] [D] [thread 11811] [30.0] [cxt 0] Deparser 'deparser': end
[06:23:00.353] [bmv2] [D] [thread 11815] [30.0] [cxt 0] Transmitting packet of size 196 out of port 0
[06:23:00.696] [bmv2] [D] [thread 11810] [31.0] [cxt 0] Processing packet received on port 1
[06:23:00.696] [bmv2] [D] [thread 11810] [31.0] [cxt 0] Parser 'parser': start
[06:23:00.696] [bmv2] [D] [thread 11810] [31.0] [cxt 0] Parser 'parser' entering state 'start'
[06:23:00.696] [bmv2] [D] [thread 11810] [31.0] [cxt 0] Extracting header 'ethernet'
[06:23:00.696] [bmv2] [D] [thread 11810] [31.0] [cxt 0] Parser state 'start': key is 86dd
[06:23:00.696] [bmv2] [T] [thread 11810] [31.0] [cxt 0] Bytes parsed: 14
[06:23:00.696] [bmv2] [D] [thread 11810] [31.0] [cxt 0] Parser 'parser': end
[06:23:00.696] [bmv2] [D] [thread 11810] [31.0] [cxt 0] Pipeline 'ingress': start
[06:23:00.696] [bmv2] [T] [thread 11810] [31.0] [cxt 0] basic.p4(140) Condition "hdr.ipv4.isValid()" (node_2) is false
[06:23:00.696] [bmv2] [D] [thread 11810] [31.0] [cxt 0] Pipeline 'ingress': end
[06:23:00.696] [bmv2] [D] [thread 11810] [31.0] [cxt 0] Egress port is 0
[06:23:00.697] [bmv2] [D] [thread 11811] [31.0] [cxt 0] Pipeline 'egress': start
[06:23:00.697] [bmv2] [D] [thread 11811] [31.0] [cxt 0] Pipeline 'egress': end
[06:23:00.697] [bmv2] [D] [thread 11811] [31.0] [cxt 0] Deparser 'deparser': start
[06:23:00.697] [bmv2] [T] [thread 11811] [31.0] [cxt 0] Skipping checksum 'cksum' update because condition not met
[06:23:00.697] [bmv2] [D] [thread 11811] [31.0] [cxt 0] Deparsing header 'ethernet'
[06:23:00.697] [bmv2] [D] [thread 11811] [31.0] [cxt 0] Deparser 'deparser': end
[06:23:00.697] [bmv2] [D] [thread 11815] [31.0] [cxt 0] Transmitting packet of size 196 out of port 0
[06:23:00.902] [bmv2] [D] [thread 11810] [32.0] [cxt 0] Processing packet received on port 2
[06:23:00.902] [bmv2] [D] [thread 11810] [32.0] [cxt 0] Parser 'parser': start
[06:23:00.902] [bmv2] [D] [thread 11810] [32.0] [cxt 0] Parser 'parser' entering state 'start'
[06:23:00.902] [bmv2] [D] [thread 11810] [32.0] [cxt 0] Extracting header 'ethernet'
[06:23:00.902] [bmv2] [D] [thread 11810] [32.0] [cxt 0] Parser state 'start': key is 86dd
[06:23:00.902] [bmv2] [T] [thread 11810] [32.0] [cxt 0] Bytes parsed: 14
[06:23:00.902] [bmv2] [D] [thread 11810] [32.0] [cxt 0] Parser 'parser': end
[06:23:00.902] [bmv2] [D] [thread 11810] [32.0] [cxt 0] Pipeline 'ingress': start
[06:23:00.902] [bmv2] [T] [thread 11810] [32.0] [cxt 0] basic.p4(140) Condition "hdr.ipv4.isValid()" (node_2) is false
[06:23:00.902] [bmv2] [D] [thread 11810] [32.0] [cxt 0] Pipeline 'ingress': end
[06:23:00.902] [bmv2] [D] [thread 11810] [32.0] [cxt 0] Egress port is 0
[06:23:00.902] [bmv2] [D] [thread 11811] [32.0] [cxt 0] Pipeline 'egress': start
[06:23:00.902] [bmv2] [D] [thread 11811] [32.0] [cxt 0] Pipeline 'egress': end
[06:23:00.902] [bmv2] [D] [thread 11811] [32.0] [cxt 0] Deparser 'deparser': start
[06:23:00.902] [bmv2] [T] [thread 11811] [32.0] [cxt 0] Skipping checksum 'cksum' update because condition not met
[06:23:00.902] [bmv2] [D] [thread 11811] [32.0] [cxt 0] Deparsing header 'ethernet'
[06:23:00.902] [bmv2] [D] [thread 11811] [32.0] [cxt 0] Deparser 'deparser': end
[06:23:00.902] [bmv2] [D] [thread 11815] [32.0] [cxt 0] Transmitting packet of size 196 out of port 0
[06:23:01.028] [bmv2] [D] [thread 11810] [33.0] [cxt 0] Processing packet received on port 1
[06:23:01.028] [bmv2] [D] [thread 11810] [33.0] [cxt 0] Parser 'parser': start
[06:23:01.028] [bmv2] [D] [thread 11810] [33.0] [cxt 0] Parser 'parser' entering state 'start'
[06:23:01.028] [bmv2] [D] [thread 11810] [33.0] [cxt 0] Extracting header 'ethernet'
[06:23:01.028] [bmv2] [D] [thread 11810] [33.0] [cxt 0] Parser state 'start': key is 86dd
[06:23:01.028] [bmv2] [T] [thread 11810] [33.0] [cxt 0] Bytes parsed: 14
[06:23:01.028] [bmv2] [D] [thread 11810] [33.0] [cxt 0] Parser 'parser': end
[06:23:01.028] [bmv2] [D] [thread 11810] [33.0] [cxt 0] Pipeline 'ingress': start
[06:23:01.028] [bmv2] [T] [thread 11810] [33.0] [cxt 0] basic.p4(140) Condition "hdr.ipv4.isValid()" (node_2) is false
[06:23:01.028] [bmv2] [D] [thread 11810] [33.0] [cxt 0] Pipeline 'ingress': end
[06:23:01.028] [bmv2] [D] [thread 11810] [33.0] [cxt 0] Egress port is 0
[06:23:01.028] [bmv2] [D] [thread 11811] [33.0] [cxt 0] Pipeline 'egress': start
[06:23:01.028] [bmv2] [D] [thread 11811] [33.0] [cxt 0] Pipeline 'egress': end
[06:23:01.028] [bmv2] [D] [thread 11811] [33.0] [cxt 0] Deparser 'deparser': start
[06:23:01.028] [bmv2] [T] [thread 11811] [33.0] [cxt 0] Skipping checksum 'cksum' update because condition not met
[06:23:01.028] [bmv2] [D] [thread 11811] [33.0] [cxt 0] Deparsing header 'ethernet'
[06:23:01.028] [bmv2] [D] [thread 11811] [33.0] [cxt 0] Deparser 'deparser': end
[06:23:01.028] [bmv2] [D] [thread 11815] [33.0] [cxt 0] Transmitting packet of size 196 out of port 0
[06:23:01.089] [bmv2] [W] [thread 11872] [P4Runtime] p4::tmp::P4DeviceConfig is deprecated
[06:23:01.089] [bmv2] [D] [thread 11872] Set default default entry for table 'MyIngress.ipv4_lpm': MyIngress.drop - 
[06:23:01.090] [bmv2] [D] [thread 11872] simple_switch target has been notified of a config swap
[06:23:01.091] [bmv2] [D] [thread 11874] Set default entry for table 'MyIngress.ipv4_lpm': MyIngress.drop - 
[06:23:01.097] [bmv2] [D] [thread 11872] Entry 0 added to table 'MyIngress.ipv4_lpm'
[06:23:01.097] [bmv2] [D] [thread 11872] Dumping entry 0
Match key:
* hdr.ipv4.dstAddr    : LPM       0a000101/32
Action entry: MyIngress.ipv4_forward - 80000000100,1,

[06:23:01.100] [bmv2] [D] [thread 11874] Entry 1 added to table 'MyIngress.ipv4_lpm'
[06:23:01.100] [bmv2] [D] [thread 11874] Dumping entry 1
Match key:
* hdr.ipv4.dstAddr    : LPM       0a000202/32
Action entry: MyIngress.ipv4_forward - 80000000100,1,

[06:23:01.101] [bmv2] [D] [thread 11872] Entry 2 added to table 'MyIngress.ipv4_lpm'
[06:23:01.101] [bmv2] [D] [thread 11872] Dumping entry 2
Match key:
* hdr.ipv4.dstAddr    : LPM       0a000303/32
Action entry: MyIngress.ipv4_forward - 80000000200,2,

[06:23:01.103] [bmv2] [D] [thread 11874] Entry 3 added to table 'MyIngress.ipv4_lpm'
[06:23:01.103] [bmv2] [D] [thread 11874] Dumping entry 3
Match key:
* hdr.ipv4.dstAddr    : LPM       0a000404/32
Action entry: MyIngress.ipv4_forward - 80000000200,2,

[06:23:02.356] [bmv2] [D] [thread 11810] [34.0] [cxt 0] Processing packet received on port 2
[06:23:02.356] [bmv2] [D] [thread 11810] [34.0] [cxt 0] Parser 'parser': start
[06:23:02.356] [bmv2] [D] [thread 11810] [34.0] [cxt 0] Parser 'parser' entering state 'start'
[06:23:02.356] [bmv2] [D] [thread 11810] [34.0] [cxt 0] Extracting header 'ethernet'
[06:23:02.356] [bmv2] [D] [thread 11810] [34.0] [cxt 0] Parser state 'start': key is 86dd
[06:23:02.356] [bmv2] [T] [thread 11810] [34.0] [cxt 0] Bytes parsed: 14
[06:23:02.356] [bmv2] [D] [thread 11810] [34.0] [cxt 0] Parser 'parser': end
[06:23:02.356] [bmv2] [D] [thread 11810] [34.0] [cxt 0] Pipeline 'ingress': start
[06:23:02.356] [bmv2] [T] [thread 11810] [34.0] [cxt 0] basic.p4(140) Condition "hdr.ipv4.isValid()" (node_2) is false
[06:23:02.356] [bmv2] [D] [thread 11810] [34.0] [cxt 0] Pipeline 'ingress': end
[06:23:02.356] [bmv2] [D] [thread 11810] [34.0] [cxt 0] Egress port is 0
[06:23:02.356] [bmv2] [D] [thread 11811] [34.0] [cxt 0] Pipeline 'egress': start
[06:23:02.356] [bmv2] [D] [thread 11811] [34.0] [cxt 0] Pipeline 'egress': end
[06:23:02.356] [bmv2] [D] [thread 11811] [34.0] [cxt 0] Deparser 'deparser': start
[06:23:02.356] [bmv2] [T] [thread 11811] [34.0] [cxt 0] Skipping checksum 'cksum' update because condition not met
[06:23:02.356] [bmv2] [D] [thread 11811] [34.0] [cxt 0] Deparsing header 'ethernet'
[06:23:02.356] [bmv2] [D] [thread 11811] [34.0] [cxt 0] Deparser 'deparser': end
[06:23:02.357] [bmv2] [D] [thread 11815] [34.0] [cxt 0] Transmitting packet of size 196 out of port 0
[06:23:02.697] [bmv2] [D] [thread 11810] [35.0] [cxt 0] Processing packet received on port 1
[06:23:02.697] [bmv2] [D] [thread 11810] [35.0] [cxt 0] Parser 'parser': start
[06:23:02.697] [bmv2] [D] [thread 11810] [35.0] [cxt 0] Parser 'parser' entering state 'start'
[06:23:02.697] [bmv2] [D] [thread 11810] [35.0] [cxt 0] Extracting header 'ethernet'
[06:23:02.697] [bmv2] [D] [thread 11810] [35.0] [cxt 0] Parser state 'start': key is 86dd
[06:23:02.697] [bmv2] [T] [thread 11810] [35.0] [cxt 0] Bytes parsed: 14
[06:23:02.697] [bmv2] [D] [thread 11810] [35.0] [cxt 0] Parser 'parser': end
[06:23:02.697] [bmv2] [D] [thread 11810] [35.0] [cxt 0] Pipeline 'ingress': start
[06:23:02.697] [bmv2] [T] [thread 11810] [35.0] [cxt 0] basic.p4(140) Condition "hdr.ipv4.isValid()" (node_2) is false
[06:23:02.697] [bmv2] [D] [thread 11810] [35.0] [cxt 0] Pipeline 'ingress': end
[06:23:02.697] [bmv2] [D] [thread 11810] [35.0] [cxt 0] Egress port is 0
[06:23:02.697] [bmv2] [D] [thread 11811] [35.0] [cxt 0] Pipeline 'egress': start
[06:23:02.697] [bmv2] [D] [thread 11811] [35.0] [cxt 0] Pipeline 'egress': end
[06:23:02.697] [bmv2] [D] [thread 11811] [35.0] [cxt 0] Deparser 'deparser': start
[06:23:02.697] [bmv2] [T] [thread 11811] [35.0] [cxt 0] Skipping checksum 'cksum' update because condition not met
[06:23:02.697] [bmv2] [D] [thread 11811] [35.0] [cxt 0] Deparsing header 'ethernet'
[06:23:02.697] [bmv2] [D] [thread 11811] [35.0] [cxt 0] Deparser 'deparser': end
[06:23:02.697] [bmv2] [D] [thread 11815] [35.0] [cxt 0] Transmitting packet of size 196 out of port 0
[06:23:02.852] [bmv2] [D] [thread 11810] [36.0] [cxt 0] Processing packet received on port 1
[06:23:02.852] [bmv2] [D] [thread 11810] [36.0] [cxt 0] Parser 'parser': start
[06:23:02.852] [bmv2] [D] [thread 11810] [36.0] [cxt 0] Parser 'parser' entering state 'start'
[06:23:02.852] [bmv2] [D] [thread 11810] [36.0] [cxt 0] Extracting header 'ethernet'
[06:23:02.853] [bmv2] [D] [thread 11810] [36.0] [cxt 0] Parser state 'start': key is 86dd
[06:23:02.853] [bmv2] [T] [thread 11810] [36.0] [cxt 0] Bytes parsed: 14
[06:23:02.853] [bmv2] [D] [thread 11810] [36.0] [cxt 0] Parser 'parser': end
[06:23:02.853] [bmv2] [D] [thread 11810] [36.0] [cxt 0] Pipeline 'ingress': start
[06:23:02.853] [bmv2] [T] [thread 11810] [36.0] [cxt 0] basic.p4(140) Condition "hdr.ipv4.isValid()" (node_2) is false
[06:23:02.853] [bmv2] [D] [thread 11810] [36.0] [cxt 0] Pipeline 'ingress': end
[06:23:02.853] [bmv2] [D] [thread 11810] [36.0] [cxt 0] Egress port is 0
[06:23:02.853] [bmv2] [D] [thread 11810] [37.0] [cxt 0] Processing packet received on port 2
[06:23:02.853] [bmv2] [D] [thread 11810] [37.0] [cxt 0] Parser 'parser': start
[06:23:02.853] [bmv2] [D] [thread 11810] [37.0] [cxt 0] Parser 'parser' entering state 'start'
[06:23:02.853] [bmv2] [D] [thread 11810] [37.0] [cxt 0] Extracting header 'ethernet'
[06:23:02.853] [bmv2] [D] [thread 11810] [37.0] [cxt 0] Parser state 'start': key is 86dd
[06:23:02.853] [bmv2] [T] [thread 11810] [37.0] [cxt 0] Bytes parsed: 14
[06:23:02.853] [bmv2] [D] [thread 11810] [37.0] [cxt 0] Parser 'parser': end
[06:23:02.853] [bmv2] [D] [thread 11810] [37.0] [cxt 0] Pipeline 'ingress': start
[06:23:02.853] [bmv2] [T] [thread 11810] [37.0] [cxt 0] basic.p4(140) Condition "hdr.ipv4.isValid()" (node_2) is false
[06:23:02.853] [bmv2] [D] [thread 11810] [37.0] [cxt 0] Pipeline 'ingress': end
[06:23:02.853] [bmv2] [D] [thread 11810] [37.0] [cxt 0] Egress port is 0
[06:23:02.853] [bmv2] [D] [thread 11811] [36.0] [cxt 0] Pipeline 'egress': start
[06:23:02.853] [bmv2] [D] [thread 11811] [36.0] [cxt 0] Pipeline 'egress': end
[06:23:02.853] [bmv2] [D] [thread 11811] [36.0] [cxt 0] Deparser 'deparser': start
[06:23:02.853] [bmv2] [T] [thread 11811] [36.0] [cxt 0] Skipping checksum 'cksum' update because condition not met
[06:23:02.853] [bmv2] [D] [thread 11811] [36.0] [cxt 0] Deparsing header 'ethernet'
[06:23:02.853] [bmv2] [D] [thread 11811] [36.0] [cxt 0] Deparser 'deparser': end
[06:23:02.853] [bmv2] [D] [thread 11811] [37.0] [cxt 0] Pipeline 'egress': start
[06:23:02.853] [bmv2] [D] [thread 11811] [37.0] [cxt 0] Pipeline 'egress': end
[06:23:02.853] [bmv2] [D] [thread 11811] [37.0] [cxt 0] Deparser 'deparser': start
[06:23:02.853] [bmv2] [T] [thread 11811] [37.0] [cxt 0] Skipping checksum 'cksum' update because condition not met
[06:23:02.853] [bmv2] [D] [thread 11811] [37.0] [cxt 0] Deparsing header 'ethernet'
[06:23:02.853] [bmv2] [D] [thread 11811] [37.0] [cxt 0] Deparser 'deparser': end
[06:23:02.853] [bmv2] [D] [thread 11815] [36.0] [cxt 0] Transmitting packet of size 70 out of port 0
[06:23:02.853] [bmv2] [D] [thread 11815] [37.0] [cxt 0] Transmitting packet of size 70 out of port 0
[06:23:02.904] [bmv2] [D] [thread 11810] [38.0] [cxt 0] Processing packet received on port 2
[06:23:02.904] [bmv2] [D] [thread 11810] [38.0] [cxt 0] Parser 'parser': start
[06:23:02.904] [bmv2] [D] [thread 11810] [38.0] [cxt 0] Parser 'parser' entering state 'start'
[06:23:02.904] [bmv2] [D] [thread 11810] [38.0] [cxt 0] Extracting header 'ethernet'
[06:23:02.904] [bmv2] [D] [thread 11810] [38.0] [cxt 0] Parser state 'start': key is 86dd
[06:23:02.904] [bmv2] [T] [thread 11810] [38.0] [cxt 0] Bytes parsed: 14
[06:23:02.904] [bmv2] [D] [thread 11810] [38.0] [cxt 0] Parser 'parser': end
[06:23:02.904] [bmv2] [D] [thread 11810] [38.0] [cxt 0] Pipeline 'ingress': start
[06:23:02.904] [bmv2] [T] [thread 11810] [38.0] [cxt 0] basic.p4(140) Condition "hdr.ipv4.isValid()" (node_2) is false
[06:23:02.904] [bmv2] [D] [thread 11810] [38.0] [cxt 0] Pipeline 'ingress': end
[06:23:02.904] [bmv2] [D] [thread 11810] [38.0] [cxt 0] Egress port is 0
[06:23:02.904] [bmv2] [D] [thread 11811] [38.0] [cxt 0] Pipeline 'egress': start
[06:23:02.904] [bmv2] [D] [thread 11811] [38.0] [cxt 0] Pipeline 'egress': end
[06:23:02.904] [bmv2] [D] [thread 11811] [38.0] [cxt 0] Deparser 'deparser': start
[06:23:02.904] [bmv2] [T] [thread 11811] [38.0] [cxt 0] Skipping checksum 'cksum' update because condition not met
[06:23:02.904] [bmv2] [D] [thread 11811] [38.0] [cxt 0] Deparsing header 'ethernet'
[06:23:02.904] [bmv2] [D] [thread 11811] [38.0] [cxt 0] Deparser 'deparser': end
[06:23:02.904] [bmv2] [D] [thread 11815] [38.0] [cxt 0] Transmitting packet of size 196 out of port 0
[06:23:03.030] [bmv2] [D] [thread 11810] [39.0] [cxt 0] Processing packet received on port 1
[06:23:03.030] [bmv2] [D] [thread 11810] [39.0] [cxt 0] Parser 'parser': start
[06:23:03.030] [bmv2] [D] [thread 11810] [39.0] [cxt 0] Parser 'parser' entering state 'start'
[06:23:03.030] [bmv2] [D] [thread 11810] [39.0] [cxt 0] Extracting header 'ethernet'
[06:23:03.030] [bmv2] [D] [thread 11810] [39.0] [cxt 0] Parser state 'start': key is 86dd
[06:23:03.030] [bmv2] [T] [thread 11810] [39.0] [cxt 0] Bytes parsed: 14
[06:23:03.030] [bmv2] [D] [thread 11810] [39.0] [cxt 0] Parser 'parser': end
[06:23:03.030] [bmv2] [D] [thread 11810] [39.0] [cxt 0] Pipeline 'ingress': start
[06:23:03.030] [bmv2] [T] [thread 11810] [39.0] [cxt 0] basic.p4(140) Condition "hdr.ipv4.isValid()" (node_2) is false
[06:23:03.030] [bmv2] [D] [thread 11810] [39.0] [cxt 0] Pipeline 'ingress': end
[06:23:03.030] [bmv2] [D] [thread 11810] [39.0] [cxt 0] Egress port is 0
[06:23:03.030] [bmv2] [D] [thread 11811] [39.0] [cxt 0] Pipeline 'egress': start
[06:23:03.030] [bmv2] [D] [thread 11811] [39.0] [cxt 0] Pipeline 'egress': end
[06:23:03.030] [bmv2] [D] [thread 11811] [39.0] [cxt 0] Deparser 'deparser': start
[06:23:03.030] [bmv2] [T] [thread 11811] [39.0] [cxt 0] Skipping checksum 'cksum' update because condition not met
[06:23:03.030] [bmv2] [D] [thread 11811] [39.0] [cxt 0] Deparsing header 'ethernet'
[06:23:03.030] [bmv2] [D] [thread 11811] [39.0] [cxt 0] Deparser 'deparser': end
[06:23:03.030] [bmv2] [D] [thread 11815] [39.0] [cxt 0] Transmitting packet of size 196 out of port 0
[06:23:03.365] [bmv2] [D] [thread 11810] [40.0] [cxt 0] Processing packet received on port 2
[06:23:03.365] [bmv2] [D] [thread 11810] [40.0] [cxt 0] Parser 'parser': start
[06:23:03.365] [bmv2] [D] [thread 11810] [40.0] [cxt 0] Parser 'parser' entering state 'start'
[06:23:03.365] [bmv2] [D] [thread 11810] [40.0] [cxt 0] Extracting header 'ethernet'
[06:23:03.365] [bmv2] [D] [thread 11810] [40.0] [cxt 0] Parser state 'start': key is 86dd
[06:23:03.365] [bmv2] [T] [thread 11810] [40.0] [cxt 0] Bytes parsed: 14
[06:23:03.365] [bmv2] [D] [thread 11810] [40.0] [cxt 0] Parser 'parser': end
[06:23:03.365] [bmv2] [D] [thread 11810] [40.0] [cxt 0] Pipeline 'ingress': start
[06:23:03.365] [bmv2] [T] [thread 11810] [40.0] [cxt 0] basic.p4(140) Condition "hdr.ipv4.isValid()" (node_2) is false
[06:23:03.365] [bmv2] [D] [thread 11810] [40.0] [cxt 0] Pipeline 'ingress': end
[06:23:03.365] [bmv2] [D] [thread 11810] [40.0] [cxt 0] Egress port is 0
[06:23:03.365] [bmv2] [D] [thread 11811] [40.0] [cxt 0] Pipeline 'egress': start
[06:23:03.365] [bmv2] [D] [thread 11811] [40.0] [cxt 0] Pipeline 'egress': end
[06:23:03.365] [bmv2] [D] [thread 11811] [40.0] [cxt 0] Deparser 'deparser': start
[06:23:03.365] [bmv2] [T] [thread 11811] [40.0] [cxt 0] Skipping checksum 'cksum' update because condition not met
[06:23:03.365] [bmv2] [D] [thread 11811] [40.0] [cxt 0] Deparsing header 'ethernet'
[06:23:03.365] [bmv2] [D] [thread 11811] [40.0] [cxt 0] Deparser 'deparser': end
[06:23:03.365] [bmv2] [D] [thread 11815] [40.0] [cxt 0] Transmitting packet of size 70 out of port 0
[06:23:03.621] [bmv2] [D] [thread 11810] [41.0] [cxt 0] Processing packet received on port 1
[06:23:03.621] [bmv2] [D] [thread 11810] [41.0] [cxt 0] Parser 'parser': start
[06:23:03.621] [bmv2] [D] [thread 11810] [41.0] [cxt 0] Parser 'parser' entering state 'start'
[06:23:03.621] [bmv2] [D] [thread 11810] [41.0] [cxt 0] Extracting header 'ethernet'
[06:23:03.621] [bmv2] [D] [thread 11810] [41.0] [cxt 0] Parser state 'start': key is 86dd
[06:23:03.621] [bmv2] [T] [thread 11810] [41.0] [cxt 0] Bytes parsed: 14
[06:23:03.621] [bmv2] [D] [thread 11810] [41.0] [cxt 0] Parser 'parser': end
[06:23:03.621] [bmv2] [D] [thread 11810] [41.0] [cxt 0] Pipeline 'ingress': start
[06:23:03.621] [bmv2] [T] [thread 11810] [41.0] [cxt 0] basic.p4(140) Condition "hdr.ipv4.isValid()" (node_2) is false
[06:23:03.621] [bmv2] [D] [thread 11810] [41.0] [cxt 0] Pipeline 'ingress': end
[06:23:03.621] [bmv2] [D] [thread 11810] [41.0] [cxt 0] Egress port is 0
[06:23:03.621] [bmv2] [D] [thread 11811] [41.0] [cxt 0] Pipeline 'egress': start
[06:23:03.621] [bmv2] [D] [thread 11811] [41.0] [cxt 0] Pipeline 'egress': end
[06:23:03.621] [bmv2] [D] [thread 11811] [41.0] [cxt 0] Deparser 'deparser': start
[06:23:03.621] [bmv2] [T] [thread 11811] [41.0] [cxt 0] Skipping checksum 'cksum' update because condition not met
[06:23:03.621] [bmv2] [D] [thread 11811] [41.0] [cxt 0] Deparsing header 'ethernet'
[06:23:03.621] [bmv2] [D] [thread 11811] [41.0] [cxt 0] Deparser 'deparser': end
[06:23:03.621] [bmv2] [D] [thread 11815] [41.0] [cxt 0] Transmitting packet of size 70 out of port 0
[06:23:04.954] [bmv2] [D] [thread 11810] [42.0] [cxt 0] Processing packet received on port 1
[06:23:04.954] [bmv2] [D] [thread 11810] [42.0] [cxt 0] Parser 'parser': start
[06:23:04.954] [bmv2] [D] [thread 11810] [42.0] [cxt 0] Parser 'parser' entering state 'start'
[06:23:04.954] [bmv2] [D] [thread 11810] [42.0] [cxt 0] Extracting header 'ethernet'
[06:23:04.954] [bmv2] [D] [thread 11810] [42.0] [cxt 0] Parser state 'start': key is 0800
[06:23:04.954] [bmv2] [T] [thread 11810] [42.0] [cxt 0] Bytes parsed: 14
[06:23:04.954] [bmv2] [D] [thread 11810] [42.0] [cxt 0] Parser 'parser' entering state 'ipv4_state'
[06:23:04.954] [bmv2] [D] [thread 11810] [42.0] [cxt 0] Extracting header 'ipv4'
[06:23:04.954] [bmv2] [D] [thread 11810] [42.0] [cxt 0] Parser state 'ipv4_state' has no switch, going to default next state
[06:23:04.954] [bmv2] [T] [thread 11810] [42.0] [cxt 0] Bytes parsed: 34
[06:23:04.954] [bmv2] [D] [thread 11810] [42.0] [cxt 0] Parser 'parser': end
[06:23:04.954] [bmv2] [D] [thread 11810] [42.0] [cxt 0] Pipeline 'ingress': start
[06:23:04.954] [bmv2] [T] [thread 11810] [42.0] [cxt 0] basic.p4(140) Condition "hdr.ipv4.isValid()" (node_2) is true
[06:23:04.954] [bmv2] [T] [thread 11810] [42.0] [cxt 0] Applying table 'MyIngress.ipv4_lpm'
[06:23:04.954] [bmv2] [D] [thread 11810] [42.0] [cxt 0] Looking up key:
* hdr.ipv4.dstAddr    : 0a000303

[06:23:04.954] [bmv2] [D] [thread 11810] [42.0] [cxt 0] Table 'MyIngress.ipv4_lpm': hit with handle 2
[06:23:04.954] [bmv2] [D] [thread 11810] [42.0] [cxt 0] Dumping entry 2
Match key:
* hdr.ipv4.dstAddr    : LPM       0a000303/32
Action entry: MyIngress.ipv4_forward - 80000000200,2,

[06:23:04.954] [bmv2] [D] [thread 11810] [42.0] [cxt 0] Action entry is MyIngress.ipv4_forward - 80000000200,2,
[06:23:04.954] [bmv2] [T] [thread 11810] [42.0] [cxt 0] Action MyIngress.ipv4_forward
[06:23:04.954] [bmv2] [T] [thread 11810] [42.0] [cxt 0] basic.p4(116) Primitive standard_metadata.egress_spec = port
[06:23:04.954] [bmv2] [T] [thread 11810] [42.0] [cxt 0] basic.p4(118) Primitive hdr.ethernet.srcAddr = hdr.ethernet.dstAddr
[06:23:04.954] [bmv2] [T] [thread 11810] [42.0] [cxt 0] basic.p4(119) Primitive hdr.ethernet.dstAddr = dstAddr
[06:23:04.954] [bmv2] [T] [thread 11810] [42.0] [cxt 0] basic.p4(121) Primitive hdr.ipv4.ttl = hdr.ipv4.ttl-1
[06:23:04.954] [bmv2] [D] [thread 11810] [42.0] [cxt 0] Pipeline 'ingress': end
[06:23:04.954] [bmv2] [D] [thread 11810] [42.0] [cxt 0] Egress port is 2
[06:23:04.954] [bmv2] [D] [thread 11813] [42.0] [cxt 0] Pipeline 'egress': start
[06:23:04.954] [bmv2] [D] [thread 11813] [42.0] [cxt 0] Pipeline 'egress': end
[06:23:04.954] [bmv2] [D] [thread 11813] [42.0] [cxt 0] Deparser 'deparser': start
[06:23:04.954] [bmv2] [D] [thread 11813] [42.0] [cxt 0] Updating checksum 'cksum'
[06:23:04.954] [bmv2] [D] [thread 11813] [42.0] [cxt 0] Deparsing header 'ethernet'
[06:23:04.954] [bmv2] [D] [thread 11813] [42.0] [cxt 0] Deparsing header 'ipv4'
[06:23:04.954] [bmv2] [D] [thread 11813] [42.0] [cxt 0] Deparser 'deparser': end
[06:23:04.954] [bmv2] [D] [thread 11815] [42.0] [cxt 0] Transmitting packet of size 98 out of port 2
[06:23:04.956] [bmv2] [D] [thread 11810] [43.0] [cxt 0] Processing packet received on port 2
[06:23:04.956] [bmv2] [D] [thread 11810] [43.0] [cxt 0] Parser 'parser': start
[06:23:04.956] [bmv2] [D] [thread 11810] [43.0] [cxt 0] Parser 'parser' entering state 'start'
[06:23:04.956] [bmv2] [D] [thread 11810] [43.0] [cxt 0] Extracting header 'ethernet'
[06:23:04.956] [bmv2] [D] [thread 11810] [43.0] [cxt 0] Parser state 'start': key is 0800
[06:23:04.956] [bmv2] [T] [thread 11810] [43.0] [cxt 0] Bytes parsed: 14
[06:23:04.956] [bmv2] [D] [thread 11810] [43.0] [cxt 0] Parser 'parser' entering state 'ipv4_state'
[06:23:04.956] [bmv2] [D] [thread 11810] [43.0] [cxt 0] Extracting header 'ipv4'
[06:23:04.956] [bmv2] [D] [thread 11810] [43.0] [cxt 0] Parser state 'ipv4_state' has no switch, going to default next state
[06:23:04.956] [bmv2] [T] [thread 11810] [43.0] [cxt 0] Bytes parsed: 34
[06:23:04.956] [bmv2] [D] [thread 11810] [43.0] [cxt 0] Parser 'parser': end
[06:23:04.956] [bmv2] [D] [thread 11810] [43.0] [cxt 0] Pipeline 'ingress': start
[06:23:04.956] [bmv2] [T] [thread 11810] [43.0] [cxt 0] basic.p4(140) Condition "hdr.ipv4.isValid()" (node_2) is true
[06:23:04.956] [bmv2] [T] [thread 11810] [43.0] [cxt 0] Applying table 'MyIngress.ipv4_lpm'
[06:23:04.956] [bmv2] [D] [thread 11810] [43.0] [cxt 0] Looking up key:
* hdr.ipv4.dstAddr    : 0a000101

[06:23:04.956] [bmv2] [D] [thread 11810] [43.0] [cxt 0] Table 'MyIngress.ipv4_lpm': hit with handle 0
[06:23:04.956] [bmv2] [D] [thread 11810] [43.0] [cxt 0] Dumping entry 0
Match key:
* hdr.ipv4.dstAddr    : LPM       0a000101/32
Action entry: MyIngress.ipv4_forward - 80000000100,1,

[06:23:04.956] [bmv2] [D] [thread 11810] [43.0] [cxt 0] Action entry is MyIngress.ipv4_forward - 80000000100,1,
[06:23:04.956] [bmv2] [T] [thread 11810] [43.0] [cxt 0] Action MyIngress.ipv4_forward
[06:23:04.956] [bmv2] [T] [thread 11810] [43.0] [cxt 0] basic.p4(116) Primitive standard_metadata.egress_spec = port
[06:23:04.956] [bmv2] [T] [thread 11810] [43.0] [cxt 0] basic.p4(118) Primitive hdr.ethernet.srcAddr = hdr.ethernet.dstAddr
[06:23:04.956] [bmv2] [T] [thread 11810] [43.0] [cxt 0] basic.p4(119) Primitive hdr.ethernet.dstAddr = dstAddr
[06:23:04.956] [bmv2] [T] [thread 11810] [43.0] [cxt 0] basic.p4(121) Primitive hdr.ipv4.ttl = hdr.ipv4.ttl-1
[06:23:04.956] [bmv2] [D] [thread 11810] [43.0] [cxt 0] Pipeline 'ingress': end
[06:23:04.956] [bmv2] [D] [thread 11810] [43.0] [cxt 0] Egress port is 1
[06:23:04.957] [bmv2] [D] [thread 11812] [43.0] [cxt 0] Pipeline 'egress': start
[06:23:04.957] [bmv2] [D] [thread 11812] [43.0] [cxt 0] Pipeline 'egress': end
[06:23:04.957] [bmv2] [D] [thread 11812] [43.0] [cxt 0] Deparser 'deparser': start
[06:23:04.957] [bmv2] [D] [thread 11812] [43.0] [cxt 0] Updating checksum 'cksum'
[06:23:04.957] [bmv2] [D] [thread 11812] [43.0] [cxt 0] Deparsing header 'ethernet'
[06:23:04.957] [bmv2] [D] [thread 11812] [43.0] [cxt 0] Deparsing header 'ipv4'
[06:23:04.957] [bmv2] [D] [thread 11812] [43.0] [cxt 0] Deparser 'deparser': end
[06:23:04.958] [bmv2] [D] [thread 11815] [43.0] [cxt 0] Transmitting packet of size 98 out of port 1
[06:23:04.965] [bmv2] [D] [thread 11810] [44.0] [cxt 0] Processing packet received on port 2
[06:23:04.965] [bmv2] [D] [thread 11810] [44.0] [cxt 0] Parser 'parser': start
[06:23:04.965] [bmv2] [D] [thread 11810] [44.0] [cxt 0] Parser 'parser' entering state 'start'
[06:23:04.965] [bmv2] [D] [thread 11810] [44.0] [cxt 0] Extracting header 'ethernet'
[06:23:04.965] [bmv2] [D] [thread 11810] [44.0] [cxt 0] Parser state 'start': key is 0800
[06:23:04.965] [bmv2] [T] [thread 11810] [44.0] [cxt 0] Bytes parsed: 14
[06:23:04.965] [bmv2] [D] [thread 11810] [44.0] [cxt 0] Parser 'parser' entering state 'ipv4_state'
[06:23:04.965] [bmv2] [D] [thread 11810] [44.0] [cxt 0] Extracting header 'ipv4'
[06:23:04.965] [bmv2] [D] [thread 11810] [44.0] [cxt 0] Parser state 'ipv4_state' has no switch, going to default next state
[06:23:04.965] [bmv2] [T] [thread 11810] [44.0] [cxt 0] Bytes parsed: 34
[06:23:04.965] [bmv2] [D] [thread 11810] [44.0] [cxt 0] Parser 'parser': end
[06:23:04.965] [bmv2] [D] [thread 11810] [44.0] [cxt 0] Pipeline 'ingress': start
[06:23:04.965] [bmv2] [T] [thread 11810] [44.0] [cxt 0] basic.p4(140) Condition "hdr.ipv4.isValid()" (node_2) is true
[06:23:04.965] [bmv2] [T] [thread 11810] [44.0] [cxt 0] Applying table 'MyIngress.ipv4_lpm'
[06:23:04.965] [bmv2] [D] [thread 11810] [44.0] [cxt 0] Looking up key:
* hdr.ipv4.dstAddr    : 0a000101

[06:23:04.965] [bmv2] [D] [thread 11810] [44.0] [cxt 0] Table 'MyIngress.ipv4_lpm': hit with handle 0
[06:23:04.966] [bmv2] [D] [thread 11810] [44.0] [cxt 0] Dumping entry 0
Match key:
* hdr.ipv4.dstAddr    : LPM       0a000101/32
Action entry: MyIngress.ipv4_forward - 80000000100,1,

[06:23:04.966] [bmv2] [D] [thread 11810] [44.0] [cxt 0] Action entry is MyIngress.ipv4_forward - 80000000100,1,
[06:23:04.966] [bmv2] [T] [thread 11810] [44.0] [cxt 0] Action MyIngress.ipv4_forward
[06:23:04.966] [bmv2] [T] [thread 11810] [44.0] [cxt 0] basic.p4(116) Primitive standard_metadata.egress_spec = port
[06:23:04.966] [bmv2] [T] [thread 11810] [44.0] [cxt 0] basic.p4(118) Primitive hdr.ethernet.srcAddr = hdr.ethernet.dstAddr
[06:23:04.966] [bmv2] [T] [thread 11810] [44.0] [cxt 0] basic.p4(119) Primitive hdr.ethernet.dstAddr = dstAddr
[06:23:04.966] [bmv2] [T] [thread 11810] [44.0] [cxt 0] basic.p4(121) Primitive hdr.ipv4.ttl = hdr.ipv4.ttl-1
[06:23:04.966] [bmv2] [D] [thread 11810] [44.0] [cxt 0] Pipeline 'ingress': end
[06:23:04.966] [bmv2] [D] [thread 11810] [44.0] [cxt 0] Egress port is 1
[06:23:04.966] [bmv2] [D] [thread 11812] [44.0] [cxt 0] Pipeline 'egress': start
[06:23:04.966] [bmv2] [D] [thread 11812] [44.0] [cxt 0] Pipeline 'egress': end
[06:23:04.966] [bmv2] [D] [thread 11812] [44.0] [cxt 0] Deparser 'deparser': start
[06:23:04.966] [bmv2] [D] [thread 11812] [44.0] [cxt 0] Updating checksum 'cksum'
[06:23:04.966] [bmv2] [D] [thread 11812] [44.0] [cxt 0] Deparsing header 'ethernet'
[06:23:04.966] [bmv2] [D] [thread 11812] [44.0] [cxt 0] Deparsing header 'ipv4'
[06:23:04.966] [bmv2] [D] [thread 11812] [44.0] [cxt 0] Deparser 'deparser': end
[06:23:04.966] [bmv2] [D] [thread 11815] [44.0] [cxt 0] Transmitting packet of size 98 out of port 1
[06:23:04.972] [bmv2] [D] [thread 11810] [45.0] [cxt 0] Processing packet received on port 1
[06:23:04.972] [bmv2] [D] [thread 11810] [45.0] [cxt 0] Parser 'parser': start
[06:23:04.972] [bmv2] [D] [thread 11810] [45.0] [cxt 0] Parser 'parser' entering state 'start'
[06:23:04.972] [bmv2] [D] [thread 11810] [45.0] [cxt 0] Extracting header 'ethernet'
[06:23:04.972] [bmv2] [D] [thread 11810] [45.0] [cxt 0] Parser state 'start': key is 0800
[06:23:04.973] [bmv2] [T] [thread 11810] [45.0] [cxt 0] Bytes parsed: 14
[06:23:04.973] [bmv2] [D] [thread 11810] [45.0] [cxt 0] Parser 'parser' entering state 'ipv4_state'
[06:23:04.973] [bmv2] [D] [thread 11810] [45.0] [cxt 0] Extracting header 'ipv4'
[06:23:04.973] [bmv2] [D] [thread 11810] [45.0] [cxt 0] Parser state 'ipv4_state' has no switch, going to default next state
[06:23:04.973] [bmv2] [T] [thread 11810] [45.0] [cxt 0] Bytes parsed: 34
[06:23:04.973] [bmv2] [D] [thread 11810] [45.0] [cxt 0] Parser 'parser': end
[06:23:04.973] [bmv2] [D] [thread 11810] [45.0] [cxt 0] Pipeline 'ingress': start
[06:23:04.973] [bmv2] [T] [thread 11810] [45.0] [cxt 0] basic.p4(140) Condition "hdr.ipv4.isValid()" (node_2) is true
[06:23:04.973] [bmv2] [T] [thread 11810] [45.0] [cxt 0] Applying table 'MyIngress.ipv4_lpm'
[06:23:04.973] [bmv2] [D] [thread 11810] [45.0] [cxt 0] Looking up key:
* hdr.ipv4.dstAddr    : 0a000303

[06:23:04.973] [bmv2] [D] [thread 11810] [45.0] [cxt 0] Table 'MyIngress.ipv4_lpm': hit with handle 2
[06:23:04.973] [bmv2] [D] [thread 11810] [45.0] [cxt 0] Dumping entry 2
Match key:
* hdr.ipv4.dstAddr    : LPM       0a000303/32
Action entry: MyIngress.ipv4_forward - 80000000200,2,

[06:23:04.973] [bmv2] [D] [thread 11810] [45.0] [cxt 0] Action entry is MyIngress.ipv4_forward - 80000000200,2,
[06:23:04.973] [bmv2] [T] [thread 11810] [45.0] [cxt 0] Action MyIngress.ipv4_forward
[06:23:04.973] [bmv2] [T] [thread 11810] [45.0] [cxt 0] basic.p4(116) Primitive standard_metadata.egress_spec = port
[06:23:04.973] [bmv2] [T] [thread 11810] [45.0] [cxt 0] basic.p4(118) Primitive hdr.ethernet.srcAddr = hdr.ethernet.dstAddr
[06:23:04.973] [bmv2] [T] [thread 11810] [45.0] [cxt 0] basic.p4(119) Primitive hdr.ethernet.dstAddr = dstAddr
[06:23:04.973] [bmv2] [T] [thread 11810] [45.0] [cxt 0] basic.p4(121) Primitive hdr.ipv4.ttl = hdr.ipv4.ttl-1
[06:23:04.973] [bmv2] [D] [thread 11810] [45.0] [cxt 0] Pipeline 'ingress': end
[06:23:04.973] [bmv2] [D] [thread 11810] [45.0] [cxt 0] Egress port is 2
[06:23:04.973] [bmv2] [D] [thread 11813] [45.0] [cxt 0] Pipeline 'egress': start
[06:23:04.973] [bmv2] [D] [thread 11813] [45.0] [cxt 0] Pipeline 'egress': end
[06:23:04.973] [bmv2] [D] [thread 11813] [45.0] [cxt 0] Deparser 'deparser': start
[06:23:04.973] [bmv2] [D] [thread 11813] [45.0] [cxt 0] Updating checksum 'cksum'
[06:23:04.973] [bmv2] [D] [thread 11813] [45.0] [cxt 0] Deparsing header 'ethernet'
[06:23:04.973] [bmv2] [D] [thread 11813] [45.0] [cxt 0] Deparsing header 'ipv4'
[06:23:04.973] [bmv2] [D] [thread 11813] [45.0] [cxt 0] Deparser 'deparser': end
[06:23:04.974] [bmv2] [D] [thread 11815] [45.0] [cxt 0] Transmitting packet of size 98 out of port 2
[06:23:04.989] [bmv2] [D] [thread 11810] [46.0] [cxt 0] Processing packet received on port 2
[06:23:04.989] [bmv2] [D] [thread 11810] [46.0] [cxt 0] Parser 'parser': start
[06:23:04.989] [bmv2] [D] [thread 11810] [46.0] [cxt 0] Parser 'parser' entering state 'start'
[06:23:04.989] [bmv2] [D] [thread 11810] [46.0] [cxt 0] Extracting header 'ethernet'
[06:23:04.989] [bmv2] [D] [thread 11810] [46.0] [cxt 0] Parser state 'start': key is 0800
[06:23:04.989] [bmv2] [T] [thread 11810] [46.0] [cxt 0] Bytes parsed: 14
[06:23:04.989] [bmv2] [D] [thread 11810] [46.0] [cxt 0] Parser 'parser' entering state 'ipv4_state'
[06:23:04.989] [bmv2] [D] [thread 11810] [46.0] [cxt 0] Extracting header 'ipv4'
[06:23:04.989] [bmv2] [D] [thread 11810] [46.0] [cxt 0] Parser state 'ipv4_state' has no switch, going to default next state
[06:23:04.989] [bmv2] [T] [thread 11810] [46.0] [cxt 0] Bytes parsed: 34
[06:23:04.989] [bmv2] [D] [thread 11810] [46.0] [cxt 0] Parser 'parser': end
[06:23:04.989] [bmv2] [D] [thread 11810] [46.0] [cxt 0] Pipeline 'ingress': start
[06:23:04.989] [bmv2] [T] [thread 11810] [46.0] [cxt 0] basic.p4(140) Condition "hdr.ipv4.isValid()" (node_2) is true
[06:23:04.989] [bmv2] [T] [thread 11810] [46.0] [cxt 0] Applying table 'MyIngress.ipv4_lpm'
[06:23:04.989] [bmv2] [D] [thread 11810] [46.0] [cxt 0] Looking up key:
* hdr.ipv4.dstAddr    : 0a000101

[06:23:04.989] [bmv2] [D] [thread 11810] [46.0] [cxt 0] Table 'MyIngress.ipv4_lpm': hit with handle 0
[06:23:04.989] [bmv2] [D] [thread 11810] [46.0] [cxt 0] Dumping entry 0
Match key:
* hdr.ipv4.dstAddr    : LPM       0a000101/32
Action entry: MyIngress.ipv4_forward - 80000000100,1,

[06:23:04.989] [bmv2] [D] [thread 11810] [46.0] [cxt 0] Action entry is MyIngress.ipv4_forward - 80000000100,1,
[06:23:04.989] [bmv2] [T] [thread 11810] [46.0] [cxt 0] Action MyIngress.ipv4_forward
[06:23:04.989] [bmv2] [T] [thread 11810] [46.0] [cxt 0] basic.p4(116) Primitive standard_metadata.egress_spec = port
[06:23:04.989] [bmv2] [T] [thread 11810] [46.0] [cxt 0] basic.p4(118) Primitive hdr.ethernet.srcAddr = hdr.ethernet.dstAddr
[06:23:04.989] [bmv2] [T] [thread 11810] [46.0] [cxt 0] basic.p4(119) Primitive hdr.ethernet.dstAddr = dstAddr
[06:23:04.989] [bmv2] [T] [thread 11810] [46.0] [cxt 0] basic.p4(121) Primitive hdr.ipv4.ttl = hdr.ipv4.ttl-1
[06:23:04.989] [bmv2] [D] [thread 11810] [46.0] [cxt 0] Pipeline 'ingress': end
[06:23:04.989] [bmv2] [D] [thread 11810] [46.0] [cxt 0] Egress port is 1
[06:23:04.989] [bmv2] [D] [thread 11812] [46.0] [cxt 0] Pipeline 'egress': start
[06:23:04.989] [bmv2] [D] [thread 11812] [46.0] [cxt 0] Pipeline 'egress': end
[06:23:04.989] [bmv2] [D] [thread 11812] [46.0] [cxt 0] Deparser 'deparser': start
[06:23:04.989] [bmv2] [D] [thread 11812] [46.0] [cxt 0] Updating checksum 'cksum'
[06:23:04.989] [bmv2] [D] [thread 11812] [46.0] [cxt 0] Deparsing header 'ethernet'
[06:23:04.989] [bmv2] [D] [thread 11812] [46.0] [cxt 0] Deparsing header 'ipv4'
[06:23:04.989] [bmv2] [D] [thread 11812] [46.0] [cxt 0] Deparser 'deparser': end
[06:23:04.989] [bmv2] [D] [thread 11815] [46.0] [cxt 0] Transmitting packet of size 98 out of port 1
[06:23:04.990] [bmv2] [D] [thread 11810] [47.0] [cxt 0] Processing packet received on port 1
[06:23:04.990] [bmv2] [D] [thread 11810] [47.0] [cxt 0] Parser 'parser': start
[06:23:04.990] [bmv2] [D] [thread 11810] [47.0] [cxt 0] Parser 'parser' entering state 'start'
[06:23:04.990] [bmv2] [D] [thread 11810] [47.0] [cxt 0] Extracting header 'ethernet'
[06:23:04.990] [bmv2] [D] [thread 11810] [47.0] [cxt 0] Parser state 'start': key is 0800
[06:23:04.990] [bmv2] [T] [thread 11810] [47.0] [cxt 0] Bytes parsed: 14
[06:23:04.990] [bmv2] [D] [thread 11810] [47.0] [cxt 0] Parser 'parser' entering state 'ipv4_state'
[06:23:04.990] [bmv2] [D] [thread 11810] [47.0] [cxt 0] Extracting header 'ipv4'
[06:23:04.990] [bmv2] [D] [thread 11810] [47.0] [cxt 0] Parser state 'ipv4_state' has no switch, going to default next state
[06:23:04.990] [bmv2] [T] [thread 11810] [47.0] [cxt 0] Bytes parsed: 34
[06:23:04.990] [bmv2] [D] [thread 11810] [47.0] [cxt 0] Parser 'parser': end
[06:23:04.990] [bmv2] [D] [thread 11810] [47.0] [cxt 0] Pipeline 'ingress': start
[06:23:04.990] [bmv2] [T] [thread 11810] [47.0] [cxt 0] basic.p4(140) Condition "hdr.ipv4.isValid()" (node_2) is true
[06:23:04.990] [bmv2] [T] [thread 11810] [47.0] [cxt 0] Applying table 'MyIngress.ipv4_lpm'
[06:23:04.990] [bmv2] [D] [thread 11810] [47.0] [cxt 0] Looking up key:
* hdr.ipv4.dstAddr    : 0a000303

[06:23:04.990] [bmv2] [D] [thread 11810] [47.0] [cxt 0] Table 'MyIngress.ipv4_lpm': hit with handle 2
[06:23:04.990] [bmv2] [D] [thread 11810] [47.0] [cxt 0] Dumping entry 2
Match key:
* hdr.ipv4.dstAddr    : LPM       0a000303/32
Action entry: MyIngress.ipv4_forward - 80000000200,2,

[06:23:04.990] [bmv2] [D] [thread 11810] [47.0] [cxt 0] Action entry is MyIngress.ipv4_forward - 80000000200,2,
[06:23:04.990] [bmv2] [T] [thread 11810] [47.0] [cxt 0] Action MyIngress.ipv4_forward
[06:23:04.990] [bmv2] [T] [thread 11810] [47.0] [cxt 0] basic.p4(116) Primitive standard_metadata.egress_spec = port
[06:23:04.990] [bmv2] [T] [thread 11810] [47.0] [cxt 0] basic.p4(118) Primitive hdr.ethernet.srcAddr = hdr.ethernet.dstAddr
[06:23:04.990] [bmv2] [T] [thread 11810] [47.0] [cxt 0] basic.p4(119) Primitive hdr.ethernet.dstAddr = dstAddr
[06:23:04.990] [bmv2] [T] [thread 11810] [47.0] [cxt 0] basic.p4(121) Primitive hdr.ipv4.ttl = hdr.ipv4.ttl-1
[06:23:04.990] [bmv2] [D] [thread 11810] [47.0] [cxt 0] Pipeline 'ingress': end
[06:23:04.990] [bmv2] [D] [thread 11810] [47.0] [cxt 0] Egress port is 2
[06:23:04.990] [bmv2] [D] [thread 11813] [47.0] [cxt 0] Pipeline 'egress': start
[06:23:04.990] [bmv2] [D] [thread 11813] [47.0] [cxt 0] Pipeline 'egress': end
[06:23:04.990] [bmv2] [D] [thread 11813] [47.0] [cxt 0] Deparser 'deparser': start
[06:23:04.990] [bmv2] [D] [thread 11813] [47.0] [cxt 0] Updating checksum 'cksum'
[06:23:04.990] [bmv2] [D] [thread 11813] [47.0] [cxt 0] Deparsing header 'ethernet'
[06:23:04.990] [bmv2] [D] [thread 11813] [47.0] [cxt 0] Deparsing header 'ipv4'
[06:23:04.990] [bmv2] [D] [thread 11813] [47.0] [cxt 0] Deparser 'deparser': end
[06:23:04.990] [bmv2] [D] [thread 11815] [47.0] [cxt 0] Transmitting packet of size 98 out of port 2
[06:23:04.993] [bmv2] [D] [thread 11810] [48.0] [cxt 0] Processing packet received on port 1
[06:23:04.993] [bmv2] [D] [thread 11810] [48.0] [cxt 0] Parser 'parser': start
[06:23:04.993] [bmv2] [D] [thread 11810] [48.0] [cxt 0] Parser 'parser' entering state 'start'
[06:23:04.993] [bmv2] [D] [thread 11810] [48.0] [cxt 0] Extracting header 'ethernet'
[06:23:04.993] [bmv2] [D] [thread 11810] [48.0] [cxt 0] Parser state 'start': key is 0800
[06:23:04.993] [bmv2] [T] [thread 11810] [48.0] [cxt 0] Bytes parsed: 14
[06:23:04.993] [bmv2] [D] [thread 11810] [48.0] [cxt 0] Parser 'parser' entering state 'ipv4_state'
[06:23:04.993] [bmv2] [D] [thread 11810] [48.0] [cxt 0] Extracting header 'ipv4'
[06:23:04.993] [bmv2] [D] [thread 11810] [48.0] [cxt 0] Parser state 'ipv4_state' has no switch, going to default next state
[06:23:04.993] [bmv2] [T] [thread 11810] [48.0] [cxt 0] Bytes parsed: 34
[06:23:04.993] [bmv2] [D] [thread 11810] [48.0] [cxt 0] Parser 'parser': end
[06:23:04.993] [bmv2] [D] [thread 11810] [48.0] [cxt 0] Pipeline 'ingress': start
[06:23:04.993] [bmv2] [T] [thread 11810] [48.0] [cxt 0] basic.p4(140) Condition "hdr.ipv4.isValid()" (node_2) is true
[06:23:04.993] [bmv2] [T] [thread 11810] [48.0] [cxt 0] Applying table 'MyIngress.ipv4_lpm'
[06:23:04.993] [bmv2] [D] [thread 11810] [48.0] [cxt 0] Looking up key:
* hdr.ipv4.dstAddr    : 0a000303

[06:23:04.993] [bmv2] [D] [thread 11810] [48.0] [cxt 0] Table 'MyIngress.ipv4_lpm': hit with handle 2
[06:23:04.993] [bmv2] [D] [thread 11810] [48.0] [cxt 0] Dumping entry 2
Match key:
* hdr.ipv4.dstAddr    : LPM       0a000303/32
Action entry: MyIngress.ipv4_forward - 80000000200,2,

[06:23:04.994] [bmv2] [D] [thread 11810] [48.0] [cxt 0] Action entry is MyIngress.ipv4_forward - 80000000200,2,
[06:23:04.994] [bmv2] [T] [thread 11810] [48.0] [cxt 0] Action MyIngress.ipv4_forward
[06:23:04.994] [bmv2] [T] [thread 11810] [48.0] [cxt 0] basic.p4(116) Primitive standard_metadata.egress_spec = port
[06:23:04.994] [bmv2] [T] [thread 11810] [48.0] [cxt 0] basic.p4(118) Primitive hdr.ethernet.srcAddr = hdr.ethernet.dstAddr
[06:23:04.994] [bmv2] [T] [thread 11810] [48.0] [cxt 0] basic.p4(119) Primitive hdr.ethernet.dstAddr = dstAddr
[06:23:04.994] [bmv2] [T] [thread 11810] [48.0] [cxt 0] basic.p4(121) Primitive hdr.ipv4.ttl = hdr.ipv4.ttl-1
[06:23:04.994] [bmv2] [D] [thread 11810] [48.0] [cxt 0] Pipeline 'ingress': end
[06:23:04.994] [bmv2] [D] [thread 11810] [48.0] [cxt 0] Egress port is 2
[06:23:04.994] [bmv2] [D] [thread 11813] [48.0] [cxt 0] Pipeline 'egress': start
[06:23:04.994] [bmv2] [D] [thread 11813] [48.0] [cxt 0] Pipeline 'egress': end
[06:23:04.994] [bmv2] [D] [thread 11813] [48.0] [cxt 0] Deparser 'deparser': start
[06:23:04.994] [bmv2] [D] [thread 11813] [48.0] [cxt 0] Updating checksum 'cksum'
[06:23:04.994] [bmv2] [D] [thread 11813] [48.0] [cxt 0] Deparsing header 'ethernet'
[06:23:04.994] [bmv2] [D] [thread 11813] [48.0] [cxt 0] Deparsing header 'ipv4'
[06:23:04.994] [bmv2] [D] [thread 11813] [48.0] [cxt 0] Deparser 'deparser': end
[06:23:04.994] [bmv2] [D] [thread 11815] [48.0] [cxt 0] Transmitting packet of size 98 out of port 2
[06:23:04.998] [bmv2] [D] [thread 11810] [49.0] [cxt 0] Processing packet received on port 2
[06:23:04.998] [bmv2] [D] [thread 11810] [49.0] [cxt 0] Parser 'parser': start
[06:23:04.998] [bmv2] [D] [thread 11810] [49.0] [cxt 0] Parser 'parser' entering state 'start'
[06:23:04.998] [bmv2] [D] [thread 11810] [49.0] [cxt 0] Extracting header 'ethernet'
[06:23:04.998] [bmv2] [D] [thread 11810] [49.0] [cxt 0] Parser state 'start': key is 0800
[06:23:04.998] [bmv2] [T] [thread 11810] [49.0] [cxt 0] Bytes parsed: 14
[06:23:04.998] [bmv2] [D] [thread 11810] [49.0] [cxt 0] Parser 'parser' entering state 'ipv4_state'
[06:23:04.998] [bmv2] [D] [thread 11810] [49.0] [cxt 0] Extracting header 'ipv4'
[06:23:04.998] [bmv2] [D] [thread 11810] [49.0] [cxt 0] Parser state 'ipv4_state' has no switch, going to default next state
[06:23:04.998] [bmv2] [T] [thread 11810] [49.0] [cxt 0] Bytes parsed: 34
[06:23:04.998] [bmv2] [D] [thread 11810] [49.0] [cxt 0] Parser 'parser': end
[06:23:04.998] [bmv2] [D] [thread 11810] [49.0] [cxt 0] Pipeline 'ingress': start
[06:23:04.998] [bmv2] [T] [thread 11810] [49.0] [cxt 0] basic.p4(140) Condition "hdr.ipv4.isValid()" (node_2) is true
[06:23:04.998] [bmv2] [T] [thread 11810] [49.0] [cxt 0] Applying table 'MyIngress.ipv4_lpm'
[06:23:04.998] [bmv2] [D] [thread 11810] [49.0] [cxt 0] Looking up key:
* hdr.ipv4.dstAddr    : 0a000101

[06:23:04.998] [bmv2] [D] [thread 11810] [49.0] [cxt 0] Table 'MyIngress.ipv4_lpm': hit with handle 0
[06:23:04.998] [bmv2] [D] [thread 11810] [49.0] [cxt 0] Dumping entry 0
Match key:
* hdr.ipv4.dstAddr    : LPM       0a000101/32
Action entry: MyIngress.ipv4_forward - 80000000100,1,

[06:23:04.998] [bmv2] [D] [thread 11810] [49.0] [cxt 0] Action entry is MyIngress.ipv4_forward - 80000000100,1,
[06:23:04.998] [bmv2] [T] [thread 11810] [49.0] [cxt 0] Action MyIngress.ipv4_forward
[06:23:04.998] [bmv2] [T] [thread 11810] [49.0] [cxt 0] basic.p4(116) Primitive standard_metadata.egress_spec = port
[06:23:04.998] [bmv2] [T] [thread 11810] [49.0] [cxt 0] basic.p4(118) Primitive hdr.ethernet.srcAddr = hdr.ethernet.dstAddr
[06:23:04.998] [bmv2] [T] [thread 11810] [49.0] [cxt 0] basic.p4(119) Primitive hdr.ethernet.dstAddr = dstAddr
[06:23:04.998] [bmv2] [T] [thread 11810] [49.0] [cxt 0] basic.p4(121) Primitive hdr.ipv4.ttl = hdr.ipv4.ttl-1
[06:23:04.998] [bmv2] [D] [thread 11810] [49.0] [cxt 0] Pipeline 'ingress': end
[06:23:04.998] [bmv2] [D] [thread 11810] [49.0] [cxt 0] Egress port is 1
[06:23:04.998] [bmv2] [D] [thread 11812] [49.0] [cxt 0] Pipeline 'egress': start
[06:23:04.998] [bmv2] [D] [thread 11812] [49.0] [cxt 0] Pipeline 'egress': end
[06:23:04.998] [bmv2] [D] [thread 11812] [49.0] [cxt 0] Deparser 'deparser': start
[06:23:04.998] [bmv2] [D] [thread 11812] [49.0] [cxt 0] Updating checksum 'cksum'
[06:23:04.998] [bmv2] [D] [thread 11812] [49.0] [cxt 0] Deparsing header 'ethernet'
[06:23:04.998] [bmv2] [D] [thread 11812] [49.0] [cxt 0] Deparsing header 'ipv4'
[06:23:04.998] [bmv2] [D] [thread 11812] [49.0] [cxt 0] Deparser 'deparser': end
[06:23:04.998] [bmv2] [D] [thread 11815] [49.0] [cxt 0] Transmitting packet of size 98 out of port 1
[06:23:10.532] [bmv2] [D] [thread 11810] [50.0] [cxt 0] Processing packet received on port 1
[06:23:10.532] [bmv2] [D] [thread 11810] [50.0] [cxt 0] Parser 'parser': start
[06:23:10.532] [bmv2] [D] [thread 11810] [50.0] [cxt 0] Parser 'parser' entering state 'start'
[06:23:10.532] [bmv2] [D] [thread 11810] [50.0] [cxt 0] Extracting header 'ethernet'
[06:23:10.532] [bmv2] [D] [thread 11810] [50.0] [cxt 0] Parser state 'start': key is 86dd
[06:23:10.532] [bmv2] [T] [thread 11810] [50.0] [cxt 0] Bytes parsed: 14
[06:23:10.532] [bmv2] [D] [thread 11810] [50.0] [cxt 0] Parser 'parser': end
[06:23:10.532] [bmv2] [D] [thread 11810] [50.0] [cxt 0] Pipeline 'ingress': start
[06:23:10.532] [bmv2] [T] [thread 11810] [50.0] [cxt 0] basic.p4(140) Condition "hdr.ipv4.isValid()" (node_2) is false
[06:23:10.532] [bmv2] [D] [thread 11810] [50.0] [cxt 0] Pipeline 'ingress': end
[06:23:10.532] [bmv2] [D] [thread 11810] [50.0] [cxt 0] Egress port is 0
[06:23:10.532] [bmv2] [D] [thread 11811] [50.0] [cxt 0] Pipeline 'egress': start
[06:23:10.533] [bmv2] [D] [thread 11811] [50.0] [cxt 0] Pipeline 'egress': end
[06:23:10.533] [bmv2] [D] [thread 11811] [50.0] [cxt 0] Deparser 'deparser': start
[06:23:10.533] [bmv2] [T] [thread 11811] [50.0] [cxt 0] Skipping checksum 'cksum' update because condition not met
[06:23:10.533] [bmv2] [D] [thread 11811] [50.0] [cxt 0] Deparsing header 'ethernet'
[06:23:10.533] [bmv2] [D] [thread 11811] [50.0] [cxt 0] Deparser 'deparser': end
[06:23:10.533] [bmv2] [D] [thread 11815] [50.0] [cxt 0] Transmitting packet of size 70 out of port 0
[06:23:11.813] [bmv2] [D] [thread 11810] [51.0] [cxt 0] Processing packet received on port 1
[06:23:11.813] [bmv2] [D] [thread 11810] [51.0] [cxt 0] Parser 'parser': start
[06:23:11.813] [bmv2] [D] [thread 11810] [51.0] [cxt 0] Parser 'parser' entering state 'start'
[06:23:11.813] [bmv2] [D] [thread 11810] [51.0] [cxt 0] Extracting header 'ethernet'
[06:23:11.813] [bmv2] [D] [thread 11810] [51.0] [cxt 0] Parser state 'start': key is 86dd
[06:23:11.813] [bmv2] [T] [thread 11810] [51.0] [cxt 0] Bytes parsed: 14
[06:23:11.813] [bmv2] [D] [thread 11810] [51.0] [cxt 0] Parser 'parser': end
[06:23:11.813] [bmv2] [D] [thread 11810] [51.0] [cxt 0] Pipeline 'ingress': start
[06:23:11.813] [bmv2] [T] [thread 11810] [51.0] [cxt 0] basic.p4(140) Condition "hdr.ipv4.isValid()" (node_2) is false
[06:23:11.813] [bmv2] [D] [thread 11810] [51.0] [cxt 0] Pipeline 'ingress': end
[06:23:11.813] [bmv2] [D] [thread 11810] [51.0] [cxt 0] Egress port is 0
[06:23:11.813] [bmv2] [D] [thread 11810] [52.0] [cxt 0] Processing packet received on port 2
[06:23:11.813] [bmv2] [D] [thread 11810] [52.0] [cxt 0] Parser 'parser': start
[06:23:11.813] [bmv2] [D] [thread 11810] [52.0] [cxt 0] Parser 'parser' entering state 'start'
[06:23:11.813] [bmv2] [D] [thread 11810] [52.0] [cxt 0] Extracting header 'ethernet'
[06:23:11.813] [bmv2] [D] [thread 11810] [52.0] [cxt 0] Parser state 'start': key is 86dd
[06:23:11.813] [bmv2] [T] [thread 11810] [52.0] [cxt 0] Bytes parsed: 14
[06:23:11.813] [bmv2] [D] [thread 11810] [52.0] [cxt 0] Parser 'parser': end
[06:23:11.813] [bmv2] [D] [thread 11810] [52.0] [cxt 0] Pipeline 'ingress': start
[06:23:11.813] [bmv2] [T] [thread 11810] [52.0] [cxt 0] basic.p4(140) Condition "hdr.ipv4.isValid()" (node_2) is false
[06:23:11.813] [bmv2] [D] [thread 11810] [52.0] [cxt 0] Pipeline 'ingress': end
[06:23:11.813] [bmv2] [D] [thread 11810] [52.0] [cxt 0] Egress port is 0
[06:23:11.813] [bmv2] [D] [thread 11810] [53.0] [cxt 0] Processing packet received on port 2
[06:23:11.813] [bmv2] [D] [thread 11810] [53.0] [cxt 0] Parser 'parser': start
[06:23:11.813] [bmv2] [D] [thread 11810] [53.0] [cxt 0] Parser 'parser' entering state 'start'
[06:23:11.813] [bmv2] [D] [thread 11810] [53.0] [cxt 0] Extracting header 'ethernet'
[06:23:11.814] [bmv2] [D] [thread 11810] [53.0] [cxt 0] Parser state 'start': key is 86dd
[06:23:11.814] [bmv2] [T] [thread 11810] [53.0] [cxt 0] Bytes parsed: 14
[06:23:11.814] [bmv2] [D] [thread 11810] [53.0] [cxt 0] Parser 'parser': end
[06:23:11.814] [bmv2] [D] [thread 11810] [53.0] [cxt 0] Pipeline 'ingress': start
[06:23:11.814] [bmv2] [T] [thread 11810] [53.0] [cxt 0] basic.p4(140) Condition "hdr.ipv4.isValid()" (node_2) is false
[06:23:11.814] [bmv2] [D] [thread 11810] [53.0] [cxt 0] Pipeline 'ingress': end
[06:23:11.814] [bmv2] [D] [thread 11810] [53.0] [cxt 0] Egress port is 0
[06:23:11.814] [bmv2] [D] [thread 11811] [51.0] [cxt 0] Pipeline 'egress': start
[06:23:11.814] [bmv2] [D] [thread 11811] [51.0] [cxt 0] Pipeline 'egress': end
[06:23:11.814] [bmv2] [D] [thread 11811] [51.0] [cxt 0] Deparser 'deparser': start
[06:23:11.814] [bmv2] [T] [thread 11811] [51.0] [cxt 0] Skipping checksum 'cksum' update because condition not met
[06:23:11.814] [bmv2] [D] [thread 11811] [51.0] [cxt 0] Deparsing header 'ethernet'
[06:23:11.814] [bmv2] [D] [thread 11811] [51.0] [cxt 0] Deparser 'deparser': end
[06:23:11.814] [bmv2] [D] [thread 11811] [52.0] [cxt 0] Pipeline 'egress': start
[06:23:11.814] [bmv2] [D] [thread 11811] [52.0] [cxt 0] Pipeline 'egress': end
[06:23:11.814] [bmv2] [D] [thread 11811] [52.0] [cxt 0] Deparser 'deparser': start
[06:23:11.814] [bmv2] [T] [thread 11811] [52.0] [cxt 0] Skipping checksum 'cksum' update because condition not met
[06:23:11.814] [bmv2] [D] [thread 11811] [52.0] [cxt 0] Deparsing header 'ethernet'
[06:23:11.814] [bmv2] [D] [thread 11815] [51.0] [cxt 0] Transmitting packet of size 70 out of port 0
[06:23:11.814] [bmv2] [D] [thread 11811] [52.0] [cxt 0] Deparser 'deparser': end
[06:23:11.814] [bmv2] [D] [thread 11811] [53.0] [cxt 0] Pipeline 'egress': start
[06:23:11.814] [bmv2] [D] [thread 11811] [53.0] [cxt 0] Pipeline 'egress': end
[06:23:11.814] [bmv2] [D] [thread 11811] [53.0] [cxt 0] Deparser 'deparser': start
[06:23:11.814] [bmv2] [T] [thread 11811] [53.0] [cxt 0] Skipping checksum 'cksum' update because condition not met
[06:23:11.814] [bmv2] [D] [thread 11811] [53.0] [cxt 0] Deparsing header 'ethernet'
[06:23:11.814] [bmv2] [D] [thread 11811] [53.0] [cxt 0] Deparser 'deparser': end
[06:23:11.814] [bmv2] [D] [thread 11815] [52.0] [cxt 0] Transmitting packet of size 70 out of port 0
[06:23:11.814] [bmv2] [D] [thread 11815] [53.0] [cxt 0] Transmitting packet of size 70 out of port 0
open: No such file or directory
open: No such file or directory
open: No such file or directory
