Calling target program-options parser
[06:22:59.407] [bmv2] [D] [thread 11817] Set default default entry for table 'MyIngress.ipv4_lpm': MyIngress.drop - 
Adding interface s4-eth1 as port 1
[06:22:59.408] [bmv2] [D] [thread 11817] Adding interface s4-eth1 as port 1
Adding interface s4-eth2 as port 2
[06:22:59.462] [bmv2] [D] [thread 11817] Adding interface s4-eth2 as port 2
Server listening on 0.0.0.0:50054
[06:22:59.534] [bmv2] [I] [thread 11817] Starting Thrift server on port 9093
[06:22:59.534] [bmv2] [I] [thread 11817] Thrift server was started
[06:22:59.534] [bmv2] [D] [thread 11827] [0.0] [cxt 0] Processing packet received on port 1
[06:22:59.534] [bmv2] [D] [thread 11827] [0.0] [cxt 0] Parser 'parser': start
[06:22:59.534] [bmv2] [D] [thread 11827] [0.0] [cxt 0] Parser 'parser' entering state 'start'
[06:22:59.534] [bmv2] [D] [thread 11827] [0.0] [cxt 0] Extracting header 'ethernet'
[06:22:59.534] [bmv2] [D] [thread 11827] [0.0] [cxt 0] Parser state 'start': key is 86dd
[06:22:59.535] [bmv2] [T] [thread 11827] [0.0] [cxt 0] Bytes parsed: 14
[06:22:59.535] [bmv2] [D] [thread 11827] [0.0] [cxt 0] Parser 'parser': end
[06:22:59.535] [bmv2] [D] [thread 11827] [0.0] [cxt 0] Pipeline 'ingress': start
[06:22:59.535] [bmv2] [T] [thread 11827] [0.0] [cxt 0] basic.p4(140) Condition "hdr.ipv4.isValid()" (node_2) is false
[06:22:59.535] [bmv2] [D] [thread 11827] [0.0] [cxt 0] Pipeline 'ingress': end
[06:22:59.535] [bmv2] [D] [thread 11827] [0.0] [cxt 0] Egress port is 0
[06:22:59.535] [bmv2] [D] [thread 11828] [0.0] [cxt 0] Pipeline 'egress': start
[06:22:59.535] [bmv2] [D] [thread 11828] [0.0] [cxt 0] Pipeline 'egress': end
[06:22:59.535] [bmv2] [D] [thread 11828] [0.0] [cxt 0] Deparser 'deparser': start
[06:22:59.535] [bmv2] [T] [thread 11828] [0.0] [cxt 0] Skipping checksum 'cksum' update because condition not met
[06:22:59.535] [bmv2] [D] [thread 11828] [0.0] [cxt 0] Deparsing header 'ethernet'
[06:22:59.535] [bmv2] [D] [thread 11828] [0.0] [cxt 0] Deparser 'deparser': end
[06:22:59.535] [bmv2] [D] [thread 11827] [1.0] [cxt 0] Processing packet received on port 1
[06:22:59.535] [bmv2] [D] [thread 11827] [1.0] [cxt 0] Parser 'parser': start
[06:22:59.535] [bmv2] [D] [thread 11827] [1.0] [cxt 0] Parser 'parser' entering state 'start'
[06:22:59.535] [bmv2] [D] [thread 11827] [1.0] [cxt 0] Extracting header 'ethernet'
[06:22:59.535] [bmv2] [D] [thread 11827] [1.0] [cxt 0] Parser state 'start': key is 86dd
[06:22:59.535] [bmv2] [T] [thread 11827] [1.0] [cxt 0] Bytes parsed: 14
[06:22:59.535] [bmv2] [D] [thread 11827] [1.0] [cxt 0] Parser 'parser': end
[06:22:59.535] [bmv2] [D] [thread 11827] [1.0] [cxt 0] Pipeline 'ingress': start
[06:22:59.535] [bmv2] [T] [thread 11827] [1.0] [cxt 0] basic.p4(140) Condition "hdr.ipv4.isValid()" (node_2) is false
[06:22:59.535] [bmv2] [D] [thread 11827] [1.0] [cxt 0] Pipeline 'ingress': end
[06:22:59.535] [bmv2] [D] [thread 11827] [1.0] [cxt 0] Egress port is 0
[06:22:59.535] [bmv2] [D] [thread 11832] [0.0] [cxt 0] Transmitting packet of size 208 out of port 0
[06:22:59.535] [bmv2] [D] [thread 11828] [1.0] [cxt 0] Pipeline 'egress': start
[06:22:59.535] [bmv2] [D] [thread 11828] [1.0] [cxt 0] Pipeline 'egress': end
[06:22:59.535] [bmv2] [D] [thread 11828] [1.0] [cxt 0] Deparser 'deparser': start
[06:22:59.535] [bmv2] [T] [thread 11828] [1.0] [cxt 0] Skipping checksum 'cksum' update because condition not met
[06:22:59.535] [bmv2] [D] [thread 11828] [1.0] [cxt 0] Deparsing header 'ethernet'
[06:22:59.535] [bmv2] [D] [thread 11828] [1.0] [cxt 0] Deparser 'deparser': end
[06:22:59.535] [bmv2] [D] [thread 11832] [1.0] [cxt 0] Transmitting packet of size 196 out of port 0
[06:22:59.557] [bmv2] [D] [thread 11827] [2.0] [cxt 0] Processing packet received on port 1
[06:22:59.557] [bmv2] [D] [thread 11827] [2.0] [cxt 0] Parser 'parser': start
[06:22:59.557] [bmv2] [D] [thread 11827] [2.0] [cxt 0] Parser 'parser' entering state 'start'
[06:22:59.557] [bmv2] [D] [thread 11827] [2.0] [cxt 0] Extracting header 'ethernet'
[06:22:59.557] [bmv2] [D] [thread 11827] [2.0] [cxt 0] Parser state 'start': key is 86dd
[06:22:59.557] [bmv2] [T] [thread 11827] [2.0] [cxt 0] Bytes parsed: 14
[06:22:59.557] [bmv2] [D] [thread 11827] [2.0] [cxt 0] Parser 'parser': end
[06:22:59.557] [bmv2] [D] [thread 11827] [2.0] [cxt 0] Pipeline 'ingress': start
[06:22:59.557] [bmv2] [T] [thread 11827] [2.0] [cxt 0] basic.p4(140) Condition "hdr.ipv4.isValid()" (node_2) is false
[06:22:59.557] [bmv2] [D] [thread 11827] [2.0] [cxt 0] Pipeline 'ingress': end
[06:22:59.557] [bmv2] [D] [thread 11827] [2.0] [cxt 0] Egress port is 0
[06:22:59.557] [bmv2] [D] [thread 11828] [2.0] [cxt 0] Pipeline 'egress': start
[06:22:59.557] [bmv2] [D] [thread 11828] [2.0] [cxt 0] Pipeline 'egress': end
[06:22:59.557] [bmv2] [D] [thread 11828] [2.0] [cxt 0] Deparser 'deparser': start
[06:22:59.557] [bmv2] [T] [thread 11828] [2.0] [cxt 0] Skipping checksum 'cksum' update because condition not met
[06:22:59.557] [bmv2] [D] [thread 11828] [2.0] [cxt 0] Deparsing header 'ethernet'
[06:22:59.557] [bmv2] [D] [thread 11828] [2.0] [cxt 0] Deparser 'deparser': end
[06:22:59.557] [bmv2] [D] [thread 11832] [2.0] [cxt 0] Transmitting packet of size 90 out of port 0
[06:22:59.673] [bmv2] [D] [thread 11827] [3.0] [cxt 0] Processing packet received on port 1
[06:22:59.673] [bmv2] [D] [thread 11827] [3.0] [cxt 0] Parser 'parser': start
[06:22:59.673] [bmv2] [D] [thread 11827] [3.0] [cxt 0] Parser 'parser' entering state 'start'
[06:22:59.673] [bmv2] [D] [thread 11827] [3.0] [cxt 0] Extracting header 'ethernet'
[06:22:59.673] [bmv2] [D] [thread 11827] [3.0] [cxt 0] Parser state 'start': key is 86dd
[06:22:59.673] [bmv2] [T] [thread 11827] [3.0] [cxt 0] Bytes parsed: 14
[06:22:59.673] [bmv2] [D] [thread 11827] [3.0] [cxt 0] Parser 'parser': end
[06:22:59.673] [bmv2] [D] [thread 11827] [3.0] [cxt 0] Pipeline 'ingress': start
[06:22:59.673] [bmv2] [T] [thread 11827] [3.0] [cxt 0] basic.p4(140) Condition "hdr.ipv4.isValid()" (node_2) is false
[06:22:59.673] [bmv2] [D] [thread 11827] [3.0] [cxt 0] Pipeline 'ingress': end
[06:22:59.673] [bmv2] [D] [thread 11827] [3.0] [cxt 0] Egress port is 0
[06:22:59.673] [bmv2] [D] [thread 11828] [3.0] [cxt 0] Pipeline 'egress': start
[06:22:59.673] [bmv2] [D] [thread 11828] [3.0] [cxt 0] Pipeline 'egress': end
[06:22:59.673] [bmv2] [D] [thread 11828] [3.0] [cxt 0] Deparser 'deparser': start
[06:22:59.673] [bmv2] [T] [thread 11828] [3.0] [cxt 0] Skipping checksum 'cksum' update because condition not met
[06:22:59.673] [bmv2] [D] [thread 11828] [3.0] [cxt 0] Deparsing header 'ethernet'
[06:22:59.673] [bmv2] [D] [thread 11828] [3.0] [cxt 0] Deparser 'deparser': end
[06:22:59.673] [bmv2] [D] [thread 11832] [3.0] [cxt 0] Transmitting packet of size 196 out of port 0
[06:22:59.680] [bmv2] [D] [thread 11827] [4.0] [cxt 0] Processing packet received on port 2
[06:22:59.680] [bmv2] [D] [thread 11827] [4.0] [cxt 0] Parser 'parser': start
[06:22:59.680] [bmv2] [D] [thread 11827] [4.0] [cxt 0] Parser 'parser' entering state 'start'
[06:22:59.680] [bmv2] [D] [thread 11827] [4.0] [cxt 0] Extracting header 'ethernet'
[06:22:59.680] [bmv2] [D] [thread 11827] [4.0] [cxt 0] Parser state 'start': key is 86dd
[06:22:59.680] [bmv2] [T] [thread 11827] [4.0] [cxt 0] Bytes parsed: 14
[06:22:59.680] [bmv2] [D] [thread 11827] [4.0] [cxt 0] Parser 'parser': end
[06:22:59.680] [bmv2] [D] [thread 11827] [4.0] [cxt 0] Pipeline 'ingress': start
[06:22:59.680] [bmv2] [T] [thread 11827] [4.0] [cxt 0] basic.p4(140) Condition "hdr.ipv4.isValid()" (node_2) is false
[06:22:59.680] [bmv2] [D] [thread 11827] [4.0] [cxt 0] Pipeline 'ingress': end
[06:22:59.680] [bmv2] [D] [thread 11827] [4.0] [cxt 0] Egress port is 0
[06:22:59.680] [bmv2] [D] [thread 11828] [4.0] [cxt 0] Pipeline 'egress': start
[06:22:59.680] [bmv2] [D] [thread 11828] [4.0] [cxt 0] Pipeline 'egress': end
[06:22:59.680] [bmv2] [D] [thread 11828] [4.0] [cxt 0] Deparser 'deparser': start
[06:22:59.680] [bmv2] [T] [thread 11828] [4.0] [cxt 0] Skipping checksum 'cksum' update because condition not met
[06:22:59.680] [bmv2] [D] [thread 11828] [4.0] [cxt 0] Deparsing header 'ethernet'
[06:22:59.680] [bmv2] [D] [thread 11828] [4.0] [cxt 0] Deparser 'deparser': end
[06:22:59.681] [bmv2] [D] [thread 11832] [4.0] [cxt 0] Transmitting packet of size 208 out of port 0
[06:22:59.712] [bmv2] [D] [thread 11827] [5.0] [cxt 0] Processing packet received on port 2
[06:22:59.712] [bmv2] [D] [thread 11827] [5.0] [cxt 0] Parser 'parser': start
[06:22:59.712] [bmv2] [D] [thread 11827] [5.0] [cxt 0] Parser 'parser' entering state 'start'
[06:22:59.712] [bmv2] [D] [thread 11827] [5.0] [cxt 0] Extracting header 'ethernet'
[06:22:59.712] [bmv2] [D] [thread 11827] [5.0] [cxt 0] Parser state 'start': key is 86dd
[06:22:59.712] [bmv2] [T] [thread 11827] [5.0] [cxt 0] Bytes parsed: 14
[06:22:59.712] [bmv2] [D] [thread 11827] [5.0] [cxt 0] Parser 'parser': end
[06:22:59.712] [bmv2] [D] [thread 11827] [5.0] [cxt 0] Pipeline 'ingress': start
[06:22:59.712] [bmv2] [T] [thread 11827] [5.0] [cxt 0] basic.p4(140) Condition "hdr.ipv4.isValid()" (node_2) is false
[06:22:59.712] [bmv2] [D] [thread 11827] [5.0] [cxt 0] Pipeline 'ingress': end
[06:22:59.712] [bmv2] [D] [thread 11827] [5.0] [cxt 0] Egress port is 0
[06:22:59.713] [bmv2] [D] [thread 11828] [5.0] [cxt 0] Pipeline 'egress': start
[06:22:59.713] [bmv2] [D] [thread 11828] [5.0] [cxt 0] Pipeline 'egress': end
[06:22:59.713] [bmv2] [D] [thread 11828] [5.0] [cxt 0] Deparser 'deparser': start
[06:22:59.713] [bmv2] [T] [thread 11828] [5.0] [cxt 0] Skipping checksum 'cksum' update because condition not met
[06:22:59.713] [bmv2] [D] [thread 11828] [5.0] [cxt 0] Deparsing header 'ethernet'
[06:22:59.713] [bmv2] [D] [thread 11828] [5.0] [cxt 0] Deparser 'deparser': end
[06:22:59.713] [bmv2] [D] [thread 11832] [5.0] [cxt 0] Transmitting packet of size 196 out of port 0
[06:22:59.844] [bmv2] [D] [thread 11827] [6.0] [cxt 0] Processing packet received on port 1
[06:22:59.844] [bmv2] [D] [thread 11827] [6.0] [cxt 0] Parser 'parser': start
[06:22:59.844] [bmv2] [D] [thread 11827] [6.0] [cxt 0] Parser 'parser' entering state 'start'
[06:22:59.844] [bmv2] [D] [thread 11827] [6.0] [cxt 0] Extracting header 'ethernet'
[06:22:59.844] [bmv2] [D] [thread 11827] [6.0] [cxt 0] Parser state 'start': key is 86dd
[06:22:59.844] [bmv2] [T] [thread 11827] [6.0] [cxt 0] Bytes parsed: 14
[06:22:59.844] [bmv2] [D] [thread 11827] [6.0] [cxt 0] Parser 'parser': end
[06:22:59.844] [bmv2] [D] [thread 11827] [6.0] [cxt 0] Pipeline 'ingress': start
[06:22:59.844] [bmv2] [T] [thread 11827] [6.0] [cxt 0] basic.p4(140) Condition "hdr.ipv4.isValid()" (node_2) is false
[06:22:59.844] [bmv2] [D] [thread 11827] [6.0] [cxt 0] Pipeline 'ingress': end
[06:22:59.844] [bmv2] [D] [thread 11827] [6.0] [cxt 0] Egress port is 0
[06:22:59.844] [bmv2] [D] [thread 11828] [6.0] [cxt 0] Pipeline 'egress': start
[06:22:59.844] [bmv2] [D] [thread 11828] [6.0] [cxt 0] Pipeline 'egress': end
[06:22:59.844] [bmv2] [D] [thread 11828] [6.0] [cxt 0] Deparser 'deparser': start
[06:22:59.844] [bmv2] [T] [thread 11828] [6.0] [cxt 0] Skipping checksum 'cksum' update because condition not met
[06:22:59.844] [bmv2] [D] [thread 11828] [6.0] [cxt 0] Deparsing header 'ethernet'
[06:22:59.844] [bmv2] [D] [thread 11828] [6.0] [cxt 0] Deparser 'deparser': end
[06:22:59.844] [bmv2] [D] [thread 11832] [6.0] [cxt 0] Transmitting packet of size 90 out of port 0
[06:22:59.877] [bmv2] [D] [thread 11827] [7.0] [cxt 0] Processing packet received on port 2
[06:22:59.877] [bmv2] [D] [thread 11827] [7.0] [cxt 0] Parser 'parser': start
[06:22:59.877] [bmv2] [D] [thread 11827] [7.0] [cxt 0] Parser 'parser' entering state 'start'
[06:22:59.877] [bmv2] [D] [thread 11827] [7.0] [cxt 0] Extracting header 'ethernet'
[06:22:59.877] [bmv2] [D] [thread 11827] [7.0] [cxt 0] Parser state 'start': key is 86dd
[06:22:59.877] [bmv2] [T] [thread 11827] [7.0] [cxt 0] Bytes parsed: 14
[06:22:59.877] [bmv2] [D] [thread 11827] [7.0] [cxt 0] Parser 'parser': end
[06:22:59.877] [bmv2] [D] [thread 11827] [7.0] [cxt 0] Pipeline 'ingress': start
[06:22:59.877] [bmv2] [T] [thread 11827] [7.0] [cxt 0] basic.p4(140) Condition "hdr.ipv4.isValid()" (node_2) is false
[06:22:59.877] [bmv2] [D] [thread 11827] [7.0] [cxt 0] Pipeline 'ingress': end
[06:22:59.877] [bmv2] [D] [thread 11827] [7.0] [cxt 0] Egress port is 0
[06:22:59.877] [bmv2] [D] [thread 11828] [7.0] [cxt 0] Pipeline 'egress': start
[06:22:59.877] [bmv2] [D] [thread 11828] [7.0] [cxt 0] Pipeline 'egress': end
[06:22:59.877] [bmv2] [D] [thread 11828] [7.0] [cxt 0] Deparser 'deparser': start
[06:22:59.877] [bmv2] [T] [thread 11828] [7.0] [cxt 0] Skipping checksum 'cksum' update because condition not met
[06:22:59.877] [bmv2] [D] [thread 11828] [7.0] [cxt 0] Deparsing header 'ethernet'
[06:22:59.877] [bmv2] [D] [thread 11828] [7.0] [cxt 0] Deparser 'deparser': end
[06:22:59.877] [bmv2] [D] [thread 11832] [7.0] [cxt 0] Transmitting packet of size 110 out of port 0
[06:22:59.885] [bmv2] [D] [thread 11827] [8.0] [cxt 0] Processing packet received on port 2
[06:22:59.885] [bmv2] [D] [thread 11827] [8.0] [cxt 0] Parser 'parser': start
[06:22:59.885] [bmv2] [D] [thread 11827] [8.0] [cxt 0] Parser 'parser' entering state 'start'
[06:22:59.885] [bmv2] [D] [thread 11827] [8.0] [cxt 0] Extracting header 'ethernet'
[06:22:59.885] [bmv2] [D] [thread 11827] [8.0] [cxt 0] Parser state 'start': key is 86dd
[06:22:59.885] [bmv2] [T] [thread 11827] [8.0] [cxt 0] Bytes parsed: 14
[06:22:59.885] [bmv2] [D] [thread 11827] [8.0] [cxt 0] Parser 'parser': end
[06:22:59.885] [bmv2] [D] [thread 11827] [8.0] [cxt 0] Pipeline 'ingress': start
[06:22:59.885] [bmv2] [T] [thread 11827] [8.0] [cxt 0] basic.p4(140) Condition "hdr.ipv4.isValid()" (node_2) is false
[06:22:59.885] [bmv2] [D] [thread 11827] [8.0] [cxt 0] Pipeline 'ingress': end
[06:22:59.885] [bmv2] [D] [thread 11827] [8.0] [cxt 0] Egress port is 0
[06:22:59.885] [bmv2] [D] [thread 11828] [8.0] [cxt 0] Pipeline 'egress': start
[06:22:59.885] [bmv2] [D] [thread 11828] [8.0] [cxt 0] Pipeline 'egress': end
[06:22:59.885] [bmv2] [D] [thread 11828] [8.0] [cxt 0] Deparser 'deparser': start
[06:22:59.885] [bmv2] [T] [thread 11828] [8.0] [cxt 0] Skipping checksum 'cksum' update because condition not met
[06:22:59.885] [bmv2] [D] [thread 11828] [8.0] [cxt 0] Deparsing header 'ethernet'
[06:22:59.885] [bmv2] [D] [thread 11828] [8.0] [cxt 0] Deparser 'deparser': end
[06:22:59.885] [bmv2] [D] [thread 11832] [8.0] [cxt 0] Transmitting packet of size 196 out of port 0
[06:22:59.941] [bmv2] [D] [thread 11827] [9.0] [cxt 0] Processing packet received on port 1
[06:22:59.941] [bmv2] [D] [thread 11827] [9.0] [cxt 0] Parser 'parser': start
[06:22:59.941] [bmv2] [D] [thread 11827] [9.0] [cxt 0] Parser 'parser' entering state 'start'
[06:22:59.941] [bmv2] [D] [thread 11827] [9.0] [cxt 0] Extracting header 'ethernet'
[06:22:59.941] [bmv2] [D] [thread 11827] [9.0] [cxt 0] Parser state 'start': key is 86dd
[06:22:59.941] [bmv2] [T] [thread 11827] [9.0] [cxt 0] Bytes parsed: 14
[06:22:59.941] [bmv2] [D] [thread 11827] [9.0] [cxt 0] Parser 'parser': end
[06:22:59.941] [bmv2] [D] [thread 11827] [9.0] [cxt 0] Pipeline 'ingress': start
[06:22:59.941] [bmv2] [T] [thread 11827] [9.0] [cxt 0] basic.p4(140) Condition "hdr.ipv4.isValid()" (node_2) is false
[06:22:59.941] [bmv2] [D] [thread 11827] [9.0] [cxt 0] Pipeline 'ingress': end
[06:22:59.941] [bmv2] [D] [thread 11827] [9.0] [cxt 0] Egress port is 0
[06:22:59.942] [bmv2] [D] [thread 11828] [9.0] [cxt 0] Pipeline 'egress': start
[06:22:59.942] [bmv2] [D] [thread 11828] [9.0] [cxt 0] Pipeline 'egress': end
[06:22:59.942] [bmv2] [D] [thread 11828] [9.0] [cxt 0] Deparser 'deparser': start
[06:22:59.942] [bmv2] [T] [thread 11828] [9.0] [cxt 0] Skipping checksum 'cksum' update because condition not met
[06:22:59.942] [bmv2] [D] [thread 11828] [9.0] [cxt 0] Deparsing header 'ethernet'
[06:22:59.942] [bmv2] [D] [thread 11828] [9.0] [cxt 0] Deparser 'deparser': end
[06:22:59.942] [bmv2] [D] [thread 11832] [9.0] [cxt 0] Transmitting packet of size 110 out of port 0
[06:23:00.515] [bmv2] [D] [thread 11827] [10.0] [cxt 0] Processing packet received on port 1
[06:23:00.515] [bmv2] [D] [thread 11827] [10.0] [cxt 0] Parser 'parser': start
[06:23:00.515] [bmv2] [D] [thread 11827] [10.0] [cxt 0] Parser 'parser' entering state 'start'
[06:23:00.515] [bmv2] [D] [thread 11827] [10.0] [cxt 0] Extracting header 'ethernet'
[06:23:00.515] [bmv2] [D] [thread 11827] [10.0] [cxt 0] Parser state 'start': key is 86dd
[06:23:00.515] [bmv2] [T] [thread 11827] [10.0] [cxt 0] Bytes parsed: 14
[06:23:00.515] [bmv2] [D] [thread 11827] [10.0] [cxt 0] Parser 'parser': end
[06:23:00.515] [bmv2] [D] [thread 11827] [10.0] [cxt 0] Pipeline 'ingress': start
[06:23:00.515] [bmv2] [T] [thread 11827] [10.0] [cxt 0] basic.p4(140) Condition "hdr.ipv4.isValid()" (node_2) is false
[06:23:00.515] [bmv2] [D] [thread 11827] [10.0] [cxt 0] Pipeline 'ingress': end
[06:23:00.515] [bmv2] [D] [thread 11827] [10.0] [cxt 0] Egress port is 0
[06:23:00.515] [bmv2] [D] [thread 11828] [10.0] [cxt 0] Pipeline 'egress': start
[06:23:00.515] [bmv2] [D] [thread 11828] [10.0] [cxt 0] Pipeline 'egress': end
[06:23:00.515] [bmv2] [D] [thread 11828] [10.0] [cxt 0] Deparser 'deparser': start
[06:23:00.515] [bmv2] [T] [thread 11828] [10.0] [cxt 0] Skipping checksum 'cksum' update because condition not met
[06:23:00.515] [bmv2] [D] [thread 11828] [10.0] [cxt 0] Deparsing header 'ethernet'
[06:23:00.515] [bmv2] [D] [thread 11828] [10.0] [cxt 0] Deparser 'deparser': end
[06:23:00.515] [bmv2] [D] [thread 11832] [10.0] [cxt 0] Transmitting packet of size 196 out of port 0
[06:23:00.696] [bmv2] [D] [thread 11827] [11.0] [cxt 0] Processing packet received on port 1
[06:23:00.696] [bmv2] [D] [thread 11827] [11.0] [cxt 0] Parser 'parser': start
[06:23:00.696] [bmv2] [D] [thread 11827] [11.0] [cxt 0] Parser 'parser' entering state 'start'
[06:23:00.696] [bmv2] [D] [thread 11827] [11.0] [cxt 0] Extracting header 'ethernet'
[06:23:00.696] [bmv2] [D] [thread 11827] [11.0] [cxt 0] Parser state 'start': key is 86dd
[06:23:00.696] [bmv2] [T] [thread 11827] [11.0] [cxt 0] Bytes parsed: 14
[06:23:00.696] [bmv2] [D] [thread 11827] [11.0] [cxt 0] Parser 'parser': end
[06:23:00.696] [bmv2] [D] [thread 11827] [11.0] [cxt 0] Pipeline 'ingress': start
[06:23:00.696] [bmv2] [T] [thread 11827] [11.0] [cxt 0] basic.p4(140) Condition "hdr.ipv4.isValid()" (node_2) is false
[06:23:00.696] [bmv2] [D] [thread 11827] [11.0] [cxt 0] Pipeline 'ingress': end
[06:23:00.696] [bmv2] [D] [thread 11827] [11.0] [cxt 0] Egress port is 0
[06:23:00.696] [bmv2] [D] [thread 11828] [11.0] [cxt 0] Pipeline 'egress': start
[06:23:00.696] [bmv2] [D] [thread 11828] [11.0] [cxt 0] Pipeline 'egress': end
[06:23:00.696] [bmv2] [D] [thread 11828] [11.0] [cxt 0] Deparser 'deparser': start
[06:23:00.696] [bmv2] [T] [thread 11828] [11.0] [cxt 0] Skipping checksum 'cksum' update because condition not met
[06:23:00.696] [bmv2] [D] [thread 11828] [11.0] [cxt 0] Deparsing header 'ethernet'
[06:23:00.696] [bmv2] [D] [thread 11828] [11.0] [cxt 0] Deparser 'deparser': end
[06:23:00.696] [bmv2] [D] [thread 11832] [11.0] [cxt 0] Transmitting packet of size 196 out of port 0
[06:23:00.713] [bmv2] [D] [thread 11827] [12.0] [cxt 0] Processing packet received on port 2
[06:23:00.713] [bmv2] [D] [thread 11827] [12.0] [cxt 0] Parser 'parser': start
[06:23:00.713] [bmv2] [D] [thread 11827] [12.0] [cxt 0] Parser 'parser' entering state 'start'
[06:23:00.713] [bmv2] [D] [thread 11827] [12.0] [cxt 0] Extracting header 'ethernet'
[06:23:00.713] [bmv2] [D] [thread 11827] [12.0] [cxt 0] Parser state 'start': key is 86dd
[06:23:00.714] [bmv2] [T] [thread 11827] [12.0] [cxt 0] Bytes parsed: 14
[06:23:00.714] [bmv2] [D] [thread 11827] [12.0] [cxt 0] Parser 'parser': end
[06:23:00.714] [bmv2] [D] [thread 11827] [12.0] [cxt 0] Pipeline 'ingress': start
[06:23:00.714] [bmv2] [T] [thread 11827] [12.0] [cxt 0] basic.p4(140) Condition "hdr.ipv4.isValid()" (node_2) is false
[06:23:00.714] [bmv2] [D] [thread 11827] [12.0] [cxt 0] Pipeline 'ingress': end
[06:23:00.714] [bmv2] [D] [thread 11827] [12.0] [cxt 0] Egress port is 0
[06:23:00.714] [bmv2] [D] [thread 11828] [12.0] [cxt 0] Pipeline 'egress': start
[06:23:00.714] [bmv2] [D] [thread 11828] [12.0] [cxt 0] Pipeline 'egress': end
[06:23:00.714] [bmv2] [D] [thread 11828] [12.0] [cxt 0] Deparser 'deparser': start
[06:23:00.714] [bmv2] [T] [thread 11828] [12.0] [cxt 0] Skipping checksum 'cksum' update because condition not met
[06:23:00.714] [bmv2] [D] [thread 11828] [12.0] [cxt 0] Deparsing header 'ethernet'
[06:23:00.714] [bmv2] [D] [thread 11828] [12.0] [cxt 0] Deparser 'deparser': end
[06:23:00.714] [bmv2] [D] [thread 11832] [12.0] [cxt 0] Transmitting packet of size 196 out of port 0
[06:23:00.886] [bmv2] [D] [thread 11827] [13.0] [cxt 0] Processing packet received on port 2
[06:23:00.886] [bmv2] [D] [thread 11827] [13.0] [cxt 0] Parser 'parser': start
[06:23:00.886] [bmv2] [D] [thread 11827] [13.0] [cxt 0] Parser 'parser' entering state 'start'
[06:23:00.886] [bmv2] [D] [thread 11827] [13.0] [cxt 0] Extracting header 'ethernet'
[06:23:00.886] [bmv2] [D] [thread 11827] [13.0] [cxt 0] Parser state 'start': key is 86dd
[06:23:00.886] [bmv2] [T] [thread 11827] [13.0] [cxt 0] Bytes parsed: 14
[06:23:00.886] [bmv2] [D] [thread 11827] [13.0] [cxt 0] Parser 'parser': end
[06:23:00.886] [bmv2] [D] [thread 11827] [13.0] [cxt 0] Pipeline 'ingress': start
[06:23:00.886] [bmv2] [T] [thread 11827] [13.0] [cxt 0] basic.p4(140) Condition "hdr.ipv4.isValid()" (node_2) is false
[06:23:00.886] [bmv2] [D] [thread 11827] [13.0] [cxt 0] Pipeline 'ingress': end
[06:23:00.886] [bmv2] [D] [thread 11827] [13.0] [cxt 0] Egress port is 0
[06:23:00.886] [bmv2] [D] [thread 11828] [13.0] [cxt 0] Pipeline 'egress': start
[06:23:00.886] [bmv2] [D] [thread 11828] [13.0] [cxt 0] Pipeline 'egress': end
[06:23:00.886] [bmv2] [D] [thread 11828] [13.0] [cxt 0] Deparser 'deparser': start
[06:23:00.886] [bmv2] [T] [thread 11828] [13.0] [cxt 0] Skipping checksum 'cksum' update because condition not met
[06:23:00.886] [bmv2] [D] [thread 11828] [13.0] [cxt 0] Deparsing header 'ethernet'
[06:23:00.886] [bmv2] [D] [thread 11828] [13.0] [cxt 0] Deparser 'deparser': end
[06:23:00.886] [bmv2] [D] [thread 11832] [13.0] [cxt 0] Transmitting packet of size 196 out of port 0
[06:23:01.112] [bmv2] [W] [thread 11881] [P4Runtime] p4::tmp::P4DeviceConfig is deprecated
[06:23:01.113] [bmv2] [D] [thread 11881] Set default default entry for table 'MyIngress.ipv4_lpm': MyIngress.drop - 
[06:23:01.114] [bmv2] [D] [thread 11881] simple_switch target has been notified of a config swap
[06:23:01.118] [bmv2] [D] [thread 11882] Set default entry for table 'MyIngress.ipv4_lpm': MyIngress.drop - 
[06:23:01.119] [bmv2] [D] [thread 11881] Entry 0 added to table 'MyIngress.ipv4_lpm'
[06:23:01.119] [bmv2] [D] [thread 11881] Dumping entry 0
Match key:
* hdr.ipv4.dstAddr    : LPM       0a000101/32
Action entry: MyIngress.ipv4_forward - 80000000100,2,

[06:23:01.121] [bmv2] [D] [thread 11882] Entry 1 added to table 'MyIngress.ipv4_lpm'
[06:23:01.121] [bmv2] [D] [thread 11882] Dumping entry 1
Match key:
* hdr.ipv4.dstAddr    : LPM       0a000202/32
Action entry: MyIngress.ipv4_forward - 80000000100,2,

[06:23:01.121] [bmv2] [D] [thread 11881] Entry 2 added to table 'MyIngress.ipv4_lpm'
[06:23:01.122] [bmv2] [D] [thread 11881] Dumping entry 2
Match key:
* hdr.ipv4.dstAddr    : LPM       0a000303/32
Action entry: MyIngress.ipv4_forward - 80000000200,1,

[06:23:01.123] [bmv2] [D] [thread 11882] Entry 3 added to table 'MyIngress.ipv4_lpm'
[06:23:01.123] [bmv2] [D] [thread 11882] Dumping entry 3
Match key:
* hdr.ipv4.dstAddr    : LPM       0a000404/32
Action entry: MyIngress.ipv4_forward - 80000000200,1,

[06:23:02.516] [bmv2] [D] [thread 11827] [14.0] [cxt 0] Processing packet received on port 1
[06:23:02.516] [bmv2] [D] [thread 11827] [14.0] [cxt 0] Parser 'parser': start
[06:23:02.516] [bmv2] [D] [thread 11827] [14.0] [cxt 0] Parser 'parser' entering state 'start'
[06:23:02.516] [bmv2] [D] [thread 11827] [14.0] [cxt 0] Extracting header 'ethernet'
[06:23:02.516] [bmv2] [D] [thread 11827] [14.0] [cxt 0] Parser state 'start': key is 86dd
[06:23:02.516] [bmv2] [T] [thread 11827] [14.0] [cxt 0] Bytes parsed: 14
[06:23:02.516] [bmv2] [D] [thread 11827] [14.0] [cxt 0] Parser 'parser': end
[06:23:02.516] [bmv2] [D] [thread 11827] [14.0] [cxt 0] Pipeline 'ingress': start
[06:23:02.517] [bmv2] [T] [thread 11827] [14.0] [cxt 0] basic.p4(140) Condition "hdr.ipv4.isValid()" (node_2) is false
[06:23:02.517] [bmv2] [D] [thread 11827] [14.0] [cxt 0] Pipeline 'ingress': end
[06:23:02.517] [bmv2] [D] [thread 11827] [14.0] [cxt 0] Egress port is 0
[06:23:02.517] [bmv2] [D] [thread 11828] [14.0] [cxt 0] Pipeline 'egress': start
[06:23:02.517] [bmv2] [D] [thread 11828] [14.0] [cxt 0] Pipeline 'egress': end
[06:23:02.517] [bmv2] [D] [thread 11828] [14.0] [cxt 0] Deparser 'deparser': start
[06:23:02.517] [bmv2] [T] [thread 11828] [14.0] [cxt 0] Skipping checksum 'cksum' update because condition not met
[06:23:02.517] [bmv2] [D] [thread 11828] [14.0] [cxt 0] Deparsing header 'ethernet'
[06:23:02.517] [bmv2] [D] [thread 11828] [14.0] [cxt 0] Deparser 'deparser': end
[06:23:02.517] [bmv2] [D] [thread 11832] [14.0] [cxt 0] Transmitting packet of size 196 out of port 0
[06:23:02.697] [bmv2] [D] [thread 11827] [15.0] [cxt 0] Processing packet received on port 1
[06:23:02.697] [bmv2] [D] [thread 11827] [15.0] [cxt 0] Parser 'parser': start
[06:23:02.697] [bmv2] [D] [thread 11827] [15.0] [cxt 0] Parser 'parser' entering state 'start'
[06:23:02.697] [bmv2] [D] [thread 11827] [15.0] [cxt 0] Extracting header 'ethernet'
[06:23:02.697] [bmv2] [D] [thread 11827] [15.0] [cxt 0] Parser state 'start': key is 86dd
[06:23:02.697] [bmv2] [T] [thread 11827] [15.0] [cxt 0] Bytes parsed: 14
[06:23:02.697] [bmv2] [D] [thread 11827] [15.0] [cxt 0] Parser 'parser': end
[06:23:02.697] [bmv2] [D] [thread 11827] [15.0] [cxt 0] Pipeline 'ingress': start
[06:23:02.697] [bmv2] [T] [thread 11827] [15.0] [cxt 0] basic.p4(140) Condition "hdr.ipv4.isValid()" (node_2) is false
[06:23:02.697] [bmv2] [D] [thread 11827] [15.0] [cxt 0] Pipeline 'ingress': end
[06:23:02.697] [bmv2] [D] [thread 11827] [15.0] [cxt 0] Egress port is 0
[06:23:02.697] [bmv2] [D] [thread 11828] [15.0] [cxt 0] Pipeline 'egress': start
[06:23:02.697] [bmv2] [D] [thread 11828] [15.0] [cxt 0] Pipeline 'egress': end
[06:23:02.697] [bmv2] [D] [thread 11828] [15.0] [cxt 0] Deparser 'deparser': start
[06:23:02.697] [bmv2] [T] [thread 11828] [15.0] [cxt 0] Skipping checksum 'cksum' update because condition not met
[06:23:02.697] [bmv2] [D] [thread 11828] [15.0] [cxt 0] Deparsing header 'ethernet'
[06:23:02.697] [bmv2] [D] [thread 11828] [15.0] [cxt 0] Deparser 'deparser': end
[06:23:02.697] [bmv2] [D] [thread 11832] [15.0] [cxt 0] Transmitting packet of size 196 out of port 0
[06:23:02.715] [bmv2] [D] [thread 11827] [16.0] [cxt 0] Processing packet received on port 2
[06:23:02.715] [bmv2] [D] [thread 11827] [16.0] [cxt 0] Parser 'parser': start
[06:23:02.715] [bmv2] [D] [thread 11827] [16.0] [cxt 0] Parser 'parser' entering state 'start'
[06:23:02.715] [bmv2] [D] [thread 11827] [16.0] [cxt 0] Extracting header 'ethernet'
[06:23:02.715] [bmv2] [D] [thread 11827] [16.0] [cxt 0] Parser state 'start': key is 86dd
[06:23:02.715] [bmv2] [T] [thread 11827] [16.0] [cxt 0] Bytes parsed: 14
[06:23:02.715] [bmv2] [D] [thread 11827] [16.0] [cxt 0] Parser 'parser': end
[06:23:02.715] [bmv2] [D] [thread 11827] [16.0] [cxt 0] Pipeline 'ingress': start
[06:23:02.715] [bmv2] [T] [thread 11827] [16.0] [cxt 0] basic.p4(140) Condition "hdr.ipv4.isValid()" (node_2) is false
[06:23:02.715] [bmv2] [D] [thread 11827] [16.0] [cxt 0] Pipeline 'ingress': end
[06:23:02.715] [bmv2] [D] [thread 11827] [16.0] [cxt 0] Egress port is 0
[06:23:02.715] [bmv2] [D] [thread 11828] [16.0] [cxt 0] Pipeline 'egress': start
[06:23:02.715] [bmv2] [D] [thread 11828] [16.0] [cxt 0] Pipeline 'egress': end
[06:23:02.715] [bmv2] [D] [thread 11828] [16.0] [cxt 0] Deparser 'deparser': start
[06:23:02.715] [bmv2] [T] [thread 11828] [16.0] [cxt 0] Skipping checksum 'cksum' update because condition not met
[06:23:02.715] [bmv2] [D] [thread 11828] [16.0] [cxt 0] Deparsing header 'ethernet'
[06:23:02.715] [bmv2] [D] [thread 11828] [16.0] [cxt 0] Deparser 'deparser': end
[06:23:02.715] [bmv2] [D] [thread 11832] [16.0] [cxt 0] Transmitting packet of size 196 out of port 0
[06:23:02.853] [bmv2] [D] [thread 11827] [17.0] [cxt 0] Processing packet received on port 2
[06:23:02.853] [bmv2] [D] [thread 11827] [17.0] [cxt 0] Parser 'parser': start
[06:23:02.853] [bmv2] [D] [thread 11827] [17.0] [cxt 0] Parser 'parser' entering state 'start'
[06:23:02.853] [bmv2] [D] [thread 11827] [17.0] [cxt 0] Extracting header 'ethernet'
[06:23:02.853] [bmv2] [D] [thread 11827] [17.0] [cxt 0] Parser state 'start': key is 86dd
[06:23:02.853] [bmv2] [T] [thread 11827] [17.0] [cxt 0] Bytes parsed: 14
[06:23:02.853] [bmv2] [D] [thread 11827] [17.0] [cxt 0] Parser 'parser': end
[06:23:02.853] [bmv2] [D] [thread 11827] [17.0] [cxt 0] Pipeline 'ingress': start
[06:23:02.853] [bmv2] [T] [thread 11827] [17.0] [cxt 0] basic.p4(140) Condition "hdr.ipv4.isValid()" (node_2) is false
[06:23:02.853] [bmv2] [D] [thread 11827] [17.0] [cxt 0] Pipeline 'ingress': end
[06:23:02.853] [bmv2] [D] [thread 11827] [17.0] [cxt 0] Egress port is 0
[06:23:02.853] [bmv2] [D] [thread 11828] [17.0] [cxt 0] Pipeline 'egress': start
[06:23:02.853] [bmv2] [D] [thread 11828] [17.0] [cxt 0] Pipeline 'egress': end
[06:23:02.853] [bmv2] [D] [thread 11828] [17.0] [cxt 0] Deparser 'deparser': start
[06:23:02.853] [bmv2] [T] [thread 11828] [17.0] [cxt 0] Skipping checksum 'cksum' update because condition not met
[06:23:02.853] [bmv2] [D] [thread 11828] [17.0] [cxt 0] Deparsing header 'ethernet'
[06:23:02.853] [bmv2] [D] [thread 11828] [17.0] [cxt 0] Deparser 'deparser': end
[06:23:02.853] [bmv2] [D] [thread 11832] [17.0] [cxt 0] Transmitting packet of size 70 out of port 0
[06:23:02.886] [bmv2] [D] [thread 11827] [18.0] [cxt 0] Processing packet received on port 2
[06:23:02.886] [bmv2] [D] [thread 11827] [18.0] [cxt 0] Parser 'parser': start
[06:23:02.886] [bmv2] [D] [thread 11827] [18.0] [cxt 0] Parser 'parser' entering state 'start'
[06:23:02.886] [bmv2] [D] [thread 11827] [18.0] [cxt 0] Extracting header 'ethernet'
[06:23:02.886] [bmv2] [D] [thread 11827] [18.0] [cxt 0] Parser state 'start': key is 86dd
[06:23:02.886] [bmv2] [T] [thread 11827] [18.0] [cxt 0] Bytes parsed: 14
[06:23:02.886] [bmv2] [D] [thread 11827] [18.0] [cxt 0] Parser 'parser': end
[06:23:02.886] [bmv2] [D] [thread 11827] [18.0] [cxt 0] Pipeline 'ingress': start
[06:23:02.886] [bmv2] [T] [thread 11827] [18.0] [cxt 0] basic.p4(140) Condition "hdr.ipv4.isValid()" (node_2) is false
[06:23:02.886] [bmv2] [D] [thread 11827] [18.0] [cxt 0] Pipeline 'ingress': end
[06:23:02.886] [bmv2] [D] [thread 11827] [18.0] [cxt 0] Egress port is 0
[06:23:02.886] [bmv2] [D] [thread 11828] [18.0] [cxt 0] Pipeline 'egress': start
[06:23:02.886] [bmv2] [D] [thread 11828] [18.0] [cxt 0] Pipeline 'egress': end
[06:23:02.886] [bmv2] [D] [thread 11828] [18.0] [cxt 0] Deparser 'deparser': start
[06:23:02.886] [bmv2] [T] [thread 11828] [18.0] [cxt 0] Skipping checksum 'cksum' update because condition not met
[06:23:02.886] [bmv2] [D] [thread 11828] [18.0] [cxt 0] Deparsing header 'ethernet'
[06:23:02.886] [bmv2] [D] [thread 11828] [18.0] [cxt 0] Deparser 'deparser': end
[06:23:02.886] [bmv2] [D] [thread 11832] [18.0] [cxt 0] Transmitting packet of size 196 out of port 0
[06:23:03.117] [bmv2] [D] [thread 11827] [19.0] [cxt 0] Processing packet received on port 2
[06:23:03.117] [bmv2] [D] [thread 11827] [19.0] [cxt 0] Parser 'parser': start
[06:23:03.117] [bmv2] [D] [thread 11827] [19.0] [cxt 0] Parser 'parser' entering state 'start'
[06:23:03.117] [bmv2] [D] [thread 11827] [19.0] [cxt 0] Extracting header 'ethernet'
[06:23:03.117] [bmv2] [D] [thread 11827] [19.0] [cxt 0] Parser state 'start': key is 86dd
[06:23:03.117] [bmv2] [T] [thread 11827] [19.0] [cxt 0] Bytes parsed: 14
[06:23:03.117] [bmv2] [D] [thread 11827] [19.0] [cxt 0] Parser 'parser': end
[06:23:03.117] [bmv2] [D] [thread 11827] [19.0] [cxt 0] Pipeline 'ingress': start
[06:23:03.117] [bmv2] [T] [thread 11827] [19.0] [cxt 0] basic.p4(140) Condition "hdr.ipv4.isValid()" (node_2) is false
[06:23:03.117] [bmv2] [D] [thread 11827] [19.0] [cxt 0] Pipeline 'ingress': end
[06:23:03.117] [bmv2] [D] [thread 11827] [19.0] [cxt 0] Egress port is 0
[06:23:03.117] [bmv2] [D] [thread 11827] [20.0] [cxt 0] Processing packet received on port 1
[06:23:03.117] [bmv2] [D] [thread 11827] [20.0] [cxt 0] Parser 'parser': start
[06:23:03.117] [bmv2] [D] [thread 11827] [20.0] [cxt 0] Parser 'parser' entering state 'start'
[06:23:03.117] [bmv2] [D] [thread 11827] [20.0] [cxt 0] Extracting header 'ethernet'
[06:23:03.117] [bmv2] [D] [thread 11827] [20.0] [cxt 0] Parser state 'start': key is 86dd
[06:23:03.117] [bmv2] [T] [thread 11827] [20.0] [cxt 0] Bytes parsed: 14
[06:23:03.117] [bmv2] [D] [thread 11827] [20.0] [cxt 0] Parser 'parser': end
[06:23:03.117] [bmv2] [D] [thread 11828] [19.0] [cxt 0] Pipeline 'egress': start
[06:23:03.117] [bmv2] [D] [thread 11828] [19.0] [cxt 0] Pipeline 'egress': end
[06:23:03.117] [bmv2] [D] [thread 11828] [19.0] [cxt 0] Deparser 'deparser': start
[06:23:03.117] [bmv2] [T] [thread 11828] [19.0] [cxt 0] Skipping checksum 'cksum' update because condition not met
[06:23:03.117] [bmv2] [D] [thread 11828] [19.0] [cxt 0] Deparsing header 'ethernet'
[06:23:03.117] [bmv2] [D] [thread 11828] [19.0] [cxt 0] Deparser 'deparser': end
[06:23:03.117] [bmv2] [D] [thread 11827] [20.0] [cxt 0] Pipeline 'ingress': start
[06:23:03.117] [bmv2] [D] [thread 11832] [19.0] [cxt 0] Transmitting packet of size 70 out of port 0
[06:23:03.117] [bmv2] [T] [thread 11827] [20.0] [cxt 0] basic.p4(140) Condition "hdr.ipv4.isValid()" (node_2) is false
[06:23:03.117] [bmv2] [D] [thread 11827] [20.0] [cxt 0] Pipeline 'ingress': end
[06:23:03.117] [bmv2] [D] [thread 11827] [20.0] [cxt 0] Egress port is 0
[06:23:03.117] [bmv2] [D] [thread 11828] [20.0] [cxt 0] Pipeline 'egress': start
[06:23:03.117] [bmv2] [D] [thread 11828] [20.0] [cxt 0] Pipeline 'egress': end
[06:23:03.117] [bmv2] [D] [thread 11828] [20.0] [cxt 0] Deparser 'deparser': start
[06:23:03.117] [bmv2] [T] [thread 11828] [20.0] [cxt 0] Skipping checksum 'cksum' update because condition not met
[06:23:03.117] [bmv2] [D] [thread 11828] [20.0] [cxt 0] Deparsing header 'ethernet'
[06:23:03.117] [bmv2] [D] [thread 11828] [20.0] [cxt 0] Deparser 'deparser': end
[06:23:03.117] [bmv2] [D] [thread 11832] [20.0] [cxt 0] Transmitting packet of size 70 out of port 0
[06:23:03.365] [bmv2] [D] [thread 11827] [21.0] [cxt 0] Processing packet received on port 1
[06:23:03.365] [bmv2] [D] [thread 11827] [21.0] [cxt 0] Parser 'parser': start
[06:23:03.365] [bmv2] [D] [thread 11827] [21.0] [cxt 0] Parser 'parser' entering state 'start'
[06:23:03.365] [bmv2] [D] [thread 11827] [21.0] [cxt 0] Extracting header 'ethernet'
[06:23:03.365] [bmv2] [D] [thread 11827] [21.0] [cxt 0] Parser state 'start': key is 86dd
[06:23:03.365] [bmv2] [T] [thread 11827] [21.0] [cxt 0] Bytes parsed: 14
[06:23:03.365] [bmv2] [D] [thread 11827] [21.0] [cxt 0] Parser 'parser': end
[06:23:03.365] [bmv2] [D] [thread 11827] [21.0] [cxt 0] Pipeline 'ingress': start
[06:23:03.365] [bmv2] [T] [thread 11827] [21.0] [cxt 0] basic.p4(140) Condition "hdr.ipv4.isValid()" (node_2) is false
[06:23:03.365] [bmv2] [D] [thread 11827] [21.0] [cxt 0] Pipeline 'ingress': end
[06:23:03.365] [bmv2] [D] [thread 11827] [21.0] [cxt 0] Egress port is 0
[06:23:03.365] [bmv2] [D] [thread 11828] [21.0] [cxt 0] Pipeline 'egress': start
[06:23:03.365] [bmv2] [D] [thread 11828] [21.0] [cxt 0] Pipeline 'egress': end
[06:23:03.365] [bmv2] [D] [thread 11828] [21.0] [cxt 0] Deparser 'deparser': start
[06:23:03.365] [bmv2] [T] [thread 11828] [21.0] [cxt 0] Skipping checksum 'cksum' update because condition not met
[06:23:03.365] [bmv2] [D] [thread 11828] [21.0] [cxt 0] Deparsing header 'ethernet'
[06:23:03.365] [bmv2] [D] [thread 11828] [21.0] [cxt 0] Deparser 'deparser': end
[06:23:03.365] [bmv2] [D] [thread 11832] [21.0] [cxt 0] Transmitting packet of size 70 out of port 0
[06:23:04.964] [bmv2] [D] [thread 11827] [22.0] [cxt 0] Processing packet received on port 2
[06:23:04.964] [bmv2] [D] [thread 11827] [22.0] [cxt 0] Parser 'parser': start
[06:23:04.964] [bmv2] [D] [thread 11827] [22.0] [cxt 0] Parser 'parser' entering state 'start'
[06:23:04.964] [bmv2] [D] [thread 11827] [22.0] [cxt 0] Extracting header 'ethernet'
[06:23:04.964] [bmv2] [D] [thread 11827] [22.0] [cxt 0] Parser state 'start': key is 0800
[06:23:04.964] [bmv2] [T] [thread 11827] [22.0] [cxt 0] Bytes parsed: 14
[06:23:04.964] [bmv2] [D] [thread 11827] [22.0] [cxt 0] Parser 'parser' entering state 'ipv4_state'
[06:23:04.964] [bmv2] [D] [thread 11827] [22.0] [cxt 0] Extracting header 'ipv4'
[06:23:04.964] [bmv2] [D] [thread 11827] [22.0] [cxt 0] Parser state 'ipv4_state' has no switch, going to default next state
[06:23:04.964] [bmv2] [T] [thread 11827] [22.0] [cxt 0] Bytes parsed: 34
[06:23:04.964] [bmv2] [D] [thread 11827] [22.0] [cxt 0] Parser 'parser': end
[06:23:04.964] [bmv2] [D] [thread 11827] [22.0] [cxt 0] Pipeline 'ingress': start
[06:23:04.964] [bmv2] [T] [thread 11827] [22.0] [cxt 0] basic.p4(140) Condition "hdr.ipv4.isValid()" (node_2) is true
[06:23:04.964] [bmv2] [T] [thread 11827] [22.0] [cxt 0] Applying table 'MyIngress.ipv4_lpm'
[06:23:04.964] [bmv2] [D] [thread 11827] [22.0] [cxt 0] Looking up key:
* hdr.ipv4.dstAddr    : 0a000404

[06:23:04.964] [bmv2] [D] [thread 11827] [22.0] [cxt 0] Table 'MyIngress.ipv4_lpm': hit with handle 3
[06:23:04.964] [bmv2] [D] [thread 11827] [22.0] [cxt 0] Dumping entry 3
Match key:
* hdr.ipv4.dstAddr    : LPM       0a000404/32
Action entry: MyIngress.ipv4_forward - 80000000200,1,

[06:23:04.964] [bmv2] [D] [thread 11827] [22.0] [cxt 0] Action entry is MyIngress.ipv4_forward - 80000000200,1,
[06:23:04.964] [bmv2] [T] [thread 11827] [22.0] [cxt 0] Action MyIngress.ipv4_forward
[06:23:04.964] [bmv2] [T] [thread 11827] [22.0] [cxt 0] basic.p4(116) Primitive standard_metadata.egress_spec = port
[06:23:04.964] [bmv2] [T] [thread 11827] [22.0] [cxt 0] basic.p4(118) Primitive hdr.ethernet.srcAddr = hdr.ethernet.dstAddr
[06:23:04.964] [bmv2] [T] [thread 11827] [22.0] [cxt 0] basic.p4(119) Primitive hdr.ethernet.dstAddr = dstAddr
[06:23:04.964] [bmv2] [T] [thread 11827] [22.0] [cxt 0] basic.p4(121) Primitive hdr.ipv4.ttl = hdr.ipv4.ttl-1
[06:23:04.964] [bmv2] [D] [thread 11827] [22.0] [cxt 0] Pipeline 'ingress': end
[06:23:04.964] [bmv2] [D] [thread 11827] [22.0] [cxt 0] Egress port is 1
[06:23:04.964] [bmv2] [D] [thread 11829] [22.0] [cxt 0] Pipeline 'egress': start
[06:23:04.964] [bmv2] [D] [thread 11829] [22.0] [cxt 0] Pipeline 'egress': end
[06:23:04.964] [bmv2] [D] [thread 11829] [22.0] [cxt 0] Deparser 'deparser': start
[06:23:04.964] [bmv2] [D] [thread 11829] [22.0] [cxt 0] Updating checksum 'cksum'
[06:23:04.964] [bmv2] [D] [thread 11829] [22.0] [cxt 0] Deparsing header 'ethernet'
[06:23:04.964] [bmv2] [D] [thread 11829] [22.0] [cxt 0] Deparsing header 'ipv4'
[06:23:04.964] [bmv2] [D] [thread 11829] [22.0] [cxt 0] Deparser 'deparser': end
[06:23:04.964] [bmv2] [D] [thread 11832] [22.0] [cxt 0] Transmitting packet of size 98 out of port 1
[06:23:04.977] [bmv2] [D] [thread 11827] [23.0] [cxt 0] Processing packet received on port 1
[06:23:04.977] [bmv2] [D] [thread 11827] [23.0] [cxt 0] Parser 'parser': start
[06:23:04.977] [bmv2] [D] [thread 11827] [23.0] [cxt 0] Parser 'parser' entering state 'start'
[06:23:04.977] [bmv2] [D] [thread 11827] [23.0] [cxt 0] Extracting header 'ethernet'
[06:23:04.977] [bmv2] [D] [thread 11827] [23.0] [cxt 0] Parser state 'start': key is 0800
[06:23:04.977] [bmv2] [T] [thread 11827] [23.0] [cxt 0] Bytes parsed: 14
[06:23:04.977] [bmv2] [D] [thread 11827] [23.0] [cxt 0] Parser 'parser' entering state 'ipv4_state'
[06:23:04.977] [bmv2] [D] [thread 11827] [23.0] [cxt 0] Extracting header 'ipv4'
[06:23:04.977] [bmv2] [D] [thread 11827] [23.0] [cxt 0] Parser state 'ipv4_state' has no switch, going to default next state
[06:23:04.977] [bmv2] [T] [thread 11827] [23.0] [cxt 0] Bytes parsed: 34
[06:23:04.977] [bmv2] [D] [thread 11827] [23.0] [cxt 0] Parser 'parser': end
[06:23:04.977] [bmv2] [D] [thread 11827] [23.0] [cxt 0] Pipeline 'ingress': start
[06:23:04.977] [bmv2] [T] [thread 11827] [23.0] [cxt 0] basic.p4(140) Condition "hdr.ipv4.isValid()" (node_2) is true
[06:23:04.977] [bmv2] [T] [thread 11827] [23.0] [cxt 0] Applying table 'MyIngress.ipv4_lpm'
[06:23:04.977] [bmv2] [D] [thread 11827] [23.0] [cxt 0] Looking up key:
* hdr.ipv4.dstAddr    : 0a000202

[06:23:04.977] [bmv2] [D] [thread 11827] [23.0] [cxt 0] Table 'MyIngress.ipv4_lpm': hit with handle 1
[06:23:04.977] [bmv2] [D] [thread 11827] [23.0] [cxt 0] Dumping entry 1
Match key:
* hdr.ipv4.dstAddr    : LPM       0a000202/32
Action entry: MyIngress.ipv4_forward - 80000000100,2,

[06:23:04.977] [bmv2] [D] [thread 11827] [23.0] [cxt 0] Action entry is MyIngress.ipv4_forward - 80000000100,2,
[06:23:04.977] [bmv2] [T] [thread 11827] [23.0] [cxt 0] Action MyIngress.ipv4_forward
[06:23:04.977] [bmv2] [T] [thread 11827] [23.0] [cxt 0] basic.p4(116) Primitive standard_metadata.egress_spec = port
[06:23:04.977] [bmv2] [T] [thread 11827] [23.0] [cxt 0] basic.p4(118) Primitive hdr.ethernet.srcAddr = hdr.ethernet.dstAddr
[06:23:04.977] [bmv2] [T] [thread 11827] [23.0] [cxt 0] basic.p4(119) Primitive hdr.ethernet.dstAddr = dstAddr
[06:23:04.977] [bmv2] [T] [thread 11827] [23.0] [cxt 0] basic.p4(121) Primitive hdr.ipv4.ttl = hdr.ipv4.ttl-1
[06:23:04.977] [bmv2] [D] [thread 11827] [23.0] [cxt 0] Pipeline 'ingress': end
[06:23:04.977] [bmv2] [D] [thread 11827] [23.0] [cxt 0] Egress port is 2
[06:23:04.978] [bmv2] [D] [thread 11830] [23.0] [cxt 0] Pipeline 'egress': start
[06:23:04.978] [bmv2] [D] [thread 11830] [23.0] [cxt 0] Pipeline 'egress': end
[06:23:04.978] [bmv2] [D] [thread 11830] [23.0] [cxt 0] Deparser 'deparser': start
[06:23:04.978] [bmv2] [D] [thread 11830] [23.0] [cxt 0] Updating checksum 'cksum'
[06:23:04.978] [bmv2] [D] [thread 11830] [23.0] [cxt 0] Deparsing header 'ethernet'
[06:23:04.978] [bmv2] [D] [thread 11830] [23.0] [cxt 0] Deparsing header 'ipv4'
[06:23:04.978] [bmv2] [D] [thread 11830] [23.0] [cxt 0] Deparser 'deparser': end
[06:23:04.978] [bmv2] [D] [thread 11832] [23.0] [cxt 0] Transmitting packet of size 98 out of port 2
[06:23:04.984] [bmv2] [D] [thread 11827] [24.0] [cxt 0] Processing packet received on port 2
[06:23:04.984] [bmv2] [D] [thread 11827] [24.0] [cxt 0] Parser 'parser': start
[06:23:04.984] [bmv2] [D] [thread 11827] [24.0] [cxt 0] Parser 'parser' entering state 'start'
[06:23:04.984] [bmv2] [D] [thread 11827] [24.0] [cxt 0] Extracting header 'ethernet'
[06:23:04.984] [bmv2] [D] [thread 11827] [24.0] [cxt 0] Parser state 'start': key is 0800
[06:23:04.984] [bmv2] [T] [thread 11827] [24.0] [cxt 0] Bytes parsed: 14
[06:23:04.984] [bmv2] [D] [thread 11827] [24.0] [cxt 0] Parser 'parser' entering state 'ipv4_state'
[06:23:04.984] [bmv2] [D] [thread 11827] [24.0] [cxt 0] Extracting header 'ipv4'
[06:23:04.984] [bmv2] [D] [thread 11827] [24.0] [cxt 0] Parser state 'ipv4_state' has no switch, going to default next state
[06:23:04.984] [bmv2] [T] [thread 11827] [24.0] [cxt 0] Bytes parsed: 34
[06:23:04.984] [bmv2] [D] [thread 11827] [24.0] [cxt 0] Parser 'parser': end
[06:23:04.984] [bmv2] [D] [thread 11827] [24.0] [cxt 0] Pipeline 'ingress': start
[06:23:04.984] [bmv2] [T] [thread 11827] [24.0] [cxt 0] basic.p4(140) Condition "hdr.ipv4.isValid()" (node_2) is true
[06:23:04.984] [bmv2] [T] [thread 11827] [24.0] [cxt 0] Applying table 'MyIngress.ipv4_lpm'
[06:23:04.984] [bmv2] [D] [thread 11827] [24.0] [cxt 0] Looking up key:
* hdr.ipv4.dstAddr    : 0a000404

[06:23:04.984] [bmv2] [D] [thread 11827] [24.0] [cxt 0] Table 'MyIngress.ipv4_lpm': hit with handle 3
[06:23:04.984] [bmv2] [D] [thread 11827] [24.0] [cxt 0] Dumping entry 3
Match key:
* hdr.ipv4.dstAddr    : LPM       0a000404/32
Action entry: MyIngress.ipv4_forward - 80000000200,1,

[06:23:04.984] [bmv2] [D] [thread 11827] [24.0] [cxt 0] Action entry is MyIngress.ipv4_forward - 80000000200,1,
[06:23:04.984] [bmv2] [T] [thread 11827] [24.0] [cxt 0] Action MyIngress.ipv4_forward
[06:23:04.984] [bmv2] [T] [thread 11827] [24.0] [cxt 0] basic.p4(116) Primitive standard_metadata.egress_spec = port
[06:23:04.984] [bmv2] [T] [thread 11827] [24.0] [cxt 0] basic.p4(118) Primitive hdr.ethernet.srcAddr = hdr.ethernet.dstAddr
[06:23:04.984] [bmv2] [T] [thread 11827] [24.0] [cxt 0] basic.p4(119) Primitive hdr.ethernet.dstAddr = dstAddr
[06:23:04.984] [bmv2] [T] [thread 11827] [24.0] [cxt 0] basic.p4(121) Primitive hdr.ipv4.ttl = hdr.ipv4.ttl-1
[06:23:04.984] [bmv2] [D] [thread 11827] [24.0] [cxt 0] Pipeline 'ingress': end
[06:23:04.984] [bmv2] [D] [thread 11827] [24.0] [cxt 0] Egress port is 1
[06:23:04.984] [bmv2] [D] [thread 11829] [24.0] [cxt 0] Pipeline 'egress': start
[06:23:04.984] [bmv2] [D] [thread 11829] [24.0] [cxt 0] Pipeline 'egress': end
[06:23:04.984] [bmv2] [D] [thread 11829] [24.0] [cxt 0] Deparser 'deparser': start
[06:23:04.984] [bmv2] [D] [thread 11829] [24.0] [cxt 0] Updating checksum 'cksum'
[06:23:04.984] [bmv2] [D] [thread 11829] [24.0] [cxt 0] Deparsing header 'ethernet'
[06:23:04.984] [bmv2] [D] [thread 11829] [24.0] [cxt 0] Deparsing header 'ipv4'
[06:23:04.984] [bmv2] [D] [thread 11829] [24.0] [cxt 0] Deparser 'deparser': end
[06:23:04.984] [bmv2] [D] [thread 11832] [24.0] [cxt 0] Transmitting packet of size 98 out of port 1
[06:23:04.985] [bmv2] [D] [thread 11827] [25.0] [cxt 0] Processing packet received on port 1
[06:23:04.985] [bmv2] [D] [thread 11827] [25.0] [cxt 0] Parser 'parser': start
[06:23:04.985] [bmv2] [D] [thread 11827] [25.0] [cxt 0] Parser 'parser' entering state 'start'
[06:23:04.985] [bmv2] [D] [thread 11827] [25.0] [cxt 0] Extracting header 'ethernet'
[06:23:04.985] [bmv2] [D] [thread 11827] [25.0] [cxt 0] Parser state 'start': key is 0800
[06:23:04.985] [bmv2] [T] [thread 11827] [25.0] [cxt 0] Bytes parsed: 14
[06:23:04.985] [bmv2] [D] [thread 11827] [25.0] [cxt 0] Parser 'parser' entering state 'ipv4_state'
[06:23:04.985] [bmv2] [D] [thread 11827] [25.0] [cxt 0] Extracting header 'ipv4'
[06:23:04.985] [bmv2] [D] [thread 11827] [25.0] [cxt 0] Parser state 'ipv4_state' has no switch, going to default next state
[06:23:04.985] [bmv2] [T] [thread 11827] [25.0] [cxt 0] Bytes parsed: 34
[06:23:04.985] [bmv2] [D] [thread 11827] [25.0] [cxt 0] Parser 'parser': end
[06:23:04.985] [bmv2] [D] [thread 11827] [25.0] [cxt 0] Pipeline 'ingress': start
[06:23:04.986] [bmv2] [T] [thread 11827] [25.0] [cxt 0] basic.p4(140) Condition "hdr.ipv4.isValid()" (node_2) is true
[06:23:04.986] [bmv2] [T] [thread 11827] [25.0] [cxt 0] Applying table 'MyIngress.ipv4_lpm'
[06:23:04.986] [bmv2] [D] [thread 11827] [25.0] [cxt 0] Looking up key:
* hdr.ipv4.dstAddr    : 0a000202

[06:23:04.986] [bmv2] [D] [thread 11827] [25.0] [cxt 0] Table 'MyIngress.ipv4_lpm': hit with handle 1
[06:23:04.986] [bmv2] [D] [thread 11827] [25.0] [cxt 0] Dumping entry 1
Match key:
* hdr.ipv4.dstAddr    : LPM       0a000202/32
Action entry: MyIngress.ipv4_forward - 80000000100,2,

[06:23:04.986] [bmv2] [D] [thread 11827] [25.0] [cxt 0] Action entry is MyIngress.ipv4_forward - 80000000100,2,
[06:23:04.986] [bmv2] [T] [thread 11827] [25.0] [cxt 0] Action MyIngress.ipv4_forward
[06:23:04.986] [bmv2] [T] [thread 11827] [25.0] [cxt 0] basic.p4(116) Primitive standard_metadata.egress_spec = port
[06:23:04.986] [bmv2] [T] [thread 11827] [25.0] [cxt 0] basic.p4(118) Primitive hdr.ethernet.srcAddr = hdr.ethernet.dstAddr
[06:23:04.986] [bmv2] [T] [thread 11827] [25.0] [cxt 0] basic.p4(119) Primitive hdr.ethernet.dstAddr = dstAddr
[06:23:04.986] [bmv2] [T] [thread 11827] [25.0] [cxt 0] basic.p4(121) Primitive hdr.ipv4.ttl = hdr.ipv4.ttl-1
[06:23:04.986] [bmv2] [D] [thread 11827] [25.0] [cxt 0] Pipeline 'ingress': end
[06:23:04.986] [bmv2] [D] [thread 11827] [25.0] [cxt 0] Egress port is 2
[06:23:04.986] [bmv2] [D] [thread 11830] [25.0] [cxt 0] Pipeline 'egress': start
[06:23:04.986] [bmv2] [D] [thread 11830] [25.0] [cxt 0] Pipeline 'egress': end
[06:23:04.986] [bmv2] [D] [thread 11830] [25.0] [cxt 0] Deparser 'deparser': start
[06:23:04.986] [bmv2] [D] [thread 11830] [25.0] [cxt 0] Updating checksum 'cksum'
[06:23:04.986] [bmv2] [D] [thread 11830] [25.0] [cxt 0] Deparsing header 'ethernet'
[06:23:04.986] [bmv2] [D] [thread 11830] [25.0] [cxt 0] Deparsing header 'ipv4'
[06:23:04.986] [bmv2] [D] [thread 11830] [25.0] [cxt 0] Deparser 'deparser': end
[06:23:04.986] [bmv2] [D] [thread 11832] [25.0] [cxt 0] Transmitting packet of size 98 out of port 2
[06:23:04.992] [bmv2] [D] [thread 11827] [26.0] [cxt 0] Processing packet received on port 1
[06:23:04.992] [bmv2] [D] [thread 11827] [26.0] [cxt 0] Parser 'parser': start
[06:23:04.992] [bmv2] [D] [thread 11827] [26.0] [cxt 0] Parser 'parser' entering state 'start'
[06:23:04.992] [bmv2] [D] [thread 11827] [26.0] [cxt 0] Extracting header 'ethernet'
[06:23:04.992] [bmv2] [D] [thread 11827] [26.0] [cxt 0] Parser state 'start': key is 0800
[06:23:04.992] [bmv2] [T] [thread 11827] [26.0] [cxt 0] Bytes parsed: 14
[06:23:04.992] [bmv2] [D] [thread 11827] [26.0] [cxt 0] Parser 'parser' entering state 'ipv4_state'
[06:23:04.992] [bmv2] [D] [thread 11827] [26.0] [cxt 0] Extracting header 'ipv4'
[06:23:04.992] [bmv2] [D] [thread 11827] [26.0] [cxt 0] Parser state 'ipv4_state' has no switch, going to default next state
[06:23:04.992] [bmv2] [T] [thread 11827] [26.0] [cxt 0] Bytes parsed: 34
[06:23:04.992] [bmv2] [D] [thread 11827] [26.0] [cxt 0] Parser 'parser': end
[06:23:04.992] [bmv2] [D] [thread 11827] [26.0] [cxt 0] Pipeline 'ingress': start
[06:23:04.992] [bmv2] [T] [thread 11827] [26.0] [cxt 0] basic.p4(140) Condition "hdr.ipv4.isValid()" (node_2) is true
[06:23:04.992] [bmv2] [T] [thread 11827] [26.0] [cxt 0] Applying table 'MyIngress.ipv4_lpm'
[06:23:04.992] [bmv2] [D] [thread 11827] [26.0] [cxt 0] Looking up key:
* hdr.ipv4.dstAddr    : 0a000202

[06:23:04.992] [bmv2] [D] [thread 11827] [26.0] [cxt 0] Table 'MyIngress.ipv4_lpm': hit with handle 1
[06:23:04.992] [bmv2] [D] [thread 11827] [26.0] [cxt 0] Dumping entry 1
Match key:
* hdr.ipv4.dstAddr    : LPM       0a000202/32
Action entry: MyIngress.ipv4_forward - 80000000100,2,

[06:23:04.992] [bmv2] [D] [thread 11827] [26.0] [cxt 0] Action entry is MyIngress.ipv4_forward - 80000000100,2,
[06:23:04.992] [bmv2] [T] [thread 11827] [26.0] [cxt 0] Action MyIngress.ipv4_forward
[06:23:04.992] [bmv2] [T] [thread 11827] [26.0] [cxt 0] basic.p4(116) Primitive standard_metadata.egress_spec = port
[06:23:04.992] [bmv2] [T] [thread 11827] [26.0] [cxt 0] basic.p4(118) Primitive hdr.ethernet.srcAddr = hdr.ethernet.dstAddr
[06:23:04.992] [bmv2] [T] [thread 11827] [26.0] [cxt 0] basic.p4(119) Primitive hdr.ethernet.dstAddr = dstAddr
[06:23:04.992] [bmv2] [T] [thread 11827] [26.0] [cxt 0] basic.p4(121) Primitive hdr.ipv4.ttl = hdr.ipv4.ttl-1
[06:23:04.992] [bmv2] [D] [thread 11827] [26.0] [cxt 0] Pipeline 'ingress': end
[06:23:04.992] [bmv2] [D] [thread 11827] [26.0] [cxt 0] Egress port is 2
[06:23:04.993] [bmv2] [D] [thread 11830] [26.0] [cxt 0] Pipeline 'egress': start
[06:23:04.993] [bmv2] [D] [thread 11830] [26.0] [cxt 0] Pipeline 'egress': end
[06:23:04.993] [bmv2] [D] [thread 11830] [26.0] [cxt 0] Deparser 'deparser': start
[06:23:04.993] [bmv2] [D] [thread 11830] [26.0] [cxt 0] Updating checksum 'cksum'
[06:23:04.993] [bmv2] [D] [thread 11830] [26.0] [cxt 0] Deparsing header 'ethernet'
[06:23:04.993] [bmv2] [D] [thread 11830] [26.0] [cxt 0] Deparsing header 'ipv4'
[06:23:04.993] [bmv2] [D] [thread 11830] [26.0] [cxt 0] Deparser 'deparser': end
[06:23:04.993] [bmv2] [D] [thread 11832] [26.0] [cxt 0] Transmitting packet of size 98 out of port 2
[06:23:04.999] [bmv2] [D] [thread 11827] [27.0] [cxt 0] Processing packet received on port 2
[06:23:04.999] [bmv2] [D] [thread 11827] [27.0] [cxt 0] Parser 'parser': start
[06:23:04.999] [bmv2] [D] [thread 11827] [27.0] [cxt 0] Parser 'parser' entering state 'start'
[06:23:04.999] [bmv2] [D] [thread 11827] [27.0] [cxt 0] Extracting header 'ethernet'
[06:23:04.999] [bmv2] [D] [thread 11827] [27.0] [cxt 0] Parser state 'start': key is 0800
[06:23:04.999] [bmv2] [T] [thread 11827] [27.0] [cxt 0] Bytes parsed: 14
[06:23:04.999] [bmv2] [D] [thread 11827] [27.0] [cxt 0] Parser 'parser' entering state 'ipv4_state'
[06:23:04.999] [bmv2] [D] [thread 11827] [27.0] [cxt 0] Extracting header 'ipv4'
[06:23:04.999] [bmv2] [D] [thread 11827] [27.0] [cxt 0] Parser state 'ipv4_state' has no switch, going to default next state
[06:23:04.999] [bmv2] [T] [thread 11827] [27.0] [cxt 0] Bytes parsed: 34
[06:23:04.999] [bmv2] [D] [thread 11827] [27.0] [cxt 0] Parser 'parser': end
[06:23:04.999] [bmv2] [D] [thread 11827] [27.0] [cxt 0] Pipeline 'ingress': start
[06:23:04.999] [bmv2] [T] [thread 11827] [27.0] [cxt 0] basic.p4(140) Condition "hdr.ipv4.isValid()" (node_2) is true
[06:23:04.999] [bmv2] [T] [thread 11827] [27.0] [cxt 0] Applying table 'MyIngress.ipv4_lpm'
[06:23:04.999] [bmv2] [D] [thread 11827] [27.0] [cxt 0] Looking up key:
* hdr.ipv4.dstAddr    : 0a000404

[06:23:04.999] [bmv2] [D] [thread 11827] [27.0] [cxt 0] Table 'MyIngress.ipv4_lpm': hit with handle 3
[06:23:04.999] [bmv2] [D] [thread 11827] [27.0] [cxt 0] Dumping entry 3
Match key:
* hdr.ipv4.dstAddr    : LPM       0a000404/32
Action entry: MyIngress.ipv4_forward - 80000000200,1,

[06:23:04.999] [bmv2] [D] [thread 11827] [27.0] [cxt 0] Action entry is MyIngress.ipv4_forward - 80000000200,1,
[06:23:04.999] [bmv2] [T] [thread 11827] [27.0] [cxt 0] Action MyIngress.ipv4_forward
[06:23:04.999] [bmv2] [T] [thread 11827] [27.0] [cxt 0] basic.p4(116) Primitive standard_metadata.egress_spec = port
[06:23:04.999] [bmv2] [T] [thread 11827] [27.0] [cxt 0] basic.p4(118) Primitive hdr.ethernet.srcAddr = hdr.ethernet.dstAddr
[06:23:04.999] [bmv2] [T] [thread 11827] [27.0] [cxt 0] basic.p4(119) Primitive hdr.ethernet.dstAddr = dstAddr
[06:23:04.999] [bmv2] [T] [thread 11827] [27.0] [cxt 0] basic.p4(121) Primitive hdr.ipv4.ttl = hdr.ipv4.ttl-1
[06:23:04.999] [bmv2] [D] [thread 11827] [27.0] [cxt 0] Pipeline 'ingress': end
[06:23:04.999] [bmv2] [D] [thread 11827] [27.0] [cxt 0] Egress port is 1
[06:23:05.000] [bmv2] [D] [thread 11829] [27.0] [cxt 0] Pipeline 'egress': start
[06:23:05.000] [bmv2] [D] [thread 11829] [27.0] [cxt 0] Pipeline 'egress': end
[06:23:05.000] [bmv2] [D] [thread 11829] [27.0] [cxt 0] Deparser 'deparser': start
[06:23:05.000] [bmv2] [D] [thread 11829] [27.0] [cxt 0] Updating checksum 'cksum'
[06:23:05.000] [bmv2] [D] [thread 11829] [27.0] [cxt 0] Deparsing header 'ethernet'
[06:23:05.000] [bmv2] [D] [thread 11829] [27.0] [cxt 0] Deparsing header 'ipv4'
[06:23:05.000] [bmv2] [D] [thread 11829] [27.0] [cxt 0] Deparser 'deparser': end
[06:23:05.000] [bmv2] [D] [thread 11832] [27.0] [cxt 0] Transmitting packet of size 98 out of port 1
[06:23:05.003] [bmv2] [D] [thread 11827] [28.0] [cxt 0] Processing packet received on port 1
[06:23:05.003] [bmv2] [D] [thread 11827] [28.0] [cxt 0] Parser 'parser': start
[06:23:05.003] [bmv2] [D] [thread 11827] [28.0] [cxt 0] Parser 'parser' entering state 'start'
[06:23:05.003] [bmv2] [D] [thread 11827] [28.0] [cxt 0] Extracting header 'ethernet'
[06:23:05.003] [bmv2] [D] [thread 11827] [28.0] [cxt 0] Parser state 'start': key is 0800
[06:23:05.003] [bmv2] [T] [thread 11827] [28.0] [cxt 0] Bytes parsed: 14
[06:23:05.003] [bmv2] [D] [thread 11827] [28.0] [cxt 0] Parser 'parser' entering state 'ipv4_state'
[06:23:05.003] [bmv2] [D] [thread 11827] [28.0] [cxt 0] Extracting header 'ipv4'
[06:23:05.003] [bmv2] [D] [thread 11827] [28.0] [cxt 0] Parser state 'ipv4_state' has no switch, going to default next state
[06:23:05.003] [bmv2] [T] [thread 11827] [28.0] [cxt 0] Bytes parsed: 34
[06:23:05.003] [bmv2] [D] [thread 11827] [28.0] [cxt 0] Parser 'parser': end
[06:23:05.003] [bmv2] [D] [thread 11827] [28.0] [cxt 0] Pipeline 'ingress': start
[06:23:05.003] [bmv2] [T] [thread 11827] [28.0] [cxt 0] basic.p4(140) Condition "hdr.ipv4.isValid()" (node_2) is true
[06:23:05.003] [bmv2] [T] [thread 11827] [28.0] [cxt 0] Applying table 'MyIngress.ipv4_lpm'
[06:23:05.003] [bmv2] [D] [thread 11827] [28.0] [cxt 0] Looking up key:
* hdr.ipv4.dstAddr    : 0a000202

[06:23:05.003] [bmv2] [D] [thread 11827] [28.0] [cxt 0] Table 'MyIngress.ipv4_lpm': hit with handle 1
[06:23:05.003] [bmv2] [D] [thread 11827] [28.0] [cxt 0] Dumping entry 1
Match key:
* hdr.ipv4.dstAddr    : LPM       0a000202/32
Action entry: MyIngress.ipv4_forward - 80000000100,2,

[06:23:05.003] [bmv2] [D] [thread 11827] [28.0] [cxt 0] Action entry is MyIngress.ipv4_forward - 80000000100,2,
[06:23:05.003] [bmv2] [T] [thread 11827] [28.0] [cxt 0] Action MyIngress.ipv4_forward
[06:23:05.003] [bmv2] [T] [thread 11827] [28.0] [cxt 0] basic.p4(116) Primitive standard_metadata.egress_spec = port
[06:23:05.003] [bmv2] [T] [thread 11827] [28.0] [cxt 0] basic.p4(118) Primitive hdr.ethernet.srcAddr = hdr.ethernet.dstAddr
[06:23:05.003] [bmv2] [T] [thread 11827] [28.0] [cxt 0] basic.p4(119) Primitive hdr.ethernet.dstAddr = dstAddr
[06:23:05.003] [bmv2] [T] [thread 11827] [28.0] [cxt 0] basic.p4(121) Primitive hdr.ipv4.ttl = hdr.ipv4.ttl-1
[06:23:05.003] [bmv2] [D] [thread 11827] [28.0] [cxt 0] Pipeline 'ingress': end
[06:23:05.003] [bmv2] [D] [thread 11827] [28.0] [cxt 0] Egress port is 2
[06:23:05.003] [bmv2] [D] [thread 11830] [28.0] [cxt 0] Pipeline 'egress': start
[06:23:05.003] [bmv2] [D] [thread 11830] [28.0] [cxt 0] Pipeline 'egress': end
[06:23:05.003] [bmv2] [D] [thread 11830] [28.0] [cxt 0] Deparser 'deparser': start
[06:23:05.003] [bmv2] [D] [thread 11830] [28.0] [cxt 0] Updating checksum 'cksum'
[06:23:05.003] [bmv2] [D] [thread 11830] [28.0] [cxt 0] Deparsing header 'ethernet'
[06:23:05.003] [bmv2] [D] [thread 11830] [28.0] [cxt 0] Deparsing header 'ipv4'
[06:23:05.003] [bmv2] [D] [thread 11830] [28.0] [cxt 0] Deparser 'deparser': end
[06:23:05.003] [bmv2] [D] [thread 11832] [28.0] [cxt 0] Transmitting packet of size 98 out of port 2
[06:23:05.004] [bmv2] [D] [thread 11827] [29.0] [cxt 0] Processing packet received on port 2
[06:23:05.004] [bmv2] [D] [thread 11827] [29.0] [cxt 0] Parser 'parser': start
[06:23:05.004] [bmv2] [D] [thread 11827] [29.0] [cxt 0] Parser 'parser' entering state 'start'
[06:23:05.004] [bmv2] [D] [thread 11827] [29.0] [cxt 0] Extracting header 'ethernet'
[06:23:05.004] [bmv2] [D] [thread 11827] [29.0] [cxt 0] Parser state 'start': key is 0800
[06:23:05.004] [bmv2] [T] [thread 11827] [29.0] [cxt 0] Bytes parsed: 14
[06:23:05.004] [bmv2] [D] [thread 11827] [29.0] [cxt 0] Parser 'parser' entering state 'ipv4_state'
[06:23:05.004] [bmv2] [D] [thread 11827] [29.0] [cxt 0] Extracting header 'ipv4'
[06:23:05.004] [bmv2] [D] [thread 11827] [29.0] [cxt 0] Parser state 'ipv4_state' has no switch, going to default next state
[06:23:05.004] [bmv2] [T] [thread 11827] [29.0] [cxt 0] Bytes parsed: 34
[06:23:05.004] [bmv2] [D] [thread 11827] [29.0] [cxt 0] Parser 'parser': end
[06:23:05.004] [bmv2] [D] [thread 11827] [29.0] [cxt 0] Pipeline 'ingress': start
[06:23:05.004] [bmv2] [T] [thread 11827] [29.0] [cxt 0] basic.p4(140) Condition "hdr.ipv4.isValid()" (node_2) is true
[06:23:05.004] [bmv2] [T] [thread 11827] [29.0] [cxt 0] Applying table 'MyIngress.ipv4_lpm'
[06:23:05.004] [bmv2] [D] [thread 11827] [29.0] [cxt 0] Looking up key:
* hdr.ipv4.dstAddr    : 0a000404

[06:23:05.004] [bmv2] [D] [thread 11827] [29.0] [cxt 0] Table 'MyIngress.ipv4_lpm': hit with handle 3
[06:23:05.004] [bmv2] [D] [thread 11827] [29.0] [cxt 0] Dumping entry 3
Match key:
* hdr.ipv4.dstAddr    : LPM       0a000404/32
Action entry: MyIngress.ipv4_forward - 80000000200,1,

[06:23:05.004] [bmv2] [D] [thread 11827] [29.0] [cxt 0] Action entry is MyIngress.ipv4_forward - 80000000200,1,
[06:23:05.004] [bmv2] [T] [thread 11827] [29.0] [cxt 0] Action MyIngress.ipv4_forward
[06:23:05.004] [bmv2] [T] [thread 11827] [29.0] [cxt 0] basic.p4(116) Primitive standard_metadata.egress_spec = port
[06:23:05.004] [bmv2] [T] [thread 11827] [29.0] [cxt 0] basic.p4(118) Primitive hdr.ethernet.srcAddr = hdr.ethernet.dstAddr
[06:23:05.004] [bmv2] [T] [thread 11827] [29.0] [cxt 0] basic.p4(119) Primitive hdr.ethernet.dstAddr = dstAddr
[06:23:05.004] [bmv2] [T] [thread 11827] [29.0] [cxt 0] basic.p4(121) Primitive hdr.ipv4.ttl = hdr.ipv4.ttl-1
[06:23:05.004] [bmv2] [D] [thread 11827] [29.0] [cxt 0] Pipeline 'ingress': end
[06:23:05.004] [bmv2] [D] [thread 11827] [29.0] [cxt 0] Egress port is 1
[06:23:05.004] [bmv2] [D] [thread 11829] [29.0] [cxt 0] Pipeline 'egress': start
[06:23:05.004] [bmv2] [D] [thread 11829] [29.0] [cxt 0] Pipeline 'egress': end
[06:23:05.004] [bmv2] [D] [thread 11829] [29.0] [cxt 0] Deparser 'deparser': start
[06:23:05.004] [bmv2] [D] [thread 11829] [29.0] [cxt 0] Updating checksum 'cksum'
[06:23:05.004] [bmv2] [D] [thread 11829] [29.0] [cxt 0] Deparsing header 'ethernet'
[06:23:05.004] [bmv2] [D] [thread 11829] [29.0] [cxt 0] Deparsing header 'ipv4'
[06:23:05.004] [bmv2] [D] [thread 11829] [29.0] [cxt 0] Deparser 'deparser': end
[06:23:05.004] [bmv2] [D] [thread 11832] [29.0] [cxt 0] Transmitting packet of size 98 out of port 1
[06:23:11.045] [bmv2] [D] [thread 11827] [30.0] [cxt 0] Processing packet received on port 2
[06:23:11.045] [bmv2] [D] [thread 11827] [30.0] [cxt 0] Parser 'parser': start
[06:23:11.045] [bmv2] [D] [thread 11827] [30.0] [cxt 0] Parser 'parser' entering state 'start'
[06:23:11.045] [bmv2] [D] [thread 11827] [30.0] [cxt 0] Extracting header 'ethernet'
[06:23:11.045] [bmv2] [D] [thread 11827] [30.0] [cxt 0] Parser state 'start': key is 86dd
[06:23:11.045] [bmv2] [T] [thread 11827] [30.0] [cxt 0] Bytes parsed: 14
[06:23:11.045] [bmv2] [D] [thread 11827] [30.0] [cxt 0] Parser 'parser': end
[06:23:11.045] [bmv2] [D] [thread 11827] [30.0] [cxt 0] Pipeline 'ingress': start
[06:23:11.045] [bmv2] [T] [thread 11827] [30.0] [cxt 0] basic.p4(140) Condition "hdr.ipv4.isValid()" (node_2) is false
[06:23:11.045] [bmv2] [D] [thread 11827] [30.0] [cxt 0] Pipeline 'ingress': end
[06:23:11.045] [bmv2] [D] [thread 11827] [30.0] [cxt 0] Egress port is 0
[06:23:11.045] [bmv2] [D] [thread 11828] [30.0] [cxt 0] Pipeline 'egress': start
[06:23:11.045] [bmv2] [D] [thread 11828] [30.0] [cxt 0] Pipeline 'egress': end
[06:23:11.045] [bmv2] [D] [thread 11828] [30.0] [cxt 0] Deparser 'deparser': start
[06:23:11.045] [bmv2] [T] [thread 11828] [30.0] [cxt 0] Skipping checksum 'cksum' update because condition not met
[06:23:11.045] [bmv2] [D] [thread 11828] [30.0] [cxt 0] Deparsing header 'ethernet'
[06:23:11.045] [bmv2] [D] [thread 11828] [30.0] [cxt 0] Deparser 'deparser': end
[06:23:11.045] [bmv2] [D] [thread 11832] [30.0] [cxt 0] Transmitting packet of size 70 out of port 0
[06:23:11.301] [bmv2] [D] [thread 11827] [31.0] [cxt 0] Processing packet received on port 1
[06:23:11.301] [bmv2] [D] [thread 11827] [31.0] [cxt 0] Parser 'parser': start
[06:23:11.301] [bmv2] [D] [thread 11827] [31.0] [cxt 0] Parser 'parser' entering state 'start'
[06:23:11.301] [bmv2] [D] [thread 11827] [31.0] [cxt 0] Extracting header 'ethernet'
[06:23:11.301] [bmv2] [D] [thread 11827] [31.0] [cxt 0] Parser state 'start': key is 86dd
[06:23:11.301] [bmv2] [T] [thread 11827] [31.0] [cxt 0] Bytes parsed: 14
[06:23:11.301] [bmv2] [D] [thread 11827] [31.0] [cxt 0] Parser 'parser': end
[06:23:11.301] [bmv2] [D] [thread 11827] [31.0] [cxt 0] Pipeline 'ingress': start
[06:23:11.301] [bmv2] [T] [thread 11827] [31.0] [cxt 0] basic.p4(140) Condition "hdr.ipv4.isValid()" (node_2) is false
[06:23:11.301] [bmv2] [D] [thread 11827] [31.0] [cxt 0] Pipeline 'ingress': end
[06:23:11.301] [bmv2] [D] [thread 11827] [31.0] [cxt 0] Egress port is 0
[06:23:11.301] [bmv2] [D] [thread 11828] [31.0] [cxt 0] Pipeline 'egress': start
[06:23:11.301] [bmv2] [D] [thread 11828] [31.0] [cxt 0] Pipeline 'egress': end
[06:23:11.301] [bmv2] [D] [thread 11828] [31.0] [cxt 0] Deparser 'deparser': start
[06:23:11.301] [bmv2] [T] [thread 11828] [31.0] [cxt 0] Skipping checksum 'cksum' update because condition not met
[06:23:11.301] [bmv2] [D] [thread 11828] [31.0] [cxt 0] Deparsing header 'ethernet'
[06:23:11.301] [bmv2] [D] [thread 11828] [31.0] [cxt 0] Deparser 'deparser': end
[06:23:11.301] [bmv2] [D] [thread 11832] [31.0] [cxt 0] Transmitting packet of size 70 out of port 0
[06:23:11.557] [bmv2] [D] [thread 11827] [32.0] [cxt 0] Processing packet received on port 2
[06:23:11.557] [bmv2] [D] [thread 11827] [32.0] [cxt 0] Parser 'parser': start
[06:23:11.557] [bmv2] [D] [thread 11827] [32.0] [cxt 0] Parser 'parser' entering state 'start'
[06:23:11.557] [bmv2] [D] [thread 11827] [32.0] [cxt 0] Extracting header 'ethernet'
[06:23:11.557] [bmv2] [D] [thread 11827] [32.0] [cxt 0] Parser state 'start': key is 86dd
[06:23:11.557] [bmv2] [T] [thread 11827] [32.0] [cxt 0] Bytes parsed: 14
[06:23:11.557] [bmv2] [D] [thread 11827] [32.0] [cxt 0] Parser 'parser': end
[06:23:11.557] [bmv2] [D] [thread 11827] [32.0] [cxt 0] Pipeline 'ingress': start
[06:23:11.557] [bmv2] [T] [thread 11827] [32.0] [cxt 0] basic.p4(140) Condition "hdr.ipv4.isValid()" (node_2) is false
[06:23:11.557] [bmv2] [D] [thread 11827] [32.0] [cxt 0] Pipeline 'ingress': end
[06:23:11.557] [bmv2] [D] [thread 11827] [32.0] [cxt 0] Egress port is 0
[06:23:11.557] [bmv2] [D] [thread 11828] [32.0] [cxt 0] Pipeline 'egress': start
[06:23:11.557] [bmv2] [D] [thread 11828] [32.0] [cxt 0] Pipeline 'egress': end
[06:23:11.557] [bmv2] [D] [thread 11828] [32.0] [cxt 0] Deparser 'deparser': start
[06:23:11.557] [bmv2] [T] [thread 11828] [32.0] [cxt 0] Skipping checksum 'cksum' update because condition not met
[06:23:11.557] [bmv2] [D] [thread 11828] [32.0] [cxt 0] Deparsing header 'ethernet'
[06:23:11.557] [bmv2] [D] [thread 11828] [32.0] [cxt 0] Deparser 'deparser': end
[06:23:11.558] [bmv2] [D] [thread 11832] [32.0] [cxt 0] Transmitting packet of size 70 out of port 0
[06:23:11.814] [bmv2] [D] [thread 11827] [33.0] [cxt 0] Processing packet received on port 1
[06:23:11.814] [bmv2] [D] [thread 11827] [33.0] [cxt 0] Parser 'parser': start
[06:23:11.814] [bmv2] [D] [thread 11827] [33.0] [cxt 0] Parser 'parser' entering state 'start'
[06:23:11.814] [bmv2] [D] [thread 11827] [33.0] [cxt 0] Extracting header 'ethernet'
[06:23:11.814] [bmv2] [D] [thread 11827] [33.0] [cxt 0] Parser state 'start': key is 86dd
[06:23:11.814] [bmv2] [T] [thread 11827] [33.0] [cxt 0] Bytes parsed: 14
[06:23:11.814] [bmv2] [D] [thread 11827] [33.0] [cxt 0] Parser 'parser': end
[06:23:11.814] [bmv2] [D] [thread 11827] [33.0] [cxt 0] Pipeline 'ingress': start
[06:23:11.814] [bmv2] [T] [thread 11827] [33.0] [cxt 0] basic.p4(140) Condition "hdr.ipv4.isValid()" (node_2) is false
[06:23:11.814] [bmv2] [D] [thread 11827] [33.0] [cxt 0] Pipeline 'ingress': end
[06:23:11.814] [bmv2] [D] [thread 11827] [33.0] [cxt 0] Egress port is 0
[06:23:11.815] [bmv2] [D] [thread 11828] [33.0] [cxt 0] Pipeline 'egress': start
[06:23:11.815] [bmv2] [D] [thread 11828] [33.0] [cxt 0] Pipeline 'egress': end
[06:23:11.815] [bmv2] [D] [thread 11828] [33.0] [cxt 0] Deparser 'deparser': start
[06:23:11.815] [bmv2] [T] [thread 11828] [33.0] [cxt 0] Skipping checksum 'cksum' update because condition not met
[06:23:11.815] [bmv2] [D] [thread 11828] [33.0] [cxt 0] Deparsing header 'ethernet'
[06:23:11.815] [bmv2] [D] [thread 11828] [33.0] [cxt 0] Deparser 'deparser': end
[06:23:11.815] [bmv2] [D] [thread 11832] [33.0] [cxt 0] Transmitting packet of size 70 out of port 0
open: No such file or directory
open: No such file or directory
open: No such file or directory
open: No such file or directory
open: No such file or directory
